<?xml version="1.0" encoding="UTF-8"?>
<!-- Generated by org.testng.reporters.JUnitXMLReporter -->
<testsuite hostname="HMECL000695" name="Verification for  HomeTab" tests="11" failures="0" timestamp="24 Apr 2019 09:21:46 GMT" time="61.391" errors="0">
  <testcase name="@BeforeMethod setUp" time="0.0" classname="com.automation.newati.hometab.VerifyHomeTabTest1">
    <failure type="com.ascendlearning.automation.ui.exceptions.DriverException" message="Driver Verification exception:   Unable to wait Untill Loading Image Is not Disappeared">
      <![CDATA[com.ascendlearning.automation.ui.exceptions.DriverException: Driver Verification exception:   Unable to wait Untill Loading Image Is not Disappeared
	at com.automation.newati.pages.NewATIBasePage.waitUntillLoadingImageIsDisappeared(NewATIBasePage.java:282)
	at com.automation.newati.hometab.VerifyHomeTabTest1.setUp(VerifyHomeTabTest1.java:53)
Caused by: org.openqa.selenium.WebDriverException: chrome not reachable
  (Session info: chrome=73.0.3683.103)
  (Driver info: chromedriver=2.38.552522 (437e6fbedfa8762dec75e2c5b3ddb86763dc9dcb),platform=Windows NT 10.0.14393 x86_64) (WARNING: The server did not provide any stacktrace information)
Command duration or timeout: 0 milliseconds
Build info: version: '3.11.0', revision: 'e59cfb3', time: '2018-03-11T20:26:55.152Z'
System info: host: 'HMECL000695', ip: '10.160.240.150', os.name: 'Windows 10', os.arch: 'amd64', os.version: '10.0', java.version: '1.8.0_181'
Driver info: org.openqa.selenium.chrome.ChromeDriver
Capabilities {acceptInsecureCerts: false, acceptSslCerts: false, applicationCacheEnabled: false, browserConnectionEnabled: false, browserName: chrome, chrome: {chromedriverVersion: 2.38.552522 (437e6fbedfa876..., userDataDir: C:\Users\SASMIT~1.MIS\AppDa...}, cssSelectorsEnabled: true, databaseEnabled: false, handlesAlerts: true, hasTouchScreen: false, javascriptEnabled: true, locationContextEnabled: true, mobileEmulationEnabled: false, nativeEvents: true, networkConnectionEnabled: false, pageLoadStrategy: normal, platform: XP, platformName: XP, rotatable: false, setWindowRect: true, takesHeapSnapshot: true, takesScreenshot: true, unexpectedAlertBehaviour: , unhandledPromptBehavior: , version: 73.0.3683.103, webStorageEnabled: true}
Session ID: 4c412486a374124626570f046aace723
*** Element info: {Using=css selector, value=.blockUI.blockMsg.blockPage}
	at org.openqa.selenium.remote.ErrorHandler.createThrowable(ErrorHandler.java:214)
	at org.openqa.selenium.remote.ErrorHandler.throwIfResponseFailed(ErrorHandler.java:166)
	at org.openqa.selenium.remote.http.JsonHttpResponseCodec.reconstructValue(JsonHttpResponseCodec.java:40)
	at org.openqa.selenium.remote.http.AbstractHttpResponseCodec.decode(AbstractHttpResponseCodec.java:80)
	at org.openqa.selenium.remote.http.AbstractHttpResponseCodec.decode(AbstractHttpResponseCodec.java:44)
	at org.openqa.selenium.remote.HttpCommandExecutor.execute(HttpCommandExecutor.java:158)
	at org.openqa.selenium.remote.service.DriverCommandExecutor.execute(DriverCommandExecutor.java:83)
	at org.openqa.selenium.remote.RemoteWebDriver.execute(RemoteWebDriver.java:545)
	at org.openqa.selenium.remote.RemoteWebDriver.findElements(RemoteWebDriver.java:346)
	at org.openqa.selenium.remote.RemoteWebDriver.findElementsByCssSelector(RemoteWebDriver.java:417)
	at com.ascendlearning.automation.ui.utils.ByCssSelectorExtended.findElements(ByCssSelectorExtended.java:41)
	at org.openqa.selenium.remote.RemoteWebDriver.findElements(RemoteWebDriver.java:307)
	at com.ascendlearning.automation.ui.handlers.BaseHandler.findElements(BaseHandler.java:123)
	at com.ascendlearning.automation.ui.handlers.BaseHandler.findElements(BaseHandler.java:116)
	at com.automation.newati.pages.NewATIBasePage.waitUntillLoadingImageIsDisappeared(NewATIBasePage.java:255)
	... 27 more
... Removed 30 stack frames]]>
    </failure>
  </testcase> <!-- @BeforeMethod setUp -->
  <testcase name="@BeforeMethod setup" time="0.0" classname="com.automation.newati.hometab.VerifyHomeTabTest1">
    <skipped/>
  </testcase> <!-- @BeforeMethod setup -->
  <testcase name="@BeforeMethod setUp" time="0.0" classname="com.automation.newati.hometab.VerifyHomeTabTest1">
    <skipped/>
  </testcase> <!-- @BeforeMethod setUp -->
  <testcase name="@BeforeMethod setup" time="0.0" classname="com.automation.newati.hometab.VerifyHomeTabTest1">
    <skipped/>
  </testcase> <!-- @BeforeMethod setup -->
  <testcase name="@BeforeMethod setUp" time="0.0" classname="com.automation.newati.hometab.VerifyHomeTabTest1">
    <skipped/>
  </testcase> <!-- @BeforeMethod setUp -->
  <testcase name="@BeforeMethod setup" time="0.0" classname="com.automation.newati.hometab.VerifyHomeTabTest1">
    <skipped/>
  </testcase> <!-- @BeforeMethod setup -->
  <testcase name="@BeforeMethod setUp" time="0.0" classname="com.automation.newati.hometab.VerifyHomeTabTest1">
    <skipped/>
  </testcase> <!-- @BeforeMethod setUp -->
  <testcase name="@BeforeMethod setup" time="0.0" classname="com.automation.newati.hometab.VerifyHomeTabTest1">
    <skipped/>
  </testcase> <!-- @BeforeMethod setup -->
  <testcase name="@BeforeMethod setUp" time="0.0" classname="com.automation.newati.hometab.VerifyHomeTabTest1">
    <skipped/>
  </testcase> <!-- @BeforeMethod setUp -->
  <testcase name="@BeforeMethod setup" time="0.0" classname="com.automation.newati.hometab.VerifyHomeTabTest1">
    <skipped/>
  </testcase> <!-- @BeforeMethod setup -->
  <testcase name="@BeforeMethod setUp" time="0.0" classname="com.automation.newati.hometab.VerifyHomeTabTest1">
    <skipped/>
  </testcase> <!-- @BeforeMethod setUp -->
  <testcase name="@BeforeMethod setup" time="0.0" classname="com.automation.newati.hometab.VerifyHomeTabTest2">
    <skipped/>
  </testcase> <!-- @BeforeMethod setup -->
  <testcase name="@BeforeMethod setUp" time="0.0" classname="com.automation.newati.hometab.VerifyHomeTabTest2">
    <skipped/>
  </testcase> <!-- @BeforeMethod setUp -->
  <testcase name="@BeforeMethod setup" time="0.0" classname="com.automation.newati.hometab.VerifyHomeTabTest2">
    <skipped/>
  </testcase> <!-- @BeforeMethod setup -->
  <testcase name="@BeforeMethod setUp" time="0.0" classname="com.automation.newati.hometab.VerifyHomeTabTest2">
    <skipped/>
  </testcase> <!-- @BeforeMethod setUp -->
  <testcase name="@BeforeMethod setup" time="0.0" classname="com.automation.newati.hometab.VerifyHomeTabTest2">
    <skipped/>
  </testcase> <!-- @BeforeMethod setup -->
  <testcase name="@BeforeMethod setUp" time="0.0" classname="com.automation.newati.hometab.VerifyHomeTabTest2">
    <skipped/>
  </testcase> <!-- @BeforeMethod setUp -->
  <testcase name="@BeforeMethod setup" time="0.0" classname="com.automation.newati.hometab.VerifyHomeTabTest2">
    <skipped/>
  </testcase> <!-- @BeforeMethod setup -->
  <testcase name="@BeforeMethod setUp" time="0.0" classname="com.automation.newati.hometab.VerifyHomeTabTest2">
    <skipped/>
  </testcase> <!-- @BeforeMethod setUp -->
  <testcase name="@BeforeMethod setup" time="0.0" classname="com.automation.newati.hometab.VerifyHomeTabTest2">
    <skipped/>
  </testcase> <!-- @BeforeMethod setup -->
  <testcase name="@BeforeMethod setUp" time="0.0" classname="com.automation.newati.hometab.VerifyHomeTabTest2">
    <skipped/>
  </testcase> <!-- @BeforeMethod setUp -->
  <testcase name="NewATI92_verifyAdvertisementSection" time="0.0" classname="com.automation.newati.hometab.VerifyHomeTabTest1">
    <skipped/>
  </testcase> <!-- NewATI92_verifyAdvertisementSection -->
  <testcase name="NewATI93_verifyUserAccountLink" time="0.0" classname="com.automation.newati.hometab.VerifyHomeTabTest1">
    <skipped/>
  </testcase> <!-- NewATI93_verifyUserAccountLink -->
  <testcase name="NewATI94_verifySignOutLink" time="0.0" classname="com.automation.newati.hometab.VerifyHomeTabTest1">
    <skipped/>
  </testcase> <!-- NewATI94_verifySignOutLink -->
  <testcase name="NewATI95_HomePageRecentActivityDisplay" time="0.016" classname="com.automation.newati.hometab.VerifyHomeTabTest1">
    <skipped/>
  </testcase> <!-- NewATI95_HomePageRecentActivityDisplay -->
  <testcase name="NewATI82_HomePageCalendar" time="0.0" classname="com.automation.newati.hometab.VerifyHomeTabTest1">
    <skipped/>
  </testcase> <!-- NewATI82_HomePageCalendar -->
  <testcase name="NewATI524_VerifyNewsdateInDescending" time="0.0" classname="com.automation.newati.hometab.VerifyHomeTabTest1">
    <skipped/>
  </testcase> <!-- NewATI524_VerifyNewsdateInDescending -->
  <testcase name="NewATI53_verifyHomeTabElements" time="0.0" classname="com.automation.newati.hometab.VerifyHomeTabTest2">
    <skipped/>
  </testcase> <!-- NewATI53_verifyHomeTabElements -->
  <testcase name="NewATI54_verifyHomePageAlert" time="0.0" classname="com.automation.newati.hometab.VerifyHomeTabTest2">
    <skipped/>
  </testcase> <!-- NewATI54_verifyHomePageAlert -->
  <testcase name="NewATI56_verifyHomePageNews" time="0.0" classname="com.automation.newati.hometab.VerifyHomeTabTest2">
    <skipped/>
  </testcase> <!-- NewATI56_verifyHomePageNews -->
  <testcase name="NewATI89_verifyOnlineStoreLink" time="0.0" classname="com.automation.newati.hometab.VerifyHomeTabTest2">
    <skipped/>
  </testcase> <!-- NewATI89_verifyOnlineStoreLink -->
  <testcase name="NewATI135_verifyAddProductFunctionality" time="0.0" classname="com.automation.newati.hometab.VerifyHomeTabTest2">
    <skipped/>
  </testcase> <!-- NewATI135_verifyAddProductFunctionality -->
</testsuite> <!-- Verification for  HomeTab -->
