<?xml version="1.0" encoding="UTF-8"?>
<!-- Generated by org.testng.reporters.JUnitXMLReporter -->
<testsuite hostname="HMECL000695" name="Verification for  Help Tab" tests="15" failures="1" timestamp="24 Apr 2019 09:23:22 GMT" time="95.911" errors="0">
  <testcase name="@BeforeMethod setUp" time="0.0" classname="com.automation.newati.helptab.VerifyHelpPageTest">
    <failure type="com.ascendlearning.automation.ui.exceptions.DriverException" message="Driver Verification exception:   Unable to login To Application">
      <![CDATA[com.ascendlearning.automation.ui.exceptions.DriverException: Driver Verification exception:   Unable to login To Application
	at com.automation.newati.pages.LoginPage2.loginToApplication(LoginPage2.java:143)
	at com.automation.newati.helptab.VerifyHelpPageTest.setUp(VerifyHelpPageTest.java:34)
Caused by: org.openqa.selenium.WebDriverException: unknown error: cannot determine loading status
from unknown error: cannot determine loading status
from disconnected: received Inspector.detached event
  (Session info: chrome=73.0.3683.103)
  (Driver info: chromedriver=2.38.552522 (437e6fbedfa8762dec75e2c5b3ddb86763dc9dcb),platform=Windows NT 10.0.14393 x86_64) (WARNING: The server did not provide any stacktrace information)
Command duration or timeout: 0 milliseconds
Build info: version: '3.11.0', revision: 'e59cfb3', time: '2018-03-11T20:26:55.152Z'
System info: host: 'HMECL000695', ip: '10.160.240.150', os.name: 'Windows 10', os.arch: 'amd64', os.version: '10.0', java.version: '1.8.0_181'
Driver info: org.openqa.selenium.chrome.ChromeDriver
Capabilities {acceptInsecureCerts: false, acceptSslCerts: false, applicationCacheEnabled: false, browserConnectionEnabled: false, browserName: chrome, chrome: {chromedriverVersion: 2.38.552522 (437e6fbedfa876..., userDataDir: C:\Users\SASMIT~1.MIS\AppDa...}, cssSelectorsEnabled: true, databaseEnabled: false, handlesAlerts: true, hasTouchScreen: false, javascriptEnabled: true, locationContextEnabled: true, mobileEmulationEnabled: false, nativeEvents: true, networkConnectionEnabled: false, pageLoadStrategy: normal, platform: XP, platformName: XP, rotatable: false, setWindowRect: true, takesHeapSnapshot: true, takesScreenshot: true, unexpectedAlertBehaviour: , unhandledPromptBehavior: , version: 73.0.3683.103, webStorageEnabled: true}
Session ID: 2adec2e8d5fc0e522f5ad03dcd074b72
	at org.openqa.selenium.remote.ErrorHandler.createThrowable(ErrorHandler.java:214)
	at org.openqa.selenium.remote.ErrorHandler.throwIfResponseFailed(ErrorHandler.java:166)
	at org.openqa.selenium.remote.http.JsonHttpResponseCodec.reconstructValue(JsonHttpResponseCodec.java:40)
	at org.openqa.selenium.remote.http.AbstractHttpResponseCodec.decode(AbstractHttpResponseCodec.java:80)
	at org.openqa.selenium.remote.http.AbstractHttpResponseCodec.decode(AbstractHttpResponseCodec.java:44)
	at org.openqa.selenium.remote.HttpCommandExecutor.execute(HttpCommandExecutor.java:158)
	at org.openqa.selenium.remote.service.DriverCommandExecutor.execute(DriverCommandExecutor.java:83)
	at org.openqa.selenium.remote.RemoteWebDriver.execute(RemoteWebDriver.java:545)
	at org.openqa.selenium.remote.RemoteWebDriver.get(RemoteWebDriver.java:273)
	at com.automation.newati.pages.LoginPage2.loginToApplication(LoginPage2.java:81)
	... 27 more
... Removed 30 stack frames]]>
    </failure>
  </testcase> <!-- @BeforeMethod setUp -->
  <testcase name="@BeforeMethod setup" time="0.0" classname="com.automation.newati.helptab.VerifyHelpPageTest">
    <skipped/>
  </testcase> <!-- @BeforeMethod setup -->
  <testcase name="@BeforeMethod setUp" time="0.0" classname="com.automation.newati.helptab.VerifyHelpPageTest">
    <skipped/>
  </testcase> <!-- @BeforeMethod setUp -->
  <testcase name="@BeforeMethod setup" time="0.0" classname="com.automation.newati.regression.helptab.VerifyHelpPageRegressionTest">
    <skipped/>
  </testcase> <!-- @BeforeMethod setup -->
  <testcase name="@BeforeMethod setUp" time="0.0" classname="com.automation.newati.regression.helptab.VerifyHelpPageRegressionTest">
    <skipped/>
  </testcase> <!-- @BeforeMethod setUp -->
  <testcase name="@BeforeMethod setup" time="0.0" classname="com.automation.newati.regression.helptab.VerifyHelpPageRegressionTest">
    <skipped/>
  </testcase> <!-- @BeforeMethod setup -->
  <testcase name="@BeforeMethod setUp" time="0.0" classname="com.automation.newati.regression.helptab.VerifyHelpPageRegressionTest">
    <skipped/>
  </testcase> <!-- @BeforeMethod setUp -->
  <testcase name="@BeforeMethod setup" time="0.0" classname="com.automation.newati.regression.helptab.VerifyHelpPageRegressionTest">
    <skipped/>
  </testcase> <!-- @BeforeMethod setup -->
  <testcase name="@BeforeMethod setUp" time="0.0" classname="com.automation.newati.regression.helptab.VerifyHelpPageRegressionTest">
    <skipped/>
  </testcase> <!-- @BeforeMethod setUp -->
  <testcase name="@BeforeMethod setup" time="0.0" classname="com.automation.newati.regression.helptab.VerifyHelpPageRegressionTest">
    <skipped/>
  </testcase> <!-- @BeforeMethod setup -->
  <testcase name="@BeforeMethod setUp" time="0.0" classname="com.automation.newati.regression.helptab.VerifyHelpPageRegressionTest">
    <skipped/>
  </testcase> <!-- @BeforeMethod setUp -->
  <testcase name="@BeforeMethod setup" time="0.0" classname="com.automation.newati.helptab.VerifyHelpPageRegressionTest">
    <skipped/>
  </testcase> <!-- @BeforeMethod setup -->
  <testcase name="@BeforeMethod setUp" time="0.0" classname="com.automation.newati.helptab.VerifyHelpPageRegressionTest">
    <skipped/>
  </testcase> <!-- @BeforeMethod setUp -->
  <testcase name="@BeforeMethod setup" time="0.0" classname="com.automation.newati.helptab.VerifyHelpPageRegressionTest">
    <skipped/>
  </testcase> <!-- @BeforeMethod setup -->
  <testcase name="@BeforeMethod setUp" time="0.0" classname="com.automation.newati.helptab.VerifyHelpPageRegressionTest">
    <skipped/>
  </testcase> <!-- @BeforeMethod setUp -->
  <testcase name="@BeforeMethod setup" time="0.0" classname="com.automation.newati.helptab.VerifyHelpPageRegressionTest">
    <skipped/>
  </testcase> <!-- @BeforeMethod setup -->
  <testcase name="@BeforeMethod setUp" time="0.0" classname="com.automation.newati.helptab.VerifyHelpPageRegressionTest">
    <skipped/>
  </testcase> <!-- @BeforeMethod setUp -->
  <testcase name="@BeforeMethod setup" time="0.0" classname="com.automation.newati.helptab.VerifyHelpPageRegressionTest">
    <skipped/>
  </testcase> <!-- @BeforeMethod setup -->
  <testcase name="@BeforeMethod setUp" time="0.0" classname="com.automation.newati.helptab.VerifyHelpPageRegressionTest">
    <skipped/>
  </testcase> <!-- @BeforeMethod setUp -->
  <testcase name="@BeforeMethod setup" time="0.0" classname="com.automation.newati.helptab.VerifyHelpPageRegressionTest">
    <skipped/>
  </testcase> <!-- @BeforeMethod setup -->
  <testcase name="@BeforeMethod setUp" time="0.0" classname="com.automation.newati.helptab.VerifyHelpPageRegressionTest">
    <skipped/>
  </testcase> <!-- @BeforeMethod setUp -->
  <testcase name="@BeforeMethod setup" time="0.0" classname="com.automation.newati.helptab.VerifyHelpPageRegressionTest">
    <skipped/>
  </testcase> <!-- @BeforeMethod setup -->
  <testcase name="@BeforeMethod setUp" time="0.0" classname="com.automation.newati.helptab.VerifyHelpPageRegressionTest">
    <skipped/>
  </testcase> <!-- @BeforeMethod setUp -->
  <testcase name="@BeforeMethod setup" time="0.0" classname="com.automation.newati.helptab.VerifyHelpPageRegressionTest">
    <skipped/>
  </testcase> <!-- @BeforeMethod setup -->
  <testcase name="@BeforeMethod setUp" time="0.0" classname="com.automation.newati.helptab.VerifyHelpPageRegressionTest">
    <skipped/>
  </testcase> <!-- @BeforeMethod setUp -->
  <testcase name="@BeforeMethod setup" time="0.0" classname="com.automation.newati.helptab.VerifyHelpPageRegressionTest">
    <skipped/>
  </testcase> <!-- @BeforeMethod setup -->
  <testcase name="@BeforeMethod setUp" time="0.0" classname="com.automation.newati.helptab.VerifyHelpPageRegressionTest">
    <skipped/>
  </testcase> <!-- @BeforeMethod setUp -->
  <testcase name="NewATI680_VerifyBrowserVersionInFAQSection" time="9.853" classname="com.automation.newati.helptab.VerifyHelpPageRegressionTest2">
    <failure type="com.ascendlearning.automation.ui.exceptions.DriverException" message="Driver Verification exception:   Unable to click Tab">
      <![CDATA[com.ascendlearning.automation.ui.exceptions.DriverException: Driver Verification exception:   Unable to click Tab
	at com.automation.newati.pages.HomePage.clickTab(HomePage.java:65)
	at com.automation.newati.helptab.VerifyHelpPageRegressionTest2.NewATI680_VerifyBrowserVersionInFAQSection(VerifyHelpPageRegressionTest2.java:42)
Caused by: org.openqa.selenium.WebDriverException: chrome not reachable
  (Session info: chrome=73.0.3683.103)
  (Driver info: chromedriver=2.38.552522 (437e6fbedfa8762dec75e2c5b3ddb86763dc9dcb),platform=Windows NT 10.0.14393 x86_64) (WARNING: The server did not provide any stacktrace information)
Command duration or timeout: 0 milliseconds
Build info: version: '3.11.0', revision: 'e59cfb3', time: '2018-03-11T20:26:55.152Z'
System info: host: 'HMECL000695', ip: '10.160.240.150', os.name: 'Windows 10', os.arch: 'amd64', os.version: '10.0', java.version: '1.8.0_181'
Driver info: org.openqa.selenium.chrome.ChromeDriver
Capabilities {acceptInsecureCerts: false, acceptSslCerts: false, applicationCacheEnabled: false, browserConnectionEnabled: false, browserName: chrome, chrome: {chromedriverVersion: 2.38.552522 (437e6fbedfa876..., userDataDir: C:\Users\SASMIT~1.MIS\AppDa...}, cssSelectorsEnabled: true, databaseEnabled: false, handlesAlerts: true, hasTouchScreen: false, javascriptEnabled: true, locationContextEnabled: true, mobileEmulationEnabled: false, nativeEvents: true, networkConnectionEnabled: false, pageLoadStrategy: normal, platform: XP, platformName: XP, rotatable: false, setWindowRect: true, takesHeapSnapshot: true, takesScreenshot: true, unexpectedAlertBehaviour: , unhandledPromptBehavior: , version: 73.0.3683.103, webStorageEnabled: true}
Session ID: 32a9a59743474915271d80395b2a6663
*** Element info: {Using=css selector, value=.primary-nav}
	at org.openqa.selenium.remote.ErrorHandler.createThrowable(ErrorHandler.java:214)
	at org.openqa.selenium.remote.ErrorHandler.throwIfResponseFailed(ErrorHandler.java:166)
	at org.openqa.selenium.remote.http.JsonHttpResponseCodec.reconstructValue(JsonHttpResponseCodec.java:40)
	at org.openqa.selenium.remote.http.AbstractHttpResponseCodec.decode(AbstractHttpResponseCodec.java:80)
	at org.openqa.selenium.remote.http.AbstractHttpResponseCodec.decode(AbstractHttpResponseCodec.java:44)
	at org.openqa.selenium.remote.HttpCommandExecutor.execute(HttpCommandExecutor.java:158)
	at org.openqa.selenium.remote.service.DriverCommandExecutor.execute(DriverCommandExecutor.java:83)
	at org.openqa.selenium.remote.RemoteWebDriver.execute(RemoteWebDriver.java:545)
	at org.openqa.selenium.remote.RemoteWebDriver.findElements(RemoteWebDriver.java:346)
	at org.openqa.selenium.remote.RemoteWebDriver.findElementsByCssSelector(RemoteWebDriver.java:417)
	at com.ascendlearning.automation.ui.utils.ByCssSelectorExtended.findElements(ByCssSelectorExtended.java:41)
	at org.openqa.selenium.remote.RemoteWebDriver.findElements(RemoteWebDriver.java:307)
	at com.ascendlearning.automation.ui.handlers.BaseHandler.findElements(BaseHandler.java:123)
	at com.ascendlearning.automation.ui.handlers.BaseHandler.findElements(BaseHandler.java:116)
	at com.automation.newati.pages.HomePage.clickTab(HomePage.java:52)
	... 25 more
... Removed 28 stack frames]]>
    </failure>
  </testcase> <!-- NewATI680_VerifyBrowserVersionInFAQSection -->
  <testcase name="NewATI46_verifyHelpPageTab" time="0.002" classname="com.automation.newati.helptab.VerifyHelpPageTest">
    <skipped/>
  </testcase> <!-- NewATI46_verifyHelpPageTab -->
  <testcase name="NewATI52_verifyHelpTabFAQverifyFAQSectionInFAQ" time="0.016" classname="com.automation.newati.helptab.VerifyHelpPageTest">
    <skipped/>
  </testcase> <!-- NewATI52_verifyHelpTabFAQverifyFAQSectionInFAQ -->
  <testcase name="NewATI24_verifyElementsOnFeedbackPage" time="0.0" classname="com.automation.newati.regression.helptab.VerifyHelpPageRegressionTest">
    <skipped/>
  </testcase> <!-- NewATI24_verifyElementsOnFeedbackPage -->
  <testcase name="NewATI25_verifySubmitButtonBecomeEnable" time="0.0" classname="com.automation.newati.regression.helptab.VerifyHelpPageRegressionTest">
    <skipped/>
  </testcase> <!-- NewATI25_verifySubmitButtonBecomeEnable -->
  <testcase name="NewATI30_VerifySubmitandCancelButton" time="0.0" classname="com.automation.newati.regression.helptab.VerifyHelpPageRegressionTest">
    <skipped/>
  </testcase> <!-- NewATI30_VerifySubmitandCancelButton -->
  <testcase name="NewATI32_VerifyCommentsandSuggestionsFeedbackafterSelectingRatings" time="0.0" classname="com.automation.newati.regression.helptab.VerifyHelpPageRegressionTest">
    <skipped/>
  </testcase> <!-- NewATI32_VerifyCommentsandSuggestionsFeedbackafterSelectingRatings -->
  <testcase name="NewATI12_verifyHelpFAQSection" time="0.0" classname="com.automation.newati.helptab.VerifyHelpPageRegressionTest">
    <skipped/>
  </testcase> <!-- NewATI12_verifyHelpFAQSection -->
  <testcase name="NewATI87_verifyHowToHowToUseATISection" time="0.0" classname="com.automation.newati.helptab.VerifyHelpPageRegressionTest">
    <skipped/>
  </testcase> <!-- NewATI87_verifyHowToHowToUseATISection -->
  <testcase name="NewATI90_verifyHelpTabFAQ" time="0.0" classname="com.automation.newati.helptab.VerifyHelpPageRegressionTest">
    <skipped/>
  </testcase> <!-- NewATI90_verifyHelpTabFAQ -->
  <testcase name="NewATI506_verifyHowToDocumentFAQ" time="0.0" classname="com.automation.newati.helptab.VerifyHelpPageRegressionTest">
    <skipped/>
  </testcase> <!-- NewATI506_verifyHowToDocumentFAQ -->
  <testcase name="NewATI13_verifyHowToHowToUseATIverifications" time="0.0" classname="com.automation.newati.helptab.VerifyHelpPageRegressionTest">
    <skipped/>
  </testcase> <!-- NewATI13_verifyHowToHowToUseATIverifications -->
  <testcase name="NewATI48_verifyFAQSection" time="0.0" classname="com.automation.newati.helptab.VerifyHelpPageRegressionTest">
    <skipped/>
  </testcase> <!-- NewATI48_verifyFAQSection -->
  <testcase name="NewATI505_verifyGettingStartedSection" time="0.0" classname="com.automation.newati.helptab.VerifyHelpPageRegressionTest">
    <skipped/>
  </testcase> <!-- NewATI505_verifyGettingStartedSection -->
  <testcase name="NewATI529_verifyGettingStartedSection" time="0.0" classname="com.automation.newati.helptab.VerifyHelpPageRegressionTest">
    <skipped/>
  </testcase> <!-- NewATI529_verifyGettingStartedSection -->
</testsuite> <!-- Verification for  Help Tab -->
