<html>
<head>
<title>TestNG:  Verification for  HomeTab</title>
<link href="../testng.css" rel="stylesheet" type="text/css" />
<link href="../my-testng.css" rel="stylesheet" type="text/css" />

<style type="text/css">
.log { display: none;} 
.stack-trace { display: none;} 
</style>
<script type="text/javascript">
<!--
function flip(e) {
  current = e.style.display;
  if (current == 'block') {
    e.style.display = 'none';
    return 0;
  }
  else {
    e.style.display = 'block';
    return 1;
  }
}

function toggleBox(szDivId, elem, msg1, msg2)
{
  var res = -1;  if (document.getElementById) {
    res = flip(document.getElementById(szDivId));
  }
  else if (document.all) {
    // this is the way old msie versions work
    res = flip(document.all[szDivId]);
  }
  if(elem) {
    if(res == 0) elem.innerHTML = msg1; else elem.innerHTML = msg2;
  }

}

function toggleAllBoxes() {
  if (document.getElementsByTagName) {
    d = document.getElementsByTagName('div');
    for (i = 0; i < d.length; i++) {
      if (d[i].className == 'log') {
        flip(d[i]);
      }
    }
  }
}

// -->
</script>

</head>
<body>
<h2 align='center'>Verification for  HomeTab</h2><table border='1' align="center">
<tr>
<td>Tests passed/Failed/Skipped:</td><td>0/0/11</td>
</tr><tr>
<td>Started on:</td><td>Wed Apr 24 14:50:45 IST 2019</td>
</tr>
<tr><td>Total time:</td><td>61 seconds (61391 ms)</td>
</tr><tr>
<td>Included groups:</td><td></td>
</tr><tr>
<td>Excluded groups:</td><td></td>
</tr>
</table><p/>
<small><i>(Hover the method name to see the test class name)</i></small><p/>
<table width='100%' border='1' class='invocation-failed'>
<tr><td colspan='4' align='center'><b>FAILED CONFIGURATIONS</b></td></tr>
<tr><td><b>Test method</b></td>
<td width="30%"><b>Exception</b></td>
<td width="10%"><b>Time (seconds)</b></td>
<td><b>Instance</b></td>
</tr>
<tr>
<td title='com.automation.newati.hometab.VerifyHomeTabTest1.setUp()'><b>setUp</b><br>Test class: com.automation.newati.hometab.VerifyHomeTabTest1<br/>
<a href="#Output-888557915" onClick='toggleBox("Output-888557915", this, "Show output", "Hide output");'>Show output</a>

<a href="#Output-888557915" onClick="toggleAllBoxes();">Show all outputs</a>
<div class='log' id="Output-888557915">

Unable to wait Untill Loading Image Is not Disappeared<br/>
</div>
</td>
<td><div><pre>com.ascendlearning.automation.ui.exceptions.DriverException: Driver Verification exception:   Unable to wait Untill Loading Image Is not Disappeared
	at com.automation.newati.pages.NewATIBasePage.waitUntillLoadingImageIsDisappeared(NewATIBasePage.java:282)
	at com.automation.newati.hometab.VerifyHomeTabTest1.setUp(VerifyHomeTabTest1.java:53)
Caused by: org.openqa.selenium.WebDriverException: chrome not reachable
  (Session info: chrome=73.0.3683.103)
  (Driver info: chromedriver=2.38.552522 (437e6fbedfa8762dec75e2c5b3ddb86763dc9dcb),platform=Windows NT 10.0.14393 x86_64) (WARNING: The server did not provide any stacktrace information)
Command duration or timeout: 0 milliseconds
Build info: version: &apos;3.11.0&apos;, revision: &apos;e59cfb3&apos;, time: &apos;2018-03-11T20:26:55.152Z&apos;
System info: host: &apos;HMECL000695&apos;, ip: &apos;10.160.240.150&apos;, os.name: &apos;Windows 10&apos;, os.arch: &apos;amd64&apos;, os.version: &apos;10.0&apos;, java.version: &apos;1.8.0_181&apos;
Driver info: org.openqa.selenium.chrome.ChromeDriver
Capabilities {acceptInsecureCerts: false, acceptSslCerts: false, applicationCacheEnabled: false, browserConnectionEnabled: false, browserName: chrome, chrome: {chromedriverVersion: 2.38.552522 (437e6fbedfa876..., userDataDir: C:\Users\SASMIT~1.MIS\AppDa...}, cssSelectorsEnabled: true, databaseEnabled: false, handlesAlerts: true, hasTouchScreen: false, javascriptEnabled: true, locationContextEnabled: true, mobileEmulationEnabled: false, nativeEvents: true, networkConnectionEnabled: false, pageLoadStrategy: normal, platform: XP, platformName: XP, rotatable: false, setWindowRect: true, takesHeapSnapshot: true, takesScreenshot: true, unexpectedAlertBehaviour: , unhandledPromptBehavior: , version: 73.0.3683.103, webStorageEnabled: true}
Session ID: 4c412486a374124626570f046aace723
*** Element info: {Using=css selector, value=.blockUI.blockMsg.blockPage}
	at org.openqa.selenium.remote.ErrorHandler.createThrowable(ErrorHandler.java:214)
	at org.openqa.selenium.remote.ErrorHandler.throwIfResponseFailed(ErrorHandler.java:166)
	at org.openqa.selenium.remote.http.JsonHttpResponseCodec.reconstructValue(JsonHttpResponseCodec.java:40)
	at org.openqa.selenium.remote.http.AbstractHttpResponseCodec.decode(AbstractHttpResponseCodec.java:80)
	at org.openqa.selenium.remote.http.AbstractHttpResponseCodec.decode(AbstractHttpResponseCodec.java:44)
	at org.openqa.selenium.remote.HttpCommandExecutor.execute(HttpCommandExecutor.java:158)
	at org.openqa.selenium.remote.service.DriverCommandExecutor.execute(DriverCommandExecutor.java:83)
	at org.openqa.selenium.remote.RemoteWebDriver.execute(RemoteWebDriver.java:545)
	at org.openqa.selenium.remote.RemoteWebDriver.findElements(RemoteWebDriver.java:346)
	at org.openqa.selenium.remote.RemoteWebDriver.findElementsByCssSelector(RemoteWebDriver.java:417)
	at com.ascendlearning.automation.ui.utils.ByCssSelectorExtended.findElements(ByCssSelectorExtended.java:41)
	at org.openqa.selenium.remote.RemoteWebDriver.findElements(RemoteWebDriver.java:307)
	at com.ascendlearning.automation.ui.handlers.BaseHandler.findElements(BaseHandler.java:123)
	at com.ascendlearning.automation.ui.handlers.BaseHandler.findElements(BaseHandler.java:116)
	at com.automation.newati.pages.NewATIBasePage.waitUntillLoadingImageIsDisappeared(NewATIBasePage.java:255)
	... 27 more
... Removed 30 stack frames</pre></div><a href='#' onClick='toggleBox("stack-trace888557915", this, "Click to show all stack frames", "Click to hide stack frames")'>Click to show all stack frames</a>
<div class='stack-trace' id='stack-trace888557915'><pre>com.ascendlearning.automation.ui.exceptions.DriverException: Driver Verification exception:   Unable to wait Untill Loading Image Is not Disappeared
	at com.automation.newati.pages.NewATIBasePage.waitUntillLoadingImageIsDisappeared(NewATIBasePage.java:282)
	at com.automation.newati.hometab.VerifyHomeTabTest1.setUp(VerifyHomeTabTest1.java:53)
	at sun.reflect.NativeMethodAccessorImpl.invoke0(Native Method)
	at sun.reflect.NativeMethodAccessorImpl.invoke(Unknown Source)
	at sun.reflect.DelegatingMethodAccessorImpl.invoke(Unknown Source)
	at java.lang.reflect.Method.invoke(Unknown Source)
	at org.testng.internal.MethodInvocationHelper.invokeMethod(MethodInvocationHelper.java:85)
	at org.testng.internal.Invoker.invokeConfigurationMethod(Invoker.java:517)
	at org.testng.internal.Invoker.invokeConfigurations(Invoker.java:213)
	at org.testng.internal.Invoker.invokeMethod(Invoker.java:601)
	at org.testng.internal.Invoker.invokeTestMethod(Invoker.java:845)
	at org.testng.internal.Invoker.invokeTestMethods(Invoker.java:1153)
	at org.testng.internal.TestMethodWorker.invokeTestMethods(TestMethodWorker.java:125)
	at org.testng.internal.TestMethodWorker.run(TestMethodWorker.java:108)
	at org.testng.TestRunner.privateRun(TestRunner.java:771)
	at org.testng.TestRunner.run(TestRunner.java:621)
	at org.testng.SuiteRunner.runTest(SuiteRunner.java:357)
	at org.testng.SuiteRunner.runSequentially(SuiteRunner.java:352)
	at org.testng.SuiteRunner.privateRun(SuiteRunner.java:310)
	at org.testng.SuiteRunner.run(SuiteRunner.java:259)
	at org.testng.SuiteRunnerWorker.runSuite(SuiteRunnerWorker.java:52)
	at org.testng.SuiteRunnerWorker.run(SuiteRunnerWorker.java:86)
	at org.testng.TestNG.runSuitesSequentially(TestNG.java:1199)
	at org.testng.TestNG.runSuitesLocally(TestNG.java:1124)
	at org.testng.TestNG.run(TestNG.java:1032)
	at org.testng.remote.AbstractRemoteTestNG.run(AbstractRemoteTestNG.java:114)
	at org.testng.remote.RemoteTestNG.initAndRun(RemoteTestNG.java:251)
	at org.testng.remote.RemoteTestNG.main(RemoteTestNG.java:77)
Caused by: org.openqa.selenium.WebDriverException: chrome not reachable
  (Session info: chrome=73.0.3683.103)
  (Driver info: chromedriver=2.38.552522 (437e6fbedfa8762dec75e2c5b3ddb86763dc9dcb),platform=Windows NT 10.0.14393 x86_64) (WARNING: The server did not provide any stacktrace information)
Command duration or timeout: 0 milliseconds
Build info: version: &apos;3.11.0&apos;, revision: &apos;e59cfb3&apos;, time: &apos;2018-03-11T20:26:55.152Z&apos;
System info: host: &apos;HMECL000695&apos;, ip: &apos;10.160.240.150&apos;, os.name: &apos;Windows 10&apos;, os.arch: &apos;amd64&apos;, os.version: &apos;10.0&apos;, java.version: &apos;1.8.0_181&apos;
Driver info: org.openqa.selenium.chrome.ChromeDriver
Capabilities {acceptInsecureCerts: false, acceptSslCerts: false, applicationCacheEnabled: false, browserConnectionEnabled: false, browserName: chrome, chrome: {chromedriverVersion: 2.38.552522 (437e6fbedfa876..., userDataDir: C:\Users\SASMIT~1.MIS\AppDa...}, cssSelectorsEnabled: true, databaseEnabled: false, handlesAlerts: true, hasTouchScreen: false, javascriptEnabled: true, locationContextEnabled: true, mobileEmulationEnabled: false, nativeEvents: true, networkConnectionEnabled: false, pageLoadStrategy: normal, platform: XP, platformName: XP, rotatable: false, setWindowRect: true, takesHeapSnapshot: true, takesScreenshot: true, unexpectedAlertBehaviour: , unhandledPromptBehavior: , version: 73.0.3683.103, webStorageEnabled: true}
Session ID: 4c412486a374124626570f046aace723
*** Element info: {Using=css selector, value=.blockUI.blockMsg.blockPage}
	at sun.reflect.NativeConstructorAccessorImpl.newInstance0(Native Method)
	at sun.reflect.NativeConstructorAccessorImpl.newInstance(Unknown Source)
	at sun.reflect.DelegatingConstructorAccessorImpl.newInstance(Unknown Source)
	at java.lang.reflect.Constructor.newInstance(Unknown Source)
	at org.openqa.selenium.remote.ErrorHandler.createThrowable(ErrorHandler.java:214)
	at org.openqa.selenium.remote.ErrorHandler.throwIfResponseFailed(ErrorHandler.java:166)
	at org.openqa.selenium.remote.http.JsonHttpResponseCodec.reconstructValue(JsonHttpResponseCodec.java:40)
	at org.openqa.selenium.remote.http.AbstractHttpResponseCodec.decode(AbstractHttpResponseCodec.java:80)
	at org.openqa.selenium.remote.http.AbstractHttpResponseCodec.decode(AbstractHttpResponseCodec.java:44)
	at org.openqa.selenium.remote.HttpCommandExecutor.execute(HttpCommandExecutor.java:158)
	at org.openqa.selenium.remote.service.DriverCommandExecutor.execute(DriverCommandExecutor.java:83)
	at org.openqa.selenium.remote.RemoteWebDriver.execute(RemoteWebDriver.java:545)
	at org.openqa.selenium.remote.RemoteWebDriver.findElements(RemoteWebDriver.java:346)
	at org.openqa.selenium.remote.RemoteWebDriver.findElementsByCssSelector(RemoteWebDriver.java:417)
	at com.ascendlearning.automation.ui.utils.ByCssSelectorExtended.findElements(ByCssSelectorExtended.java:41)
	at org.openqa.selenium.remote.RemoteWebDriver.findElements(RemoteWebDriver.java:307)
	at com.ascendlearning.automation.ui.handlers.BaseHandler.findElements(BaseHandler.java:123)
	at com.ascendlearning.automation.ui.handlers.BaseHandler.findElements(BaseHandler.java:116)
	at com.automation.newati.pages.NewATIBasePage.waitUntillLoadingImageIsDisappeared(NewATIBasePage.java:255)
	... 27 more
</pre></div></td>
<td>0</td>
<td>com.automation.newati.hometab.VerifyHomeTabTest1@2a40cd94</td></tr>
</table><p>
<table width='100%' border='1' class='invocation-skipped'>
<tr><td colspan='4' align='center'><b>SKIPPED CONFIGURATIONS</b></td></tr>
<tr><td><b>Test method</b></td>
<td width="30%"><b>Exception</b></td>
<td width="10%"><b>Time (seconds)</b></td>
<td><b>Instance</b></td>
</tr>
<tr>
<td title='com.automation.newati.hometab.VerifyHomeTabTest1.setup()'><b>setup</b><br>Test class: com.automation.newati.hometab.VerifyHomeTabTest1</td>
<td></td>
<td>0</td>
<td>com.automation.newati.hometab.VerifyHomeTabTest1@2a40cd94</td></tr>
<tr>
<td title='com.automation.newati.hometab.VerifyHomeTabTest1.setUp()'><b>setUp</b><br>Test class: com.automation.newati.hometab.VerifyHomeTabTest1</td>
<td></td>
<td>0</td>
<td>com.automation.newati.hometab.VerifyHomeTabTest1@2a40cd94</td></tr>
<tr>
<td title='com.automation.newati.hometab.VerifyHomeTabTest1.setup()'><b>setup</b><br>Test class: com.automation.newati.hometab.VerifyHomeTabTest1</td>
<td></td>
<td>0</td>
<td>com.automation.newati.hometab.VerifyHomeTabTest1@2a40cd94</td></tr>
<tr>
<td title='com.automation.newati.hometab.VerifyHomeTabTest1.setUp()'><b>setUp</b><br>Test class: com.automation.newati.hometab.VerifyHomeTabTest1</td>
<td></td>
<td>0</td>
<td>com.automation.newati.hometab.VerifyHomeTabTest1@2a40cd94</td></tr>
<tr>
<td title='com.automation.newati.hometab.VerifyHomeTabTest1.setup()'><b>setup</b><br>Test class: com.automation.newati.hometab.VerifyHomeTabTest1</td>
<td></td>
<td>0</td>
<td>com.automation.newati.hometab.VerifyHomeTabTest1@2a40cd94</td></tr>
<tr>
<td title='com.automation.newati.hometab.VerifyHomeTabTest1.setUp()'><b>setUp</b><br>Test class: com.automation.newati.hometab.VerifyHomeTabTest1</td>
<td></td>
<td>0</td>
<td>com.automation.newati.hometab.VerifyHomeTabTest1@2a40cd94</td></tr>
<tr>
<td title='com.automation.newati.hometab.VerifyHomeTabTest1.setup()'><b>setup</b><br>Test class: com.automation.newati.hometab.VerifyHomeTabTest1</td>
<td></td>
<td>0</td>
<td>com.automation.newati.hometab.VerifyHomeTabTest1@2a40cd94</td></tr>
<tr>
<td title='com.automation.newati.hometab.VerifyHomeTabTest1.setUp()'><b>setUp</b><br>Test class: com.automation.newati.hometab.VerifyHomeTabTest1</td>
<td></td>
<td>0</td>
<td>com.automation.newati.hometab.VerifyHomeTabTest1@2a40cd94</td></tr>
<tr>
<td title='com.automation.newati.hometab.VerifyHomeTabTest1.setup()'><b>setup</b><br>Test class: com.automation.newati.hometab.VerifyHomeTabTest1</td>
<td></td>
<td>0</td>
<td>com.automation.newati.hometab.VerifyHomeTabTest1@2a40cd94</td></tr>
<tr>
<td title='com.automation.newati.hometab.VerifyHomeTabTest1.setUp()'><b>setUp</b><br>Test class: com.automation.newati.hometab.VerifyHomeTabTest1</td>
<td></td>
<td>0</td>
<td>com.automation.newati.hometab.VerifyHomeTabTest1@2a40cd94</td></tr>
<tr>
<td title='com.automation.newati.hometab.VerifyHomeTabTest2.setup()'><b>setup</b><br>Test class: com.automation.newati.hometab.VerifyHomeTabTest2</td>
<td></td>
<td>0</td>
<td>com.automation.newati.hometab.VerifyHomeTabTest2@33b37288</td></tr>
<tr>
<td title='com.automation.newati.hometab.VerifyHomeTabTest2.setUp()'><b>setUp</b><br>Test class: com.automation.newati.hometab.VerifyHomeTabTest2</td>
<td></td>
<td>0</td>
<td>com.automation.newati.hometab.VerifyHomeTabTest2@33b37288</td></tr>
<tr>
<td title='com.automation.newati.hometab.VerifyHomeTabTest2.setup()'><b>setup</b><br>Test class: com.automation.newati.hometab.VerifyHomeTabTest2</td>
<td></td>
<td>0</td>
<td>com.automation.newati.hometab.VerifyHomeTabTest2@33b37288</td></tr>
<tr>
<td title='com.automation.newati.hometab.VerifyHomeTabTest2.setUp()'><b>setUp</b><br>Test class: com.automation.newati.hometab.VerifyHomeTabTest2</td>
<td></td>
<td>0</td>
<td>com.automation.newati.hometab.VerifyHomeTabTest2@33b37288</td></tr>
<tr>
<td title='com.automation.newati.hometab.VerifyHomeTabTest2.setup()'><b>setup</b><br>Test class: com.automation.newati.hometab.VerifyHomeTabTest2</td>
<td></td>
<td>0</td>
<td>com.automation.newati.hometab.VerifyHomeTabTest2@33b37288</td></tr>
<tr>
<td title='com.automation.newati.hometab.VerifyHomeTabTest2.setUp()'><b>setUp</b><br>Test class: com.automation.newati.hometab.VerifyHomeTabTest2</td>
<td></td>
<td>0</td>
<td>com.automation.newati.hometab.VerifyHomeTabTest2@33b37288</td></tr>
<tr>
<td title='com.automation.newati.hometab.VerifyHomeTabTest2.setup()'><b>setup</b><br>Test class: com.automation.newati.hometab.VerifyHomeTabTest2</td>
<td></td>
<td>0</td>
<td>com.automation.newati.hometab.VerifyHomeTabTest2@33b37288</td></tr>
<tr>
<td title='com.automation.newati.hometab.VerifyHomeTabTest2.setUp()'><b>setUp</b><br>Test class: com.automation.newati.hometab.VerifyHomeTabTest2</td>
<td></td>
<td>0</td>
<td>com.automation.newati.hometab.VerifyHomeTabTest2@33b37288</td></tr>
<tr>
<td title='com.automation.newati.hometab.VerifyHomeTabTest2.setup()'><b>setup</b><br>Test class: com.automation.newati.hometab.VerifyHomeTabTest2</td>
<td></td>
<td>0</td>
<td>com.automation.newati.hometab.VerifyHomeTabTest2@33b37288</td></tr>
<tr>
<td title='com.automation.newati.hometab.VerifyHomeTabTest2.setUp()'><b>setUp</b><br>Test class: com.automation.newati.hometab.VerifyHomeTabTest2</td>
<td></td>
<td>0</td>
<td>com.automation.newati.hometab.VerifyHomeTabTest2@33b37288</td></tr>
</table><p>
<table width='100%' border='1' class='invocation-skipped'>
<tr><td colspan='4' align='center'><b>SKIPPED TESTS</b></td></tr>
<tr><td><b>Test method</b></td>
<td width="30%"><b>Exception</b></td>
<td width="10%"><b>Time (seconds)</b></td>
<td><b>Instance</b></td>
</tr>
<tr>
<td title='com.automation.newati.hometab.VerifyHomeTabTest2.NewATI135_verifyAddProductFunctionality()'><b>NewATI135_verifyAddProductFunctionality</b><br>Test class: com.automation.newati.hometab.VerifyHomeTabTest2<br>Test method: NewATI-135:Add Product: Verifying add product functionality</td>
<td></td>
<td>0</td>
<td>com.automation.newati.hometab.VerifyHomeTabTest2@33b37288</td></tr>
<tr>
<td title='com.automation.newati.hometab.VerifyHomeTabTest1.NewATI524_VerifyNewsdateInDescending()'><b>NewATI524_VerifyNewsdateInDescending</b><br>Test class: com.automation.newati.hometab.VerifyHomeTabTest1<br>Test method: NewATI-524:Verify for news section displaying in descending order of publish date_STU-4048</td>
<td></td>
<td>0</td>
<td>com.automation.newati.hometab.VerifyHomeTabTest1@2a40cd94</td></tr>
<tr>
<td title='com.automation.newati.hometab.VerifyHomeTabTest2.NewATI53_verifyHomeTabElements()'><b>NewATI53_verifyHomeTabElements</b><br>Test class: com.automation.newati.hometab.VerifyHomeTabTest2<br>Test method: NewATI-53:Verify elements in Home Tab</td>
<td></td>
<td>0</td>
<td>com.automation.newati.hometab.VerifyHomeTabTest2@33b37288</td></tr>
<tr>
<td title='com.automation.newati.hometab.VerifyHomeTabTest2.NewATI54_verifyHomePageAlert()'><b>NewATI54_verifyHomePageAlert</b><br>Test class: com.automation.newati.hometab.VerifyHomeTabTest2<br>Test method: NewATI-54:Home Page : Alerts verification.</td>
<td></td>
<td>0</td>
<td>com.automation.newati.hometab.VerifyHomeTabTest2@33b37288</td></tr>
<tr>
<td title='com.automation.newati.hometab.VerifyHomeTabTest2.NewATI56_verifyHomePageNews()'><b>NewATI56_verifyHomePageNews</b><br>Test class: com.automation.newati.hometab.VerifyHomeTabTest2<br>Test method: NewATI-56:Home Page: News Verification</td>
<td></td>
<td>0</td>
<td>com.automation.newati.hometab.VerifyHomeTabTest2@33b37288</td></tr>
<tr>
<td title='com.automation.newati.hometab.VerifyHomeTabTest1.NewATI82_HomePageCalendar()'><b>NewATI82_HomePageCalendar</b><br>Test class: com.automation.newati.hometab.VerifyHomeTabTest1<br>Test method: Home Page - Calendar::Home Tab</td>
<td></td>
<td>0</td>
<td>com.automation.newati.hometab.VerifyHomeTabTest1@2a40cd94</td></tr>
<tr>
<td title='com.automation.newati.hometab.VerifyHomeTabTest2.NewATI89_verifyOnlineStoreLink()'><b>NewATI89_verifyOnlineStoreLink</b><br>Test class: com.automation.newati.hometab.VerifyHomeTabTest2<br>Test method: NewATI-89:Verify the functionality of 'Online Store' link.</td>
<td></td>
<td>0</td>
<td>com.automation.newati.hometab.VerifyHomeTabTest2@33b37288</td></tr>
<tr>
<td title='com.automation.newati.hometab.VerifyHomeTabTest1.NewATI92_verifyAdvertisementSection()'><b>NewATI92_verifyAdvertisementSection</b><br>Test class: com.automation.newati.hometab.VerifyHomeTabTest1<br>Test method: Verify the functionality of 'Advertisement'::Home Tab</td>
<td></td>
<td>0</td>
<td>com.automation.newati.hometab.VerifyHomeTabTest1@2a40cd94</td></tr>
<tr>
<td title='com.automation.newati.hometab.VerifyHomeTabTest1.NewATI93_verifyUserAccountLink()'><b>NewATI93_verifyUserAccountLink</b><br>Test class: com.automation.newati.hometab.VerifyHomeTabTest1<br>Test method: Verify the functionality of 'User Account' link.::Home Tab</td>
<td></td>
<td>0</td>
<td>com.automation.newati.hometab.VerifyHomeTabTest1@2a40cd94</td></tr>
<tr>
<td title='com.automation.newati.hometab.VerifyHomeTabTest1.NewATI94_verifySignOutLink()'><b>NewATI94_verifySignOutLink</b><br>Test class: com.automation.newati.hometab.VerifyHomeTabTest1<br>Test method: Verify the functionality of 'Sign Out' link.::Home Tab</td>
<td></td>
<td>0</td>
<td>com.automation.newati.hometab.VerifyHomeTabTest1@2a40cd94</td></tr>
<tr>
<td title='com.automation.newati.hometab.VerifyHomeTabTest1.NewATI95_HomePageRecentActivityDisplay()'><b>NewATI95_HomePageRecentActivityDisplay</b><br>Test class: com.automation.newati.hometab.VerifyHomeTabTest1<br>Test method: NewATI-95:Home Page- Recent Activity Display::Home Tab</td>
<td></td>
<td>0</td>
<td>com.automation.newati.hometab.VerifyHomeTabTest1@2a40cd94</td></tr>
</table><p>
</body>
</html>