<html>
<head>
<title>TestNG:  Verification for  SortFilte</title>
<link href="../testng.css" rel="stylesheet" type="text/css" />
<link href="../my-testng.css" rel="stylesheet" type="text/css" />

<style type="text/css">
.log { display: none;} 
.stack-trace { display: none;} 
</style>
<script type="text/javascript">
<!--
function flip(e) {
  current = e.style.display;
  if (current == 'block') {
    e.style.display = 'none';
    return 0;
  }
  else {
    e.style.display = 'block';
    return 1;
  }
}

function toggleBox(szDivId, elem, msg1, msg2)
{
  var res = -1;  if (document.getElementById) {
    res = flip(document.getElementById(szDivId));
  }
  else if (document.all) {
    // this is the way old msie versions work
    res = flip(document.all[szDivId]);
  }
  if(elem) {
    if(res == 0) elem.innerHTML = msg1; else elem.innerHTML = msg2;
  }

}

function toggleAllBoxes() {
  if (document.getElementsByTagName) {
    d = document.getElementsByTagName('div');
    for (i = 0; i < d.length; i++) {
      if (d[i].className == 'log') {
        flip(d[i]);
      }
    }
  }
}

// -->
</script>

</head>
<body>
<h2 align='center'>Verification for  SortFilte</h2><table border='1' align="center">
<tr>
<td>Tests passed/Failed/Skipped:</td><td>0/11/42</td>
</tr><tr>
<td>Started on:</td><td>Wed Apr 24 15:17:54 IST 2019</td>
</tr>
<tr><td>Total time:</td><td>656 seconds (656269 ms)</td>
</tr><tr>
<td>Included groups:</td><td></td>
</tr><tr>
<td>Excluded groups:</td><td></td>
</tr>
</table><p/>
<small><i>(Hover the method name to see the test class name)</i></small><p/>
<table width='100%' border='1' class='invocation-failed'>
<tr><td colspan='4' align='center'><b>FAILED CONFIGURATIONS</b></td></tr>
<tr><td><b>Test method</b></td>
<td width="30%"><b>Exception</b></td>
<td width="10%"><b>Time (seconds)</b></td>
<td><b>Instance</b></td>
</tr>
<tr>
<td title='com.automation.newati.learntab.FlashCardTest.VerifyLearnTabScenariosReview()'><b>VerifyLearnTabScenariosReview</b><br>Test class: com.automation.newati.learntab.FlashCardTest<br/>
<a href="#Output-822799883" onClick='toggleBox("Output-822799883", this, "Show output", "Hide output");'>Show output</a>

<a href="#Output-822799883" onClick="toggleAllBoxes();">Show all outputs</a>
<div class='log' id="Output-822799883">

Unable to login To Applicationorg.openqa.selenium.WebDriverException: chrome not reachable
  (Session info: chrome=73.0.3683.103)
  (Driver info: chromedriver=2.38.552522 (437e6fbedfa8762dec75e2c5b3ddb86763dc9dcb),platform=Windows NT 10.0.14393 x86_64) (WARNING: The server did not provide any stacktrace information)
Command duration or timeout: 0 milliseconds
Build info: version: '3.11.0', revision: 'e59cfb3', time: '2018-03-11T20:26:55.152Z'
System info: host: 'HMECL000695', ip: '10.160.240.150', os.name: 'Windows 10', os.arch: 'amd64', os.version: '10.0', java.version: '1.8.0_181'
Driver info: org.openqa.selenium.chrome.ChromeDriver
Capabilities {acceptInsecureCerts: false, acceptSslCerts: false, applicationCacheEnabled: false, browserConnectionEnabled: false, browserName: chrome, chrome: {chromedriverVersion: 2.38.552522 (437e6fbedfa876..., userDataDir: C:\Users\SASMIT~1.MIS\AppDa...}, cssSelectorsEnabled: true, databaseEnabled: false, handlesAlerts: true, hasTouchScreen: false, javascriptEnabled: true, locationContextEnabled: true, mobileEmulationEnabled: false, nativeEvents: true, networkConnectionEnabled: false, pageLoadStrategy: normal, platform: XP, platformName: XP, rotatable: false, setWindowRect: true, takesHeapSnapshot: true, takesScreenshot: true, unexpectedAlertBehaviour: , unhandledPromptBehavior: , version: 73.0.3683.103, webStorageEnabled: true}
Session ID: 873af074144a635dd622fff5e2964696<br/>
</div>
</td>
<td><div><pre>com.ascendlearning.automation.ui.exceptions.DriverException: Driver Verification exception:   Unable to login To Application
	at com.automation.newati.pages.LoginPage2.loginToApplication(LoginPage2.java:143)
	at com.automation.newati.learntab.FlashCardTest.VerifyLearnTabScenariosReview(FlashCardTest.java:32)
Caused by: org.openqa.selenium.WebDriverException: chrome not reachable
  (Session info: chrome=73.0.3683.103)
  (Driver info: chromedriver=2.38.552522 (437e6fbedfa8762dec75e2c5b3ddb86763dc9dcb),platform=Windows NT 10.0.14393 x86_64) (WARNING: The server did not provide any stacktrace information)
Command duration or timeout: 0 milliseconds
Build info: version: &apos;3.11.0&apos;, revision: &apos;e59cfb3&apos;, time: &apos;2018-03-11T20:26:55.152Z&apos;
System info: host: &apos;HMECL000695&apos;, ip: &apos;10.160.240.150&apos;, os.name: &apos;Windows 10&apos;, os.arch: &apos;amd64&apos;, os.version: &apos;10.0&apos;, java.version: &apos;1.8.0_181&apos;
Driver info: org.openqa.selenium.chrome.ChromeDriver
Capabilities {acceptInsecureCerts: false, acceptSslCerts: false, applicationCacheEnabled: false, browserConnectionEnabled: false, browserName: chrome, chrome: {chromedriverVersion: 2.38.552522 (437e6fbedfa876..., userDataDir: C:\Users\SASMIT~1.MIS\AppDa...}, cssSelectorsEnabled: true, databaseEnabled: false, handlesAlerts: true, hasTouchScreen: false, javascriptEnabled: true, locationContextEnabled: true, mobileEmulationEnabled: false, nativeEvents: true, networkConnectionEnabled: false, pageLoadStrategy: normal, platform: XP, platformName: XP, rotatable: false, setWindowRect: true, takesHeapSnapshot: true, takesScreenshot: true, unexpectedAlertBehaviour: , unhandledPromptBehavior: , version: 73.0.3683.103, webStorageEnabled: true}
Session ID: 873af074144a635dd622fff5e2964696
	at org.openqa.selenium.remote.ErrorHandler.createThrowable(ErrorHandler.java:214)
	at org.openqa.selenium.remote.ErrorHandler.throwIfResponseFailed(ErrorHandler.java:166)
	at org.openqa.selenium.remote.http.JsonHttpResponseCodec.reconstructValue(JsonHttpResponseCodec.java:40)
	at org.openqa.selenium.remote.http.AbstractHttpResponseCodec.decode(AbstractHttpResponseCodec.java:80)
	at org.openqa.selenium.remote.http.AbstractHttpResponseCodec.decode(AbstractHttpResponseCodec.java:44)
	at org.openqa.selenium.remote.HttpCommandExecutor.execute(HttpCommandExecutor.java:158)
	at org.openqa.selenium.remote.service.DriverCommandExecutor.execute(DriverCommandExecutor.java:83)
	at org.openqa.selenium.remote.RemoteWebDriver.execute(RemoteWebDriver.java:545)
	at org.openqa.selenium.remote.RemoteWebDriver.get(RemoteWebDriver.java:273)
	at com.automation.newati.pages.LoginPage2.loginToApplication(LoginPage2.java:81)
	... 27 more
... Removed 29 stack frames</pre></div><a href='#' onClick='toggleBox("stack-trace822799883", this, "Click to show all stack frames", "Click to hide stack frames")'>Click to show all stack frames</a>
<div class='stack-trace' id='stack-trace822799883'><pre>com.ascendlearning.automation.ui.exceptions.DriverException: Driver Verification exception:   Unable to login To Application
	at com.automation.newati.pages.LoginPage2.loginToApplication(LoginPage2.java:143)
	at com.automation.newati.learntab.FlashCardTest.VerifyLearnTabScenariosReview(FlashCardTest.java:32)
	at sun.reflect.NativeMethodAccessorImpl.invoke0(Native Method)
	at sun.reflect.NativeMethodAccessorImpl.invoke(Unknown Source)
	at sun.reflect.DelegatingMethodAccessorImpl.invoke(Unknown Source)
	at java.lang.reflect.Method.invoke(Unknown Source)
	at org.testng.internal.MethodInvocationHelper.invokeMethod(MethodInvocationHelper.java:85)
	at org.testng.internal.Invoker.invokeConfigurationMethod(Invoker.java:517)
	at org.testng.internal.Invoker.invokeConfigurations(Invoker.java:213)
	at org.testng.internal.Invoker.invokeMethod(Invoker.java:601)
	at org.testng.internal.Invoker.invokeTestMethod(Invoker.java:845)
	at org.testng.internal.Invoker.invokeTestMethods(Invoker.java:1153)
	at org.testng.internal.TestMethodWorker.invokeTestMethods(TestMethodWorker.java:125)
	at org.testng.internal.TestMethodWorker.run(TestMethodWorker.java:108)
	at org.testng.TestRunner.privateRun(TestRunner.java:771)
	at org.testng.TestRunner.run(TestRunner.java:621)
	at org.testng.SuiteRunner.runTest(SuiteRunner.java:357)
	at org.testng.SuiteRunner.runSequentially(SuiteRunner.java:352)
	at org.testng.SuiteRunner.privateRun(SuiteRunner.java:310)
	at org.testng.SuiteRunner.run(SuiteRunner.java:259)
	at org.testng.SuiteRunnerWorker.runSuite(SuiteRunnerWorker.java:52)
	at org.testng.SuiteRunnerWorker.run(SuiteRunnerWorker.java:86)
	at org.testng.TestNG.runSuitesSequentially(TestNG.java:1199)
	at org.testng.TestNG.runSuitesLocally(TestNG.java:1124)
	at org.testng.TestNG.run(TestNG.java:1032)
	at org.testng.remote.AbstractRemoteTestNG.run(AbstractRemoteTestNG.java:114)
	at org.testng.remote.RemoteTestNG.initAndRun(RemoteTestNG.java:251)
	at org.testng.remote.RemoteTestNG.main(RemoteTestNG.java:77)
Caused by: org.openqa.selenium.WebDriverException: chrome not reachable
  (Session info: chrome=73.0.3683.103)
  (Driver info: chromedriver=2.38.552522 (437e6fbedfa8762dec75e2c5b3ddb86763dc9dcb),platform=Windows NT 10.0.14393 x86_64) (WARNING: The server did not provide any stacktrace information)
Command duration or timeout: 0 milliseconds
Build info: version: &apos;3.11.0&apos;, revision: &apos;e59cfb3&apos;, time: &apos;2018-03-11T20:26:55.152Z&apos;
System info: host: &apos;HMECL000695&apos;, ip: &apos;10.160.240.150&apos;, os.name: &apos;Windows 10&apos;, os.arch: &apos;amd64&apos;, os.version: &apos;10.0&apos;, java.version: &apos;1.8.0_181&apos;
Driver info: org.openqa.selenium.chrome.ChromeDriver
Capabilities {acceptInsecureCerts: false, acceptSslCerts: false, applicationCacheEnabled: false, browserConnectionEnabled: false, browserName: chrome, chrome: {chromedriverVersion: 2.38.552522 (437e6fbedfa876..., userDataDir: C:\Users\SASMIT~1.MIS\AppDa...}, cssSelectorsEnabled: true, databaseEnabled: false, handlesAlerts: true, hasTouchScreen: false, javascriptEnabled: true, locationContextEnabled: true, mobileEmulationEnabled: false, nativeEvents: true, networkConnectionEnabled: false, pageLoadStrategy: normal, platform: XP, platformName: XP, rotatable: false, setWindowRect: true, takesHeapSnapshot: true, takesScreenshot: true, unexpectedAlertBehaviour: , unhandledPromptBehavior: , version: 73.0.3683.103, webStorageEnabled: true}
Session ID: 873af074144a635dd622fff5e2964696
	at sun.reflect.GeneratedConstructorAccessor23.newInstance(Unknown Source)
	at sun.reflect.DelegatingConstructorAccessorImpl.newInstance(Unknown Source)
	at java.lang.reflect.Constructor.newInstance(Unknown Source)
	at org.openqa.selenium.remote.ErrorHandler.createThrowable(ErrorHandler.java:214)
	at org.openqa.selenium.remote.ErrorHandler.throwIfResponseFailed(ErrorHandler.java:166)
	at org.openqa.selenium.remote.http.JsonHttpResponseCodec.reconstructValue(JsonHttpResponseCodec.java:40)
	at org.openqa.selenium.remote.http.AbstractHttpResponseCodec.decode(AbstractHttpResponseCodec.java:80)
	at org.openqa.selenium.remote.http.AbstractHttpResponseCodec.decode(AbstractHttpResponseCodec.java:44)
	at org.openqa.selenium.remote.HttpCommandExecutor.execute(HttpCommandExecutor.java:158)
	at org.openqa.selenium.remote.service.DriverCommandExecutor.execute(DriverCommandExecutor.java:83)
	at org.openqa.selenium.remote.RemoteWebDriver.execute(RemoteWebDriver.java:545)
	at org.openqa.selenium.remote.RemoteWebDriver.get(RemoteWebDriver.java:273)
	at com.automation.newati.pages.LoginPage2.loginToApplication(LoginPage2.java:81)
	... 27 more
</pre></div></td>
<td>0</td>
<td>com.automation.newati.learntab.FlashCardTest@29f69090</td></tr>
</table><p>
<table width='100%' border='1' class='invocation-skipped'>
<tr><td colspan='4' align='center'><b>SKIPPED CONFIGURATIONS</b></td></tr>
<tr><td><b>Test method</b></td>
<td width="30%"><b>Exception</b></td>
<td width="10%"><b>Time (seconds)</b></td>
<td><b>Instance</b></td>
</tr>
<tr>
<td title='com.automation.newati.learntab.FlashCardTest.setup()'><b>setup</b><br>Test class: com.automation.newati.learntab.FlashCardTest</td>
<td></td>
<td>0</td>
<td>com.automation.newati.learntab.FlashCardTest@29f69090</td></tr>
<tr>
<td title='com.automation.newati.learntab.FlashCardTest.VerifyLearnTabScenariosReview()'><b>VerifyLearnTabScenariosReview</b><br>Test class: com.automation.newati.learntab.FlashCardTest</td>
<td></td>
<td>0</td>
<td>com.automation.newati.learntab.FlashCardTest@29f69090</td></tr>
<tr>
<td title='com.automation.newati.learntab.FlashCardTest.setup()'><b>setup</b><br>Test class: com.automation.newati.learntab.FlashCardTest</td>
<td></td>
<td>0</td>
<td>com.automation.newati.learntab.FlashCardTest@29f69090</td></tr>
<tr>
<td title='com.automation.newati.learntab.FlashCardTest.VerifyLearnTabScenariosReview()'><b>VerifyLearnTabScenariosReview</b><br>Test class: com.automation.newati.learntab.FlashCardTest</td>
<td></td>
<td>0</td>
<td>com.automation.newati.learntab.FlashCardTest@29f69090</td></tr>
<tr>
<td title='com.automation.newati.learntab.VerifyEBookScenariousTest.setup()'><b>setup</b><br>Test class: com.automation.newati.learntab.VerifyEBookScenariousTest</td>
<td></td>
<td>0</td>
<td>com.automation.newati.learntab.VerifyEBookScenariousTest@75f9eccc</td></tr>
<tr>
<td title='com.automation.newati.learntab.VerifyEBookScenariousTest.verifyHomePage()'><b>verifyHomePage</b><br>Test class: com.automation.newati.learntab.VerifyEBookScenariousTest</td>
<td></td>
<td>0</td>
<td>com.automation.newati.learntab.VerifyEBookScenariousTest@75f9eccc</td></tr>
<tr>
<td title='com.automation.newati.learntab.VerifyEBookScenariousTest.setup()'><b>setup</b><br>Test class: com.automation.newati.learntab.VerifyEBookScenariousTest</td>
<td></td>
<td>0</td>
<td>com.automation.newati.learntab.VerifyEBookScenariousTest@75f9eccc</td></tr>
<tr>
<td title='com.automation.newati.learntab.VerifyEBookScenariousTest.verifyHomePage()'><b>verifyHomePage</b><br>Test class: com.automation.newati.learntab.VerifyEBookScenariousTest</td>
<td></td>
<td>0</td>
<td>com.automation.newati.learntab.VerifyEBookScenariousTest@75f9eccc</td></tr>
<tr>
<td title='com.automation.newati.myati.test.TestTabOthersTest.setup()'><b>setup</b><br>Test class: com.automation.newati.myati.test.TestTabOthersTest</td>
<td></td>
<td>0</td>
<td>com.automation.newati.myati.test.TestTabOthersTest@5d47c63f</td></tr>
<tr>
<td title='com.automation.newati.myati.test.TestTabOthersTest.setUp()'><b>setUp</b><br>Test class: com.automation.newati.myati.test.TestTabOthersTest</td>
<td></td>
<td>0</td>
<td>com.automation.newati.myati.test.TestTabOthersTest@5d47c63f</td></tr>
<tr>
<td title='com.automation.newati.myati.test.TestTabOthersTest.setup()'><b>setup</b><br>Test class: com.automation.newati.myati.test.TestTabOthersTest</td>
<td></td>
<td>0</td>
<td>com.automation.newati.myati.test.TestTabOthersTest@5d47c63f</td></tr>
<tr>
<td title='com.automation.newati.myati.test.TestTabOthersTest.setUp()'><b>setUp</b><br>Test class: com.automation.newati.myati.test.TestTabOthersTest</td>
<td></td>
<td>0</td>
<td>com.automation.newati.myati.test.TestTabOthersTest@5d47c63f</td></tr>
<tr>
<td title='com.automation.newati.myati.test.TestTabOthersTest.setup()'><b>setup</b><br>Test class: com.automation.newati.myati.test.TestTabOthersTest</td>
<td></td>
<td>0</td>
<td>com.automation.newati.myati.test.TestTabOthersTest@5d47c63f</td></tr>
<tr>
<td title='com.automation.newati.myati.test.TestTabOthersTest.setUp()'><b>setUp</b><br>Test class: com.automation.newati.myati.test.TestTabOthersTest</td>
<td></td>
<td>0</td>
<td>com.automation.newati.myati.test.TestTabOthersTest@5d47c63f</td></tr>
<tr>
<td title='com.automation.newati.myati.test.TestTabOthersTest.setup()'><b>setup</b><br>Test class: com.automation.newati.myati.test.TestTabOthersTest</td>
<td></td>
<td>0</td>
<td>com.automation.newati.myati.test.TestTabOthersTest@5d47c63f</td></tr>
<tr>
<td title='com.automation.newati.myati.test.TestTabOthersTest.setUp()'><b>setUp</b><br>Test class: com.automation.newati.myati.test.TestTabOthersTest</td>
<td></td>
<td>0</td>
<td>com.automation.newati.myati.test.TestTabOthersTest@5d47c63f</td></tr>
<tr>
<td title='com.automation.newati.myati.test.PracticeAssessmentTest2.setup()'><b>setup</b><br>Test class: com.automation.newati.myati.test.PracticeAssessmentTest2</td>
<td></td>
<td>0</td>
<td>com.automation.newati.myati.test.PracticeAssessmentTest2@5ea434c8</td></tr>
<tr>
<td title='com.automation.newati.myati.test.PracticeAssessmentTest2.setUp()'><b>setUp</b><br>Test class: com.automation.newati.myati.test.PracticeAssessmentTest2</td>
<td></td>
<td>0</td>
<td>com.automation.newati.myati.test.PracticeAssessmentTest2@5ea434c8</td></tr>
<tr>
<td title='com.automation.newati.myati.test.PracticeAssessmentTest2.setup()'><b>setup</b><br>Test class: com.automation.newati.myati.test.PracticeAssessmentTest2</td>
<td></td>
<td>0</td>
<td>com.automation.newati.myati.test.PracticeAssessmentTest2@5ea434c8</td></tr>
<tr>
<td title='com.automation.newati.myati.test.PracticeAssessmentTest2.setUp()'><b>setUp</b><br>Test class: com.automation.newati.myati.test.PracticeAssessmentTest2</td>
<td></td>
<td>0</td>
<td>com.automation.newati.myati.test.PracticeAssessmentTest2@5ea434c8</td></tr>
<tr>
<td title='com.automation.newati.myati.test.PracticeAssessmentTest2.setup()'><b>setup</b><br>Test class: com.automation.newati.myati.test.PracticeAssessmentTest2</td>
<td></td>
<td>0</td>
<td>com.automation.newati.myati.test.PracticeAssessmentTest2@5ea434c8</td></tr>
<tr>
<td title='com.automation.newati.myati.test.PracticeAssessmentTest2.setUp()'><b>setUp</b><br>Test class: com.automation.newati.myati.test.PracticeAssessmentTest2</td>
<td></td>
<td>0</td>
<td>com.automation.newati.myati.test.PracticeAssessmentTest2@5ea434c8</td></tr>
<tr>
<td title='com.automation.newati.myati.test.PracticeAssessmentTest.setup()'><b>setup</b><br>Test class: com.automation.newati.myati.test.PracticeAssessmentTest</td>
<td></td>
<td>0</td>
<td>com.automation.newati.myati.test.PracticeAssessmentTest@45f45fa1</td></tr>
<tr>
<td title='com.automation.newati.myati.test.PracticeAssessmentTest.setUp()'><b>setUp</b><br>Test class: com.automation.newati.myati.test.PracticeAssessmentTest</td>
<td></td>
<td>0</td>
<td>com.automation.newati.myati.test.PracticeAssessmentTest@45f45fa1</td></tr>
<tr>
<td title='com.automation.newati.myati.others.VerifyBatchtIDinProductIDTest.setup()'><b>setup</b><br>Test class: com.automation.newati.myati.others.VerifyBatchtIDinProductIDTest</td>
<td></td>
<td>0</td>
<td>com.automation.newati.myati.others.VerifyBatchtIDinProductIDTest@525f1e4e</td></tr>
<tr>
<td title='com.automation.newati.myati.others.VerifyBatchtIDinProductIDTest.verifyHomePage()'><b>verifyHomePage</b><br>Test class: com.automation.newati.myati.others.VerifyBatchtIDinProductIDTest</td>
<td></td>
<td>0</td>
<td>com.automation.newati.myati.others.VerifyBatchtIDinProductIDTest@525f1e4e</td></tr>
<tr>
<td title='com.automation.newati.myati.others.VerifyContentAreafunctionality.setup()'><b>setup</b><br>Test class: com.automation.newati.myati.others.VerifyContentAreafunctionality</td>
<td></td>
<td>0</td>
<td>com.automation.newati.myati.others.VerifyContentAreafunctionality@3bbc39f8</td></tr>
<tr>
<td title='com.automation.newati.myati.others.VerifyContentAreafunctionality.VerifyLearnTabScenariosReview()'><b>VerifyLearnTabScenariosReview</b><br>Test class: com.automation.newati.myati.others.VerifyContentAreafunctionality</td>
<td></td>
<td>0</td>
<td>com.automation.newati.myati.others.VerifyContentAreafunctionality@3bbc39f8</td></tr>
<tr>
<td title='com.automation.newati.tutorial.TutorialTest.setup()'><b>setup</b><br>Test class: com.automation.newati.tutorial.TutorialTest</td>
<td></td>
<td>0</td>
<td>com.automation.newati.tutorial.TutorialTest@589b3632</td></tr>
<tr>
<td title='com.automation.newati.tutorial.TutorialTest.VerifyLearnTabScenariosReview()'><b>VerifyLearnTabScenariosReview</b><br>Test class: com.automation.newati.tutorial.TutorialTest</td>
<td></td>
<td>0</td>
<td>com.automation.newati.tutorial.TutorialTest@589b3632</td></tr>
<tr>
<td title='com.automation.newati.tutorial.TutorialTest.setup()'><b>setup</b><br>Test class: com.automation.newati.tutorial.TutorialTest</td>
<td></td>
<td>0</td>
<td>com.automation.newati.tutorial.TutorialTest@589b3632</td></tr>
<tr>
<td title='com.automation.newati.tutorial.TutorialTest.VerifyLearnTabScenariosReview()'><b>VerifyLearnTabScenariosReview</b><br>Test class: com.automation.newati.tutorial.TutorialTest</td>
<td></td>
<td>0</td>
<td>com.automation.newati.tutorial.TutorialTest@589b3632</td></tr>
<tr>
<td title='com.automation.newati.tutorial.TutorialTest.setup()'><b>setup</b><br>Test class: com.automation.newati.tutorial.TutorialTest</td>
<td></td>
<td>0</td>
<td>com.automation.newati.tutorial.TutorialTest@589b3632</td></tr>
<tr>
<td title='com.automation.newati.tutorial.TutorialTest.VerifyLearnTabScenariosReview()'><b>VerifyLearnTabScenariosReview</b><br>Test class: com.automation.newati.tutorial.TutorialTest</td>
<td></td>
<td>0</td>
<td>com.automation.newati.tutorial.TutorialTest@589b3632</td></tr>
<tr>
<td title='com.automation.newati.tutorial.TutorialTest.setup()'><b>setup</b><br>Test class: com.automation.newati.tutorial.TutorialTest</td>
<td></td>
<td>0</td>
<td>com.automation.newati.tutorial.TutorialTest@589b3632</td></tr>
<tr>
<td title='com.automation.newati.tutorial.TutorialTest.VerifyLearnTabScenariosReview()'><b>VerifyLearnTabScenariosReview</b><br>Test class: com.automation.newati.tutorial.TutorialTest</td>
<td></td>
<td>0</td>
<td>com.automation.newati.tutorial.TutorialTest@589b3632</td></tr>
<tr>
<td title='com.automation.newati.tutorial.TutorialTest.setup()'><b>setup</b><br>Test class: com.automation.newati.tutorial.TutorialTest</td>
<td></td>
<td>0</td>
<td>com.automation.newati.tutorial.TutorialTest@589b3632</td></tr>
<tr>
<td title='com.automation.newati.tutorial.TutorialTest.VerifyLearnTabScenariosReview()'><b>VerifyLearnTabScenariosReview</b><br>Test class: com.automation.newati.tutorial.TutorialTest</td>
<td></td>
<td>0</td>
<td>com.automation.newati.tutorial.TutorialTest@589b3632</td></tr>
<tr>
<td title='com.automation.newati.tutorial.TutorialTest.setup()'><b>setup</b><br>Test class: com.automation.newati.tutorial.TutorialTest</td>
<td></td>
<td>0</td>
<td>com.automation.newati.tutorial.TutorialTest@589b3632</td></tr>
<tr>
<td title='com.automation.newati.tutorial.TutorialTest.VerifyLearnTabScenariosReview()'><b>VerifyLearnTabScenariosReview</b><br>Test class: com.automation.newati.tutorial.TutorialTest</td>
<td></td>
<td>0</td>
<td>com.automation.newati.tutorial.TutorialTest@589b3632</td></tr>
<tr>
<td title='com.automation.newati.tutorial.TutorialTest.setup()'><b>setup</b><br>Test class: com.automation.newati.tutorial.TutorialTest</td>
<td></td>
<td>0</td>
<td>com.automation.newati.tutorial.TutorialTest@589b3632</td></tr>
<tr>
<td title='com.automation.newati.tutorial.TutorialTest.VerifyLearnTabScenariosReview()'><b>VerifyLearnTabScenariosReview</b><br>Test class: com.automation.newati.tutorial.TutorialTest</td>
<td></td>
<td>0</td>
<td>com.automation.newati.tutorial.TutorialTest@589b3632</td></tr>
<tr>
<td title='com.automation.newati.tutorial.TutorialTest.setup()'><b>setup</b><br>Test class: com.automation.newati.tutorial.TutorialTest</td>
<td></td>
<td>0</td>
<td>com.automation.newati.tutorial.TutorialTest@589b3632</td></tr>
<tr>
<td title='com.automation.newati.tutorial.TutorialTest.VerifyLearnTabScenariosReview()'><b>VerifyLearnTabScenariosReview</b><br>Test class: com.automation.newati.tutorial.TutorialTest</td>
<td></td>
<td>0</td>
<td>com.automation.newati.tutorial.TutorialTest@589b3632</td></tr>
<tr>
<td title='com.automation.newati.tutorial.TutorialTest.setup()'><b>setup</b><br>Test class: com.automation.newati.tutorial.TutorialTest</td>
<td></td>
<td>0</td>
<td>com.automation.newati.tutorial.TutorialTest@589b3632</td></tr>
<tr>
<td title='com.automation.newati.tutorial.TutorialTest.VerifyLearnTabScenariosReview()'><b>VerifyLearnTabScenariosReview</b><br>Test class: com.automation.newati.tutorial.TutorialTest</td>
<td></td>
<td>0</td>
<td>com.automation.newati.tutorial.TutorialTest@589b3632</td></tr>
<tr>
<td title='com.automation.newati.regression.testtab.VerifyProctoredAssessmentTest.setup()'><b>setup</b><br>Test class: com.automation.newati.regression.testtab.VerifyProctoredAssessmentTest</td>
<td></td>
<td>0</td>
<td>com.automation.newati.regression.testtab.VerifyProctoredAssessmentTest@4c6e276e</td></tr>
<tr>
<td title='com.automation.newati.regression.testtab.VerifyProctoredAssessmentTest.setUp()'><b>setUp</b><br>Test class: com.automation.newati.regression.testtab.VerifyProctoredAssessmentTest</td>
<td></td>
<td>0</td>
<td>com.automation.newati.regression.testtab.VerifyProctoredAssessmentTest@4c6e276e</td></tr>
<tr>
<td title='com.automation.newati.regression.testtab.VerifyProctoredAssessmentTest.setup()'><b>setup</b><br>Test class: com.automation.newati.regression.testtab.VerifyProctoredAssessmentTest</td>
<td></td>
<td>0</td>
<td>com.automation.newati.regression.testtab.VerifyProctoredAssessmentTest@4c6e276e</td></tr>
<tr>
<td title='com.automation.newati.regression.testtab.VerifyProctoredAssessmentTest.setUp()'><b>setUp</b><br>Test class: com.automation.newati.regression.testtab.VerifyProctoredAssessmentTest</td>
<td></td>
<td>0</td>
<td>com.automation.newati.regression.testtab.VerifyProctoredAssessmentTest@4c6e276e</td></tr>
<tr>
<td title='com.automation.newati.regression.testtab.VerifyProctoredAssessmentTest.setup()'><b>setup</b><br>Test class: com.automation.newati.regression.testtab.VerifyProctoredAssessmentTest</td>
<td></td>
<td>0</td>
<td>com.automation.newati.regression.testtab.VerifyProctoredAssessmentTest@4c6e276e</td></tr>
<tr>
<td title='com.automation.newati.regression.testtab.VerifyProctoredAssessmentTest.setUp()'><b>setUp</b><br>Test class: com.automation.newati.regression.testtab.VerifyProctoredAssessmentTest</td>
<td></td>
<td>0</td>
<td>com.automation.newati.regression.testtab.VerifyProctoredAssessmentTest@4c6e276e</td></tr>
<tr>
<td title='com.automation.newati.regression.testtab.VerifyProctoredAssessmentTest.setup()'><b>setup</b><br>Test class: com.automation.newati.regression.testtab.VerifyProctoredAssessmentTest</td>
<td></td>
<td>0</td>
<td>com.automation.newati.regression.testtab.VerifyProctoredAssessmentTest@4c6e276e</td></tr>
<tr>
<td title='com.automation.newati.regression.testtab.VerifyProctoredAssessmentTest.setUp()'><b>setUp</b><br>Test class: com.automation.newati.regression.testtab.VerifyProctoredAssessmentTest</td>
<td></td>
<td>0</td>
<td>com.automation.newati.regression.testtab.VerifyProctoredAssessmentTest@4c6e276e</td></tr>
<tr>
<td title='com.automation.newati.regression.testtab.VerifyProctoredAssessmentTest.setup()'><b>setup</b><br>Test class: com.automation.newati.regression.testtab.VerifyProctoredAssessmentTest</td>
<td></td>
<td>0</td>
<td>com.automation.newati.regression.testtab.VerifyProctoredAssessmentTest@4c6e276e</td></tr>
<tr>
<td title='com.automation.newati.regression.testtab.VerifyProctoredAssessmentTest.setUp()'><b>setUp</b><br>Test class: com.automation.newati.regression.testtab.VerifyProctoredAssessmentTest</td>
<td></td>
<td>0</td>
<td>com.automation.newati.regression.testtab.VerifyProctoredAssessmentTest@4c6e276e</td></tr>
<tr>
<td title='com.automation.newati.regression.testtab.VerifyProctoredAssessmentTest.setup()'><b>setup</b><br>Test class: com.automation.newati.regression.testtab.VerifyProctoredAssessmentTest</td>
<td></td>
<td>0</td>
<td>com.automation.newati.regression.testtab.VerifyProctoredAssessmentTest@4c6e276e</td></tr>
<tr>
<td title='com.automation.newati.regression.testtab.VerifyProctoredAssessmentTest.setUp()'><b>setUp</b><br>Test class: com.automation.newati.regression.testtab.VerifyProctoredAssessmentTest</td>
<td></td>
<td>0</td>
<td>com.automation.newati.regression.testtab.VerifyProctoredAssessmentTest@4c6e276e</td></tr>
<tr>
<td title='com.automation.newati.regression.testtab.VerifyProctoredAssessmentTest.setup()'><b>setup</b><br>Test class: com.automation.newati.regression.testtab.VerifyProctoredAssessmentTest</td>
<td></td>
<td>0</td>
<td>com.automation.newati.regression.testtab.VerifyProctoredAssessmentTest@4c6e276e</td></tr>
<tr>
<td title='com.automation.newati.regression.testtab.VerifyProctoredAssessmentTest.setUp()'><b>setUp</b><br>Test class: com.automation.newati.regression.testtab.VerifyProctoredAssessmentTest</td>
<td></td>
<td>0</td>
<td>com.automation.newati.regression.testtab.VerifyProctoredAssessmentTest@4c6e276e</td></tr>
<tr>
<td title='com.automation.newati.regression.testtab.VerifyPracticeAssessmentTest.setup()'><b>setup</b><br>Test class: com.automation.newati.regression.testtab.VerifyPracticeAssessmentTest</td>
<td></td>
<td>0</td>
<td>com.automation.newati.regression.testtab.VerifyPracticeAssessmentTest@4ae3c1cd</td></tr>
<tr>
<td title='com.automation.newati.regression.testtab.VerifyPracticeAssessmentTest.setUp()'><b>setUp</b><br>Test class: com.automation.newati.regression.testtab.VerifyPracticeAssessmentTest</td>
<td></td>
<td>0</td>
<td>com.automation.newati.regression.testtab.VerifyPracticeAssessmentTest@4ae3c1cd</td></tr>
<tr>
<td title='com.automation.newati.learntab.VerifyTutorialTest.setup()'><b>setup</b><br>Test class: com.automation.newati.learntab.VerifyTutorialTest</td>
<td></td>
<td>0</td>
<td>com.automation.newati.learntab.VerifyTutorialTest@534df152</td></tr>
<tr>
<td title='com.automation.newati.learntab.VerifyTutorialTest.setUp()'><b>setUp</b><br>Test class: com.automation.newati.learntab.VerifyTutorialTest</td>
<td></td>
<td>0</td>
<td>com.automation.newati.learntab.VerifyTutorialTest@534df152</td></tr>
<tr>
<td title='com.automation.newati.learntab.VerifyTutorialTest.setup()'><b>setup</b><br>Test class: com.automation.newati.learntab.VerifyTutorialTest</td>
<td></td>
<td>0</td>
<td>com.automation.newati.learntab.VerifyTutorialTest@534df152</td></tr>
<tr>
<td title='com.automation.newati.learntab.VerifyTutorialTest.setUp()'><b>setUp</b><br>Test class: com.automation.newati.learntab.VerifyTutorialTest</td>
<td></td>
<td>0</td>
<td>com.automation.newati.learntab.VerifyTutorialTest@534df152</td></tr>
<tr>
<td title='com.automation.newati.learntab.VerifyTutorialTest.setup()'><b>setup</b><br>Test class: com.automation.newati.learntab.VerifyTutorialTest</td>
<td></td>
<td>0</td>
<td>com.automation.newati.learntab.VerifyTutorialTest@534df152</td></tr>
<tr>
<td title='com.automation.newati.learntab.VerifyTutorialTest.setUp()'><b>setUp</b><br>Test class: com.automation.newati.learntab.VerifyTutorialTest</td>
<td></td>
<td>0</td>
<td>com.automation.newati.learntab.VerifyTutorialTest@534df152</td></tr>
<tr>
<td title='com.automation.newati.learntab.VerifyTutorialTest.setup()'><b>setup</b><br>Test class: com.automation.newati.learntab.VerifyTutorialTest</td>
<td></td>
<td>0</td>
<td>com.automation.newati.learntab.VerifyTutorialTest@534df152</td></tr>
<tr>
<td title='com.automation.newati.learntab.VerifyTutorialTest.setUp()'><b>setUp</b><br>Test class: com.automation.newati.learntab.VerifyTutorialTest</td>
<td></td>
<td>0</td>
<td>com.automation.newati.learntab.VerifyTutorialTest@534df152</td></tr>
<tr>
<td title='com.automation.newati.learntab.VerifyTutorialTest.setup()'><b>setup</b><br>Test class: com.automation.newati.learntab.VerifyTutorialTest</td>
<td></td>
<td>0</td>
<td>com.automation.newati.learntab.VerifyTutorialTest@534df152</td></tr>
<tr>
<td title='com.automation.newati.learntab.VerifyTutorialTest.setUp()'><b>setUp</b><br>Test class: com.automation.newati.learntab.VerifyTutorialTest</td>
<td></td>
<td>0</td>
<td>com.automation.newati.learntab.VerifyTutorialTest@534df152</td></tr>
<tr>
<td title='com.automation.newati.learntab.VerifyTutorialTest.setup()'><b>setup</b><br>Test class: com.automation.newati.learntab.VerifyTutorialTest</td>
<td></td>
<td>0</td>
<td>com.automation.newati.learntab.VerifyTutorialTest@534df152</td></tr>
<tr>
<td title='com.automation.newati.learntab.VerifyTutorialTest.setUp()'><b>setUp</b><br>Test class: com.automation.newati.learntab.VerifyTutorialTest</td>
<td></td>
<td>0</td>
<td>com.automation.newati.learntab.VerifyTutorialTest@534df152</td></tr>
<tr>
<td title='com.automation.newati.learntab.VerifyTutorialTest.setup()'><b>setup</b><br>Test class: com.automation.newati.learntab.VerifyTutorialTest</td>
<td></td>
<td>0</td>
<td>com.automation.newati.learntab.VerifyTutorialTest@534df152</td></tr>
<tr>
<td title='com.automation.newati.learntab.VerifyTutorialTest.setUp()'><b>setUp</b><br>Test class: com.automation.newati.learntab.VerifyTutorialTest</td>
<td></td>
<td>0</td>
<td>com.automation.newati.learntab.VerifyTutorialTest@534df152</td></tr>
<tr>
<td title='com.automation.newati.learntab.VerifyTutorialTest.setup()'><b>setup</b><br>Test class: com.automation.newati.learntab.VerifyTutorialTest</td>
<td></td>
<td>0</td>
<td>com.automation.newati.learntab.VerifyTutorialTest@534df152</td></tr>
<tr>
<td title='com.automation.newati.learntab.VerifyTutorialTest.setUp()'><b>setUp</b><br>Test class: com.automation.newati.learntab.VerifyTutorialTest</td>
<td></td>
<td>0</td>
<td>com.automation.newati.learntab.VerifyTutorialTest@534df152</td></tr>
<tr>
<td title='com.automation.newati.tutorial.TutorialTestNew.setup()'><b>setup</b><br>Test class: com.automation.newati.tutorial.TutorialTestNew</td>
<td></td>
<td>0</td>
<td>com.automation.newati.tutorial.TutorialTestNew@67e2d983</td></tr>
<tr>
<td title='com.automation.newati.tutorial.TutorialTestNew.VerifyLearnTabScenariosReview()'><b>VerifyLearnTabScenariosReview</b><br>Test class: com.automation.newati.tutorial.TutorialTestNew</td>
<td></td>
<td>0</td>
<td>com.automation.newati.tutorial.TutorialTestNew@67e2d983</td></tr>
<tr>
<td title='com.automation.newati.learntab.VerifySmartPrepModuleTest.setup()'><b>setup</b><br>Test class: com.automation.newati.learntab.VerifySmartPrepModuleTest</td>
<td></td>
<td>0</td>
<td>com.automation.newati.learntab.VerifySmartPrepModuleTest@4de5031f</td></tr>
<tr>
<td title='com.automation.newati.learntab.VerifySmartPrepModuleTest.setUp()'><b>setUp</b><br>Test class: com.automation.newati.learntab.VerifySmartPrepModuleTest</td>
<td></td>
<td>0</td>
<td>com.automation.newati.learntab.VerifySmartPrepModuleTest@4de5031f</td></tr>
<tr>
<td title='com.automation.newati.regression.testtab.VerifyProctoredAssessmentTest.finalMethod()'><b>finalMethod</b><br>Test class: com.automation.newati.regression.testtab.VerifyProctoredAssessmentTest</td>
<td></td>
<td>0</td>
<td>com.automation.newati.regression.testtab.VerifyProctoredAssessmentTest@4c6e276e</td></tr>
<tr>
<td title='com.automation.newati.regression.testtab.VerifyProctoredAssessmentTest.finalMethod()'><b>finalMethod</b><br>Test class: com.automation.newati.regression.testtab.VerifyProctoredAssessmentTest</td>
<td></td>
<td>0</td>
<td>com.automation.newati.regression.testtab.VerifyProctoredAssessmentTest@4c6e276e</td></tr>
<tr>
<td title='com.automation.newati.regression.testtab.VerifyProctoredAssessmentTest.finalMethod()'><b>finalMethod</b><br>Test class: com.automation.newati.regression.testtab.VerifyProctoredAssessmentTest</td>
<td></td>
<td>0</td>
<td>com.automation.newati.regression.testtab.VerifyProctoredAssessmentTest@4c6e276e</td></tr>
<tr>
<td title='com.automation.newati.regression.testtab.VerifyProctoredAssessmentTest.finalMethod()'><b>finalMethod</b><br>Test class: com.automation.newati.regression.testtab.VerifyProctoredAssessmentTest</td>
<td></td>
<td>0</td>
<td>com.automation.newati.regression.testtab.VerifyProctoredAssessmentTest@4c6e276e</td></tr>
<tr>
<td title='com.automation.newati.regression.testtab.VerifyProctoredAssessmentTest.finalMethod()'><b>finalMethod</b><br>Test class: com.automation.newati.regression.testtab.VerifyProctoredAssessmentTest</td>
<td></td>
<td>0</td>
<td>com.automation.newati.regression.testtab.VerifyProctoredAssessmentTest@4c6e276e</td></tr>
<tr>
<td title='com.automation.newati.regression.testtab.VerifyProctoredAssessmentTest.finalMethod()'><b>finalMethod</b><br>Test class: com.automation.newati.regression.testtab.VerifyProctoredAssessmentTest</td>
<td></td>
<td>0</td>
<td>com.automation.newati.regression.testtab.VerifyProctoredAssessmentTest@4c6e276e</td></tr>
<tr>
<td title='com.automation.newati.regression.testtab.VerifyProctoredAssessmentTest.finalMethod()'><b>finalMethod</b><br>Test class: com.automation.newati.regression.testtab.VerifyProctoredAssessmentTest</td>
<td></td>
<td>0</td>
<td>com.automation.newati.regression.testtab.VerifyProctoredAssessmentTest@4c6e276e</td></tr>
</table><p>
<table width='100%' border='1' class='invocation-failed'>
<tr><td colspan='4' align='center'><b>FAILED TESTS</b></td></tr>
<tr><td><b>Test method</b></td>
<td width="30%"><b>Exception</b></td>
<td width="10%"><b>Time (seconds)</b></td>
<td><b>Instance</b></td>
</tr>
<tr>
<td title='com.automation.newati.myati.others.SortFilters.NewATI109_LearnTabSortFilters()'><b>NewATI109_LearnTabSortFilters</b><br>Test class: com.automation.newati.myati.others.SortFilters<br>Test method: NewATI-109:Type and Sort filters<br/>
<a href="#Output-324507700" onClick='toggleBox("Output-324507700", this, "Show output", "Hide output");'>Show output</a>

<a href="#Output-324507700" onClick="toggleAllBoxes();">Show all outputs</a>
<div class='log' id="Output-324507700">

NewATI109_LearnTabSortFilters Start<br/>

Unable to wait Untill Loading Image Is not Disappeared<br/>
</div>
</td>
<td><div><pre>com.ascendlearning.automation.ui.exceptions.DriverException: Driver Verification exception:   Unable to wait Untill Loading Image Is not Disappeared
	at com.automation.newati.pages.NewATIBasePage.waitUntillLoadingImageIsDisappeared(NewATIBasePage.java:282)
	at com.automation.newati.myati.others.SortFilters.NewATI109_LearnTabSortFilters(SortFilters.java:51)
Caused by: org.openqa.selenium.WebDriverException: chrome not reachable
  (Session info: chrome=73.0.3683.103)
  (Driver info: chromedriver=2.38.552522 (437e6fbedfa8762dec75e2c5b3ddb86763dc9dcb),platform=Windows NT 10.0.14393 x86_64) (WARNING: The server did not provide any stacktrace information)
Command duration or timeout: 0 milliseconds
Build info: version: &apos;3.11.0&apos;, revision: &apos;e59cfb3&apos;, time: &apos;2018-03-11T20:26:55.152Z&apos;
System info: host: &apos;HMECL000695&apos;, ip: &apos;10.160.240.150&apos;, os.name: &apos;Windows 10&apos;, os.arch: &apos;amd64&apos;, os.version: &apos;10.0&apos;, java.version: &apos;1.8.0_181&apos;
Driver info: org.openqa.selenium.chrome.ChromeDriver
Capabilities {acceptInsecureCerts: false, acceptSslCerts: false, applicationCacheEnabled: false, browserConnectionEnabled: false, browserName: chrome, chrome: {chromedriverVersion: 2.38.552522 (437e6fbedfa876..., userDataDir: C:\Users\SASMIT~1.MIS\AppDa...}, cssSelectorsEnabled: true, databaseEnabled: false, handlesAlerts: true, hasTouchScreen: false, javascriptEnabled: true, locationContextEnabled: true, mobileEmulationEnabled: false, nativeEvents: true, networkConnectionEnabled: false, pageLoadStrategy: normal, platform: XP, platformName: XP, rotatable: false, setWindowRect: true, takesHeapSnapshot: true, takesScreenshot: true, unexpectedAlertBehaviour: , unhandledPromptBehavior: , version: 73.0.3683.103, webStorageEnabled: true}
Session ID: 3d1bd11d16bb65b7c332fe678d5bd442
*** Element info: {Using=css selector, value=.blockUI.blockMsg.blockPage}
	at org.openqa.selenium.remote.ErrorHandler.createThrowable(ErrorHandler.java:214)
	at org.openqa.selenium.remote.ErrorHandler.throwIfResponseFailed(ErrorHandler.java:166)
	at org.openqa.selenium.remote.http.JsonHttpResponseCodec.reconstructValue(JsonHttpResponseCodec.java:40)
	at org.openqa.selenium.remote.http.AbstractHttpResponseCodec.decode(AbstractHttpResponseCodec.java:80)
	at org.openqa.selenium.remote.http.AbstractHttpResponseCodec.decode(AbstractHttpResponseCodec.java:44)
	at org.openqa.selenium.remote.HttpCommandExecutor.execute(HttpCommandExecutor.java:158)
	at org.openqa.selenium.remote.service.DriverCommandExecutor.execute(DriverCommandExecutor.java:83)
	at org.openqa.selenium.remote.RemoteWebDriver.execute(RemoteWebDriver.java:545)
	at org.openqa.selenium.remote.RemoteWebDriver.findElements(RemoteWebDriver.java:346)
	at org.openqa.selenium.remote.RemoteWebDriver.findElementsByCssSelector(RemoteWebDriver.java:417)
	at com.ascendlearning.automation.ui.utils.ByCssSelectorExtended.findElements(ByCssSelectorExtended.java:41)
	at org.openqa.selenium.remote.RemoteWebDriver.findElements(RemoteWebDriver.java:307)
	at com.ascendlearning.automation.ui.handlers.BaseHandler.findElements(BaseHandler.java:123)
	at com.ascendlearning.automation.ui.handlers.BaseHandler.findElements(BaseHandler.java:116)
	at com.automation.newati.pages.NewATIBasePage.waitUntillLoadingImageIsDisappeared(NewATIBasePage.java:255)
	... 25 more
... Removed 27 stack frames</pre></div><a href='#' onClick='toggleBox("stack-trace324507700", this, "Click to show all stack frames", "Click to hide stack frames")'>Click to show all stack frames</a>
<div class='stack-trace' id='stack-trace324507700'><pre>com.ascendlearning.automation.ui.exceptions.DriverException: Driver Verification exception:   Unable to wait Untill Loading Image Is not Disappeared
	at com.automation.newati.pages.NewATIBasePage.waitUntillLoadingImageIsDisappeared(NewATIBasePage.java:282)
	at com.automation.newati.myati.others.SortFilters.NewATI109_LearnTabSortFilters(SortFilters.java:51)
	at sun.reflect.NativeMethodAccessorImpl.invoke0(Native Method)
	at sun.reflect.NativeMethodAccessorImpl.invoke(Unknown Source)
	at sun.reflect.DelegatingMethodAccessorImpl.invoke(Unknown Source)
	at java.lang.reflect.Method.invoke(Unknown Source)
	at org.testng.internal.MethodInvocationHelper.invokeMethod(MethodInvocationHelper.java:85)
	at org.testng.internal.Invoker.invokeMethod(Invoker.java:659)
	at org.testng.internal.Invoker.invokeTestMethod(Invoker.java:845)
	at org.testng.internal.Invoker.invokeTestMethods(Invoker.java:1153)
	at org.testng.internal.TestMethodWorker.invokeTestMethods(TestMethodWorker.java:125)
	at org.testng.internal.TestMethodWorker.run(TestMethodWorker.java:108)
	at org.testng.TestRunner.privateRun(TestRunner.java:771)
	at org.testng.TestRunner.run(TestRunner.java:621)
	at org.testng.SuiteRunner.runTest(SuiteRunner.java:357)
	at org.testng.SuiteRunner.runSequentially(SuiteRunner.java:352)
	at org.testng.SuiteRunner.privateRun(SuiteRunner.java:310)
	at org.testng.SuiteRunner.run(SuiteRunner.java:259)
	at org.testng.SuiteRunnerWorker.runSuite(SuiteRunnerWorker.java:52)
	at org.testng.SuiteRunnerWorker.run(SuiteRunnerWorker.java:86)
	at org.testng.TestNG.runSuitesSequentially(TestNG.java:1199)
	at org.testng.TestNG.runSuitesLocally(TestNG.java:1124)
	at org.testng.TestNG.run(TestNG.java:1032)
	at org.testng.remote.AbstractRemoteTestNG.run(AbstractRemoteTestNG.java:114)
	at org.testng.remote.RemoteTestNG.initAndRun(RemoteTestNG.java:251)
	at org.testng.remote.RemoteTestNG.main(RemoteTestNG.java:77)
Caused by: org.openqa.selenium.WebDriverException: chrome not reachable
  (Session info: chrome=73.0.3683.103)
  (Driver info: chromedriver=2.38.552522 (437e6fbedfa8762dec75e2c5b3ddb86763dc9dcb),platform=Windows NT 10.0.14393 x86_64) (WARNING: The server did not provide any stacktrace information)
Command duration or timeout: 0 milliseconds
Build info: version: &apos;3.11.0&apos;, revision: &apos;e59cfb3&apos;, time: &apos;2018-03-11T20:26:55.152Z&apos;
System info: host: &apos;HMECL000695&apos;, ip: &apos;10.160.240.150&apos;, os.name: &apos;Windows 10&apos;, os.arch: &apos;amd64&apos;, os.version: &apos;10.0&apos;, java.version: &apos;1.8.0_181&apos;
Driver info: org.openqa.selenium.chrome.ChromeDriver
Capabilities {acceptInsecureCerts: false, acceptSslCerts: false, applicationCacheEnabled: false, browserConnectionEnabled: false, browserName: chrome, chrome: {chromedriverVersion: 2.38.552522 (437e6fbedfa876..., userDataDir: C:\Users\SASMIT~1.MIS\AppDa...}, cssSelectorsEnabled: true, databaseEnabled: false, handlesAlerts: true, hasTouchScreen: false, javascriptEnabled: true, locationContextEnabled: true, mobileEmulationEnabled: false, nativeEvents: true, networkConnectionEnabled: false, pageLoadStrategy: normal, platform: XP, platformName: XP, rotatable: false, setWindowRect: true, takesHeapSnapshot: true, takesScreenshot: true, unexpectedAlertBehaviour: , unhandledPromptBehavior: , version: 73.0.3683.103, webStorageEnabled: true}
Session ID: 3d1bd11d16bb65b7c332fe678d5bd442
*** Element info: {Using=css selector, value=.blockUI.blockMsg.blockPage}
	at sun.reflect.GeneratedConstructorAccessor23.newInstance(Unknown Source)
	at sun.reflect.DelegatingConstructorAccessorImpl.newInstance(Unknown Source)
	at java.lang.reflect.Constructor.newInstance(Unknown Source)
	at org.openqa.selenium.remote.ErrorHandler.createThrowable(ErrorHandler.java:214)
	at org.openqa.selenium.remote.ErrorHandler.throwIfResponseFailed(ErrorHandler.java:166)
	at org.openqa.selenium.remote.http.JsonHttpResponseCodec.reconstructValue(JsonHttpResponseCodec.java:40)
	at org.openqa.selenium.remote.http.AbstractHttpResponseCodec.decode(AbstractHttpResponseCodec.java:80)
	at org.openqa.selenium.remote.http.AbstractHttpResponseCodec.decode(AbstractHttpResponseCodec.java:44)
	at org.openqa.selenium.remote.HttpCommandExecutor.execute(HttpCommandExecutor.java:158)
	at org.openqa.selenium.remote.service.DriverCommandExecutor.execute(DriverCommandExecutor.java:83)
	at org.openqa.selenium.remote.RemoteWebDriver.execute(RemoteWebDriver.java:545)
	at org.openqa.selenium.remote.RemoteWebDriver.findElements(RemoteWebDriver.java:346)
	at org.openqa.selenium.remote.RemoteWebDriver.findElementsByCssSelector(RemoteWebDriver.java:417)
	at com.ascendlearning.automation.ui.utils.ByCssSelectorExtended.findElements(ByCssSelectorExtended.java:41)
	at org.openqa.selenium.remote.RemoteWebDriver.findElements(RemoteWebDriver.java:307)
	at com.ascendlearning.automation.ui.handlers.BaseHandler.findElements(BaseHandler.java:123)
	at com.ascendlearning.automation.ui.handlers.BaseHandler.findElements(BaseHandler.java:116)
	at com.automation.newati.pages.NewATIBasePage.waitUntillLoadingImageIsDisappeared(NewATIBasePage.java:255)
	... 25 more
</pre></div></td>
<td>11</td>
<td>com.automation.newati.myati.others.SortFilters@ca263c2</td></tr>
<tr>
<td title='com.automation.newati.quiz.QuizTest.NewATI149_VerifyQuizSelectInstance()'><b>NewATI149_VerifyQuizSelectInstance</b><br>Test class: com.automation.newati.quiz.QuizTest<br>Test method: NewATI-149:Quiz Bank Select Instance<br/>
<a href="#Output-538721498" onClick='toggleBox("Output-538721498", this, "Show output", "Hide output");'>Show output</a>

<a href="#Output-538721498" onClick="toggleAllBoxes();">Show all outputs</a>
<div class='log' id="Output-538721498">

Unable to login To Applicationorg.openqa.selenium.WebDriverException: chrome not reachable
  (Session info: chrome=73.0.3683.103)
  (Driver info: chromedriver=2.38.552522 (437e6fbedfa8762dec75e2c5b3ddb86763dc9dcb),platform=Windows NT 10.0.14393 x86_64) (WARNING: The server did not provide any stacktrace information)
Command duration or timeout: 0 milliseconds
Build info: version: '3.11.0', revision: 'e59cfb3', time: '2018-03-11T20:26:55.152Z'
System info: host: 'HMECL000695', ip: '10.160.240.150', os.name: 'Windows 10', os.arch: 'amd64', os.version: '10.0', java.version: '1.8.0_181'
Driver info: org.openqa.selenium.chrome.ChromeDriver
Capabilities {acceptInsecureCerts: false, acceptSslCerts: false, applicationCacheEnabled: false, browserConnectionEnabled: false, browserName: chrome, chrome: {chromedriverVersion: 2.38.552522 (437e6fbedfa876..., userDataDir: C:\Users\SASMIT~1.MIS\AppDa...}, cssSelectorsEnabled: true, databaseEnabled: false, handlesAlerts: true, hasTouchScreen: false, javascriptEnabled: true, locationContextEnabled: true, mobileEmulationEnabled: false, nativeEvents: true, networkConnectionEnabled: false, pageLoadStrategy: normal, platform: XP, platformName: XP, rotatable: false, setWindowRect: true, takesHeapSnapshot: true, takesScreenshot: true, unexpectedAlertBehaviour: , unhandledPromptBehavior: , version: 73.0.3683.103, webStorageEnabled: true}
Session ID: bf9b75a10cac57d99b6ff16b82653a29
*** Element info: {Using=css selector, value=input[name='username']}<br/>
</div>
</td>
<td><div><pre>com.ascendlearning.automation.ui.exceptions.DriverException: Driver Verification exception:   Unable to login To Application
	at com.automation.newati.pages.LoginPage2.loginToApplication(LoginPage2.java:143)
	at com.automation.newati.quiz.QuizTest.NewATI149_VerifyQuizSelectInstance(QuizTest.java:287)
Caused by: org.openqa.selenium.WebDriverException: chrome not reachable
  (Session info: chrome=73.0.3683.103)
  (Driver info: chromedriver=2.38.552522 (437e6fbedfa8762dec75e2c5b3ddb86763dc9dcb),platform=Windows NT 10.0.14393 x86_64) (WARNING: The server did not provide any stacktrace information)
Command duration or timeout: 0 milliseconds
Build info: version: &apos;3.11.0&apos;, revision: &apos;e59cfb3&apos;, time: &apos;2018-03-11T20:26:55.152Z&apos;
System info: host: &apos;HMECL000695&apos;, ip: &apos;10.160.240.150&apos;, os.name: &apos;Windows 10&apos;, os.arch: &apos;amd64&apos;, os.version: &apos;10.0&apos;, java.version: &apos;1.8.0_181&apos;
Driver info: org.openqa.selenium.chrome.ChromeDriver
Capabilities {acceptInsecureCerts: false, acceptSslCerts: false, applicationCacheEnabled: false, browserConnectionEnabled: false, browserName: chrome, chrome: {chromedriverVersion: 2.38.552522 (437e6fbedfa876..., userDataDir: C:\Users\SASMIT~1.MIS\AppDa...}, cssSelectorsEnabled: true, databaseEnabled: false, handlesAlerts: true, hasTouchScreen: false, javascriptEnabled: true, locationContextEnabled: true, mobileEmulationEnabled: false, nativeEvents: true, networkConnectionEnabled: false, pageLoadStrategy: normal, platform: XP, platformName: XP, rotatable: false, setWindowRect: true, takesHeapSnapshot: true, takesScreenshot: true, unexpectedAlertBehaviour: , unhandledPromptBehavior: , version: 73.0.3683.103, webStorageEnabled: true}
Session ID: bf9b75a10cac57d99b6ff16b82653a29
*** Element info: {Using=css selector, value=input[name=&apos;username&apos;]}
	at org.openqa.selenium.remote.ErrorHandler.createThrowable(ErrorHandler.java:214)
	at org.openqa.selenium.remote.ErrorHandler.throwIfResponseFailed(ErrorHandler.java:166)
	at org.openqa.selenium.remote.http.JsonHttpResponseCodec.reconstructValue(JsonHttpResponseCodec.java:40)
	at org.openqa.selenium.remote.http.AbstractHttpResponseCodec.decode(AbstractHttpResponseCodec.java:80)
	at org.openqa.selenium.remote.http.AbstractHttpResponseCodec.decode(AbstractHttpResponseCodec.java:44)
	at org.openqa.selenium.remote.HttpCommandExecutor.execute(HttpCommandExecutor.java:158)
	at org.openqa.selenium.remote.service.DriverCommandExecutor.execute(DriverCommandExecutor.java:83)
	at org.openqa.selenium.remote.RemoteWebDriver.execute(RemoteWebDriver.java:545)
	at org.openqa.selenium.remote.RemoteWebDriver.findElements(RemoteWebDriver.java:346)
	at org.openqa.selenium.remote.RemoteWebDriver.findElementsByCssSelector(RemoteWebDriver.java:417)
	at com.ascendlearning.automation.ui.utils.ByCssSelectorExtended.findElements(ByCssSelectorExtended.java:41)
	at org.openqa.selenium.remote.RemoteWebDriver.findElements(RemoteWebDriver.java:307)
	at com.ascendlearning.automation.ui.handlers.BaseHandler.findElements(BaseHandler.java:123)
	at com.ascendlearning.automation.ui.handlers.BaseHandler.findElements(BaseHandler.java:116)
	at com.ascendlearning.automation.ui.handlers.BaseHandler.isDisplayed(BaseHandler.java:158)
	at com.automation.newati.pages.LoginPage2.loginToApplication(LoginPage2.java:92)
	... 25 more
... Removed 27 stack frames</pre></div><a href='#' onClick='toggleBox("stack-trace538721498", this, "Click to show all stack frames", "Click to hide stack frames")'>Click to show all stack frames</a>
<div class='stack-trace' id='stack-trace538721498'><pre>com.ascendlearning.automation.ui.exceptions.DriverException: Driver Verification exception:   Unable to login To Application
	at com.automation.newati.pages.LoginPage2.loginToApplication(LoginPage2.java:143)
	at com.automation.newati.quiz.QuizTest.NewATI149_VerifyQuizSelectInstance(QuizTest.java:287)
	at sun.reflect.NativeMethodAccessorImpl.invoke0(Native Method)
	at sun.reflect.NativeMethodAccessorImpl.invoke(Unknown Source)
	at sun.reflect.DelegatingMethodAccessorImpl.invoke(Unknown Source)
	at java.lang.reflect.Method.invoke(Unknown Source)
	at org.testng.internal.MethodInvocationHelper.invokeMethod(MethodInvocationHelper.java:85)
	at org.testng.internal.Invoker.invokeMethod(Invoker.java:659)
	at org.testng.internal.Invoker.invokeTestMethod(Invoker.java:845)
	at org.testng.internal.Invoker.invokeTestMethods(Invoker.java:1153)
	at org.testng.internal.TestMethodWorker.invokeTestMethods(TestMethodWorker.java:125)
	at org.testng.internal.TestMethodWorker.run(TestMethodWorker.java:108)
	at org.testng.TestRunner.privateRun(TestRunner.java:771)
	at org.testng.TestRunner.run(TestRunner.java:621)
	at org.testng.SuiteRunner.runTest(SuiteRunner.java:357)
	at org.testng.SuiteRunner.runSequentially(SuiteRunner.java:352)
	at org.testng.SuiteRunner.privateRun(SuiteRunner.java:310)
	at org.testng.SuiteRunner.run(SuiteRunner.java:259)
	at org.testng.SuiteRunnerWorker.runSuite(SuiteRunnerWorker.java:52)
	at org.testng.SuiteRunnerWorker.run(SuiteRunnerWorker.java:86)
	at org.testng.TestNG.runSuitesSequentially(TestNG.java:1199)
	at org.testng.TestNG.runSuitesLocally(TestNG.java:1124)
	at org.testng.TestNG.run(TestNG.java:1032)
	at org.testng.remote.AbstractRemoteTestNG.run(AbstractRemoteTestNG.java:114)
	at org.testng.remote.RemoteTestNG.initAndRun(RemoteTestNG.java:251)
	at org.testng.remote.RemoteTestNG.main(RemoteTestNG.java:77)
Caused by: org.openqa.selenium.WebDriverException: chrome not reachable
  (Session info: chrome=73.0.3683.103)
  (Driver info: chromedriver=2.38.552522 (437e6fbedfa8762dec75e2c5b3ddb86763dc9dcb),platform=Windows NT 10.0.14393 x86_64) (WARNING: The server did not provide any stacktrace information)
Command duration or timeout: 0 milliseconds
Build info: version: &apos;3.11.0&apos;, revision: &apos;e59cfb3&apos;, time: &apos;2018-03-11T20:26:55.152Z&apos;
System info: host: &apos;HMECL000695&apos;, ip: &apos;10.160.240.150&apos;, os.name: &apos;Windows 10&apos;, os.arch: &apos;amd64&apos;, os.version: &apos;10.0&apos;, java.version: &apos;1.8.0_181&apos;
Driver info: org.openqa.selenium.chrome.ChromeDriver
Capabilities {acceptInsecureCerts: false, acceptSslCerts: false, applicationCacheEnabled: false, browserConnectionEnabled: false, browserName: chrome, chrome: {chromedriverVersion: 2.38.552522 (437e6fbedfa876..., userDataDir: C:\Users\SASMIT~1.MIS\AppDa...}, cssSelectorsEnabled: true, databaseEnabled: false, handlesAlerts: true, hasTouchScreen: false, javascriptEnabled: true, locationContextEnabled: true, mobileEmulationEnabled: false, nativeEvents: true, networkConnectionEnabled: false, pageLoadStrategy: normal, platform: XP, platformName: XP, rotatable: false, setWindowRect: true, takesHeapSnapshot: true, takesScreenshot: true, unexpectedAlertBehaviour: , unhandledPromptBehavior: , version: 73.0.3683.103, webStorageEnabled: true}
Session ID: bf9b75a10cac57d99b6ff16b82653a29
*** Element info: {Using=css selector, value=input[name=&apos;username&apos;]}
	at sun.reflect.GeneratedConstructorAccessor23.newInstance(Unknown Source)
	at sun.reflect.DelegatingConstructorAccessorImpl.newInstance(Unknown Source)
	at java.lang.reflect.Constructor.newInstance(Unknown Source)
	at org.openqa.selenium.remote.ErrorHandler.createThrowable(ErrorHandler.java:214)
	at org.openqa.selenium.remote.ErrorHandler.throwIfResponseFailed(ErrorHandler.java:166)
	at org.openqa.selenium.remote.http.JsonHttpResponseCodec.reconstructValue(JsonHttpResponseCodec.java:40)
	at org.openqa.selenium.remote.http.AbstractHttpResponseCodec.decode(AbstractHttpResponseCodec.java:80)
	at org.openqa.selenium.remote.http.AbstractHttpResponseCodec.decode(AbstractHttpResponseCodec.java:44)
	at org.openqa.selenium.remote.HttpCommandExecutor.execute(HttpCommandExecutor.java:158)
	at org.openqa.selenium.remote.service.DriverCommandExecutor.execute(DriverCommandExecutor.java:83)
	at org.openqa.selenium.remote.RemoteWebDriver.execute(RemoteWebDriver.java:545)
	at org.openqa.selenium.remote.RemoteWebDriver.findElements(RemoteWebDriver.java:346)
	at org.openqa.selenium.remote.RemoteWebDriver.findElementsByCssSelector(RemoteWebDriver.java:417)
	at com.ascendlearning.automation.ui.utils.ByCssSelectorExtended.findElements(ByCssSelectorExtended.java:41)
	at org.openqa.selenium.remote.RemoteWebDriver.findElements(RemoteWebDriver.java:307)
	at com.ascendlearning.automation.ui.handlers.BaseHandler.findElements(BaseHandler.java:123)
	at com.ascendlearning.automation.ui.handlers.BaseHandler.findElements(BaseHandler.java:116)
	at com.ascendlearning.automation.ui.handlers.BaseHandler.isDisplayed(BaseHandler.java:158)
	at com.automation.newati.pages.LoginPage2.loginToApplication(LoginPage2.java:92)
	... 25 more
</pre></div></td>
<td>6</td>
<td>com.automation.newati.quiz.QuizTest@400cff1a</td></tr>
<tr>
<td title='com.automation.newati.regression.learntab.LearnTabOthers.NewATI151_VerifyLearnTabHideDisabledCheckbox()'><b>NewATI151_VerifyLearnTabHideDisabledCheckbox</b><br>Test class: com.automation.newati.regression.learntab.LearnTabOthers<br>Test method: NewATI-151:Hide disabled products checkbox<br/>
<a href="#Output-1792904767" onClick='toggleBox("Output-1792904767", this, "Show output", "Hide output");'>Show output</a>

<a href="#Output-1792904767" onClick="toggleAllBoxes();">Show all outputs</a>
<div class='log' id="Output-1792904767">

Unable to login To Applicationorg.openqa.selenium.WebDriverException: chrome not reachable
  (Session info: chrome=73.0.3683.103)
  (Driver info: chromedriver=2.38.552522 (437e6fbedfa8762dec75e2c5b3ddb86763dc9dcb),platform=Windows NT 10.0.14393 x86_64) (WARNING: The server did not provide any stacktrace information)
Command duration or timeout: 0 milliseconds
Build info: version: '3.11.0', revision: 'e59cfb3', time: '2018-03-11T20:26:55.152Z'
System info: host: 'HMECL000695', ip: '10.160.240.150', os.name: 'Windows 10', os.arch: 'amd64', os.version: '10.0', java.version: '1.8.0_181'
Driver info: org.openqa.selenium.chrome.ChromeDriver
Capabilities {acceptInsecureCerts: false, acceptSslCerts: false, applicationCacheEnabled: false, browserConnectionEnabled: false, browserName: chrome, chrome: {chromedriverVersion: 2.38.552522 (437e6fbedfa876..., userDataDir: C:\Users\SASMIT~1.MIS\AppDa...}, cssSelectorsEnabled: true, databaseEnabled: false, handlesAlerts: true, hasTouchScreen: false, javascriptEnabled: true, locationContextEnabled: true, mobileEmulationEnabled: false, nativeEvents: true, networkConnectionEnabled: false, pageLoadStrategy: normal, platform: XP, platformName: XP, rotatable: false, setWindowRect: true, takesHeapSnapshot: true, takesScreenshot: true, unexpectedAlertBehaviour: , unhandledPromptBehavior: , version: 73.0.3683.103, webStorageEnabled: true}
Session ID: 6d731da99196207c05b1e31fed7e998d
*** Element info: {Using=css selector, value=input[name='username']}<br/>
</div>
</td>
<td><div><pre>com.ascendlearning.automation.ui.exceptions.DriverException: Driver Verification exception:   Unable to login To Application
	at com.automation.newati.pages.LoginPage2.loginToApplication(LoginPage2.java:143)
	at com.automation.newati.regression.learntab.LearnTabOthers.NewATI151_VerifyLearnTabHideDisabledCheckbox(LearnTabOthers.java:47)
Caused by: org.openqa.selenium.WebDriverException: chrome not reachable
  (Session info: chrome=73.0.3683.103)
  (Driver info: chromedriver=2.38.552522 (437e6fbedfa8762dec75e2c5b3ddb86763dc9dcb),platform=Windows NT 10.0.14393 x86_64) (WARNING: The server did not provide any stacktrace information)
Command duration or timeout: 0 milliseconds
Build info: version: &apos;3.11.0&apos;, revision: &apos;e59cfb3&apos;, time: &apos;2018-03-11T20:26:55.152Z&apos;
System info: host: &apos;HMECL000695&apos;, ip: &apos;10.160.240.150&apos;, os.name: &apos;Windows 10&apos;, os.arch: &apos;amd64&apos;, os.version: &apos;10.0&apos;, java.version: &apos;1.8.0_181&apos;
Driver info: org.openqa.selenium.chrome.ChromeDriver
Capabilities {acceptInsecureCerts: false, acceptSslCerts: false, applicationCacheEnabled: false, browserConnectionEnabled: false, browserName: chrome, chrome: {chromedriverVersion: 2.38.552522 (437e6fbedfa876..., userDataDir: C:\Users\SASMIT~1.MIS\AppDa...}, cssSelectorsEnabled: true, databaseEnabled: false, handlesAlerts: true, hasTouchScreen: false, javascriptEnabled: true, locationContextEnabled: true, mobileEmulationEnabled: false, nativeEvents: true, networkConnectionEnabled: false, pageLoadStrategy: normal, platform: XP, platformName: XP, rotatable: false, setWindowRect: true, takesHeapSnapshot: true, takesScreenshot: true, unexpectedAlertBehaviour: , unhandledPromptBehavior: , version: 73.0.3683.103, webStorageEnabled: true}
Session ID: 6d731da99196207c05b1e31fed7e998d
*** Element info: {Using=css selector, value=input[name=&apos;username&apos;]}
	at org.openqa.selenium.remote.ErrorHandler.createThrowable(ErrorHandler.java:214)
	at org.openqa.selenium.remote.ErrorHandler.throwIfResponseFailed(ErrorHandler.java:166)
	at org.openqa.selenium.remote.http.JsonHttpResponseCodec.reconstructValue(JsonHttpResponseCodec.java:40)
	at org.openqa.selenium.remote.http.AbstractHttpResponseCodec.decode(AbstractHttpResponseCodec.java:80)
	at org.openqa.selenium.remote.http.AbstractHttpResponseCodec.decode(AbstractHttpResponseCodec.java:44)
	at org.openqa.selenium.remote.HttpCommandExecutor.execute(HttpCommandExecutor.java:158)
	at org.openqa.selenium.remote.service.DriverCommandExecutor.execute(DriverCommandExecutor.java:83)
	at org.openqa.selenium.remote.RemoteWebDriver.execute(RemoteWebDriver.java:545)
	at org.openqa.selenium.remote.RemoteWebDriver.findElements(RemoteWebDriver.java:346)
	at org.openqa.selenium.remote.RemoteWebDriver.findElementsByCssSelector(RemoteWebDriver.java:417)
	at com.ascendlearning.automation.ui.utils.ByCssSelectorExtended.findElements(ByCssSelectorExtended.java:41)
	at org.openqa.selenium.remote.RemoteWebDriver.findElements(RemoteWebDriver.java:307)
	at com.ascendlearning.automation.ui.handlers.BaseHandler.findElements(BaseHandler.java:123)
	at com.ascendlearning.automation.ui.handlers.BaseHandler.findElements(BaseHandler.java:116)
	at com.ascendlearning.automation.ui.handlers.BaseHandler.isDisplayed(BaseHandler.java:158)
	at com.automation.newati.pages.LoginPage2.loginToApplication(LoginPage2.java:92)
	... 25 more
... Removed 27 stack frames</pre></div><a href='#' onClick='toggleBox("stack-trace1792904767", this, "Click to show all stack frames", "Click to hide stack frames")'>Click to show all stack frames</a>
<div class='stack-trace' id='stack-trace1792904767'><pre>com.ascendlearning.automation.ui.exceptions.DriverException: Driver Verification exception:   Unable to login To Application
	at com.automation.newati.pages.LoginPage2.loginToApplication(LoginPage2.java:143)
	at com.automation.newati.regression.learntab.LearnTabOthers.NewATI151_VerifyLearnTabHideDisabledCheckbox(LearnTabOthers.java:47)
	at sun.reflect.NativeMethodAccessorImpl.invoke0(Native Method)
	at sun.reflect.NativeMethodAccessorImpl.invoke(Unknown Source)
	at sun.reflect.DelegatingMethodAccessorImpl.invoke(Unknown Source)
	at java.lang.reflect.Method.invoke(Unknown Source)
	at org.testng.internal.MethodInvocationHelper.invokeMethod(MethodInvocationHelper.java:85)
	at org.testng.internal.Invoker.invokeMethod(Invoker.java:659)
	at org.testng.internal.Invoker.invokeTestMethod(Invoker.java:845)
	at org.testng.internal.Invoker.invokeTestMethods(Invoker.java:1153)
	at org.testng.internal.TestMethodWorker.invokeTestMethods(TestMethodWorker.java:125)
	at org.testng.internal.TestMethodWorker.run(TestMethodWorker.java:108)
	at org.testng.TestRunner.privateRun(TestRunner.java:771)
	at org.testng.TestRunner.run(TestRunner.java:621)
	at org.testng.SuiteRunner.runTest(SuiteRunner.java:357)
	at org.testng.SuiteRunner.runSequentially(SuiteRunner.java:352)
	at org.testng.SuiteRunner.privateRun(SuiteRunner.java:310)
	at org.testng.SuiteRunner.run(SuiteRunner.java:259)
	at org.testng.SuiteRunnerWorker.runSuite(SuiteRunnerWorker.java:52)
	at org.testng.SuiteRunnerWorker.run(SuiteRunnerWorker.java:86)
	at org.testng.TestNG.runSuitesSequentially(TestNG.java:1199)
	at org.testng.TestNG.runSuitesLocally(TestNG.java:1124)
	at org.testng.TestNG.run(TestNG.java:1032)
	at org.testng.remote.AbstractRemoteTestNG.run(AbstractRemoteTestNG.java:114)
	at org.testng.remote.RemoteTestNG.initAndRun(RemoteTestNG.java:251)
	at org.testng.remote.RemoteTestNG.main(RemoteTestNG.java:77)
Caused by: org.openqa.selenium.WebDriverException: chrome not reachable
  (Session info: chrome=73.0.3683.103)
  (Driver info: chromedriver=2.38.552522 (437e6fbedfa8762dec75e2c5b3ddb86763dc9dcb),platform=Windows NT 10.0.14393 x86_64) (WARNING: The server did not provide any stacktrace information)
Command duration or timeout: 0 milliseconds
Build info: version: &apos;3.11.0&apos;, revision: &apos;e59cfb3&apos;, time: &apos;2018-03-11T20:26:55.152Z&apos;
System info: host: &apos;HMECL000695&apos;, ip: &apos;10.160.240.150&apos;, os.name: &apos;Windows 10&apos;, os.arch: &apos;amd64&apos;, os.version: &apos;10.0&apos;, java.version: &apos;1.8.0_181&apos;
Driver info: org.openqa.selenium.chrome.ChromeDriver
Capabilities {acceptInsecureCerts: false, acceptSslCerts: false, applicationCacheEnabled: false, browserConnectionEnabled: false, browserName: chrome, chrome: {chromedriverVersion: 2.38.552522 (437e6fbedfa876..., userDataDir: C:\Users\SASMIT~1.MIS\AppDa...}, cssSelectorsEnabled: true, databaseEnabled: false, handlesAlerts: true, hasTouchScreen: false, javascriptEnabled: true, locationContextEnabled: true, mobileEmulationEnabled: false, nativeEvents: true, networkConnectionEnabled: false, pageLoadStrategy: normal, platform: XP, platformName: XP, rotatable: false, setWindowRect: true, takesHeapSnapshot: true, takesScreenshot: true, unexpectedAlertBehaviour: , unhandledPromptBehavior: , version: 73.0.3683.103, webStorageEnabled: true}
Session ID: 6d731da99196207c05b1e31fed7e998d
*** Element info: {Using=css selector, value=input[name=&apos;username&apos;]}
	at sun.reflect.GeneratedConstructorAccessor23.newInstance(Unknown Source)
	at sun.reflect.DelegatingConstructorAccessorImpl.newInstance(Unknown Source)
	at java.lang.reflect.Constructor.newInstance(Unknown Source)
	at org.openqa.selenium.remote.ErrorHandler.createThrowable(ErrorHandler.java:214)
	at org.openqa.selenium.remote.ErrorHandler.throwIfResponseFailed(ErrorHandler.java:166)
	at org.openqa.selenium.remote.http.JsonHttpResponseCodec.reconstructValue(JsonHttpResponseCodec.java:40)
	at org.openqa.selenium.remote.http.AbstractHttpResponseCodec.decode(AbstractHttpResponseCodec.java:80)
	at org.openqa.selenium.remote.http.AbstractHttpResponseCodec.decode(AbstractHttpResponseCodec.java:44)
	at org.openqa.selenium.remote.HttpCommandExecutor.execute(HttpCommandExecutor.java:158)
	at org.openqa.selenium.remote.service.DriverCommandExecutor.execute(DriverCommandExecutor.java:83)
	at org.openqa.selenium.remote.RemoteWebDriver.execute(RemoteWebDriver.java:545)
	at org.openqa.selenium.remote.RemoteWebDriver.findElements(RemoteWebDriver.java:346)
	at org.openqa.selenium.remote.RemoteWebDriver.findElementsByCssSelector(RemoteWebDriver.java:417)
	at com.ascendlearning.automation.ui.utils.ByCssSelectorExtended.findElements(ByCssSelectorExtended.java:41)
	at org.openqa.selenium.remote.RemoteWebDriver.findElements(RemoteWebDriver.java:307)
	at com.ascendlearning.automation.ui.handlers.BaseHandler.findElements(BaseHandler.java:123)
	at com.ascendlearning.automation.ui.handlers.BaseHandler.findElements(BaseHandler.java:116)
	at com.ascendlearning.automation.ui.handlers.BaseHandler.isDisplayed(BaseHandler.java:158)
	at com.automation.newati.pages.LoginPage2.loginToApplication(LoginPage2.java:92)
	... 25 more
</pre></div></td>
<td>5</td>
<td>com.automation.newati.regression.learntab.LearnTabOthers@52aa2946</td></tr>
<tr>
<td title='com.automation.newati.quiz.QuizTest.NewATI31_VerifyQuiz()'><b>NewATI31_VerifyQuiz</b><br>Test class: com.automation.newati.quiz.QuizTest<br>Test method: NewATI-31: Check for Quiz Bank<br/>
<a href="#Output-204078646" onClick='toggleBox("Output-204078646", this, "Show output", "Hide output");'>Show output</a>

<a href="#Output-204078646" onClick="toggleAllBoxes();">Show all outputs</a>
<div class='log' id="Output-204078646">

Unable to login To Applicationorg.openqa.selenium.WebDriverException: chrome not reachable
  (Session info: chrome=73.0.3683.103)
  (Driver info: chromedriver=2.38.552522 (437e6fbedfa8762dec75e2c5b3ddb86763dc9dcb),platform=Windows NT 10.0.14393 x86_64) (WARNING: The server did not provide any stacktrace information)
Command duration or timeout: 0 milliseconds
Build info: version: '3.11.0', revision: 'e59cfb3', time: '2018-03-11T20:26:55.152Z'
System info: host: 'HMECL000695', ip: '10.160.240.150', os.name: 'Windows 10', os.arch: 'amd64', os.version: '10.0', java.version: '1.8.0_181'
Driver info: org.openqa.selenium.chrome.ChromeDriver
Capabilities {acceptInsecureCerts: false, acceptSslCerts: false, applicationCacheEnabled: false, browserConnectionEnabled: false, browserName: chrome, chrome: {chromedriverVersion: 2.38.552522 (437e6fbedfa876..., userDataDir: C:\Users\SASMIT~1.MIS\AppDa...}, cssSelectorsEnabled: true, databaseEnabled: false, handlesAlerts: true, hasTouchScreen: false, javascriptEnabled: true, locationContextEnabled: true, mobileEmulationEnabled: false, nativeEvents: true, networkConnectionEnabled: false, pageLoadStrategy: normal, platform: XP, platformName: XP, rotatable: false, setWindowRect: true, takesHeapSnapshot: true, takesScreenshot: true, unexpectedAlertBehaviour: , unhandledPromptBehavior: , version: 73.0.3683.103, webStorageEnabled: true}
Session ID: 9dd7cb3a85465fd8d226a4855b2e18dc
*** Element info: {Using=css selector, value=input[name='username']}<br/>
</div>
</td>
<td><div><pre>com.ascendlearning.automation.ui.exceptions.DriverException: Driver Verification exception:   Unable to login To Application
	at com.automation.newati.pages.LoginPage2.loginToApplication(LoginPage2.java:143)
	at com.automation.newati.quiz.QuizTest.NewATI31_VerifyQuiz(QuizTest.java:346)
Caused by: org.openqa.selenium.WebDriverException: chrome not reachable
  (Session info: chrome=73.0.3683.103)
  (Driver info: chromedriver=2.38.552522 (437e6fbedfa8762dec75e2c5b3ddb86763dc9dcb),platform=Windows NT 10.0.14393 x86_64) (WARNING: The server did not provide any stacktrace information)
Command duration or timeout: 0 milliseconds
Build info: version: &apos;3.11.0&apos;, revision: &apos;e59cfb3&apos;, time: &apos;2018-03-11T20:26:55.152Z&apos;
System info: host: &apos;HMECL000695&apos;, ip: &apos;10.160.240.150&apos;, os.name: &apos;Windows 10&apos;, os.arch: &apos;amd64&apos;, os.version: &apos;10.0&apos;, java.version: &apos;1.8.0_181&apos;
Driver info: org.openqa.selenium.chrome.ChromeDriver
Capabilities {acceptInsecureCerts: false, acceptSslCerts: false, applicationCacheEnabled: false, browserConnectionEnabled: false, browserName: chrome, chrome: {chromedriverVersion: 2.38.552522 (437e6fbedfa876..., userDataDir: C:\Users\SASMIT~1.MIS\AppDa...}, cssSelectorsEnabled: true, databaseEnabled: false, handlesAlerts: true, hasTouchScreen: false, javascriptEnabled: true, locationContextEnabled: true, mobileEmulationEnabled: false, nativeEvents: true, networkConnectionEnabled: false, pageLoadStrategy: normal, platform: XP, platformName: XP, rotatable: false, setWindowRect: true, takesHeapSnapshot: true, takesScreenshot: true, unexpectedAlertBehaviour: , unhandledPromptBehavior: , version: 73.0.3683.103, webStorageEnabled: true}
Session ID: 9dd7cb3a85465fd8d226a4855b2e18dc
*** Element info: {Using=css selector, value=input[name=&apos;username&apos;]}
	at org.openqa.selenium.remote.ErrorHandler.createThrowable(ErrorHandler.java:214)
	at org.openqa.selenium.remote.ErrorHandler.throwIfResponseFailed(ErrorHandler.java:166)
	at org.openqa.selenium.remote.http.JsonHttpResponseCodec.reconstructValue(JsonHttpResponseCodec.java:40)
	at org.openqa.selenium.remote.http.AbstractHttpResponseCodec.decode(AbstractHttpResponseCodec.java:80)
	at org.openqa.selenium.remote.http.AbstractHttpResponseCodec.decode(AbstractHttpResponseCodec.java:44)
	at org.openqa.selenium.remote.HttpCommandExecutor.execute(HttpCommandExecutor.java:158)
	at org.openqa.selenium.remote.service.DriverCommandExecutor.execute(DriverCommandExecutor.java:83)
	at org.openqa.selenium.remote.RemoteWebDriver.execute(RemoteWebDriver.java:545)
	at org.openqa.selenium.remote.RemoteWebDriver.findElements(RemoteWebDriver.java:346)
	at org.openqa.selenium.remote.RemoteWebDriver.findElementsByCssSelector(RemoteWebDriver.java:417)
	at com.ascendlearning.automation.ui.utils.ByCssSelectorExtended.findElements(ByCssSelectorExtended.java:41)
	at org.openqa.selenium.remote.RemoteWebDriver.findElements(RemoteWebDriver.java:307)
	at com.ascendlearning.automation.ui.handlers.BaseHandler.findElements(BaseHandler.java:123)
	at com.ascendlearning.automation.ui.handlers.BaseHandler.findElements(BaseHandler.java:116)
	at com.ascendlearning.automation.ui.handlers.BaseHandler.isDisplayed(BaseHandler.java:158)
	at com.automation.newati.pages.LoginPage2.loginToApplication(LoginPage2.java:92)
	... 25 more
... Removed 27 stack frames</pre></div><a href='#' onClick='toggleBox("stack-trace204078646", this, "Click to show all stack frames", "Click to hide stack frames")'>Click to show all stack frames</a>
<div class='stack-trace' id='stack-trace204078646'><pre>com.ascendlearning.automation.ui.exceptions.DriverException: Driver Verification exception:   Unable to login To Application
	at com.automation.newati.pages.LoginPage2.loginToApplication(LoginPage2.java:143)
	at com.automation.newati.quiz.QuizTest.NewATI31_VerifyQuiz(QuizTest.java:346)
	at sun.reflect.NativeMethodAccessorImpl.invoke0(Native Method)
	at sun.reflect.NativeMethodAccessorImpl.invoke(Unknown Source)
	at sun.reflect.DelegatingMethodAccessorImpl.invoke(Unknown Source)
	at java.lang.reflect.Method.invoke(Unknown Source)
	at org.testng.internal.MethodInvocationHelper.invokeMethod(MethodInvocationHelper.java:85)
	at org.testng.internal.Invoker.invokeMethod(Invoker.java:659)
	at org.testng.internal.Invoker.invokeTestMethod(Invoker.java:845)
	at org.testng.internal.Invoker.invokeTestMethods(Invoker.java:1153)
	at org.testng.internal.TestMethodWorker.invokeTestMethods(TestMethodWorker.java:125)
	at org.testng.internal.TestMethodWorker.run(TestMethodWorker.java:108)
	at org.testng.TestRunner.privateRun(TestRunner.java:771)
	at org.testng.TestRunner.run(TestRunner.java:621)
	at org.testng.SuiteRunner.runTest(SuiteRunner.java:357)
	at org.testng.SuiteRunner.runSequentially(SuiteRunner.java:352)
	at org.testng.SuiteRunner.privateRun(SuiteRunner.java:310)
	at org.testng.SuiteRunner.run(SuiteRunner.java:259)
	at org.testng.SuiteRunnerWorker.runSuite(SuiteRunnerWorker.java:52)
	at org.testng.SuiteRunnerWorker.run(SuiteRunnerWorker.java:86)
	at org.testng.TestNG.runSuitesSequentially(TestNG.java:1199)
	at org.testng.TestNG.runSuitesLocally(TestNG.java:1124)
	at org.testng.TestNG.run(TestNG.java:1032)
	at org.testng.remote.AbstractRemoteTestNG.run(AbstractRemoteTestNG.java:114)
	at org.testng.remote.RemoteTestNG.initAndRun(RemoteTestNG.java:251)
	at org.testng.remote.RemoteTestNG.main(RemoteTestNG.java:77)
Caused by: org.openqa.selenium.WebDriverException: chrome not reachable
  (Session info: chrome=73.0.3683.103)
  (Driver info: chromedriver=2.38.552522 (437e6fbedfa8762dec75e2c5b3ddb86763dc9dcb),platform=Windows NT 10.0.14393 x86_64) (WARNING: The server did not provide any stacktrace information)
Command duration or timeout: 0 milliseconds
Build info: version: &apos;3.11.0&apos;, revision: &apos;e59cfb3&apos;, time: &apos;2018-03-11T20:26:55.152Z&apos;
System info: host: &apos;HMECL000695&apos;, ip: &apos;10.160.240.150&apos;, os.name: &apos;Windows 10&apos;, os.arch: &apos;amd64&apos;, os.version: &apos;10.0&apos;, java.version: &apos;1.8.0_181&apos;
Driver info: org.openqa.selenium.chrome.ChromeDriver
Capabilities {acceptInsecureCerts: false, acceptSslCerts: false, applicationCacheEnabled: false, browserConnectionEnabled: false, browserName: chrome, chrome: {chromedriverVersion: 2.38.552522 (437e6fbedfa876..., userDataDir: C:\Users\SASMIT~1.MIS\AppDa...}, cssSelectorsEnabled: true, databaseEnabled: false, handlesAlerts: true, hasTouchScreen: false, javascriptEnabled: true, locationContextEnabled: true, mobileEmulationEnabled: false, nativeEvents: true, networkConnectionEnabled: false, pageLoadStrategy: normal, platform: XP, platformName: XP, rotatable: false, setWindowRect: true, takesHeapSnapshot: true, takesScreenshot: true, unexpectedAlertBehaviour: , unhandledPromptBehavior: , version: 73.0.3683.103, webStorageEnabled: true}
Session ID: 9dd7cb3a85465fd8d226a4855b2e18dc
*** Element info: {Using=css selector, value=input[name=&apos;username&apos;]}
	at sun.reflect.GeneratedConstructorAccessor23.newInstance(Unknown Source)
	at sun.reflect.DelegatingConstructorAccessorImpl.newInstance(Unknown Source)
	at java.lang.reflect.Constructor.newInstance(Unknown Source)
	at org.openqa.selenium.remote.ErrorHandler.createThrowable(ErrorHandler.java:214)
	at org.openqa.selenium.remote.ErrorHandler.throwIfResponseFailed(ErrorHandler.java:166)
	at org.openqa.selenium.remote.http.JsonHttpResponseCodec.reconstructValue(JsonHttpResponseCodec.java:40)
	at org.openqa.selenium.remote.http.AbstractHttpResponseCodec.decode(AbstractHttpResponseCodec.java:80)
	at org.openqa.selenium.remote.http.AbstractHttpResponseCodec.decode(AbstractHttpResponseCodec.java:44)
	at org.openqa.selenium.remote.HttpCommandExecutor.execute(HttpCommandExecutor.java:158)
	at org.openqa.selenium.remote.service.DriverCommandExecutor.execute(DriverCommandExecutor.java:83)
	at org.openqa.selenium.remote.RemoteWebDriver.execute(RemoteWebDriver.java:545)
	at org.openqa.selenium.remote.RemoteWebDriver.findElements(RemoteWebDriver.java:346)
	at org.openqa.selenium.remote.RemoteWebDriver.findElementsByCssSelector(RemoteWebDriver.java:417)
	at com.ascendlearning.automation.ui.utils.ByCssSelectorExtended.findElements(ByCssSelectorExtended.java:41)
	at org.openqa.selenium.remote.RemoteWebDriver.findElements(RemoteWebDriver.java:307)
	at com.ascendlearning.automation.ui.handlers.BaseHandler.findElements(BaseHandler.java:123)
	at com.ascendlearning.automation.ui.handlers.BaseHandler.findElements(BaseHandler.java:116)
	at com.ascendlearning.automation.ui.handlers.BaseHandler.isDisplayed(BaseHandler.java:158)
	at com.automation.newati.pages.LoginPage2.loginToApplication(LoginPage2.java:92)
	... 25 more
</pre></div></td>
<td>5</td>
<td>com.automation.newati.quiz.QuizTest@400cff1a</td></tr>
<tr>
<td title='com.automation.newati.regression.learntab.EBookTest.NewATI502_VerifyUpdatedEditionForRNReviewModuleTest()'><b>NewATI502_VerifyUpdatedEditionForRNReviewModuleTest</b><br>Test class: com.automation.newati.regression.learntab.EBookTest<br>Test method: NewATI-502:To verify updat Edition Dropdown to display 2016 as the default for RN Review Modules<br/>
<a href="#Output-2009215919" onClick='toggleBox("Output-2009215919", this, "Show output", "Hide output");'>Show output</a>

<a href="#Output-2009215919" onClick="toggleAllBoxes();">Show all outputs</a>
<div class='log' id="Output-2009215919">

NewATI502_VerifyUpdatedEditionForRNReviewModuleTest Start<br/>

Unable to login To Applicationorg.openqa.selenium.WebDriverException: WebElement Collection is null
Build info: version: '3.11.0', revision: 'e59cfb3', time: '2018-03-11T20:26:55.152Z'
System info: host: 'HMECL000695', ip: '10.160.240.150', os.name: 'Windows 10', os.arch: 'amd64', os.version: '10.0', java.version: '1.8.0_181'
Driver info: driver.version: unknown<br/>
</div>
</td>
<td><div><pre>com.ascendlearning.automation.ui.exceptions.DriverException: Driver Verification exception:   Unable to login To Application
	at com.automation.newati.pages.LoginPage2.loginToApplication(LoginPage2.java:143)
	at com.automation.newati.regression.learntab.EBookTest.NewATI502_VerifyUpdatedEditionForRNReviewModuleTest(EBookTest.java:196)
Caused by: org.openqa.selenium.WebDriverException: WebElement Collection is null
Build info: version: &apos;3.11.0&apos;, revision: &apos;e59cfb3&apos;, time: &apos;2018-03-11T20:26:55.152Z&apos;
System info: host: &apos;HMECL000695&apos;, ip: &apos;10.160.240.150&apos;, os.name: &apos;Windows 10&apos;, os.arch: &apos;amd64&apos;, os.version: &apos;10.0&apos;, java.version: &apos;1.8.0_181&apos;
Driver info: driver.version: unknown
	at com.ascendlearning.automation.ui.handlers.BaseHandler.isDisplayed(BaseHandler.java:162)
	at com.automation.newati.pages.LoginPage2.loginToApplication(LoginPage2.java:92)
	... 25 more
... Removed 24 stack frames</pre></div><a href='#' onClick='toggleBox("stack-trace2009215919", this, "Click to show all stack frames", "Click to hide stack frames")'>Click to show all stack frames</a>
<div class='stack-trace' id='stack-trace2009215919'><pre>com.ascendlearning.automation.ui.exceptions.DriverException: Driver Verification exception:   Unable to login To Application
	at com.automation.newati.pages.LoginPage2.loginToApplication(LoginPage2.java:143)
	at com.automation.newati.regression.learntab.EBookTest.NewATI502_VerifyUpdatedEditionForRNReviewModuleTest(EBookTest.java:196)
	at sun.reflect.NativeMethodAccessorImpl.invoke0(Native Method)
	at sun.reflect.NativeMethodAccessorImpl.invoke(Unknown Source)
	at sun.reflect.DelegatingMethodAccessorImpl.invoke(Unknown Source)
	at java.lang.reflect.Method.invoke(Unknown Source)
	at org.testng.internal.MethodInvocationHelper.invokeMethod(MethodInvocationHelper.java:85)
	at org.testng.internal.Invoker.invokeMethod(Invoker.java:659)
	at org.testng.internal.Invoker.invokeTestMethod(Invoker.java:845)
	at org.testng.internal.Invoker.invokeTestMethods(Invoker.java:1153)
	at org.testng.internal.TestMethodWorker.invokeTestMethods(TestMethodWorker.java:125)
	at org.testng.internal.TestMethodWorker.run(TestMethodWorker.java:108)
	at org.testng.TestRunner.privateRun(TestRunner.java:771)
	at org.testng.TestRunner.run(TestRunner.java:621)
	at org.testng.SuiteRunner.runTest(SuiteRunner.java:357)
	at org.testng.SuiteRunner.runSequentially(SuiteRunner.java:352)
	at org.testng.SuiteRunner.privateRun(SuiteRunner.java:310)
	at org.testng.SuiteRunner.run(SuiteRunner.java:259)
	at org.testng.SuiteRunnerWorker.runSuite(SuiteRunnerWorker.java:52)
	at org.testng.SuiteRunnerWorker.run(SuiteRunnerWorker.java:86)
	at org.testng.TestNG.runSuitesSequentially(TestNG.java:1199)
	at org.testng.TestNG.runSuitesLocally(TestNG.java:1124)
	at org.testng.TestNG.run(TestNG.java:1032)
	at org.testng.remote.AbstractRemoteTestNG.run(AbstractRemoteTestNG.java:114)
	at org.testng.remote.RemoteTestNG.initAndRun(RemoteTestNG.java:251)
	at org.testng.remote.RemoteTestNG.main(RemoteTestNG.java:77)
Caused by: org.openqa.selenium.WebDriverException: WebElement Collection is null
Build info: version: &apos;3.11.0&apos;, revision: &apos;e59cfb3&apos;, time: &apos;2018-03-11T20:26:55.152Z&apos;
System info: host: &apos;HMECL000695&apos;, ip: &apos;10.160.240.150&apos;, os.name: &apos;Windows 10&apos;, os.arch: &apos;amd64&apos;, os.version: &apos;10.0&apos;, java.version: &apos;1.8.0_181&apos;
Driver info: driver.version: unknown
	at com.ascendlearning.automation.ui.handlers.BaseHandler.isDisplayed(BaseHandler.java:162)
	at com.automation.newati.pages.LoginPage2.loginToApplication(LoginPage2.java:92)
	... 25 more
</pre></div></td>
<td>5</td>
<td>com.automation.newati.regression.learntab.EBookTest@568bf312</td></tr>
<tr>
<td title='com.automation.newati.regression.learntab.EBookTest.NewATI503_verifyUpdatedRNReviewModulesPackageTest()'><b>NewATI503_verifyUpdatedRNReviewModulesPackageTest</b><br>Test class: com.automation.newati.regression.learntab.EBookTest<br>Test method: NewATI-503:To verify updated RN Review Modules 2016 Package<br/>
<a href="#Output-1515248124" onClick='toggleBox("Output-1515248124", this, "Show output", "Hide output");'>Show output</a>

<a href="#Output-1515248124" onClick="toggleAllBoxes();">Show all outputs</a>
<div class='log' id="Output-1515248124">

NewATI503_verifyUpdatedRNReviewModulesPackageTest Start<br/>

Unable to wait Untill Loading Image Is not Disappeared<br/>
</div>
</td>
<td><div><pre>com.ascendlearning.automation.ui.exceptions.DriverException: Driver Verification exception:   Unable to wait Untill Loading Image Is not Disappeared
	at com.automation.newati.pages.NewATIBasePage.waitUntillLoadingImageIsDisappeared(NewATIBasePage.java:282)
	at com.automation.newati.regression.learntab.EBookTest.NewATI503_verifyUpdatedRNReviewModulesPackageTest(EBookTest.java:219)
Caused by: org.openqa.selenium.WebDriverException: chrome not reachable
  (Session info: chrome=73.0.3683.103)
  (Driver info: chromedriver=2.38.552522 (437e6fbedfa8762dec75e2c5b3ddb86763dc9dcb),platform=Windows NT 10.0.14393 x86_64) (WARNING: The server did not provide any stacktrace information)
Command duration or timeout: 0 milliseconds
Build info: version: &apos;3.11.0&apos;, revision: &apos;e59cfb3&apos;, time: &apos;2018-03-11T20:26:55.152Z&apos;
System info: host: &apos;HMECL000695&apos;, ip: &apos;10.160.240.150&apos;, os.name: &apos;Windows 10&apos;, os.arch: &apos;amd64&apos;, os.version: &apos;10.0&apos;, java.version: &apos;1.8.0_181&apos;
Driver info: org.openqa.selenium.chrome.ChromeDriver
Capabilities {acceptInsecureCerts: false, acceptSslCerts: false, applicationCacheEnabled: false, browserConnectionEnabled: false, browserName: chrome, chrome: {chromedriverVersion: 2.38.552522 (437e6fbedfa876..., userDataDir: C:\Users\SASMIT~1.MIS\AppDa...}, cssSelectorsEnabled: true, databaseEnabled: false, handlesAlerts: true, hasTouchScreen: false, javascriptEnabled: true, locationContextEnabled: true, mobileEmulationEnabled: false, nativeEvents: true, networkConnectionEnabled: false, pageLoadStrategy: normal, platform: XP, platformName: XP, rotatable: false, setWindowRect: true, takesHeapSnapshot: true, takesScreenshot: true, unexpectedAlertBehaviour: , unhandledPromptBehavior: , version: 73.0.3683.103, webStorageEnabled: true}
Session ID: 2bfe610bedff04abd95f983d3a9ead17
*** Element info: {Using=css selector, value=.blockUI.blockMsg.blockPage}
	at org.openqa.selenium.remote.ErrorHandler.createThrowable(ErrorHandler.java:214)
	at org.openqa.selenium.remote.ErrorHandler.throwIfResponseFailed(ErrorHandler.java:166)
	at org.openqa.selenium.remote.http.JsonHttpResponseCodec.reconstructValue(JsonHttpResponseCodec.java:40)
	at org.openqa.selenium.remote.http.AbstractHttpResponseCodec.decode(AbstractHttpResponseCodec.java:80)
	at org.openqa.selenium.remote.http.AbstractHttpResponseCodec.decode(AbstractHttpResponseCodec.java:44)
	at org.openqa.selenium.remote.HttpCommandExecutor.execute(HttpCommandExecutor.java:158)
	at org.openqa.selenium.remote.service.DriverCommandExecutor.execute(DriverCommandExecutor.java:83)
	at org.openqa.selenium.remote.RemoteWebDriver.execute(RemoteWebDriver.java:545)
	at org.openqa.selenium.remote.RemoteWebDriver.findElements(RemoteWebDriver.java:346)
	at org.openqa.selenium.remote.RemoteWebDriver.findElementsByCssSelector(RemoteWebDriver.java:417)
	at com.ascendlearning.automation.ui.utils.ByCssSelectorExtended.findElements(ByCssSelectorExtended.java:41)
	at org.openqa.selenium.remote.RemoteWebDriver.findElements(RemoteWebDriver.java:307)
	at com.ascendlearning.automation.ui.handlers.BaseHandler.findElements(BaseHandler.java:123)
	at com.ascendlearning.automation.ui.handlers.BaseHandler.findElements(BaseHandler.java:116)
	at com.automation.newati.pages.NewATIBasePage.waitUntillLoadingImageIsDisappeared(NewATIBasePage.java:255)
	... 25 more
... Removed 27 stack frames</pre></div><a href='#' onClick='toggleBox("stack-trace1515248124", this, "Click to show all stack frames", "Click to hide stack frames")'>Click to show all stack frames</a>
<div class='stack-trace' id='stack-trace1515248124'><pre>com.ascendlearning.automation.ui.exceptions.DriverException: Driver Verification exception:   Unable to wait Untill Loading Image Is not Disappeared
	at com.automation.newati.pages.NewATIBasePage.waitUntillLoadingImageIsDisappeared(NewATIBasePage.java:282)
	at com.automation.newati.regression.learntab.EBookTest.NewATI503_verifyUpdatedRNReviewModulesPackageTest(EBookTest.java:219)
	at sun.reflect.NativeMethodAccessorImpl.invoke0(Native Method)
	at sun.reflect.NativeMethodAccessorImpl.invoke(Unknown Source)
	at sun.reflect.DelegatingMethodAccessorImpl.invoke(Unknown Source)
	at java.lang.reflect.Method.invoke(Unknown Source)
	at org.testng.internal.MethodInvocationHelper.invokeMethod(MethodInvocationHelper.java:85)
	at org.testng.internal.Invoker.invokeMethod(Invoker.java:659)
	at org.testng.internal.Invoker.invokeTestMethod(Invoker.java:845)
	at org.testng.internal.Invoker.invokeTestMethods(Invoker.java:1153)
	at org.testng.internal.TestMethodWorker.invokeTestMethods(TestMethodWorker.java:125)
	at org.testng.internal.TestMethodWorker.run(TestMethodWorker.java:108)
	at org.testng.TestRunner.privateRun(TestRunner.java:771)
	at org.testng.TestRunner.run(TestRunner.java:621)
	at org.testng.SuiteRunner.runTest(SuiteRunner.java:357)
	at org.testng.SuiteRunner.runSequentially(SuiteRunner.java:352)
	at org.testng.SuiteRunner.privateRun(SuiteRunner.java:310)
	at org.testng.SuiteRunner.run(SuiteRunner.java:259)
	at org.testng.SuiteRunnerWorker.runSuite(SuiteRunnerWorker.java:52)
	at org.testng.SuiteRunnerWorker.run(SuiteRunnerWorker.java:86)
	at org.testng.TestNG.runSuitesSequentially(TestNG.java:1199)
	at org.testng.TestNG.runSuitesLocally(TestNG.java:1124)
	at org.testng.TestNG.run(TestNG.java:1032)
	at org.testng.remote.AbstractRemoteTestNG.run(AbstractRemoteTestNG.java:114)
	at org.testng.remote.RemoteTestNG.initAndRun(RemoteTestNG.java:251)
	at org.testng.remote.RemoteTestNG.main(RemoteTestNG.java:77)
Caused by: org.openqa.selenium.WebDriverException: chrome not reachable
  (Session info: chrome=73.0.3683.103)
  (Driver info: chromedriver=2.38.552522 (437e6fbedfa8762dec75e2c5b3ddb86763dc9dcb),platform=Windows NT 10.0.14393 x86_64) (WARNING: The server did not provide any stacktrace information)
Command duration or timeout: 0 milliseconds
Build info: version: &apos;3.11.0&apos;, revision: &apos;e59cfb3&apos;, time: &apos;2018-03-11T20:26:55.152Z&apos;
System info: host: &apos;HMECL000695&apos;, ip: &apos;10.160.240.150&apos;, os.name: &apos;Windows 10&apos;, os.arch: &apos;amd64&apos;, os.version: &apos;10.0&apos;, java.version: &apos;1.8.0_181&apos;
Driver info: org.openqa.selenium.chrome.ChromeDriver
Capabilities {acceptInsecureCerts: false, acceptSslCerts: false, applicationCacheEnabled: false, browserConnectionEnabled: false, browserName: chrome, chrome: {chromedriverVersion: 2.38.552522 (437e6fbedfa876..., userDataDir: C:\Users\SASMIT~1.MIS\AppDa...}, cssSelectorsEnabled: true, databaseEnabled: false, handlesAlerts: true, hasTouchScreen: false, javascriptEnabled: true, locationContextEnabled: true, mobileEmulationEnabled: false, nativeEvents: true, networkConnectionEnabled: false, pageLoadStrategy: normal, platform: XP, platformName: XP, rotatable: false, setWindowRect: true, takesHeapSnapshot: true, takesScreenshot: true, unexpectedAlertBehaviour: , unhandledPromptBehavior: , version: 73.0.3683.103, webStorageEnabled: true}
Session ID: 2bfe610bedff04abd95f983d3a9ead17
*** Element info: {Using=css selector, value=.blockUI.blockMsg.blockPage}
	at sun.reflect.GeneratedConstructorAccessor23.newInstance(Unknown Source)
	at sun.reflect.DelegatingConstructorAccessorImpl.newInstance(Unknown Source)
	at java.lang.reflect.Constructor.newInstance(Unknown Source)
	at org.openqa.selenium.remote.ErrorHandler.createThrowable(ErrorHandler.java:214)
	at org.openqa.selenium.remote.ErrorHandler.throwIfResponseFailed(ErrorHandler.java:166)
	at org.openqa.selenium.remote.http.JsonHttpResponseCodec.reconstructValue(JsonHttpResponseCodec.java:40)
	at org.openqa.selenium.remote.http.AbstractHttpResponseCodec.decode(AbstractHttpResponseCodec.java:80)
	at org.openqa.selenium.remote.http.AbstractHttpResponseCodec.decode(AbstractHttpResponseCodec.java:44)
	at org.openqa.selenium.remote.HttpCommandExecutor.execute(HttpCommandExecutor.java:158)
	at org.openqa.selenium.remote.service.DriverCommandExecutor.execute(DriverCommandExecutor.java:83)
	at org.openqa.selenium.remote.RemoteWebDriver.execute(RemoteWebDriver.java:545)
	at org.openqa.selenium.remote.RemoteWebDriver.findElements(RemoteWebDriver.java:346)
	at org.openqa.selenium.remote.RemoteWebDriver.findElementsByCssSelector(RemoteWebDriver.java:417)
	at com.ascendlearning.automation.ui.utils.ByCssSelectorExtended.findElements(ByCssSelectorExtended.java:41)
	at org.openqa.selenium.remote.RemoteWebDriver.findElements(RemoteWebDriver.java:307)
	at com.ascendlearning.automation.ui.handlers.BaseHandler.findElements(BaseHandler.java:123)
	at com.ascendlearning.automation.ui.handlers.BaseHandler.findElements(BaseHandler.java:116)
	at com.automation.newati.pages.NewATIBasePage.waitUntillLoadingImageIsDisappeared(NewATIBasePage.java:255)
	... 25 more
</pre></div></td>
<td>5</td>
<td>com.automation.newati.regression.learntab.EBookTest@568bf312</td></tr>
<tr>
<td title='com.automation.newati.regression.learntab.LearnTabOthers.NewATI519_VerifyFlashCardSemesterPayment()'><b>NewATI519_VerifyFlashCardSemesterPayment</b><br>Test class: com.automation.newati.regression.learntab.LearnTabOthers<br>Test method: NewATI-519:Flashcards under Semester payment required class<br/>
<a href="#Output-1612031141" onClick='toggleBox("Output-1612031141", this, "Show output", "Hide output");'>Show output</a>

<a href="#Output-1612031141" onClick="toggleAllBoxes();">Show all outputs</a>
<div class='log' id="Output-1612031141">

Unable to login To Applicationorg.openqa.selenium.WebDriverException: chrome not reachable
  (Session info: chrome=73.0.3683.103)
  (Driver info: chromedriver=2.38.552522 (437e6fbedfa8762dec75e2c5b3ddb86763dc9dcb),platform=Windows NT 10.0.14393 x86_64) (WARNING: The server did not provide any stacktrace information)
Command duration or timeout: 0 milliseconds
Build info: version: '3.11.0', revision: 'e59cfb3', time: '2018-03-11T20:26:55.152Z'
System info: host: 'HMECL000695', ip: '10.160.240.150', os.name: 'Windows 10', os.arch: 'amd64', os.version: '10.0', java.version: '1.8.0_181'
Driver info: org.openqa.selenium.chrome.ChromeDriver
Capabilities {acceptInsecureCerts: false, acceptSslCerts: false, applicationCacheEnabled: false, browserConnectionEnabled: false, browserName: chrome, chrome: {chromedriverVersion: 2.38.552522 (437e6fbedfa876..., userDataDir: C:\Users\SASMIT~1.MIS\AppDa...}, cssSelectorsEnabled: true, databaseEnabled: false, handlesAlerts: true, hasTouchScreen: false, javascriptEnabled: true, locationContextEnabled: true, mobileEmulationEnabled: false, nativeEvents: true, networkConnectionEnabled: false, pageLoadStrategy: normal, platform: XP, platformName: XP, rotatable: false, setWindowRect: true, takesHeapSnapshot: true, takesScreenshot: true, unexpectedAlertBehaviour: , unhandledPromptBehavior: , version: 73.0.3683.103, webStorageEnabled: true}
Session ID: 82ceee2eafcdcd8f61c9979f622d6dbe<br/>
</div>
</td>
<td><div><pre>com.ascendlearning.automation.ui.exceptions.DriverException: Driver Verification exception:   Unable to login To Application
	at com.automation.newati.pages.LoginPage2.loginToApplication(LoginPage2.java:143)
	at com.automation.newati.regression.learntab.LearnTabOthers.NewATI519_VerifyFlashCardSemesterPayment(LearnTabOthers.java:88)
Caused by: org.openqa.selenium.WebDriverException: chrome not reachable
  (Session info: chrome=73.0.3683.103)
  (Driver info: chromedriver=2.38.552522 (437e6fbedfa8762dec75e2c5b3ddb86763dc9dcb),platform=Windows NT 10.0.14393 x86_64) (WARNING: The server did not provide any stacktrace information)
Command duration or timeout: 0 milliseconds
Build info: version: &apos;3.11.0&apos;, revision: &apos;e59cfb3&apos;, time: &apos;2018-03-11T20:26:55.152Z&apos;
System info: host: &apos;HMECL000695&apos;, ip: &apos;10.160.240.150&apos;, os.name: &apos;Windows 10&apos;, os.arch: &apos;amd64&apos;, os.version: &apos;10.0&apos;, java.version: &apos;1.8.0_181&apos;
Driver info: org.openqa.selenium.chrome.ChromeDriver
Capabilities {acceptInsecureCerts: false, acceptSslCerts: false, applicationCacheEnabled: false, browserConnectionEnabled: false, browserName: chrome, chrome: {chromedriverVersion: 2.38.552522 (437e6fbedfa876..., userDataDir: C:\Users\SASMIT~1.MIS\AppDa...}, cssSelectorsEnabled: true, databaseEnabled: false, handlesAlerts: true, hasTouchScreen: false, javascriptEnabled: true, locationContextEnabled: true, mobileEmulationEnabled: false, nativeEvents: true, networkConnectionEnabled: false, pageLoadStrategy: normal, platform: XP, platformName: XP, rotatable: false, setWindowRect: true, takesHeapSnapshot: true, takesScreenshot: true, unexpectedAlertBehaviour: , unhandledPromptBehavior: , version: 73.0.3683.103, webStorageEnabled: true}
Session ID: 82ceee2eafcdcd8f61c9979f622d6dbe
	at org.openqa.selenium.remote.ErrorHandler.createThrowable(ErrorHandler.java:214)
	at org.openqa.selenium.remote.ErrorHandler.throwIfResponseFailed(ErrorHandler.java:166)
	at org.openqa.selenium.remote.http.JsonHttpResponseCodec.reconstructValue(JsonHttpResponseCodec.java:40)
	at org.openqa.selenium.remote.http.AbstractHttpResponseCodec.decode(AbstractHttpResponseCodec.java:80)
	at org.openqa.selenium.remote.http.AbstractHttpResponseCodec.decode(AbstractHttpResponseCodec.java:44)
	at org.openqa.selenium.remote.HttpCommandExecutor.execute(HttpCommandExecutor.java:158)
	at org.openqa.selenium.remote.service.DriverCommandExecutor.execute(DriverCommandExecutor.java:83)
	at org.openqa.selenium.remote.RemoteWebDriver.execute(RemoteWebDriver.java:545)
	at org.openqa.selenium.remote.RemoteWebDriver.get(RemoteWebDriver.java:273)
	at com.automation.newati.pages.LoginPage2.loginToApplication(LoginPage2.java:81)
	... 25 more
... Removed 27 stack frames</pre></div><a href='#' onClick='toggleBox("stack-trace1612031141", this, "Click to show all stack frames", "Click to hide stack frames")'>Click to show all stack frames</a>
<div class='stack-trace' id='stack-trace1612031141'><pre>com.ascendlearning.automation.ui.exceptions.DriverException: Driver Verification exception:   Unable to login To Application
	at com.automation.newati.pages.LoginPage2.loginToApplication(LoginPage2.java:143)
	at com.automation.newati.regression.learntab.LearnTabOthers.NewATI519_VerifyFlashCardSemesterPayment(LearnTabOthers.java:88)
	at sun.reflect.NativeMethodAccessorImpl.invoke0(Native Method)
	at sun.reflect.NativeMethodAccessorImpl.invoke(Unknown Source)
	at sun.reflect.DelegatingMethodAccessorImpl.invoke(Unknown Source)
	at java.lang.reflect.Method.invoke(Unknown Source)
	at org.testng.internal.MethodInvocationHelper.invokeMethod(MethodInvocationHelper.java:85)
	at org.testng.internal.Invoker.invokeMethod(Invoker.java:659)
	at org.testng.internal.Invoker.invokeTestMethod(Invoker.java:845)
	at org.testng.internal.Invoker.invokeTestMethods(Invoker.java:1153)
	at org.testng.internal.TestMethodWorker.invokeTestMethods(TestMethodWorker.java:125)
	at org.testng.internal.TestMethodWorker.run(TestMethodWorker.java:108)
	at org.testng.TestRunner.privateRun(TestRunner.java:771)
	at org.testng.TestRunner.run(TestRunner.java:621)
	at org.testng.SuiteRunner.runTest(SuiteRunner.java:357)
	at org.testng.SuiteRunner.runSequentially(SuiteRunner.java:352)
	at org.testng.SuiteRunner.privateRun(SuiteRunner.java:310)
	at org.testng.SuiteRunner.run(SuiteRunner.java:259)
	at org.testng.SuiteRunnerWorker.runSuite(SuiteRunnerWorker.java:52)
	at org.testng.SuiteRunnerWorker.run(SuiteRunnerWorker.java:86)
	at org.testng.TestNG.runSuitesSequentially(TestNG.java:1199)
	at org.testng.TestNG.runSuitesLocally(TestNG.java:1124)
	at org.testng.TestNG.run(TestNG.java:1032)
	at org.testng.remote.AbstractRemoteTestNG.run(AbstractRemoteTestNG.java:114)
	at org.testng.remote.RemoteTestNG.initAndRun(RemoteTestNG.java:251)
	at org.testng.remote.RemoteTestNG.main(RemoteTestNG.java:77)
Caused by: org.openqa.selenium.WebDriverException: chrome not reachable
  (Session info: chrome=73.0.3683.103)
  (Driver info: chromedriver=2.38.552522 (437e6fbedfa8762dec75e2c5b3ddb86763dc9dcb),platform=Windows NT 10.0.14393 x86_64) (WARNING: The server did not provide any stacktrace information)
Command duration or timeout: 0 milliseconds
Build info: version: &apos;3.11.0&apos;, revision: &apos;e59cfb3&apos;, time: &apos;2018-03-11T20:26:55.152Z&apos;
System info: host: &apos;HMECL000695&apos;, ip: &apos;10.160.240.150&apos;, os.name: &apos;Windows 10&apos;, os.arch: &apos;amd64&apos;, os.version: &apos;10.0&apos;, java.version: &apos;1.8.0_181&apos;
Driver info: org.openqa.selenium.chrome.ChromeDriver
Capabilities {acceptInsecureCerts: false, acceptSslCerts: false, applicationCacheEnabled: false, browserConnectionEnabled: false, browserName: chrome, chrome: {chromedriverVersion: 2.38.552522 (437e6fbedfa876..., userDataDir: C:\Users\SASMIT~1.MIS\AppDa...}, cssSelectorsEnabled: true, databaseEnabled: false, handlesAlerts: true, hasTouchScreen: false, javascriptEnabled: true, locationContextEnabled: true, mobileEmulationEnabled: false, nativeEvents: true, networkConnectionEnabled: false, pageLoadStrategy: normal, platform: XP, platformName: XP, rotatable: false, setWindowRect: true, takesHeapSnapshot: true, takesScreenshot: true, unexpectedAlertBehaviour: , unhandledPromptBehavior: , version: 73.0.3683.103, webStorageEnabled: true}
Session ID: 82ceee2eafcdcd8f61c9979f622d6dbe
	at sun.reflect.GeneratedConstructorAccessor23.newInstance(Unknown Source)
	at sun.reflect.DelegatingConstructorAccessorImpl.newInstance(Unknown Source)
	at java.lang.reflect.Constructor.newInstance(Unknown Source)
	at org.openqa.selenium.remote.ErrorHandler.createThrowable(ErrorHandler.java:214)
	at org.openqa.selenium.remote.ErrorHandler.throwIfResponseFailed(ErrorHandler.java:166)
	at org.openqa.selenium.remote.http.JsonHttpResponseCodec.reconstructValue(JsonHttpResponseCodec.java:40)
	at org.openqa.selenium.remote.http.AbstractHttpResponseCodec.decode(AbstractHttpResponseCodec.java:80)
	at org.openqa.selenium.remote.http.AbstractHttpResponseCodec.decode(AbstractHttpResponseCodec.java:44)
	at org.openqa.selenium.remote.HttpCommandExecutor.execute(HttpCommandExecutor.java:158)
	at org.openqa.selenium.remote.service.DriverCommandExecutor.execute(DriverCommandExecutor.java:83)
	at org.openqa.selenium.remote.RemoteWebDriver.execute(RemoteWebDriver.java:545)
	at org.openqa.selenium.remote.RemoteWebDriver.get(RemoteWebDriver.java:273)
	at com.automation.newati.pages.LoginPage2.loginToApplication(LoginPage2.java:81)
	... 25 more
</pre></div></td>
<td>4</td>
<td>com.automation.newati.regression.learntab.LearnTabOthers@52aa2946</td></tr>
<tr>
<td title='com.automation.newati.regression.learntab.EBookTest.NewATI520_VerifyEbookAddedUsingAddProductTest()'><b>NewATI520_VerifyEbookAddedUsingAddProductTest</b><br>Test class: com.automation.newati.regression.learntab.EBookTest<br>Test method: NewATI-520:Adding Library Institution Purchase (ebooks) from Add product button<br/>
<a href="#Output-716117291" onClick='toggleBox("Output-716117291", this, "Show output", "Hide output");'>Show output</a>

<a href="#Output-716117291" onClick="toggleAllBoxes();">Show all outputs</a>
<div class='log' id="Output-716117291">

NewATI520_VerifyEbookAddedUsingAddProductTest Start<br/>
</div>
</td>
<td><div><pre>org.openqa.selenium.WebDriverException: chrome not reachable
  (Session info: chrome=73.0.3683.103)
  (Driver info: chromedriver=2.38.552522 (437e6fbedfa8762dec75e2c5b3ddb86763dc9dcb),platform=Windows NT 10.0.14393 x86_64) (WARNING: The server did not provide any stacktrace information)
Command duration or timeout: 0 milliseconds
Build info: version: &apos;3.11.0&apos;, revision: &apos;e59cfb3&apos;, time: &apos;2018-03-11T20:26:55.152Z&apos;
System info: host: &apos;HMECL000695&apos;, ip: &apos;10.160.240.150&apos;, os.name: &apos;Windows 10&apos;, os.arch: &apos;amd64&apos;, os.version: &apos;10.0&apos;, java.version: &apos;1.8.0_181&apos;
Driver info: org.openqa.selenium.chrome.ChromeDriver
Capabilities {acceptInsecureCerts: false, acceptSslCerts: false, applicationCacheEnabled: false, browserConnectionEnabled: false, browserName: chrome, chrome: {chromedriverVersion: 2.38.552522 (437e6fbedfa876..., userDataDir: C:\Users\SASMIT~1.MIS\AppDa...}, cssSelectorsEnabled: true, databaseEnabled: false, handlesAlerts: true, hasTouchScreen: false, javascriptEnabled: true, locationContextEnabled: true, mobileEmulationEnabled: false, nativeEvents: true, networkConnectionEnabled: false, pageLoadStrategy: normal, platform: XP, platformName: XP, rotatable: false, setWindowRect: true, takesHeapSnapshot: true, takesScreenshot: true, unexpectedAlertBehaviour: , unhandledPromptBehavior: , version: 73.0.3683.103, webStorageEnabled: true}
Session ID: f3237eb53fd064412775e83eb02ccea8
	at org.openqa.selenium.remote.ErrorHandler.createThrowable(ErrorHandler.java:214)
	at org.openqa.selenium.remote.ErrorHandler.throwIfResponseFailed(ErrorHandler.java:166)
	at org.openqa.selenium.remote.http.JsonHttpResponseCodec.reconstructValue(JsonHttpResponseCodec.java:40)
	at org.openqa.selenium.remote.http.AbstractHttpResponseCodec.decode(AbstractHttpResponseCodec.java:80)
	at org.openqa.selenium.remote.http.AbstractHttpResponseCodec.decode(AbstractHttpResponseCodec.java:44)
	at org.openqa.selenium.remote.HttpCommandExecutor.execute(HttpCommandExecutor.java:158)
	at org.openqa.selenium.remote.service.DriverCommandExecutor.execute(DriverCommandExecutor.java:83)
	at org.openqa.selenium.remote.RemoteWebDriver.execute(RemoteWebDriver.java:545)
	at org.openqa.selenium.remote.RemoteWebDriver.get(RemoteWebDriver.java:273)
	at com.automation.newati.regression.learntab.EBookTest.NewATI520_VerifyEbookAddedUsingAddProductTest(EBookTest.java:53)
... Removed 27 stack frames</pre></div><a href='#' onClick='toggleBox("stack-trace716117291", this, "Click to show all stack frames", "Click to hide stack frames")'>Click to show all stack frames</a>
<div class='stack-trace' id='stack-trace716117291'><pre>org.openqa.selenium.WebDriverException: chrome not reachable
  (Session info: chrome=73.0.3683.103)
  (Driver info: chromedriver=2.38.552522 (437e6fbedfa8762dec75e2c5b3ddb86763dc9dcb),platform=Windows NT 10.0.14393 x86_64) (WARNING: The server did not provide any stacktrace information)
Command duration or timeout: 0 milliseconds
Build info: version: &apos;3.11.0&apos;, revision: &apos;e59cfb3&apos;, time: &apos;2018-03-11T20:26:55.152Z&apos;
System info: host: &apos;HMECL000695&apos;, ip: &apos;10.160.240.150&apos;, os.name: &apos;Windows 10&apos;, os.arch: &apos;amd64&apos;, os.version: &apos;10.0&apos;, java.version: &apos;1.8.0_181&apos;
Driver info: org.openqa.selenium.chrome.ChromeDriver
Capabilities {acceptInsecureCerts: false, acceptSslCerts: false, applicationCacheEnabled: false, browserConnectionEnabled: false, browserName: chrome, chrome: {chromedriverVersion: 2.38.552522 (437e6fbedfa876..., userDataDir: C:\Users\SASMIT~1.MIS\AppDa...}, cssSelectorsEnabled: true, databaseEnabled: false, handlesAlerts: true, hasTouchScreen: false, javascriptEnabled: true, locationContextEnabled: true, mobileEmulationEnabled: false, nativeEvents: true, networkConnectionEnabled: false, pageLoadStrategy: normal, platform: XP, platformName: XP, rotatable: false, setWindowRect: true, takesHeapSnapshot: true, takesScreenshot: true, unexpectedAlertBehaviour: , unhandledPromptBehavior: , version: 73.0.3683.103, webStorageEnabled: true}
Session ID: f3237eb53fd064412775e83eb02ccea8
	at sun.reflect.GeneratedConstructorAccessor23.newInstance(Unknown Source)
	at sun.reflect.DelegatingConstructorAccessorImpl.newInstance(Unknown Source)
	at java.lang.reflect.Constructor.newInstance(Unknown Source)
	at org.openqa.selenium.remote.ErrorHandler.createThrowable(ErrorHandler.java:214)
	at org.openqa.selenium.remote.ErrorHandler.throwIfResponseFailed(ErrorHandler.java:166)
	at org.openqa.selenium.remote.http.JsonHttpResponseCodec.reconstructValue(JsonHttpResponseCodec.java:40)
	at org.openqa.selenium.remote.http.AbstractHttpResponseCodec.decode(AbstractHttpResponseCodec.java:80)
	at org.openqa.selenium.remote.http.AbstractHttpResponseCodec.decode(AbstractHttpResponseCodec.java:44)
	at org.openqa.selenium.remote.HttpCommandExecutor.execute(HttpCommandExecutor.java:158)
	at org.openqa.selenium.remote.service.DriverCommandExecutor.execute(DriverCommandExecutor.java:83)
	at org.openqa.selenium.remote.RemoteWebDriver.execute(RemoteWebDriver.java:545)
	at org.openqa.selenium.remote.RemoteWebDriver.get(RemoteWebDriver.java:273)
	at com.automation.newati.regression.learntab.EBookTest.NewATI520_VerifyEbookAddedUsingAddProductTest(EBookTest.java:53)
	at sun.reflect.NativeMethodAccessorImpl.invoke0(Native Method)
	at sun.reflect.NativeMethodAccessorImpl.invoke(Unknown Source)
	at sun.reflect.DelegatingMethodAccessorImpl.invoke(Unknown Source)
	at java.lang.reflect.Method.invoke(Unknown Source)
	at org.testng.internal.MethodInvocationHelper.invokeMethod(MethodInvocationHelper.java:85)
	at org.testng.internal.Invoker.invokeMethod(Invoker.java:659)
	at org.testng.internal.Invoker.invokeTestMethod(Invoker.java:845)
	at org.testng.internal.Invoker.invokeTestMethods(Invoker.java:1153)
	at org.testng.internal.TestMethodWorker.invokeTestMethods(TestMethodWorker.java:125)
	at org.testng.internal.TestMethodWorker.run(TestMethodWorker.java:108)
	at org.testng.TestRunner.privateRun(TestRunner.java:771)
	at org.testng.TestRunner.run(TestRunner.java:621)
	at org.testng.SuiteRunner.runTest(SuiteRunner.java:357)
	at org.testng.SuiteRunner.runSequentially(SuiteRunner.java:352)
	at org.testng.SuiteRunner.privateRun(SuiteRunner.java:310)
	at org.testng.SuiteRunner.run(SuiteRunner.java:259)
	at org.testng.SuiteRunnerWorker.runSuite(SuiteRunnerWorker.java:52)
	at org.testng.SuiteRunnerWorker.run(SuiteRunnerWorker.java:86)
	at org.testng.TestNG.runSuitesSequentially(TestNG.java:1199)
	at org.testng.TestNG.runSuitesLocally(TestNG.java:1124)
	at org.testng.TestNG.run(TestNG.java:1032)
	at org.testng.remote.AbstractRemoteTestNG.run(AbstractRemoteTestNG.java:114)
	at org.testng.remote.RemoteTestNG.initAndRun(RemoteTestNG.java:251)
	at org.testng.remote.RemoteTestNG.main(RemoteTestNG.java:77)
</pre></div></td>
<td>4</td>
<td>com.automation.newati.regression.learntab.EBookTest@568bf312</td></tr>
<tr>
<td title='com.automation.newati.regression.learntab.EBookTest.NewATI521_verifyEbookAddedUsingCDN()'><b>NewATI521_verifyEbookAddedUsingCDN</b><br>Test class: com.automation.newati.regression.learntab.EBookTest<br>Test method: NewATI-521:Adding Class to user which is having Library package (ebooks)<br/>
<a href="#Output-846014380" onClick='toggleBox("Output-846014380", this, "Show output", "Hide output");'>Show output</a>

<a href="#Output-846014380" onClick="toggleAllBoxes();">Show all outputs</a>
<div class='log' id="Output-846014380">

NewATI521_verifyEbookAddedUsingCDN Start<br/>

Unable to wait Untill Loading Image Is not Disappeared<br/>
</div>
</td>
<td><div><pre>com.ascendlearning.automation.ui.exceptions.DriverException: Driver Verification exception:   Unable to wait Untill Loading Image Is not Disappeared
	at com.automation.newati.pages.NewATIBasePage.waitUntillLoadingImageIsDisappeared(NewATIBasePage.java:282)
	at com.automation.newati.regression.learntab.EBookTest.NewATI521_verifyEbookAddedUsingCDN(EBookTest.java:126)
Caused by: org.openqa.selenium.WebDriverException: chrome not reachable
  (Session info: chrome=73.0.3683.103)
  (Driver info: chromedriver=2.38.552522 (437e6fbedfa8762dec75e2c5b3ddb86763dc9dcb),platform=Windows NT 10.0.14393 x86_64) (WARNING: The server did not provide any stacktrace information)
Command duration or timeout: 0 milliseconds
Build info: version: &apos;3.11.0&apos;, revision: &apos;e59cfb3&apos;, time: &apos;2018-03-11T20:26:55.152Z&apos;
System info: host: &apos;HMECL000695&apos;, ip: &apos;10.160.240.150&apos;, os.name: &apos;Windows 10&apos;, os.arch: &apos;amd64&apos;, os.version: &apos;10.0&apos;, java.version: &apos;1.8.0_181&apos;
Driver info: org.openqa.selenium.chrome.ChromeDriver
Capabilities {acceptInsecureCerts: false, acceptSslCerts: false, applicationCacheEnabled: false, browserConnectionEnabled: false, browserName: chrome, chrome: {chromedriverVersion: 2.38.552522 (437e6fbedfa876..., userDataDir: C:\Users\SASMIT~1.MIS\AppDa...}, cssSelectorsEnabled: true, databaseEnabled: false, handlesAlerts: true, hasTouchScreen: false, javascriptEnabled: true, locationContextEnabled: true, mobileEmulationEnabled: false, nativeEvents: true, networkConnectionEnabled: false, pageLoadStrategy: normal, platform: XP, platformName: XP, rotatable: false, setWindowRect: true, takesHeapSnapshot: true, takesScreenshot: true, unexpectedAlertBehaviour: , unhandledPromptBehavior: , version: 73.0.3683.103, webStorageEnabled: true}
Session ID: 5d11688ff38598a702b2d15b20a81fc5
*** Element info: {Using=css selector, value=.blockUI.blockMsg.blockPage}
	at org.openqa.selenium.remote.ErrorHandler.createThrowable(ErrorHandler.java:214)
	at org.openqa.selenium.remote.ErrorHandler.throwIfResponseFailed(ErrorHandler.java:166)
	at org.openqa.selenium.remote.http.JsonHttpResponseCodec.reconstructValue(JsonHttpResponseCodec.java:40)
	at org.openqa.selenium.remote.http.AbstractHttpResponseCodec.decode(AbstractHttpResponseCodec.java:80)
	at org.openqa.selenium.remote.http.AbstractHttpResponseCodec.decode(AbstractHttpResponseCodec.java:44)
	at org.openqa.selenium.remote.HttpCommandExecutor.execute(HttpCommandExecutor.java:158)
	at org.openqa.selenium.remote.service.DriverCommandExecutor.execute(DriverCommandExecutor.java:83)
	at org.openqa.selenium.remote.RemoteWebDriver.execute(RemoteWebDriver.java:545)
	at org.openqa.selenium.remote.RemoteWebDriver.findElements(RemoteWebDriver.java:346)
	at org.openqa.selenium.remote.RemoteWebDriver.findElementsByCssSelector(RemoteWebDriver.java:417)
	at com.ascendlearning.automation.ui.utils.ByCssSelectorExtended.findElements(ByCssSelectorExtended.java:41)
	at org.openqa.selenium.remote.RemoteWebDriver.findElements(RemoteWebDriver.java:307)
	at com.ascendlearning.automation.ui.handlers.BaseHandler.findElements(BaseHandler.java:123)
	at com.ascendlearning.automation.ui.handlers.BaseHandler.findElements(BaseHandler.java:116)
	at com.automation.newati.pages.NewATIBasePage.waitUntillLoadingImageIsDisappeared(NewATIBasePage.java:255)
	... 25 more
... Removed 27 stack frames</pre></div><a href='#' onClick='toggleBox("stack-trace846014380", this, "Click to show all stack frames", "Click to hide stack frames")'>Click to show all stack frames</a>
<div class='stack-trace' id='stack-trace846014380'><pre>com.ascendlearning.automation.ui.exceptions.DriverException: Driver Verification exception:   Unable to wait Untill Loading Image Is not Disappeared
	at com.automation.newati.pages.NewATIBasePage.waitUntillLoadingImageIsDisappeared(NewATIBasePage.java:282)
	at com.automation.newati.regression.learntab.EBookTest.NewATI521_verifyEbookAddedUsingCDN(EBookTest.java:126)
	at sun.reflect.NativeMethodAccessorImpl.invoke0(Native Method)
	at sun.reflect.NativeMethodAccessorImpl.invoke(Unknown Source)
	at sun.reflect.DelegatingMethodAccessorImpl.invoke(Unknown Source)
	at java.lang.reflect.Method.invoke(Unknown Source)
	at org.testng.internal.MethodInvocationHelper.invokeMethod(MethodInvocationHelper.java:85)
	at org.testng.internal.Invoker.invokeMethod(Invoker.java:659)
	at org.testng.internal.Invoker.invokeTestMethod(Invoker.java:845)
	at org.testng.internal.Invoker.invokeTestMethods(Invoker.java:1153)
	at org.testng.internal.TestMethodWorker.invokeTestMethods(TestMethodWorker.java:125)
	at org.testng.internal.TestMethodWorker.run(TestMethodWorker.java:108)
	at org.testng.TestRunner.privateRun(TestRunner.java:771)
	at org.testng.TestRunner.run(TestRunner.java:621)
	at org.testng.SuiteRunner.runTest(SuiteRunner.java:357)
	at org.testng.SuiteRunner.runSequentially(SuiteRunner.java:352)
	at org.testng.SuiteRunner.privateRun(SuiteRunner.java:310)
	at org.testng.SuiteRunner.run(SuiteRunner.java:259)
	at org.testng.SuiteRunnerWorker.runSuite(SuiteRunnerWorker.java:52)
	at org.testng.SuiteRunnerWorker.run(SuiteRunnerWorker.java:86)
	at org.testng.TestNG.runSuitesSequentially(TestNG.java:1199)
	at org.testng.TestNG.runSuitesLocally(TestNG.java:1124)
	at org.testng.TestNG.run(TestNG.java:1032)
	at org.testng.remote.AbstractRemoteTestNG.run(AbstractRemoteTestNG.java:114)
	at org.testng.remote.RemoteTestNG.initAndRun(RemoteTestNG.java:251)
	at org.testng.remote.RemoteTestNG.main(RemoteTestNG.java:77)
Caused by: org.openqa.selenium.WebDriverException: chrome not reachable
  (Session info: chrome=73.0.3683.103)
  (Driver info: chromedriver=2.38.552522 (437e6fbedfa8762dec75e2c5b3ddb86763dc9dcb),platform=Windows NT 10.0.14393 x86_64) (WARNING: The server did not provide any stacktrace information)
Command duration or timeout: 0 milliseconds
Build info: version: &apos;3.11.0&apos;, revision: &apos;e59cfb3&apos;, time: &apos;2018-03-11T20:26:55.152Z&apos;
System info: host: &apos;HMECL000695&apos;, ip: &apos;10.160.240.150&apos;, os.name: &apos;Windows 10&apos;, os.arch: &apos;amd64&apos;, os.version: &apos;10.0&apos;, java.version: &apos;1.8.0_181&apos;
Driver info: org.openqa.selenium.chrome.ChromeDriver
Capabilities {acceptInsecureCerts: false, acceptSslCerts: false, applicationCacheEnabled: false, browserConnectionEnabled: false, browserName: chrome, chrome: {chromedriverVersion: 2.38.552522 (437e6fbedfa876..., userDataDir: C:\Users\SASMIT~1.MIS\AppDa...}, cssSelectorsEnabled: true, databaseEnabled: false, handlesAlerts: true, hasTouchScreen: false, javascriptEnabled: true, locationContextEnabled: true, mobileEmulationEnabled: false, nativeEvents: true, networkConnectionEnabled: false, pageLoadStrategy: normal, platform: XP, platformName: XP, rotatable: false, setWindowRect: true, takesHeapSnapshot: true, takesScreenshot: true, unexpectedAlertBehaviour: , unhandledPromptBehavior: , version: 73.0.3683.103, webStorageEnabled: true}
Session ID: 5d11688ff38598a702b2d15b20a81fc5
*** Element info: {Using=css selector, value=.blockUI.blockMsg.blockPage}
	at sun.reflect.GeneratedConstructorAccessor23.newInstance(Unknown Source)
	at sun.reflect.DelegatingConstructorAccessorImpl.newInstance(Unknown Source)
	at java.lang.reflect.Constructor.newInstance(Unknown Source)
	at org.openqa.selenium.remote.ErrorHandler.createThrowable(ErrorHandler.java:214)
	at org.openqa.selenium.remote.ErrorHandler.throwIfResponseFailed(ErrorHandler.java:166)
	at org.openqa.selenium.remote.http.JsonHttpResponseCodec.reconstructValue(JsonHttpResponseCodec.java:40)
	at org.openqa.selenium.remote.http.AbstractHttpResponseCodec.decode(AbstractHttpResponseCodec.java:80)
	at org.openqa.selenium.remote.http.AbstractHttpResponseCodec.decode(AbstractHttpResponseCodec.java:44)
	at org.openqa.selenium.remote.HttpCommandExecutor.execute(HttpCommandExecutor.java:158)
	at org.openqa.selenium.remote.service.DriverCommandExecutor.execute(DriverCommandExecutor.java:83)
	at org.openqa.selenium.remote.RemoteWebDriver.execute(RemoteWebDriver.java:545)
	at org.openqa.selenium.remote.RemoteWebDriver.findElements(RemoteWebDriver.java:346)
	at org.openqa.selenium.remote.RemoteWebDriver.findElementsByCssSelector(RemoteWebDriver.java:417)
	at com.ascendlearning.automation.ui.utils.ByCssSelectorExtended.findElements(ByCssSelectorExtended.java:41)
	at org.openqa.selenium.remote.RemoteWebDriver.findElements(RemoteWebDriver.java:307)
	at com.ascendlearning.automation.ui.handlers.BaseHandler.findElements(BaseHandler.java:123)
	at com.ascendlearning.automation.ui.handlers.BaseHandler.findElements(BaseHandler.java:116)
	at com.automation.newati.pages.NewATIBasePage.waitUntillLoadingImageIsDisappeared(NewATIBasePage.java:255)
	... 25 more
</pre></div></td>
<td>5</td>
<td>com.automation.newati.regression.learntab.EBookTest@568bf312</td></tr>
<tr>
<td title='com.automation.newati.quiz.QuizTest.NewATI97_VerifyQuizBankFunctionality()'><b>NewATI97_VerifyQuizBankFunctionality</b><br>Test class: com.automation.newati.quiz.QuizTest<br>Test method: Quiz Bank Functionality::Test Tab<br/>
<a href="#Output-954723689" onClick='toggleBox("Output-954723689", this, "Show output", "Hide output");'>Show output</a>

<a href="#Output-954723689" onClick="toggleAllBoxes();">Show all outputs</a>
<div class='log' id="Output-954723689">

Unable to login To Applicationorg.openqa.selenium.WebDriverException: chrome not reachable
  (Session info: chrome=73.0.3683.103)
  (Driver info: chromedriver=2.38.552522 (437e6fbedfa8762dec75e2c5b3ddb86763dc9dcb),platform=Windows NT 10.0.14393 x86_64) (WARNING: The server did not provide any stacktrace information)
Command duration or timeout: 0 milliseconds
Build info: version: '3.11.0', revision: 'e59cfb3', time: '2018-03-11T20:26:55.152Z'
System info: host: 'HMECL000695', ip: '10.160.240.150', os.name: 'Windows 10', os.arch: 'amd64', os.version: '10.0', java.version: '1.8.0_181'
Driver info: org.openqa.selenium.chrome.ChromeDriver
Capabilities {acceptInsecureCerts: false, acceptSslCerts: false, applicationCacheEnabled: false, browserConnectionEnabled: false, browserName: chrome, chrome: {chromedriverVersion: 2.38.552522 (437e6fbedfa876..., userDataDir: C:\Users\SASMIT~1.MIS\AppDa...}, cssSelectorsEnabled: true, databaseEnabled: false, handlesAlerts: true, hasTouchScreen: false, javascriptEnabled: true, locationContextEnabled: true, mobileEmulationEnabled: false, nativeEvents: true, networkConnectionEnabled: false, pageLoadStrategy: normal, platform: XP, platformName: XP, rotatable: false, setWindowRect: true, takesHeapSnapshot: true, takesScreenshot: true, unexpectedAlertBehaviour: , unhandledPromptBehavior: , version: 73.0.3683.103, webStorageEnabled: true}
Session ID: b25e5c0c90f4d33a8c7a8753ca982338<br/>
</div>
</td>
<td><div><pre>com.ascendlearning.automation.ui.exceptions.DriverException: Driver Verification exception:   Unable to login To Application
	at com.automation.newati.pages.LoginPage2.loginToApplication(LoginPage2.java:143)
	at com.automation.newati.quiz.QuizTest.NewATI97_VerifyQuizBankFunctionality(QuizTest.java:70)
Caused by: org.openqa.selenium.WebDriverException: chrome not reachable
  (Session info: chrome=73.0.3683.103)
  (Driver info: chromedriver=2.38.552522 (437e6fbedfa8762dec75e2c5b3ddb86763dc9dcb),platform=Windows NT 10.0.14393 x86_64) (WARNING: The server did not provide any stacktrace information)
Command duration or timeout: 0 milliseconds
Build info: version: &apos;3.11.0&apos;, revision: &apos;e59cfb3&apos;, time: &apos;2018-03-11T20:26:55.152Z&apos;
System info: host: &apos;HMECL000695&apos;, ip: &apos;10.160.240.150&apos;, os.name: &apos;Windows 10&apos;, os.arch: &apos;amd64&apos;, os.version: &apos;10.0&apos;, java.version: &apos;1.8.0_181&apos;
Driver info: org.openqa.selenium.chrome.ChromeDriver
Capabilities {acceptInsecureCerts: false, acceptSslCerts: false, applicationCacheEnabled: false, browserConnectionEnabled: false, browserName: chrome, chrome: {chromedriverVersion: 2.38.552522 (437e6fbedfa876..., userDataDir: C:\Users\SASMIT~1.MIS\AppDa...}, cssSelectorsEnabled: true, databaseEnabled: false, handlesAlerts: true, hasTouchScreen: false, javascriptEnabled: true, locationContextEnabled: true, mobileEmulationEnabled: false, nativeEvents: true, networkConnectionEnabled: false, pageLoadStrategy: normal, platform: XP, platformName: XP, rotatable: false, setWindowRect: true, takesHeapSnapshot: true, takesScreenshot: true, unexpectedAlertBehaviour: , unhandledPromptBehavior: , version: 73.0.3683.103, webStorageEnabled: true}
Session ID: b25e5c0c90f4d33a8c7a8753ca982338
	at org.openqa.selenium.remote.ErrorHandler.createThrowable(ErrorHandler.java:214)
	at org.openqa.selenium.remote.ErrorHandler.throwIfResponseFailed(ErrorHandler.java:166)
	at org.openqa.selenium.remote.http.JsonHttpResponseCodec.reconstructValue(JsonHttpResponseCodec.java:40)
	at org.openqa.selenium.remote.http.AbstractHttpResponseCodec.decode(AbstractHttpResponseCodec.java:80)
	at org.openqa.selenium.remote.http.AbstractHttpResponseCodec.decode(AbstractHttpResponseCodec.java:44)
	at org.openqa.selenium.remote.HttpCommandExecutor.execute(HttpCommandExecutor.java:158)
	at org.openqa.selenium.remote.service.DriverCommandExecutor.execute(DriverCommandExecutor.java:83)
	at org.openqa.selenium.remote.RemoteWebDriver.execute(RemoteWebDriver.java:545)
	at org.openqa.selenium.remote.RemoteWebDriver.get(RemoteWebDriver.java:273)
	at com.automation.newati.pages.LoginPage2.loginToApplication(LoginPage2.java:81)
	... 25 more
... Removed 27 stack frames</pre></div><a href='#' onClick='toggleBox("stack-trace954723689", this, "Click to show all stack frames", "Click to hide stack frames")'>Click to show all stack frames</a>
<div class='stack-trace' id='stack-trace954723689'><pre>com.ascendlearning.automation.ui.exceptions.DriverException: Driver Verification exception:   Unable to login To Application
	at com.automation.newati.pages.LoginPage2.loginToApplication(LoginPage2.java:143)
	at com.automation.newati.quiz.QuizTest.NewATI97_VerifyQuizBankFunctionality(QuizTest.java:70)
	at sun.reflect.NativeMethodAccessorImpl.invoke0(Native Method)
	at sun.reflect.NativeMethodAccessorImpl.invoke(Unknown Source)
	at sun.reflect.DelegatingMethodAccessorImpl.invoke(Unknown Source)
	at java.lang.reflect.Method.invoke(Unknown Source)
	at org.testng.internal.MethodInvocationHelper.invokeMethod(MethodInvocationHelper.java:85)
	at org.testng.internal.Invoker.invokeMethod(Invoker.java:659)
	at org.testng.internal.Invoker.invokeTestMethod(Invoker.java:845)
	at org.testng.internal.Invoker.invokeTestMethods(Invoker.java:1153)
	at org.testng.internal.TestMethodWorker.invokeTestMethods(TestMethodWorker.java:125)
	at org.testng.internal.TestMethodWorker.run(TestMethodWorker.java:108)
	at org.testng.TestRunner.privateRun(TestRunner.java:771)
	at org.testng.TestRunner.run(TestRunner.java:621)
	at org.testng.SuiteRunner.runTest(SuiteRunner.java:357)
	at org.testng.SuiteRunner.runSequentially(SuiteRunner.java:352)
	at org.testng.SuiteRunner.privateRun(SuiteRunner.java:310)
	at org.testng.SuiteRunner.run(SuiteRunner.java:259)
	at org.testng.SuiteRunnerWorker.runSuite(SuiteRunnerWorker.java:52)
	at org.testng.SuiteRunnerWorker.run(SuiteRunnerWorker.java:86)
	at org.testng.TestNG.runSuitesSequentially(TestNG.java:1199)
	at org.testng.TestNG.runSuitesLocally(TestNG.java:1124)
	at org.testng.TestNG.run(TestNG.java:1032)
	at org.testng.remote.AbstractRemoteTestNG.run(AbstractRemoteTestNG.java:114)
	at org.testng.remote.RemoteTestNG.initAndRun(RemoteTestNG.java:251)
	at org.testng.remote.RemoteTestNG.main(RemoteTestNG.java:77)
Caused by: org.openqa.selenium.WebDriverException: chrome not reachable
  (Session info: chrome=73.0.3683.103)
  (Driver info: chromedriver=2.38.552522 (437e6fbedfa8762dec75e2c5b3ddb86763dc9dcb),platform=Windows NT 10.0.14393 x86_64) (WARNING: The server did not provide any stacktrace information)
Command duration or timeout: 0 milliseconds
Build info: version: &apos;3.11.0&apos;, revision: &apos;e59cfb3&apos;, time: &apos;2018-03-11T20:26:55.152Z&apos;
System info: host: &apos;HMECL000695&apos;, ip: &apos;10.160.240.150&apos;, os.name: &apos;Windows 10&apos;, os.arch: &apos;amd64&apos;, os.version: &apos;10.0&apos;, java.version: &apos;1.8.0_181&apos;
Driver info: org.openqa.selenium.chrome.ChromeDriver
Capabilities {acceptInsecureCerts: false, acceptSslCerts: false, applicationCacheEnabled: false, browserConnectionEnabled: false, browserName: chrome, chrome: {chromedriverVersion: 2.38.552522 (437e6fbedfa876..., userDataDir: C:\Users\SASMIT~1.MIS\AppDa...}, cssSelectorsEnabled: true, databaseEnabled: false, handlesAlerts: true, hasTouchScreen: false, javascriptEnabled: true, locationContextEnabled: true, mobileEmulationEnabled: false, nativeEvents: true, networkConnectionEnabled: false, pageLoadStrategy: normal, platform: XP, platformName: XP, rotatable: false, setWindowRect: true, takesHeapSnapshot: true, takesScreenshot: true, unexpectedAlertBehaviour: , unhandledPromptBehavior: , version: 73.0.3683.103, webStorageEnabled: true}
Session ID: b25e5c0c90f4d33a8c7a8753ca982338
	at sun.reflect.GeneratedConstructorAccessor23.newInstance(Unknown Source)
	at sun.reflect.DelegatingConstructorAccessorImpl.newInstance(Unknown Source)
	at java.lang.reflect.Constructor.newInstance(Unknown Source)
	at org.openqa.selenium.remote.ErrorHandler.createThrowable(ErrorHandler.java:214)
	at org.openqa.selenium.remote.ErrorHandler.throwIfResponseFailed(ErrorHandler.java:166)
	at org.openqa.selenium.remote.http.JsonHttpResponseCodec.reconstructValue(JsonHttpResponseCodec.java:40)
	at org.openqa.selenium.remote.http.AbstractHttpResponseCodec.decode(AbstractHttpResponseCodec.java:80)
	at org.openqa.selenium.remote.http.AbstractHttpResponseCodec.decode(AbstractHttpResponseCodec.java:44)
	at org.openqa.selenium.remote.HttpCommandExecutor.execute(HttpCommandExecutor.java:158)
	at org.openqa.selenium.remote.service.DriverCommandExecutor.execute(DriverCommandExecutor.java:83)
	at org.openqa.selenium.remote.RemoteWebDriver.execute(RemoteWebDriver.java:545)
	at org.openqa.selenium.remote.RemoteWebDriver.get(RemoteWebDriver.java:273)
	at com.automation.newati.pages.LoginPage2.loginToApplication(LoginPage2.java:81)
	... 25 more
</pre></div></td>
<td>7</td>
<td>com.automation.newati.quiz.QuizTest@400cff1a</td></tr>
<tr>
<td title='com.automation.newati.myati.others.SortFilters.NewATI98_VerifyApplyTabSortOption()'><b>NewATI98_VerifyApplyTabSortOption</b><br>Test class: com.automation.newati.myati.others.SortFilters<br>Test method: NewATI-98:Apply Tab - View and Sort<br/>
<a href="#Output-1475842502" onClick='toggleBox("Output-1475842502", this, "Show output", "Hide output");'>Show output</a>

<a href="#Output-1475842502" onClick="toggleAllBoxes();">Show all outputs</a>
<div class='log' id="Output-1475842502">

NewATI98_VerifyApplyTabSortOption Start<br/>

Unable to login To Applicationorg.openqa.selenium.NoSuchElementException: no such element: Unable to locate element: {"method":"css selector","selector":"input[data-atiid='loginAction']"}
  (Session info: chrome=73.0.3683.103)
  (Driver info: chromedriver=2.38.552522 (437e6fbedfa8762dec75e2c5b3ddb86763dc9dcb),platform=Windows NT 10.0.14393 x86_64) (WARNING: The server did not provide any stacktrace information)
Command duration or timeout: 0 milliseconds
For documentation on this error, please visit: http://seleniumhq.org/exceptions/no_such_element.html
Build info: version: '3.11.0', revision: 'e59cfb3', time: '2018-03-11T20:26:55.152Z'
System info: host: 'HMECL000695', ip: '10.160.240.150', os.name: 'Windows 10', os.arch: 'amd64', os.version: '10.0', java.version: '1.8.0_181'
Driver info: org.openqa.selenium.chrome.ChromeDriver
Capabilities {acceptInsecureCerts: false, acceptSslCerts: false, applicationCacheEnabled: false, browserConnectionEnabled: false, browserName: chrome, chrome: {chromedriverVersion: 2.38.552522 (437e6fbedfa876..., userDataDir: C:\Users\SASMIT~1.MIS\AppDa...}, cssSelectorsEnabled: true, databaseEnabled: false, handlesAlerts: true, hasTouchScreen: false, javascriptEnabled: true, locationContextEnabled: true, mobileEmulationEnabled: false, nativeEvents: true, networkConnectionEnabled: false, pageLoadStrategy: normal, platform: XP, platformName: XP, rotatable: false, setWindowRect: true, takesHeapSnapshot: true, takesScreenshot: true, unexpectedAlertBehaviour: , unhandledPromptBehavior: , version: 73.0.3683.103, webStorageEnabled: true}
Session ID: 67b67d987a3cd7284a2c00243df27d41
*** Element info: {Using=css selector, value=input[data-atiid='loginAction']}<br/>
</div>
</td>
<td><div><pre>com.ascendlearning.automation.ui.exceptions.DriverException: Driver Verification exception:   Unable to login To Application
	at com.automation.newati.pages.LoginPage2.loginToApplication(LoginPage2.java:143)
	at com.automation.newati.myati.others.SortFilters.NewATI98_VerifyApplyTabSortOption(SortFilters.java:291)
Caused by: org.openqa.selenium.NoSuchElementException: no such element: Unable to locate element: {&quot;method&quot;:&quot;css selector&quot;,&quot;selector&quot;:&quot;input[data-atiid=&apos;loginAction&apos;]&quot;}
  (Session info: chrome=73.0.3683.103)
  (Driver info: chromedriver=2.38.552522 (437e6fbedfa8762dec75e2c5b3ddb86763dc9dcb),platform=Windows NT 10.0.14393 x86_64) (WARNING: The server did not provide any stacktrace information)
Command duration or timeout: 0 milliseconds
For documentation on this error, please visit: http://seleniumhq.org/exceptions/no_such_element.html
Build info: version: &apos;3.11.0&apos;, revision: &apos;e59cfb3&apos;, time: &apos;2018-03-11T20:26:55.152Z&apos;
System info: host: &apos;HMECL000695&apos;, ip: &apos;10.160.240.150&apos;, os.name: &apos;Windows 10&apos;, os.arch: &apos;amd64&apos;, os.version: &apos;10.0&apos;, java.version: &apos;1.8.0_181&apos;
Driver info: org.openqa.selenium.chrome.ChromeDriver
Capabilities {acceptInsecureCerts: false, acceptSslCerts: false, applicationCacheEnabled: false, browserConnectionEnabled: false, browserName: chrome, chrome: {chromedriverVersion: 2.38.552522 (437e6fbedfa876..., userDataDir: C:\Users\SASMIT~1.MIS\AppDa...}, cssSelectorsEnabled: true, databaseEnabled: false, handlesAlerts: true, hasTouchScreen: false, javascriptEnabled: true, locationContextEnabled: true, mobileEmulationEnabled: false, nativeEvents: true, networkConnectionEnabled: false, pageLoadStrategy: normal, platform: XP, platformName: XP, rotatable: false, setWindowRect: true, takesHeapSnapshot: true, takesScreenshot: true, unexpectedAlertBehaviour: , unhandledPromptBehavior: , version: 73.0.3683.103, webStorageEnabled: true}
Session ID: 67b67d987a3cd7284a2c00243df27d41
*** Element info: {Using=css selector, value=input[data-atiid=&apos;loginAction&apos;]}
	at org.openqa.selenium.remote.ErrorHandler.createThrowable(ErrorHandler.java:214)
	at org.openqa.selenium.remote.ErrorHandler.throwIfResponseFailed(ErrorHandler.java:166)
	at org.openqa.selenium.remote.http.JsonHttpResponseCodec.reconstructValue(JsonHttpResponseCodec.java:40)
	at org.openqa.selenium.remote.http.AbstractHttpResponseCodec.decode(AbstractHttpResponseCodec.java:80)
	at org.openqa.selenium.remote.http.AbstractHttpResponseCodec.decode(AbstractHttpResponseCodec.java:44)
	at org.openqa.selenium.remote.HttpCommandExecutor.execute(HttpCommandExecutor.java:158)
	at org.openqa.selenium.remote.service.DriverCommandExecutor.execute(DriverCommandExecutor.java:83)
	at org.openqa.selenium.remote.RemoteWebDriver.execute(RemoteWebDriver.java:545)
	at org.openqa.selenium.remote.RemoteWebDriver.findElement(RemoteWebDriver.java:319)
	at org.openqa.selenium.remote.RemoteWebDriver.findElementByCssSelector(RemoteWebDriver.java:413)
	at com.ascendlearning.automation.ui.utils.ByCssSelectorExtended.findElement(ByCssSelectorExtended.java:70)
	at org.openqa.selenium.remote.RemoteWebDriver.findElement(RemoteWebDriver.java:311)
	at com.ascendlearning.automation.ui.handlers.BaseHandler.findElement(BaseHandler.java:98)
	at com.ascendlearning.automation.ui.handlers.BaseHandler.findElement(BaseHandler.java:81)
	at com.ascendlearning.automation.ui.handlers.ButtonHandler.clickButton(ButtonHandler.java:33)
	at com.automation.newati.pages.LoginPage2.loginToApplication(LoginPage2.java:103)
	... 25 more
... Removed 28 stack frames</pre></div><a href='#' onClick='toggleBox("stack-trace1475842502", this, "Click to show all stack frames", "Click to hide stack frames")'>Click to show all stack frames</a>
<div class='stack-trace' id='stack-trace1475842502'><pre>com.ascendlearning.automation.ui.exceptions.DriverException: Driver Verification exception:   Unable to login To Application
	at com.automation.newati.pages.LoginPage2.loginToApplication(LoginPage2.java:143)
	at com.automation.newati.myati.others.SortFilters.NewATI98_VerifyApplyTabSortOption(SortFilters.java:291)
	at sun.reflect.NativeMethodAccessorImpl.invoke0(Native Method)
	at sun.reflect.NativeMethodAccessorImpl.invoke(Unknown Source)
	at sun.reflect.DelegatingMethodAccessorImpl.invoke(Unknown Source)
	at java.lang.reflect.Method.invoke(Unknown Source)
	at org.testng.internal.MethodInvocationHelper.invokeMethod(MethodInvocationHelper.java:85)
	at org.testng.internal.Invoker.invokeMethod(Invoker.java:659)
	at org.testng.internal.Invoker.invokeTestMethod(Invoker.java:845)
	at org.testng.internal.Invoker.invokeTestMethods(Invoker.java:1153)
	at org.testng.internal.TestMethodWorker.invokeTestMethods(TestMethodWorker.java:125)
	at org.testng.internal.TestMethodWorker.run(TestMethodWorker.java:108)
	at org.testng.TestRunner.privateRun(TestRunner.java:771)
	at org.testng.TestRunner.run(TestRunner.java:621)
	at org.testng.SuiteRunner.runTest(SuiteRunner.java:357)
	at org.testng.SuiteRunner.runSequentially(SuiteRunner.java:352)
	at org.testng.SuiteRunner.privateRun(SuiteRunner.java:310)
	at org.testng.SuiteRunner.run(SuiteRunner.java:259)
	at org.testng.SuiteRunnerWorker.runSuite(SuiteRunnerWorker.java:52)
	at org.testng.SuiteRunnerWorker.run(SuiteRunnerWorker.java:86)
	at org.testng.TestNG.runSuitesSequentially(TestNG.java:1199)
	at org.testng.TestNG.runSuitesLocally(TestNG.java:1124)
	at org.testng.TestNG.run(TestNG.java:1032)
	at org.testng.remote.AbstractRemoteTestNG.run(AbstractRemoteTestNG.java:114)
	at org.testng.remote.RemoteTestNG.initAndRun(RemoteTestNG.java:251)
	at org.testng.remote.RemoteTestNG.main(RemoteTestNG.java:77)
Caused by: org.openqa.selenium.NoSuchElementException: no such element: Unable to locate element: {&quot;method&quot;:&quot;css selector&quot;,&quot;selector&quot;:&quot;input[data-atiid=&apos;loginAction&apos;]&quot;}
  (Session info: chrome=73.0.3683.103)
  (Driver info: chromedriver=2.38.552522 (437e6fbedfa8762dec75e2c5b3ddb86763dc9dcb),platform=Windows NT 10.0.14393 x86_64) (WARNING: The server did not provide any stacktrace information)
Command duration or timeout: 0 milliseconds
For documentation on this error, please visit: http://seleniumhq.org/exceptions/no_such_element.html
Build info: version: &apos;3.11.0&apos;, revision: &apos;e59cfb3&apos;, time: &apos;2018-03-11T20:26:55.152Z&apos;
System info: host: &apos;HMECL000695&apos;, ip: &apos;10.160.240.150&apos;, os.name: &apos;Windows 10&apos;, os.arch: &apos;amd64&apos;, os.version: &apos;10.0&apos;, java.version: &apos;1.8.0_181&apos;
Driver info: org.openqa.selenium.chrome.ChromeDriver
Capabilities {acceptInsecureCerts: false, acceptSslCerts: false, applicationCacheEnabled: false, browserConnectionEnabled: false, browserName: chrome, chrome: {chromedriverVersion: 2.38.552522 (437e6fbedfa876..., userDataDir: C:\Users\SASMIT~1.MIS\AppDa...}, cssSelectorsEnabled: true, databaseEnabled: false, handlesAlerts: true, hasTouchScreen: false, javascriptEnabled: true, locationContextEnabled: true, mobileEmulationEnabled: false, nativeEvents: true, networkConnectionEnabled: false, pageLoadStrategy: normal, platform: XP, platformName: XP, rotatable: false, setWindowRect: true, takesHeapSnapshot: true, takesScreenshot: true, unexpectedAlertBehaviour: , unhandledPromptBehavior: , version: 73.0.3683.103, webStorageEnabled: true}
Session ID: 67b67d987a3cd7284a2c00243df27d41
*** Element info: {Using=css selector, value=input[data-atiid=&apos;loginAction&apos;]}
	at sun.reflect.NativeConstructorAccessorImpl.newInstance0(Native Method)
	at sun.reflect.NativeConstructorAccessorImpl.newInstance(Unknown Source)
	at sun.reflect.DelegatingConstructorAccessorImpl.newInstance(Unknown Source)
	at java.lang.reflect.Constructor.newInstance(Unknown Source)
	at org.openqa.selenium.remote.ErrorHandler.createThrowable(ErrorHandler.java:214)
	at org.openqa.selenium.remote.ErrorHandler.throwIfResponseFailed(ErrorHandler.java:166)
	at org.openqa.selenium.remote.http.JsonHttpResponseCodec.reconstructValue(JsonHttpResponseCodec.java:40)
	at org.openqa.selenium.remote.http.AbstractHttpResponseCodec.decode(AbstractHttpResponseCodec.java:80)
	at org.openqa.selenium.remote.http.AbstractHttpResponseCodec.decode(AbstractHttpResponseCodec.java:44)
	at org.openqa.selenium.remote.HttpCommandExecutor.execute(HttpCommandExecutor.java:158)
	at org.openqa.selenium.remote.service.DriverCommandExecutor.execute(DriverCommandExecutor.java:83)
	at org.openqa.selenium.remote.RemoteWebDriver.execute(RemoteWebDriver.java:545)
	at org.openqa.selenium.remote.RemoteWebDriver.findElement(RemoteWebDriver.java:319)
	at org.openqa.selenium.remote.RemoteWebDriver.findElementByCssSelector(RemoteWebDriver.java:413)
	at com.ascendlearning.automation.ui.utils.ByCssSelectorExtended.findElement(ByCssSelectorExtended.java:70)
	at org.openqa.selenium.remote.RemoteWebDriver.findElement(RemoteWebDriver.java:311)
	at com.ascendlearning.automation.ui.handlers.BaseHandler.findElement(BaseHandler.java:98)
	at com.ascendlearning.automation.ui.handlers.BaseHandler.findElement(BaseHandler.java:81)
	at com.ascendlearning.automation.ui.handlers.ButtonHandler.clickButton(ButtonHandler.java:33)
	at com.automation.newati.pages.LoginPage2.loginToApplication(LoginPage2.java:103)
	... 25 more
</pre></div></td>
<td>5</td>
<td>com.automation.newati.myati.others.SortFilters@ca263c2</td></tr>
</table><p>
<table width='100%' border='1' class='invocation-skipped'>
<tr><td colspan='4' align='center'><b>SKIPPED TESTS</b></td></tr>
<tr><td><b>Test method</b></td>
<td width="30%"><b>Exception</b></td>
<td width="10%"><b>Time (seconds)</b></td>
<td><b>Instance</b></td>
</tr>
<tr>
<td title='com.automation.newati.myati.test.PracticeAssessmentTest.NewAT462_VerifyTEAS()'><b>NewAT462_VerifyTEAS</b><br>Test class: com.automation.newati.myati.test.PracticeAssessmentTest<br>Test method: Practice Assessments>Complete Assessment Section actions without flagging.::Practice Assessment</td>
<td></td>
<td>0</td>
<td>com.automation.newati.myati.test.PracticeAssessmentTest@45f45fa1</td></tr>
<tr>
<td title='com.automation.newati.tutorial.TutorialTest.NewATI128_VerifyNurseLogicLesson()'><b>NewATI128_VerifyNurseLogicLesson</b><br>Test class: com.automation.newati.tutorial.TutorialTest<br>Test method: Tutorial NurseLogic 2.0 - Lesson : Test Case</td>
<td></td>
<td>0</td>
<td>com.automation.newati.tutorial.TutorialTest@589b3632</td></tr>
<tr>
<td title='com.automation.newati.learntab.VerifyTutorialTest.NewATI129_VerifyTutorialAssessmentTest()'><b>NewATI129_VerifyTutorialAssessmentTest</b><br>Test class: com.automation.newati.learntab.VerifyTutorialTest<br>Test method: Tutorials Assessment Test case</td>
<td></td>
<td>0</td>
<td>com.automation.newati.learntab.VerifyTutorialTest@534df152</td></tr>
<tr>
<td title='com.automation.newati.tutorial.TutorialTestNew.NewATI130_VerifyTutorialSkillsModulePreTest()'><b>NewATI130_VerifyTutorialSkillsModulePreTest</b><br>Test class: com.automation.newati.tutorial.TutorialTestNew<br>Test method: NewATI-130:Skills Module : PreTest Button</td>
<td></td>
<td>0</td>
<td>com.automation.newati.tutorial.TutorialTestNew@67e2d983</td></tr>
<tr>
<td title='com.automation.newati.tutorial.TutorialTest.NewATI133_VerifyNurseLogicLesson()'><b>NewATI133_VerifyNurseLogicLesson</b><br>Test class: com.automation.newati.tutorial.TutorialTest<br>Test method: NewATI-133:Tutorials Lesson Test case(Nurse logic 2.0)</td>
<td></td>
<td>0</td>
<td>com.automation.newati.tutorial.TutorialTest@589b3632</td></tr>
<tr>
<td title='com.automation.newati.tutorial.TutorialTest.NewATI134_VerifyTutorialRationale()'><b>NewATI134_VerifyTutorialRationale</b><br>Test class: com.automation.newati.tutorial.TutorialTest<br>Test method: NewATI-134:Tutorial Tests Rational Test case</td>
<td></td>
<td>0</td>
<td>com.automation.newati.tutorial.TutorialTest@589b3632</td></tr>
<tr>
<td title='com.automation.newati.learntab.VerifyTutorialTest.NewATI137_ValidateUserIsAbletoTakeupPharmacologyMadeEasyTest()'><b>NewATI137_ValidateUserIsAbletoTakeupPharmacologyMadeEasyTest</b><br>Test class: com.automation.newati.learntab.VerifyTutorialTest<br>Test method: NewATI-137-Validate user is able to take up Pharmacology Made Easy 3.0</td>
<td></td>
<td>0</td>
<td>com.automation.newati.learntab.VerifyTutorialTest@534df152</td></tr>
<tr>
<td title='com.automation.newati.tutorial.TutorialTest.NewATI139_VerifyNurseLogicBeginTest()'><b>NewATI139_VerifyNurseLogicBeginTest</b><br>Test class: com.automation.newati.tutorial.TutorialTest<br>Test method: NewATI-139 Tutorial NurseLogic 2.0 - Test : Test Case</td>
<td></td>
<td>0</td>
<td>com.automation.newati.tutorial.TutorialTest@589b3632</td></tr>
<tr>
<td title='com.automation.newati.learntab.VerifyTutorialTest.NewATI140_VerifyDosageCalculationLesson()'><b>NewATI140_VerifyDosageCalculationLesson</b><br>Test class: com.automation.newati.learntab.VerifyTutorialTest<br>Test method: Dosage Calculation Tutorial Lesson Test case::Learn Tab</td>
<td></td>
<td>0</td>
<td>com.automation.newati.learntab.VerifyTutorialTest@534df152</td></tr>
<tr>
<td title='com.automation.newati.learntab.VerifyTutorialTest.NewATI142_ValidateUserIsAbletoTakeupDosageCalculationTutorialTest()'><b>NewATI142_ValidateUserIsAbletoTakeupDosageCalculationTutorialTest</b><br>Test class: com.automation.newati.learntab.VerifyTutorialTest<br>Test method: Validate user is able to take up Dosage calculation tutorial Test::Learn Tab</td>
<td></td>
<td>0</td>
<td>com.automation.newati.learntab.VerifyTutorialTest@534df152</td></tr>
<tr>
<td title='com.automation.newati.tutorial.TutorialTest.NewATI143_VerifyTutorialSelectInstance()'><b>NewATI143_VerifyTutorialSelectInstance</b><br>Test class: com.automation.newati.tutorial.TutorialTest<br>Test method: NewATI-143:Tutorial Select Instance</td>
<td></td>
<td>0</td>
<td>com.automation.newati.tutorial.TutorialTest@589b3632</td></tr>
<tr>
<td title='com.automation.newati.tutorial.TutorialTest.NewATI152_VerifyHideDisabledCheckbox()'><b>NewATI152_VerifyHideDisabledCheckbox</b><br>Test class: com.automation.newati.tutorial.TutorialTest<br>Test method: NewATI-152:Hide disabled products checkbox(Test Tab)</td>
<td></td>
<td>0</td>
<td>com.automation.newati.tutorial.TutorialTest@589b3632</td></tr>
<tr>
<td title='com.automation.newati.learntab.VerifyTutorialTest.NewATI153_VerifySTTTest()'><b>NewATI153_VerifySTTTest</b><br>Test class: com.automation.newati.learntab.VerifyTutorialTest<br>Test method: NewATI-153:STT Tutorials Test Regression</td>
<td></td>
<td>0</td>
<td>com.automation.newati.learntab.VerifyTutorialTest@534df152</td></tr>
<tr>
<td title='com.automation.newati.myati.others.VerifyContentAreafunctionality.NewATI154_VerifyContentAreaFunctionality()'><b>NewATI154_VerifyContentAreaFunctionality</b><br>Test class: com.automation.newati.myati.others.VerifyContentAreafunctionality<br>Test method: Content Area functionality::My ATI</td>
<td></td>
<td>0</td>
<td>com.automation.newati.myati.others.VerifyContentAreafunctionality@3bbc39f8</td></tr>
<tr>
<td title='com.automation.newati.learntab.VerifyEBookScenariousTest.NewATI36_VerifyEBookTest()'><b>NewATI36_VerifyEBookTest</b><br>Test class: com.automation.newati.learntab.VerifyEBookScenariousTest<br>Test method: Validate user is able to access eBooks::Learn Tab</td>
<td></td>
<td>0</td>
<td>com.automation.newati.learntab.VerifyEBookScenariousTest@75f9eccc</td></tr>
<tr>
<td title='com.automation.newati.learntab.FlashCardTest.NewATI37_VerifyFlashCard()'><b>NewATI37_VerifyFlashCard</b><br>Test class: com.automation.newati.learntab.FlashCardTest<br>Test method: Check for Flashcards:Learn Tab</td>
<td></td>
<td>0</td>
<td>com.automation.newati.learntab.FlashCardTest@29f69090</td></tr>
<tr>
<td title='com.automation.newati.myati.test.PracticeAssessmentTest2.NewATI380_verifyDownloadedReportRNFundamentalsPracticeAssessment()'><b>NewATI380_verifyDownloadedReportRNFundamentalsPracticeAssessment</b><br>Test class: com.automation.newati.myati.test.PracticeAssessmentTest2<br>Test method: Verify if downloaded report of RN Fundamentals Online Practice Assessment 2013 A is matching the IPP page.</td>
<td></td>
<td>0</td>
<td>com.automation.newati.myati.test.PracticeAssessmentTest2@5ea434c8</td></tr>
<tr>
<td title='com.automation.newati.myati.test.PracticeAssessmentTest2.NewATI39_VerifyPracticeRationaleAndAnswers()'><b>NewATI39_VerifyPracticeRationaleAndAnswers</b><br>Test class: com.automation.newati.myati.test.PracticeAssessmentTest2<br>Test method: Verify rationale and if answer can be changed for practice assessments</td>
<td></td>
<td>0</td>
<td>com.automation.newati.myati.test.PracticeAssessmentTest2@5ea434c8</td></tr>
<tr>
<td title='com.automation.newati.learntab.VerifyTutorialTest.NewATI40_VerifySkillsModulesLessonAndTest()'><b>NewATI40_VerifySkillsModulesLessonAndTest</b><br>Test class: com.automation.newati.learntab.VerifyTutorialTest<br>Test method: NewATI-40:Check for Tutorial : Skill Modules</td>
<td></td>
<td>0</td>
<td>com.automation.newati.learntab.VerifyTutorialTest@534df152</td></tr>
<tr>
<td title='com.automation.newati.myati.test.TestTabOthersTest.NewATI43_VerifyOnlineStoreSource()'><b>NewATI43_VerifyOnlineStoreSource</b><br>Test class: com.automation.newati.myati.test.TestTabOthersTest<br>Test method: NewATI-43:Check for Source Online Store</td>
<td></td>
<td>0</td>
<td>com.automation.newati.myati.test.TestTabOthersTest@5d47c63f</td></tr>
<tr>
<td title='com.automation.newati.regression.testtab.VerifyProctoredAssessmentTest.NewATI488_verifySeparateFrameforPorctorAvaliableAssessments()'><b>NewATI488_verifySeparateFrameforPorctorAvaliableAssessments</b><br>Test class: com.automation.newati.regression.testtab.VerifyProctoredAssessmentTest<br>Test method: NewATI-488:Verification for Separate Frame for Porctor avaliable assessments</td>
<td></td>
<td>0</td>
<td>com.automation.newati.regression.testtab.VerifyProctoredAssessmentTest@4c6e276e</td></tr>
<tr>
<td title='com.automation.newati.regression.testtab.VerifyProctoredAssessmentTest.NewATI489_verifyRefreshButtonUnderTestTab()'><b>NewATI489_verifyRefreshButtonUnderTestTab</b><br>Test class: com.automation.newati.regression.testtab.VerifyProctoredAssessmentTest<br>Test method: NewATI-489:Verification for Refresh button in First section under Test tab</td>
<td></td>
<td>0</td>
<td>com.automation.newati.regression.testtab.VerifyProctoredAssessmentTest@4c6e276e</td></tr>
<tr>
<td title='com.automation.newati.regression.testtab.VerifyProctoredAssessmentTest.NewATI490_verifyTheFunctionalityofRefreshButtonUnderTestTab()'><b>NewATI490_verifyTheFunctionalityofRefreshButtonUnderTestTab</b><br>Test class: com.automation.newati.regression.testtab.VerifyProctoredAssessmentTest<br>Test method: NewATI-490:Verification for functionality of Refresh Button under Test tab first section</td>
<td></td>
<td>0</td>
<td>com.automation.newati.regression.testtab.VerifyProctoredAssessmentTest@4c6e276e</td></tr>
<tr>
<td title='com.automation.newati.regression.testtab.VerifyProctoredAssessmentTest.NewATI493_verifyTImeBetweenAttemptsForPracticeAssessment()'><b>NewATI493_verifyTImeBetweenAttemptsForPracticeAssessment</b><br>Test class: com.automation.newati.regression.testtab.VerifyProctoredAssessmentTest<br>Test method:  NewATI-493:Verification for message on Card Front for 'TIme Between Attempts' set for Practice Assessments</td>
<td></td>
<td>0</td>
<td>com.automation.newati.regression.testtab.VerifyProctoredAssessmentTest@4c6e276e</td></tr>
<tr>
<td title='com.automation.newati.regression.testtab.VerifyProctoredAssessmentTest.NewATI495_verifyVisibiityofPracticeAssessmentCardFront()'><b>NewATI495_verifyVisibiityofPracticeAssessmentCardFront</b><br>Test class: com.automation.newati.regression.testtab.VerifyProctoredAssessmentTest<br>Test method: NewATI-495:Verification for visibiity of Practice assessment card front when Time b/w attempts is set.</td>
<td></td>
<td>0</td>
<td>com.automation.newati.regression.testtab.VerifyProctoredAssessmentTest@4c6e276e</td></tr>
<tr>
<td title='com.automation.newati.myati.test.TestTabOthersTest.NewATI496_VerifyTimeBetweenAttempts()'><b>NewATI496_VerifyTimeBetweenAttempts</b><br>Test class: com.automation.newati.myati.test.TestTabOthersTest<br>Test method: NewATI-496:Verification for message on Card Front for 'TIme Between Attempts' set for TUtorial</td>
<td></td>
<td>0</td>
<td>com.automation.newati.myati.test.TestTabOthersTest@5d47c63f</td></tr>
<tr>
<td title='com.automation.newati.myati.test.TestTabOthersTest.NewATI497_VerifyTimeBetweenAttempts()'><b>NewATI497_VerifyTimeBetweenAttempts</b><br>Test class: com.automation.newati.myati.test.TestTabOthersTest<br>Test method: NewATI-497:Verification for visibiity of Tutorial card front when Time b/w attempts is set.</td>
<td></td>
<td>0</td>
<td>com.automation.newati.myati.test.TestTabOthersTest@5d47c63f</td></tr>
<tr>
<td title='com.automation.newati.myati.test.PracticeAssessmentTest2.NewATI49_verifyDownloadedReportAfterPracticeAssessment()'><b>NewATI49_verifyDownloadedReportAfterPracticeAssessment</b><br>Test class: com.automation.newati.myati.test.PracticeAssessmentTest2<br>Test method: Verify if report is downloaded into the machine after a practice assessment is taken</td>
<td></td>
<td>0</td>
<td>com.automation.newati.myati.test.PracticeAssessmentTest2@5ea434c8</td></tr>
<tr>
<td title='com.automation.newati.learntab.VerifyTutorialTest.NewATI510_VerifySkillsModules()'><b>NewATI510_VerifySkillsModules</b><br>Test class: com.automation.newati.learntab.VerifyTutorialTest<br>Test method: To verify skills module 2.0 for existing NewATI user::Learn Tab</td>
<td></td>
<td>0</td>
<td>com.automation.newati.learntab.VerifyTutorialTest@534df152</td></tr>
<tr>
<td title='com.automation.newati.tutorial.TutorialTest.NewATI511_VerifySkillsModuleModuleName()'><b>NewATI511_VerifySkillsModuleModuleName</b><br>Test class: com.automation.newati.tutorial.TutorialTest<br>Test method: NewATI-511:Verification for Modules of Skills Module 2.0</td>
<td></td>
<td>0</td>
<td>com.automation.newati.tutorial.TutorialTest@589b3632</td></tr>
<tr>
<td title='com.automation.newati.learntab.FlashCardTest.NewATI513_VerifyFlashcardReport()'><b>NewATI513_VerifyFlashcardReport</b><br>Test class: com.automation.newati.learntab.FlashCardTest<br>Test method: NewATI-513:Verification for Print button on Flash Cards final score card</td>
<td></td>
<td>0</td>
<td>com.automation.newati.learntab.FlashCardTest@29f69090</td></tr>
<tr>
<td title='com.automation.newati.learntab.FlashCardTest.NewATI514_VerifyFlashcardDetails()'><b>NewATI514_VerifyFlashcardDetails</b><br>Test class: com.automation.newati.learntab.FlashCardTest<br>Test method: NewATI-514:Verifcation for content displayed in report by clicking on Print result button for Flashcards</td>
<td></td>
<td>0</td>
<td>com.automation.newati.learntab.FlashCardTest@29f69090</td></tr>
<tr>
<td title='com.automation.newati.regression.testtab.VerifyPracticeAssessmentTest.NewATI51_VerifyReportFeature()'><b>NewATI51_VerifyReportFeature</b><br>Test class: com.automation.newati.regression.testtab.VerifyPracticeAssessmentTest<br>Test method: NewATI-51:To check the results and report for an assessment</td>
<td></td>
<td>0</td>
<td>com.automation.newati.regression.testtab.VerifyPracticeAssessmentTest@4ae3c1cd</td></tr>
<tr>
<td title='com.automation.newati.learntab.VerifyEBookScenariousTest.NewATI528_VerifyEBookDuplicateModuleName()'><b>NewATI528_VerifyEBookDuplicateModuleName</b><br>Test class: com.automation.newati.learntab.VerifyEBookScenariousTest<br>Test method: NewATI-528:Verify duplicate modules for e-books.</td>
<td></td>
<td>0</td>
<td>com.automation.newati.learntab.VerifyEBookScenariousTest@75f9eccc</td></tr>
<tr>
<td title='com.automation.newati.learntab.VerifySmartPrepModuleTest.NewATI543_ValidateSmartPrepReadingModuleTest()'><b>NewATI543_ValidateSmartPrepReadingModuleTest</b><br>Test class: com.automation.newati.learntab.VerifySmartPrepModuleTest<br>Test method: Validate student is able to take Smartprep Reading module::Learn Tab</td>
<td></td>
<td>0</td>
<td>com.automation.newati.learntab.VerifySmartPrepModuleTest@4de5031f</td></tr>
<tr>
<td title='com.automation.newati.tutorial.TutorialTest.NewATI55_VerifyTutorialInfoCard()'><b>NewATI55_VerifyTutorialInfoCard</b><br>Test class: com.automation.newati.tutorial.TutorialTest<br>Test method: NewATI-55:Verify tutorials and their Card front accessability</td>
<td></td>
<td>0</td>
<td>com.automation.newati.tutorial.TutorialTest@589b3632</td></tr>
<tr>
<td title='com.automation.newati.myati.test.TestTabOthersTest.NewATI57_VerifyInstitutionSelfPaySource()'><b>NewATI57_VerifyInstitutionSelfPaySource</b><br>Test class: com.automation.newati.myati.test.TestTabOthersTest<br>Test method: NewATI-57:Check for Source 'Institution - SelfPay'</td>
<td></td>
<td>0</td>
<td>com.automation.newati.myati.test.TestTabOthersTest@5d47c63f</td></tr>
<tr>
<td title='com.automation.newati.myati.others.VerifyBatchtIDinProductIDTest.NewATI59_VerifyBatchtIDinProductID()'><b>NewATI59_VerifyBatchtIDinProductID</b><br>Test class: com.automation.newati.myati.others.VerifyBatchtIDinProductIDTest<br>Test method: NewATI-59: Check for BatchtID in Product ID</td>
<td></td>
<td>0</td>
<td>com.automation.newati.myati.others.VerifyBatchtIDinProductIDTest@525f1e4e</td></tr>
<tr>
<td title='com.automation.newati.learntab.VerifyTutorialTest.NewATI600_VerifyProductsAddedUsingCDN()'><b>NewATI600_VerifyProductsAddedUsingCDN</b><br>Test class: com.automation.newati.learntab.VerifyTutorialTest<br>Test method: NewATI-600:To Verify that the assessments and tutorials in a CDN are imported to the student account.</td>
<td></td>
<td>0</td>
<td>com.automation.newati.learntab.VerifyTutorialTest@534df152</td></tr>
<tr>
<td title='com.automation.newati.regression.testtab.VerifyProctoredAssessmentTest.NewATI606_verifyTEASPracticewithDifferentSectionsEnabled()'><b>NewATI606_verifyTEASPracticewithDifferentSectionsEnabled</b><br>Test class: com.automation.newati.regression.testtab.VerifyProctoredAssessmentTest<br>Test method: NewATI-606:Verification for TEAS Practice with different sections enabled.</td>
<td></td>
<td>0</td>
<td>com.automation.newati.regression.testtab.VerifyProctoredAssessmentTest@4c6e276e</td></tr>
<tr>
<td title='com.automation.newati.regression.testtab.VerifyProctoredAssessmentTest.NewATI652_verifySemesterPaymentisDueupdateMessaging()'><b>NewATI652_verifySemesterPaymentisDueupdateMessaging</b><br>Test class: com.automation.newati.regression.testtab.VerifyProctoredAssessmentTest<br>Test method: NewATI-652:To verify Launching an assessment when semester payment is due update messaging.</td>
<td></td>
<td>0</td>
<td>com.automation.newati.regression.testtab.VerifyProctoredAssessmentTest@4c6e276e</td></tr>
<tr>
<td title='com.automation.newati.tutorial.TutorialTest.NewATI96_VerifySkillsModulePostTestcase()'><b>NewATI96_VerifySkillsModulePostTestcase</b><br>Test class: com.automation.newati.tutorial.TutorialTest<br>Test method: NewATI-96:Skills Module: Post-Test test case</td>
<td></td>
<td>0</td>
<td>com.automation.newati.tutorial.TutorialTest@589b3632</td></tr>
</table><p>
</body>
</html>