<?xml version="1.0" encoding="UTF-8"?>
<!-- Generated by org.testng.reporters.JUnitXMLReporter -->
<testsuite hostname="HMECL000695" name="Verification for  SortFilte" tests="53" failures="11" timestamp="24 Apr 2019 09:58:51 GMT" time="656.269" errors="0">
  <testcase name="@BeforeMethod VerifyLearnTabScenariosReview" time="0.0" classname="com.automation.newati.learntab.FlashCardTest">
    <failure type="com.ascendlearning.automation.ui.exceptions.DriverException" message="Driver Verification exception:   Unable to login To Application">
      <![CDATA[com.ascendlearning.automation.ui.exceptions.DriverException: Driver Verification exception:   Unable to login To Application
	at com.automation.newati.pages.LoginPage2.loginToApplication(LoginPage2.java:143)
	at com.automation.newati.learntab.FlashCardTest.VerifyLearnTabScenariosReview(FlashCardTest.java:32)
Caused by: org.openqa.selenium.WebDriverException: chrome not reachable
  (Session info: chrome=73.0.3683.103)
  (Driver info: chromedriver=2.38.552522 (437e6fbedfa8762dec75e2c5b3ddb86763dc9dcb),platform=Windows NT 10.0.14393 x86_64) (WARNING: The server did not provide any stacktrace information)
Command duration or timeout: 0 milliseconds
Build info: version: '3.11.0', revision: 'e59cfb3', time: '2018-03-11T20:26:55.152Z'
System info: host: 'HMECL000695', ip: '10.160.240.150', os.name: 'Windows 10', os.arch: 'amd64', os.version: '10.0', java.version: '1.8.0_181'
Driver info: org.openqa.selenium.chrome.ChromeDriver
Capabilities {acceptInsecureCerts: false, acceptSslCerts: false, applicationCacheEnabled: false, browserConnectionEnabled: false, browserName: chrome, chrome: {chromedriverVersion: 2.38.552522 (437e6fbedfa876..., userDataDir: C:\Users\SASMIT~1.MIS\AppDa...}, cssSelectorsEnabled: true, databaseEnabled: false, handlesAlerts: true, hasTouchScreen: false, javascriptEnabled: true, locationContextEnabled: true, mobileEmulationEnabled: false, nativeEvents: true, networkConnectionEnabled: false, pageLoadStrategy: normal, platform: XP, platformName: XP, rotatable: false, setWindowRect: true, takesHeapSnapshot: true, takesScreenshot: true, unexpectedAlertBehaviour: , unhandledPromptBehavior: , version: 73.0.3683.103, webStorageEnabled: true}
Session ID: 873af074144a635dd622fff5e2964696
	at org.openqa.selenium.remote.ErrorHandler.createThrowable(ErrorHandler.java:214)
	at org.openqa.selenium.remote.ErrorHandler.throwIfResponseFailed(ErrorHandler.java:166)
	at org.openqa.selenium.remote.http.JsonHttpResponseCodec.reconstructValue(JsonHttpResponseCodec.java:40)
	at org.openqa.selenium.remote.http.AbstractHttpResponseCodec.decode(AbstractHttpResponseCodec.java:80)
	at org.openqa.selenium.remote.http.AbstractHttpResponseCodec.decode(AbstractHttpResponseCodec.java:44)
	at org.openqa.selenium.remote.HttpCommandExecutor.execute(HttpCommandExecutor.java:158)
	at org.openqa.selenium.remote.service.DriverCommandExecutor.execute(DriverCommandExecutor.java:83)
	at org.openqa.selenium.remote.RemoteWebDriver.execute(RemoteWebDriver.java:545)
	at org.openqa.selenium.remote.RemoteWebDriver.get(RemoteWebDriver.java:273)
	at com.automation.newati.pages.LoginPage2.loginToApplication(LoginPage2.java:81)
	... 27 more
... Removed 29 stack frames]]>
    </failure>
  </testcase> <!-- @BeforeMethod VerifyLearnTabScenariosReview -->
  <testcase name="@BeforeMethod setup" time="0.0" classname="com.automation.newati.learntab.FlashCardTest">
    <skipped/>
  </testcase> <!-- @BeforeMethod setup -->
  <testcase name="@BeforeMethod VerifyLearnTabScenariosReview" time="0.0" classname="com.automation.newati.learntab.FlashCardTest">
    <skipped/>
  </testcase> <!-- @BeforeMethod VerifyLearnTabScenariosReview -->
  <testcase name="@BeforeMethod setup" time="0.0" classname="com.automation.newati.learntab.FlashCardTest">
    <skipped/>
  </testcase> <!-- @BeforeMethod setup -->
  <testcase name="@BeforeMethod VerifyLearnTabScenariosReview" time="0.0" classname="com.automation.newati.learntab.FlashCardTest">
    <skipped/>
  </testcase> <!-- @BeforeMethod VerifyLearnTabScenariosReview -->
  <testcase name="@BeforeMethod setup" time="0.0" classname="com.automation.newati.learntab.VerifyEBookScenariousTest">
    <skipped/>
  </testcase> <!-- @BeforeMethod setup -->
  <testcase name="@BeforeMethod verifyHomePage" time="0.0" classname="com.automation.newati.learntab.VerifyEBookScenariousTest">
    <skipped/>
  </testcase> <!-- @BeforeMethod verifyHomePage -->
  <testcase name="@BeforeMethod setup" time="0.0" classname="com.automation.newati.learntab.VerifyEBookScenariousTest">
    <skipped/>
  </testcase> <!-- @BeforeMethod setup -->
  <testcase name="@BeforeMethod verifyHomePage" time="0.0" classname="com.automation.newati.learntab.VerifyEBookScenariousTest">
    <skipped/>
  </testcase> <!-- @BeforeMethod verifyHomePage -->
  <testcase name="@BeforeMethod setup" time="0.0" classname="com.automation.newati.myati.test.TestTabOthersTest">
    <skipped/>
  </testcase> <!-- @BeforeMethod setup -->
  <testcase name="@BeforeMethod setUp" time="0.0" classname="com.automation.newati.myati.test.TestTabOthersTest">
    <skipped/>
  </testcase> <!-- @BeforeMethod setUp -->
  <testcase name="@BeforeMethod setup" time="0.0" classname="com.automation.newati.myati.test.TestTabOthersTest">
    <skipped/>
  </testcase> <!-- @BeforeMethod setup -->
  <testcase name="@BeforeMethod setUp" time="0.0" classname="com.automation.newati.myati.test.TestTabOthersTest">
    <skipped/>
  </testcase> <!-- @BeforeMethod setUp -->
  <testcase name="@BeforeMethod setup" time="0.0" classname="com.automation.newati.myati.test.TestTabOthersTest">
    <skipped/>
  </testcase> <!-- @BeforeMethod setup -->
  <testcase name="@BeforeMethod setUp" time="0.0" classname="com.automation.newati.myati.test.TestTabOthersTest">
    <skipped/>
  </testcase> <!-- @BeforeMethod setUp -->
  <testcase name="@BeforeMethod setup" time="0.0" classname="com.automation.newati.myati.test.TestTabOthersTest">
    <skipped/>
  </testcase> <!-- @BeforeMethod setup -->
  <testcase name="@BeforeMethod setUp" time="0.0" classname="com.automation.newati.myati.test.TestTabOthersTest">
    <skipped/>
  </testcase> <!-- @BeforeMethod setUp -->
  <testcase name="@BeforeMethod setup" time="0.0" classname="com.automation.newati.myati.test.PracticeAssessmentTest2">
    <skipped/>
  </testcase> <!-- @BeforeMethod setup -->
  <testcase name="@BeforeMethod setUp" time="0.0" classname="com.automation.newati.myati.test.PracticeAssessmentTest2">
    <skipped/>
  </testcase> <!-- @BeforeMethod setUp -->
  <testcase name="@BeforeMethod setup" time="0.0" classname="com.automation.newati.myati.test.PracticeAssessmentTest2">
    <skipped/>
  </testcase> <!-- @BeforeMethod setup -->
  <testcase name="@BeforeMethod setUp" time="0.0" classname="com.automation.newati.myati.test.PracticeAssessmentTest2">
    <skipped/>
  </testcase> <!-- @BeforeMethod setUp -->
  <testcase name="@BeforeMethod setup" time="0.0" classname="com.automation.newati.myati.test.PracticeAssessmentTest2">
    <skipped/>
  </testcase> <!-- @BeforeMethod setup -->
  <testcase name="@BeforeMethod setUp" time="0.0" classname="com.automation.newati.myati.test.PracticeAssessmentTest2">
    <skipped/>
  </testcase> <!-- @BeforeMethod setUp -->
  <testcase name="@BeforeMethod setup" time="0.0" classname="com.automation.newati.myati.test.PracticeAssessmentTest">
    <skipped/>
  </testcase> <!-- @BeforeMethod setup -->
  <testcase name="@BeforeMethod setUp" time="0.0" classname="com.automation.newati.myati.test.PracticeAssessmentTest">
    <skipped/>
  </testcase> <!-- @BeforeMethod setUp -->
  <testcase name="@BeforeMethod setup" time="0.0" classname="com.automation.newati.myati.others.VerifyBatchtIDinProductIDTest">
    <skipped/>
  </testcase> <!-- @BeforeMethod setup -->
  <testcase name="@BeforeMethod verifyHomePage" time="0.0" classname="com.automation.newati.myati.others.VerifyBatchtIDinProductIDTest">
    <skipped/>
  </testcase> <!-- @BeforeMethod verifyHomePage -->
  <testcase name="@BeforeMethod setup" time="0.0" classname="com.automation.newati.myati.others.VerifyContentAreafunctionality">
    <skipped/>
  </testcase> <!-- @BeforeMethod setup -->
  <testcase name="@BeforeMethod VerifyLearnTabScenariosReview" time="0.0" classname="com.automation.newati.myati.others.VerifyContentAreafunctionality">
    <skipped/>
  </testcase> <!-- @BeforeMethod VerifyLearnTabScenariosReview -->
  <testcase name="@BeforeMethod setup" time="0.0" classname="com.automation.newati.tutorial.TutorialTest">
    <skipped/>
  </testcase> <!-- @BeforeMethod setup -->
  <testcase name="@BeforeMethod VerifyLearnTabScenariosReview" time="0.0" classname="com.automation.newati.tutorial.TutorialTest">
    <skipped/>
  </testcase> <!-- @BeforeMethod VerifyLearnTabScenariosReview -->
  <testcase name="@BeforeMethod setup" time="0.0" classname="com.automation.newati.tutorial.TutorialTest">
    <skipped/>
  </testcase> <!-- @BeforeMethod setup -->
  <testcase name="@BeforeMethod VerifyLearnTabScenariosReview" time="0.0" classname="com.automation.newati.tutorial.TutorialTest">
    <skipped/>
  </testcase> <!-- @BeforeMethod VerifyLearnTabScenariosReview -->
  <testcase name="@BeforeMethod setup" time="0.0" classname="com.automation.newati.tutorial.TutorialTest">
    <skipped/>
  </testcase> <!-- @BeforeMethod setup -->
  <testcase name="@BeforeMethod VerifyLearnTabScenariosReview" time="0.0" classname="com.automation.newati.tutorial.TutorialTest">
    <skipped/>
  </testcase> <!-- @BeforeMethod VerifyLearnTabScenariosReview -->
  <testcase name="@BeforeMethod setup" time="0.0" classname="com.automation.newati.tutorial.TutorialTest">
    <skipped/>
  </testcase> <!-- @BeforeMethod setup -->
  <testcase name="@BeforeMethod VerifyLearnTabScenariosReview" time="0.0" classname="com.automation.newati.tutorial.TutorialTest">
    <skipped/>
  </testcase> <!-- @BeforeMethod VerifyLearnTabScenariosReview -->
  <testcase name="@BeforeMethod setup" time="0.0" classname="com.automation.newati.tutorial.TutorialTest">
    <skipped/>
  </testcase> <!-- @BeforeMethod setup -->
  <testcase name="@BeforeMethod VerifyLearnTabScenariosReview" time="0.0" classname="com.automation.newati.tutorial.TutorialTest">
    <skipped/>
  </testcase> <!-- @BeforeMethod VerifyLearnTabScenariosReview -->
  <testcase name="@BeforeMethod setup" time="0.0" classname="com.automation.newati.tutorial.TutorialTest">
    <skipped/>
  </testcase> <!-- @BeforeMethod setup -->
  <testcase name="@BeforeMethod VerifyLearnTabScenariosReview" time="0.0" classname="com.automation.newati.tutorial.TutorialTest">
    <skipped/>
  </testcase> <!-- @BeforeMethod VerifyLearnTabScenariosReview -->
  <testcase name="@BeforeMethod setup" time="0.0" classname="com.automation.newati.tutorial.TutorialTest">
    <skipped/>
  </testcase> <!-- @BeforeMethod setup -->
  <testcase name="@BeforeMethod VerifyLearnTabScenariosReview" time="0.0" classname="com.automation.newati.tutorial.TutorialTest">
    <skipped/>
  </testcase> <!-- @BeforeMethod VerifyLearnTabScenariosReview -->
  <testcase name="@BeforeMethod setup" time="0.0" classname="com.automation.newati.tutorial.TutorialTest">
    <skipped/>
  </testcase> <!-- @BeforeMethod setup -->
  <testcase name="@BeforeMethod VerifyLearnTabScenariosReview" time="0.0" classname="com.automation.newati.tutorial.TutorialTest">
    <skipped/>
  </testcase> <!-- @BeforeMethod VerifyLearnTabScenariosReview -->
  <testcase name="@BeforeMethod setup" time="0.0" classname="com.automation.newati.tutorial.TutorialTest">
    <skipped/>
  </testcase> <!-- @BeforeMethod setup -->
  <testcase name="@BeforeMethod VerifyLearnTabScenariosReview" time="0.0" classname="com.automation.newati.tutorial.TutorialTest">
    <skipped/>
  </testcase> <!-- @BeforeMethod VerifyLearnTabScenariosReview -->
  <testcase name="@BeforeMethod setup" time="0.0" classname="com.automation.newati.regression.testtab.VerifyProctoredAssessmentTest">
    <skipped/>
  </testcase> <!-- @BeforeMethod setup -->
  <testcase name="@BeforeMethod setUp" time="0.0" classname="com.automation.newati.regression.testtab.VerifyProctoredAssessmentTest">
    <skipped/>
  </testcase> <!-- @BeforeMethod setUp -->
  <testcase name="@AfterMethod finalMethod" time="0.0" classname="com.automation.newati.regression.testtab.VerifyProctoredAssessmentTest">
    <skipped/>
  </testcase> <!-- @AfterMethod finalMethod -->
  <testcase name="@BeforeMethod setup" time="0.0" classname="com.automation.newati.regression.testtab.VerifyProctoredAssessmentTest">
    <skipped/>
  </testcase> <!-- @BeforeMethod setup -->
  <testcase name="@BeforeMethod setUp" time="0.0" classname="com.automation.newati.regression.testtab.VerifyProctoredAssessmentTest">
    <skipped/>
  </testcase> <!-- @BeforeMethod setUp -->
  <testcase name="@AfterMethod finalMethod" time="0.0" classname="com.automation.newati.regression.testtab.VerifyProctoredAssessmentTest">
    <skipped/>
  </testcase> <!-- @AfterMethod finalMethod -->
  <testcase name="@BeforeMethod setup" time="0.0" classname="com.automation.newati.regression.testtab.VerifyProctoredAssessmentTest">
    <skipped/>
  </testcase> <!-- @BeforeMethod setup -->
  <testcase name="@BeforeMethod setUp" time="0.0" classname="com.automation.newati.regression.testtab.VerifyProctoredAssessmentTest">
    <skipped/>
  </testcase> <!-- @BeforeMethod setUp -->
  <testcase name="@AfterMethod finalMethod" time="0.0" classname="com.automation.newati.regression.testtab.VerifyProctoredAssessmentTest">
    <skipped/>
  </testcase> <!-- @AfterMethod finalMethod -->
  <testcase name="@BeforeMethod setup" time="0.0" classname="com.automation.newati.regression.testtab.VerifyProctoredAssessmentTest">
    <skipped/>
  </testcase> <!-- @BeforeMethod setup -->
  <testcase name="@BeforeMethod setUp" time="0.0" classname="com.automation.newati.regression.testtab.VerifyProctoredAssessmentTest">
    <skipped/>
  </testcase> <!-- @BeforeMethod setUp -->
  <testcase name="@AfterMethod finalMethod" time="0.0" classname="com.automation.newati.regression.testtab.VerifyProctoredAssessmentTest">
    <skipped/>
  </testcase> <!-- @AfterMethod finalMethod -->
  <testcase name="@BeforeMethod setup" time="0.0" classname="com.automation.newati.regression.testtab.VerifyProctoredAssessmentTest">
    <skipped/>
  </testcase> <!-- @BeforeMethod setup -->
  <testcase name="@BeforeMethod setUp" time="0.0" classname="com.automation.newati.regression.testtab.VerifyProctoredAssessmentTest">
    <skipped/>
  </testcase> <!-- @BeforeMethod setUp -->
  <testcase name="@AfterMethod finalMethod" time="0.0" classname="com.automation.newati.regression.testtab.VerifyProctoredAssessmentTest">
    <skipped/>
  </testcase> <!-- @AfterMethod finalMethod -->
  <testcase name="@BeforeMethod setup" time="0.0" classname="com.automation.newati.regression.testtab.VerifyProctoredAssessmentTest">
    <skipped/>
  </testcase> <!-- @BeforeMethod setup -->
  <testcase name="@BeforeMethod setUp" time="0.0" classname="com.automation.newati.regression.testtab.VerifyProctoredAssessmentTest">
    <skipped/>
  </testcase> <!-- @BeforeMethod setUp -->
  <testcase name="@AfterMethod finalMethod" time="0.0" classname="com.automation.newati.regression.testtab.VerifyProctoredAssessmentTest">
    <skipped/>
  </testcase> <!-- @AfterMethod finalMethod -->
  <testcase name="@BeforeMethod setup" time="0.0" classname="com.automation.newati.regression.testtab.VerifyProctoredAssessmentTest">
    <skipped/>
  </testcase> <!-- @BeforeMethod setup -->
  <testcase name="@BeforeMethod setUp" time="0.0" classname="com.automation.newati.regression.testtab.VerifyProctoredAssessmentTest">
    <skipped/>
  </testcase> <!-- @BeforeMethod setUp -->
  <testcase name="@AfterMethod finalMethod" time="0.0" classname="com.automation.newati.regression.testtab.VerifyProctoredAssessmentTest">
    <skipped/>
  </testcase> <!-- @AfterMethod finalMethod -->
  <testcase name="@BeforeMethod setup" time="0.0" classname="com.automation.newati.regression.testtab.VerifyPracticeAssessmentTest">
    <skipped/>
  </testcase> <!-- @BeforeMethod setup -->
  <testcase name="@BeforeMethod setUp" time="0.0" classname="com.automation.newati.regression.testtab.VerifyPracticeAssessmentTest">
    <skipped/>
  </testcase> <!-- @BeforeMethod setUp -->
  <testcase name="@BeforeMethod setup" time="0.0" classname="com.automation.newati.learntab.VerifyTutorialTest">
    <skipped/>
  </testcase> <!-- @BeforeMethod setup -->
  <testcase name="@BeforeMethod setUp" time="0.0" classname="com.automation.newati.learntab.VerifyTutorialTest">
    <skipped/>
  </testcase> <!-- @BeforeMethod setUp -->
  <testcase name="@BeforeMethod setup" time="0.0" classname="com.automation.newati.learntab.VerifyTutorialTest">
    <skipped/>
  </testcase> <!-- @BeforeMethod setup -->
  <testcase name="@BeforeMethod setUp" time="0.0" classname="com.automation.newati.learntab.VerifyTutorialTest">
    <skipped/>
  </testcase> <!-- @BeforeMethod setUp -->
  <testcase name="@BeforeMethod setup" time="0.0" classname="com.automation.newati.learntab.VerifyTutorialTest">
    <skipped/>
  </testcase> <!-- @BeforeMethod setup -->
  <testcase name="@BeforeMethod setUp" time="0.0" classname="com.automation.newati.learntab.VerifyTutorialTest">
    <skipped/>
  </testcase> <!-- @BeforeMethod setUp -->
  <testcase name="@BeforeMethod setup" time="0.0" classname="com.automation.newati.learntab.VerifyTutorialTest">
    <skipped/>
  </testcase> <!-- @BeforeMethod setup -->
  <testcase name="@BeforeMethod setUp" time="0.0" classname="com.automation.newati.learntab.VerifyTutorialTest">
    <skipped/>
  </testcase> <!-- @BeforeMethod setUp -->
  <testcase name="@BeforeMethod setup" time="0.0" classname="com.automation.newati.learntab.VerifyTutorialTest">
    <skipped/>
  </testcase> <!-- @BeforeMethod setup -->
  <testcase name="@BeforeMethod setUp" time="0.0" classname="com.automation.newati.learntab.VerifyTutorialTest">
    <skipped/>
  </testcase> <!-- @BeforeMethod setUp -->
  <testcase name="@BeforeMethod setup" time="0.0" classname="com.automation.newati.learntab.VerifyTutorialTest">
    <skipped/>
  </testcase> <!-- @BeforeMethod setup -->
  <testcase name="@BeforeMethod setUp" time="0.0" classname="com.automation.newati.learntab.VerifyTutorialTest">
    <skipped/>
  </testcase> <!-- @BeforeMethod setUp -->
  <testcase name="@BeforeMethod setup" time="0.0" classname="com.automation.newati.learntab.VerifyTutorialTest">
    <skipped/>
  </testcase> <!-- @BeforeMethod setup -->
  <testcase name="@BeforeMethod setUp" time="0.0" classname="com.automation.newati.learntab.VerifyTutorialTest">
    <skipped/>
  </testcase> <!-- @BeforeMethod setUp -->
  <testcase name="@BeforeMethod setup" time="0.0" classname="com.automation.newati.learntab.VerifyTutorialTest">
    <skipped/>
  </testcase> <!-- @BeforeMethod setup -->
  <testcase name="@BeforeMethod setUp" time="0.0" classname="com.automation.newati.learntab.VerifyTutorialTest">
    <skipped/>
  </testcase> <!-- @BeforeMethod setUp -->
  <testcase name="@BeforeMethod setup" time="0.0" classname="com.automation.newati.tutorial.TutorialTestNew">
    <skipped/>
  </testcase> <!-- @BeforeMethod setup -->
  <testcase name="@BeforeMethod VerifyLearnTabScenariosReview" time="0.0" classname="com.automation.newati.tutorial.TutorialTestNew">
    <skipped/>
  </testcase> <!-- @BeforeMethod VerifyLearnTabScenariosReview -->
  <testcase name="@BeforeMethod setup" time="0.0" classname="com.automation.newati.learntab.VerifySmartPrepModuleTest">
    <skipped/>
  </testcase> <!-- @BeforeMethod setup -->
  <testcase name="@BeforeMethod setUp" time="0.0" classname="com.automation.newati.learntab.VerifySmartPrepModuleTest">
    <skipped/>
  </testcase> <!-- @BeforeMethod setUp -->
  <testcase name="NewATI109_LearnTabSortFilters" time="11.077" classname="com.automation.newati.myati.others.SortFilters">
    <failure type="com.ascendlearning.automation.ui.exceptions.DriverException" message="Driver Verification exception:   Unable to wait Untill Loading Image Is not Disappeared">
      <![CDATA[com.ascendlearning.automation.ui.exceptions.DriverException: Driver Verification exception:   Unable to wait Untill Loading Image Is not Disappeared
	at com.automation.newati.pages.NewATIBasePage.waitUntillLoadingImageIsDisappeared(NewATIBasePage.java:282)
	at com.automation.newati.myati.others.SortFilters.NewATI109_LearnTabSortFilters(SortFilters.java:51)
Caused by: org.openqa.selenium.WebDriverException: chrome not reachable
  (Session info: chrome=73.0.3683.103)
  (Driver info: chromedriver=2.38.552522 (437e6fbedfa8762dec75e2c5b3ddb86763dc9dcb),platform=Windows NT 10.0.14393 x86_64) (WARNING: The server did not provide any stacktrace information)
Command duration or timeout: 0 milliseconds
Build info: version: '3.11.0', revision: 'e59cfb3', time: '2018-03-11T20:26:55.152Z'
System info: host: 'HMECL000695', ip: '10.160.240.150', os.name: 'Windows 10', os.arch: 'amd64', os.version: '10.0', java.version: '1.8.0_181'
Driver info: org.openqa.selenium.chrome.ChromeDriver
Capabilities {acceptInsecureCerts: false, acceptSslCerts: false, applicationCacheEnabled: false, browserConnectionEnabled: false, browserName: chrome, chrome: {chromedriverVersion: 2.38.552522 (437e6fbedfa876..., userDataDir: C:\Users\SASMIT~1.MIS\AppDa...}, cssSelectorsEnabled: true, databaseEnabled: false, handlesAlerts: true, hasTouchScreen: false, javascriptEnabled: true, locationContextEnabled: true, mobileEmulationEnabled: false, nativeEvents: true, networkConnectionEnabled: false, pageLoadStrategy: normal, platform: XP, platformName: XP, rotatable: false, setWindowRect: true, takesHeapSnapshot: true, takesScreenshot: true, unexpectedAlertBehaviour: , unhandledPromptBehavior: , version: 73.0.3683.103, webStorageEnabled: true}
Session ID: 3d1bd11d16bb65b7c332fe678d5bd442
*** Element info: {Using=css selector, value=.blockUI.blockMsg.blockPage}
	at org.openqa.selenium.remote.ErrorHandler.createThrowable(ErrorHandler.java:214)
	at org.openqa.selenium.remote.ErrorHandler.throwIfResponseFailed(ErrorHandler.java:166)
	at org.openqa.selenium.remote.http.JsonHttpResponseCodec.reconstructValue(JsonHttpResponseCodec.java:40)
	at org.openqa.selenium.remote.http.AbstractHttpResponseCodec.decode(AbstractHttpResponseCodec.java:80)
	at org.openqa.selenium.remote.http.AbstractHttpResponseCodec.decode(AbstractHttpResponseCodec.java:44)
	at org.openqa.selenium.remote.HttpCommandExecutor.execute(HttpCommandExecutor.java:158)
	at org.openqa.selenium.remote.service.DriverCommandExecutor.execute(DriverCommandExecutor.java:83)
	at org.openqa.selenium.remote.RemoteWebDriver.execute(RemoteWebDriver.java:545)
	at org.openqa.selenium.remote.RemoteWebDriver.findElements(RemoteWebDriver.java:346)
	at org.openqa.selenium.remote.RemoteWebDriver.findElementsByCssSelector(RemoteWebDriver.java:417)
	at com.ascendlearning.automation.ui.utils.ByCssSelectorExtended.findElements(ByCssSelectorExtended.java:41)
	at org.openqa.selenium.remote.RemoteWebDriver.findElements(RemoteWebDriver.java:307)
	at com.ascendlearning.automation.ui.handlers.BaseHandler.findElements(BaseHandler.java:123)
	at com.ascendlearning.automation.ui.handlers.BaseHandler.findElements(BaseHandler.java:116)
	at com.automation.newati.pages.NewATIBasePage.waitUntillLoadingImageIsDisappeared(NewATIBasePage.java:255)
	... 25 more
... Removed 27 stack frames]]>
    </failure>
  </testcase> <!-- NewATI109_LearnTabSortFilters -->
  <testcase name="NewATI98_VerifyApplyTabSortOption" time="5.374" classname="com.automation.newati.myati.others.SortFilters">
    <failure type="com.ascendlearning.automation.ui.exceptions.DriverException" message="Driver Verification exception:   Unable to login To Application">
      <![CDATA[com.ascendlearning.automation.ui.exceptions.DriverException: Driver Verification exception:   Unable to login To Application
	at com.automation.newati.pages.LoginPage2.loginToApplication(LoginPage2.java:143)
	at com.automation.newati.myati.others.SortFilters.NewATI98_VerifyApplyTabSortOption(SortFilters.java:291)
Caused by: org.openqa.selenium.NoSuchElementException: no such element: Unable to locate element: {"method":"css selector","selector":"input[data-atiid='loginAction']"}
  (Session info: chrome=73.0.3683.103)
  (Driver info: chromedriver=2.38.552522 (437e6fbedfa8762dec75e2c5b3ddb86763dc9dcb),platform=Windows NT 10.0.14393 x86_64) (WARNING: The server did not provide any stacktrace information)
Command duration or timeout: 0 milliseconds
For documentation on this error, please visit: http://seleniumhq.org/exceptions/no_such_element.html
Build info: version: '3.11.0', revision: 'e59cfb3', time: '2018-03-11T20:26:55.152Z'
System info: host: 'HMECL000695', ip: '10.160.240.150', os.name: 'Windows 10', os.arch: 'amd64', os.version: '10.0', java.version: '1.8.0_181'
Driver info: org.openqa.selenium.chrome.ChromeDriver
Capabilities {acceptInsecureCerts: false, acceptSslCerts: false, applicationCacheEnabled: false, browserConnectionEnabled: false, browserName: chrome, chrome: {chromedriverVersion: 2.38.552522 (437e6fbedfa876..., userDataDir: C:\Users\SASMIT~1.MIS\AppDa...}, cssSelectorsEnabled: true, databaseEnabled: false, handlesAlerts: true, hasTouchScreen: false, javascriptEnabled: true, locationContextEnabled: true, mobileEmulationEnabled: false, nativeEvents: true, networkConnectionEnabled: false, pageLoadStrategy: normal, platform: XP, platformName: XP, rotatable: false, setWindowRect: true, takesHeapSnapshot: true, takesScreenshot: true, unexpectedAlertBehaviour: , unhandledPromptBehavior: , version: 73.0.3683.103, webStorageEnabled: true}
Session ID: 67b67d987a3cd7284a2c00243df27d41
*** Element info: {Using=css selector, value=input[data-atiid='loginAction']}
	at org.openqa.selenium.remote.ErrorHandler.createThrowable(ErrorHandler.java:214)
	at org.openqa.selenium.remote.ErrorHandler.throwIfResponseFailed(ErrorHandler.java:166)
	at org.openqa.selenium.remote.http.JsonHttpResponseCodec.reconstructValue(JsonHttpResponseCodec.java:40)
	at org.openqa.selenium.remote.http.AbstractHttpResponseCodec.decode(AbstractHttpResponseCodec.java:80)
	at org.openqa.selenium.remote.http.AbstractHttpResponseCodec.decode(AbstractHttpResponseCodec.java:44)
	at org.openqa.selenium.remote.HttpCommandExecutor.execute(HttpCommandExecutor.java:158)
	at org.openqa.selenium.remote.service.DriverCommandExecutor.execute(DriverCommandExecutor.java:83)
	at org.openqa.selenium.remote.RemoteWebDriver.execute(RemoteWebDriver.java:545)
	at org.openqa.selenium.remote.RemoteWebDriver.findElement(RemoteWebDriver.java:319)
	at org.openqa.selenium.remote.RemoteWebDriver.findElementByCssSelector(RemoteWebDriver.java:413)
	at com.ascendlearning.automation.ui.utils.ByCssSelectorExtended.findElement(ByCssSelectorExtended.java:70)
	at org.openqa.selenium.remote.RemoteWebDriver.findElement(RemoteWebDriver.java:311)
	at com.ascendlearning.automation.ui.handlers.BaseHandler.findElement(BaseHandler.java:98)
	at com.ascendlearning.automation.ui.handlers.BaseHandler.findElement(BaseHandler.java:81)
	at com.ascendlearning.automation.ui.handlers.ButtonHandler.clickButton(ButtonHandler.java:33)
	at com.automation.newati.pages.LoginPage2.loginToApplication(LoginPage2.java:103)
	... 25 more
... Removed 28 stack frames]]>
    </failure>
  </testcase> <!-- NewATI98_VerifyApplyTabSortOption -->
  <testcase name="NewATI97_VerifyQuizBankFunctionality" time="7.006" classname="com.automation.newati.quiz.QuizTest">
    <failure type="com.ascendlearning.automation.ui.exceptions.DriverException" message="Driver Verification exception:   Unable to login To Application">
      <![CDATA[com.ascendlearning.automation.ui.exceptions.DriverException: Driver Verification exception:   Unable to login To Application
	at com.automation.newati.pages.LoginPage2.loginToApplication(LoginPage2.java:143)
	at com.automation.newati.quiz.QuizTest.NewATI97_VerifyQuizBankFunctionality(QuizTest.java:70)
Caused by: org.openqa.selenium.WebDriverException: chrome not reachable
  (Session info: chrome=73.0.3683.103)
  (Driver info: chromedriver=2.38.552522 (437e6fbedfa8762dec75e2c5b3ddb86763dc9dcb),platform=Windows NT 10.0.14393 x86_64) (WARNING: The server did not provide any stacktrace information)
Command duration or timeout: 0 milliseconds
Build info: version: '3.11.0', revision: 'e59cfb3', time: '2018-03-11T20:26:55.152Z'
System info: host: 'HMECL000695', ip: '10.160.240.150', os.name: 'Windows 10', os.arch: 'amd64', os.version: '10.0', java.version: '1.8.0_181'
Driver info: org.openqa.selenium.chrome.ChromeDriver
Capabilities {acceptInsecureCerts: false, acceptSslCerts: false, applicationCacheEnabled: false, browserConnectionEnabled: false, browserName: chrome, chrome: {chromedriverVersion: 2.38.552522 (437e6fbedfa876..., userDataDir: C:\Users\SASMIT~1.MIS\AppDa...}, cssSelectorsEnabled: true, databaseEnabled: false, handlesAlerts: true, hasTouchScreen: false, javascriptEnabled: true, locationContextEnabled: true, mobileEmulationEnabled: false, nativeEvents: true, networkConnectionEnabled: false, pageLoadStrategy: normal, platform: XP, platformName: XP, rotatable: false, setWindowRect: true, takesHeapSnapshot: true, takesScreenshot: true, unexpectedAlertBehaviour: , unhandledPromptBehavior: , version: 73.0.3683.103, webStorageEnabled: true}
Session ID: b25e5c0c90f4d33a8c7a8753ca982338
	at org.openqa.selenium.remote.ErrorHandler.createThrowable(ErrorHandler.java:214)
	at org.openqa.selenium.remote.ErrorHandler.throwIfResponseFailed(ErrorHandler.java:166)
	at org.openqa.selenium.remote.http.JsonHttpResponseCodec.reconstructValue(JsonHttpResponseCodec.java:40)
	at org.openqa.selenium.remote.http.AbstractHttpResponseCodec.decode(AbstractHttpResponseCodec.java:80)
	at org.openqa.selenium.remote.http.AbstractHttpResponseCodec.decode(AbstractHttpResponseCodec.java:44)
	at org.openqa.selenium.remote.HttpCommandExecutor.execute(HttpCommandExecutor.java:158)
	at org.openqa.selenium.remote.service.DriverCommandExecutor.execute(DriverCommandExecutor.java:83)
	at org.openqa.selenium.remote.RemoteWebDriver.execute(RemoteWebDriver.java:545)
	at org.openqa.selenium.remote.RemoteWebDriver.get(RemoteWebDriver.java:273)
	at com.automation.newati.pages.LoginPage2.loginToApplication(LoginPage2.java:81)
	... 25 more
... Removed 27 stack frames]]>
    </failure>
  </testcase> <!-- NewATI97_VerifyQuizBankFunctionality -->
  <testcase name="NewATI149_VerifyQuizSelectInstance" time="6.287" classname="com.automation.newati.quiz.QuizTest">
    <failure type="com.ascendlearning.automation.ui.exceptions.DriverException" message="Driver Verification exception:   Unable to login To Application">
      <![CDATA[com.ascendlearning.automation.ui.exceptions.DriverException: Driver Verification exception:   Unable to login To Application
	at com.automation.newati.pages.LoginPage2.loginToApplication(LoginPage2.java:143)
	at com.automation.newati.quiz.QuizTest.NewATI149_VerifyQuizSelectInstance(QuizTest.java:287)
Caused by: org.openqa.selenium.WebDriverException: chrome not reachable
  (Session info: chrome=73.0.3683.103)
  (Driver info: chromedriver=2.38.552522 (437e6fbedfa8762dec75e2c5b3ddb86763dc9dcb),platform=Windows NT 10.0.14393 x86_64) (WARNING: The server did not provide any stacktrace information)
Command duration or timeout: 0 milliseconds
Build info: version: '3.11.0', revision: 'e59cfb3', time: '2018-03-11T20:26:55.152Z'
System info: host: 'HMECL000695', ip: '10.160.240.150', os.name: 'Windows 10', os.arch: 'amd64', os.version: '10.0', java.version: '1.8.0_181'
Driver info: org.openqa.selenium.chrome.ChromeDriver
Capabilities {acceptInsecureCerts: false, acceptSslCerts: false, applicationCacheEnabled: false, browserConnectionEnabled: false, browserName: chrome, chrome: {chromedriverVersion: 2.38.552522 (437e6fbedfa876..., userDataDir: C:\Users\SASMIT~1.MIS\AppDa...}, cssSelectorsEnabled: true, databaseEnabled: false, handlesAlerts: true, hasTouchScreen: false, javascriptEnabled: true, locationContextEnabled: true, mobileEmulationEnabled: false, nativeEvents: true, networkConnectionEnabled: false, pageLoadStrategy: normal, platform: XP, platformName: XP, rotatable: false, setWindowRect: true, takesHeapSnapshot: true, takesScreenshot: true, unexpectedAlertBehaviour: , unhandledPromptBehavior: , version: 73.0.3683.103, webStorageEnabled: true}
Session ID: bf9b75a10cac57d99b6ff16b82653a29
*** Element info: {Using=css selector, value=input[name='username']}
	at org.openqa.selenium.remote.ErrorHandler.createThrowable(ErrorHandler.java:214)
	at org.openqa.selenium.remote.ErrorHandler.throwIfResponseFailed(ErrorHandler.java:166)
	at org.openqa.selenium.remote.http.JsonHttpResponseCodec.reconstructValue(JsonHttpResponseCodec.java:40)
	at org.openqa.selenium.remote.http.AbstractHttpResponseCodec.decode(AbstractHttpResponseCodec.java:80)
	at org.openqa.selenium.remote.http.AbstractHttpResponseCodec.decode(AbstractHttpResponseCodec.java:44)
	at org.openqa.selenium.remote.HttpCommandExecutor.execute(HttpCommandExecutor.java:158)
	at org.openqa.selenium.remote.service.DriverCommandExecutor.execute(DriverCommandExecutor.java:83)
	at org.openqa.selenium.remote.RemoteWebDriver.execute(RemoteWebDriver.java:545)
	at org.openqa.selenium.remote.RemoteWebDriver.findElements(RemoteWebDriver.java:346)
	at org.openqa.selenium.remote.RemoteWebDriver.findElementsByCssSelector(RemoteWebDriver.java:417)
	at com.ascendlearning.automation.ui.utils.ByCssSelectorExtended.findElements(ByCssSelectorExtended.java:41)
	at org.openqa.selenium.remote.RemoteWebDriver.findElements(RemoteWebDriver.java:307)
	at com.ascendlearning.automation.ui.handlers.BaseHandler.findElements(BaseHandler.java:123)
	at com.ascendlearning.automation.ui.handlers.BaseHandler.findElements(BaseHandler.java:116)
	at com.ascendlearning.automation.ui.handlers.BaseHandler.isDisplayed(BaseHandler.java:158)
	at com.automation.newati.pages.LoginPage2.loginToApplication(LoginPage2.java:92)
	... 25 more
... Removed 27 stack frames]]>
    </failure>
  </testcase> <!-- NewATI149_VerifyQuizSelectInstance -->
  <testcase name="NewATI31_VerifyQuiz" time="5.808" classname="com.automation.newati.quiz.QuizTest">
    <failure type="com.ascendlearning.automation.ui.exceptions.DriverException" message="Driver Verification exception:   Unable to login To Application">
      <![CDATA[com.ascendlearning.automation.ui.exceptions.DriverException: Driver Verification exception:   Unable to login To Application
	at com.automation.newati.pages.LoginPage2.loginToApplication(LoginPage2.java:143)
	at com.automation.newati.quiz.QuizTest.NewATI31_VerifyQuiz(QuizTest.java:346)
Caused by: org.openqa.selenium.WebDriverException: chrome not reachable
  (Session info: chrome=73.0.3683.103)
  (Driver info: chromedriver=2.38.552522 (437e6fbedfa8762dec75e2c5b3ddb86763dc9dcb),platform=Windows NT 10.0.14393 x86_64) (WARNING: The server did not provide any stacktrace information)
Command duration or timeout: 0 milliseconds
Build info: version: '3.11.0', revision: 'e59cfb3', time: '2018-03-11T20:26:55.152Z'
System info: host: 'HMECL000695', ip: '10.160.240.150', os.name: 'Windows 10', os.arch: 'amd64', os.version: '10.0', java.version: '1.8.0_181'
Driver info: org.openqa.selenium.chrome.ChromeDriver
Capabilities {acceptInsecureCerts: false, acceptSslCerts: false, applicationCacheEnabled: false, browserConnectionEnabled: false, browserName: chrome, chrome: {chromedriverVersion: 2.38.552522 (437e6fbedfa876..., userDataDir: C:\Users\SASMIT~1.MIS\AppDa...}, cssSelectorsEnabled: true, databaseEnabled: false, handlesAlerts: true, hasTouchScreen: false, javascriptEnabled: true, locationContextEnabled: true, mobileEmulationEnabled: false, nativeEvents: true, networkConnectionEnabled: false, pageLoadStrategy: normal, platform: XP, platformName: XP, rotatable: false, setWindowRect: true, takesHeapSnapshot: true, takesScreenshot: true, unexpectedAlertBehaviour: , unhandledPromptBehavior: , version: 73.0.3683.103, webStorageEnabled: true}
Session ID: 9dd7cb3a85465fd8d226a4855b2e18dc
*** Element info: {Using=css selector, value=input[name='username']}
	at org.openqa.selenium.remote.ErrorHandler.createThrowable(ErrorHandler.java:214)
	at org.openqa.selenium.remote.ErrorHandler.throwIfResponseFailed(ErrorHandler.java:166)
	at org.openqa.selenium.remote.http.JsonHttpResponseCodec.reconstructValue(JsonHttpResponseCodec.java:40)
	at org.openqa.selenium.remote.http.AbstractHttpResponseCodec.decode(AbstractHttpResponseCodec.java:80)
	at org.openqa.selenium.remote.http.AbstractHttpResponseCodec.decode(AbstractHttpResponseCodec.java:44)
	at org.openqa.selenium.remote.HttpCommandExecutor.execute(HttpCommandExecutor.java:158)
	at org.openqa.selenium.remote.service.DriverCommandExecutor.execute(DriverCommandExecutor.java:83)
	at org.openqa.selenium.remote.RemoteWebDriver.execute(RemoteWebDriver.java:545)
	at org.openqa.selenium.remote.RemoteWebDriver.findElements(RemoteWebDriver.java:346)
	at org.openqa.selenium.remote.RemoteWebDriver.findElementsByCssSelector(RemoteWebDriver.java:417)
	at com.ascendlearning.automation.ui.utils.ByCssSelectorExtended.findElements(ByCssSelectorExtended.java:41)
	at org.openqa.selenium.remote.RemoteWebDriver.findElements(RemoteWebDriver.java:307)
	at com.ascendlearning.automation.ui.handlers.BaseHandler.findElements(BaseHandler.java:123)
	at com.ascendlearning.automation.ui.handlers.BaseHandler.findElements(BaseHandler.java:116)
	at com.ascendlearning.automation.ui.handlers.BaseHandler.isDisplayed(BaseHandler.java:158)
	at com.automation.newati.pages.LoginPage2.loginToApplication(LoginPage2.java:92)
	... 25 more
... Removed 27 stack frames]]>
    </failure>
  </testcase> <!-- NewATI31_VerifyQuiz -->
  <testcase name="NewATI520_VerifyEbookAddedUsingAddProductTest" time="4.136" classname="com.automation.newati.regression.learntab.EBookTest">
    <failure type="org.openqa.selenium.WebDriverException" message="chrome not reachable
  (Session info: chrome=73.0.3683.103)
  (Driver info: chromedriver=2.38.552522 (437e6fbedfa8762dec75e2c5b3ddb86763dc9dcb),platform=Windows NT 10.0.14393 x86_64) (WARNING: The server did not provide any stacktrace information)
Command duration or timeout: 0 milliseconds
Build info: version: &amp;apos;3.11.0&amp;apos;, revision: &amp;apos;e59cfb3&amp;apos;, time: &amp;apos;2018-03-11T20:26:55.152Z&amp;apos;
System info: host: &amp;apos;HMECL000695&amp;apos;, ip: &amp;apos;10.160.240.150&amp;apos;, os.name: &amp;apos;Windows 10&amp;apos;, os.arch: &amp;apos;amd64&amp;apos;, os.version: &amp;apos;10.0&amp;apos;, java.version: &amp;apos;1.8.0_181&amp;apos;
Driver info: org.openqa.selenium.chrome.ChromeDriver
Capabilities {acceptInsecureCerts: false, acceptSslCerts: false, applicationCacheEnabled: false, browserConnectionEnabled: false, browserName: chrome, chrome: {chromedriverVersion: 2.38.552522 (437e6fbedfa876..., userDataDir: C:\Users\SASMIT~1.MIS\AppDa...}, cssSelectorsEnabled: true, databaseEnabled: false, handlesAlerts: true, hasTouchScreen: false, javascriptEnabled: true, locationContextEnabled: true, mobileEmulationEnabled: false, nativeEvents: true, networkConnectionEnabled: false, pageLoadStrategy: normal, platform: XP, platformName: XP, rotatable: false, setWindowRect: true, takesHeapSnapshot: true, takesScreenshot: true, unexpectedAlertBehaviour: , unhandledPromptBehavior: , version: 73.0.3683.103, webStorageEnabled: true}
Session ID: f3237eb53fd064412775e83eb02ccea8">
      <![CDATA[org.openqa.selenium.WebDriverException: chrome not reachable
  (Session info: chrome=73.0.3683.103)
  (Driver info: chromedriver=2.38.552522 (437e6fbedfa8762dec75e2c5b3ddb86763dc9dcb),platform=Windows NT 10.0.14393 x86_64) (WARNING: The server did not provide any stacktrace information)
Command duration or timeout: 0 milliseconds
Build info: version: '3.11.0', revision: 'e59cfb3', time: '2018-03-11T20:26:55.152Z'
System info: host: 'HMECL000695', ip: '10.160.240.150', os.name: 'Windows 10', os.arch: 'amd64', os.version: '10.0', java.version: '1.8.0_181'
Driver info: org.openqa.selenium.chrome.ChromeDriver
Capabilities {acceptInsecureCerts: false, acceptSslCerts: false, applicationCacheEnabled: false, browserConnectionEnabled: false, browserName: chrome, chrome: {chromedriverVersion: 2.38.552522 (437e6fbedfa876..., userDataDir: C:\Users\SASMIT~1.MIS\AppDa...}, cssSelectorsEnabled: true, databaseEnabled: false, handlesAlerts: true, hasTouchScreen: false, javascriptEnabled: true, locationContextEnabled: true, mobileEmulationEnabled: false, nativeEvents: true, networkConnectionEnabled: false, pageLoadStrategy: normal, platform: XP, platformName: XP, rotatable: false, setWindowRect: true, takesHeapSnapshot: true, takesScreenshot: true, unexpectedAlertBehaviour: , unhandledPromptBehavior: , version: 73.0.3683.103, webStorageEnabled: true}
Session ID: f3237eb53fd064412775e83eb02ccea8
	at org.openqa.selenium.remote.ErrorHandler.createThrowable(ErrorHandler.java:214)
	at org.openqa.selenium.remote.ErrorHandler.throwIfResponseFailed(ErrorHandler.java:166)
	at org.openqa.selenium.remote.http.JsonHttpResponseCodec.reconstructValue(JsonHttpResponseCodec.java:40)
	at org.openqa.selenium.remote.http.AbstractHttpResponseCodec.decode(AbstractHttpResponseCodec.java:80)
	at org.openqa.selenium.remote.http.AbstractHttpResponseCodec.decode(AbstractHttpResponseCodec.java:44)
	at org.openqa.selenium.remote.HttpCommandExecutor.execute(HttpCommandExecutor.java:158)
	at org.openqa.selenium.remote.service.DriverCommandExecutor.execute(DriverCommandExecutor.java:83)
	at org.openqa.selenium.remote.RemoteWebDriver.execute(RemoteWebDriver.java:545)
	at org.openqa.selenium.remote.RemoteWebDriver.get(RemoteWebDriver.java:273)
	at com.automation.newati.regression.learntab.EBookTest.NewATI520_VerifyEbookAddedUsingAddProductTest(EBookTest.java:53)
... Removed 27 stack frames]]>
    </failure>
  </testcase> <!-- NewATI520_VerifyEbookAddedUsingAddProductTest -->
  <testcase name="NewATI521_verifyEbookAddedUsingCDN" time="5.156" classname="com.automation.newati.regression.learntab.EBookTest">
    <failure type="com.ascendlearning.automation.ui.exceptions.DriverException" message="Driver Verification exception:   Unable to wait Untill Loading Image Is not Disappeared">
      <![CDATA[com.ascendlearning.automation.ui.exceptions.DriverException: Driver Verification exception:   Unable to wait Untill Loading Image Is not Disappeared
	at com.automation.newati.pages.NewATIBasePage.waitUntillLoadingImageIsDisappeared(NewATIBasePage.java:282)
	at com.automation.newati.regression.learntab.EBookTest.NewATI521_verifyEbookAddedUsingCDN(EBookTest.java:126)
Caused by: org.openqa.selenium.WebDriverException: chrome not reachable
  (Session info: chrome=73.0.3683.103)
  (Driver info: chromedriver=2.38.552522 (437e6fbedfa8762dec75e2c5b3ddb86763dc9dcb),platform=Windows NT 10.0.14393 x86_64) (WARNING: The server did not provide any stacktrace information)
Command duration or timeout: 0 milliseconds
Build info: version: '3.11.0', revision: 'e59cfb3', time: '2018-03-11T20:26:55.152Z'
System info: host: 'HMECL000695', ip: '10.160.240.150', os.name: 'Windows 10', os.arch: 'amd64', os.version: '10.0', java.version: '1.8.0_181'
Driver info: org.openqa.selenium.chrome.ChromeDriver
Capabilities {acceptInsecureCerts: false, acceptSslCerts: false, applicationCacheEnabled: false, browserConnectionEnabled: false, browserName: chrome, chrome: {chromedriverVersion: 2.38.552522 (437e6fbedfa876..., userDataDir: C:\Users\SASMIT~1.MIS\AppDa...}, cssSelectorsEnabled: true, databaseEnabled: false, handlesAlerts: true, hasTouchScreen: false, javascriptEnabled: true, locationContextEnabled: true, mobileEmulationEnabled: false, nativeEvents: true, networkConnectionEnabled: false, pageLoadStrategy: normal, platform: XP, platformName: XP, rotatable: false, setWindowRect: true, takesHeapSnapshot: true, takesScreenshot: true, unexpectedAlertBehaviour: , unhandledPromptBehavior: , version: 73.0.3683.103, webStorageEnabled: true}
Session ID: 5d11688ff38598a702b2d15b20a81fc5
*** Element info: {Using=css selector, value=.blockUI.blockMsg.blockPage}
	at org.openqa.selenium.remote.ErrorHandler.createThrowable(ErrorHandler.java:214)
	at org.openqa.selenium.remote.ErrorHandler.throwIfResponseFailed(ErrorHandler.java:166)
	at org.openqa.selenium.remote.http.JsonHttpResponseCodec.reconstructValue(JsonHttpResponseCodec.java:40)
	at org.openqa.selenium.remote.http.AbstractHttpResponseCodec.decode(AbstractHttpResponseCodec.java:80)
	at org.openqa.selenium.remote.http.AbstractHttpResponseCodec.decode(AbstractHttpResponseCodec.java:44)
	at org.openqa.selenium.remote.HttpCommandExecutor.execute(HttpCommandExecutor.java:158)
	at org.openqa.selenium.remote.service.DriverCommandExecutor.execute(DriverCommandExecutor.java:83)
	at org.openqa.selenium.remote.RemoteWebDriver.execute(RemoteWebDriver.java:545)
	at org.openqa.selenium.remote.RemoteWebDriver.findElements(RemoteWebDriver.java:346)
	at org.openqa.selenium.remote.RemoteWebDriver.findElementsByCssSelector(RemoteWebDriver.java:417)
	at com.ascendlearning.automation.ui.utils.ByCssSelectorExtended.findElements(ByCssSelectorExtended.java:41)
	at org.openqa.selenium.remote.RemoteWebDriver.findElements(RemoteWebDriver.java:307)
	at com.ascendlearning.automation.ui.handlers.BaseHandler.findElements(BaseHandler.java:123)
	at com.ascendlearning.automation.ui.handlers.BaseHandler.findElements(BaseHandler.java:116)
	at com.automation.newati.pages.NewATIBasePage.waitUntillLoadingImageIsDisappeared(NewATIBasePage.java:255)
	... 25 more
... Removed 27 stack frames]]>
    </failure>
  </testcase> <!-- NewATI521_verifyEbookAddedUsingCDN -->
  <testcase name="NewATI502_VerifyUpdatedEditionForRNReviewModuleTest" time="5.477" classname="com.automation.newati.regression.learntab.EBookTest">
    <failure type="com.ascendlearning.automation.ui.exceptions.DriverException" message="Driver Verification exception:   Unable to login To Application">
      <![CDATA[com.ascendlearning.automation.ui.exceptions.DriverException: Driver Verification exception:   Unable to login To Application
	at com.automation.newati.pages.LoginPage2.loginToApplication(LoginPage2.java:143)
	at com.automation.newati.regression.learntab.EBookTest.NewATI502_VerifyUpdatedEditionForRNReviewModuleTest(EBookTest.java:196)
Caused by: org.openqa.selenium.WebDriverException: WebElement Collection is null
Build info: version: '3.11.0', revision: 'e59cfb3', time: '2018-03-11T20:26:55.152Z'
System info: host: 'HMECL000695', ip: '10.160.240.150', os.name: 'Windows 10', os.arch: 'amd64', os.version: '10.0', java.version: '1.8.0_181'
Driver info: driver.version: unknown
	at com.ascendlearning.automation.ui.handlers.BaseHandler.isDisplayed(BaseHandler.java:162)
	at com.automation.newati.pages.LoginPage2.loginToApplication(LoginPage2.java:92)
	... 25 more
... Removed 24 stack frames]]>
    </failure>
  </testcase> <!-- NewATI502_VerifyUpdatedEditionForRNReviewModuleTest -->
  <testcase name="NewATI503_verifyUpdatedRNReviewModulesPackageTest" time="5.136" classname="com.automation.newati.regression.learntab.EBookTest">
    <failure type="com.ascendlearning.automation.ui.exceptions.DriverException" message="Driver Verification exception:   Unable to wait Untill Loading Image Is not Disappeared">
      <![CDATA[com.ascendlearning.automation.ui.exceptions.DriverException: Driver Verification exception:   Unable to wait Untill Loading Image Is not Disappeared
	at com.automation.newati.pages.NewATIBasePage.waitUntillLoadingImageIsDisappeared(NewATIBasePage.java:282)
	at com.automation.newati.regression.learntab.EBookTest.NewATI503_verifyUpdatedRNReviewModulesPackageTest(EBookTest.java:219)
Caused by: org.openqa.selenium.WebDriverException: chrome not reachable
  (Session info: chrome=73.0.3683.103)
  (Driver info: chromedriver=2.38.552522 (437e6fbedfa8762dec75e2c5b3ddb86763dc9dcb),platform=Windows NT 10.0.14393 x86_64) (WARNING: The server did not provide any stacktrace information)
Command duration or timeout: 0 milliseconds
Build info: version: '3.11.0', revision: 'e59cfb3', time: '2018-03-11T20:26:55.152Z'
System info: host: 'HMECL000695', ip: '10.160.240.150', os.name: 'Windows 10', os.arch: 'amd64', os.version: '10.0', java.version: '1.8.0_181'
Driver info: org.openqa.selenium.chrome.ChromeDriver
Capabilities {acceptInsecureCerts: false, acceptSslCerts: false, applicationCacheEnabled: false, browserConnectionEnabled: false, browserName: chrome, chrome: {chromedriverVersion: 2.38.552522 (437e6fbedfa876..., userDataDir: C:\Users\SASMIT~1.MIS\AppDa...}, cssSelectorsEnabled: true, databaseEnabled: false, handlesAlerts: true, hasTouchScreen: false, javascriptEnabled: true, locationContextEnabled: true, mobileEmulationEnabled: false, nativeEvents: true, networkConnectionEnabled: false, pageLoadStrategy: normal, platform: XP, platformName: XP, rotatable: false, setWindowRect: true, takesHeapSnapshot: true, takesScreenshot: true, unexpectedAlertBehaviour: , unhandledPromptBehavior: , version: 73.0.3683.103, webStorageEnabled: true}
Session ID: 2bfe610bedff04abd95f983d3a9ead17
*** Element info: {Using=css selector, value=.blockUI.blockMsg.blockPage}
	at org.openqa.selenium.remote.ErrorHandler.createThrowable(ErrorHandler.java:214)
	at org.openqa.selenium.remote.ErrorHandler.throwIfResponseFailed(ErrorHandler.java:166)
	at org.openqa.selenium.remote.http.JsonHttpResponseCodec.reconstructValue(JsonHttpResponseCodec.java:40)
	at org.openqa.selenium.remote.http.AbstractHttpResponseCodec.decode(AbstractHttpResponseCodec.java:80)
	at org.openqa.selenium.remote.http.AbstractHttpResponseCodec.decode(AbstractHttpResponseCodec.java:44)
	at org.openqa.selenium.remote.HttpCommandExecutor.execute(HttpCommandExecutor.java:158)
	at org.openqa.selenium.remote.service.DriverCommandExecutor.execute(DriverCommandExecutor.java:83)
	at org.openqa.selenium.remote.RemoteWebDriver.execute(RemoteWebDriver.java:545)
	at org.openqa.selenium.remote.RemoteWebDriver.findElements(RemoteWebDriver.java:346)
	at org.openqa.selenium.remote.RemoteWebDriver.findElementsByCssSelector(RemoteWebDriver.java:417)
	at com.ascendlearning.automation.ui.utils.ByCssSelectorExtended.findElements(ByCssSelectorExtended.java:41)
	at org.openqa.selenium.remote.RemoteWebDriver.findElements(RemoteWebDriver.java:307)
	at com.ascendlearning.automation.ui.handlers.BaseHandler.findElements(BaseHandler.java:123)
	at com.ascendlearning.automation.ui.handlers.BaseHandler.findElements(BaseHandler.java:116)
	at com.automation.newati.pages.NewATIBasePage.waitUntillLoadingImageIsDisappeared(NewATIBasePage.java:255)
	... 25 more
... Removed 27 stack frames]]>
    </failure>
  </testcase> <!-- NewATI503_verifyUpdatedRNReviewModulesPackageTest -->
  <testcase name="NewATI151_VerifyLearnTabHideDisabledCheckbox" time="5.236" classname="com.automation.newati.regression.learntab.LearnTabOthers">
    <failure type="com.ascendlearning.automation.ui.exceptions.DriverException" message="Driver Verification exception:   Unable to login To Application">
      <![CDATA[com.ascendlearning.automation.ui.exceptions.DriverException: Driver Verification exception:   Unable to login To Application
	at com.automation.newati.pages.LoginPage2.loginToApplication(LoginPage2.java:143)
	at com.automation.newati.regression.learntab.LearnTabOthers.NewATI151_VerifyLearnTabHideDisabledCheckbox(LearnTabOthers.java:47)
Caused by: org.openqa.selenium.WebDriverException: chrome not reachable
  (Session info: chrome=73.0.3683.103)
  (Driver info: chromedriver=2.38.552522 (437e6fbedfa8762dec75e2c5b3ddb86763dc9dcb),platform=Windows NT 10.0.14393 x86_64) (WARNING: The server did not provide any stacktrace information)
Command duration or timeout: 0 milliseconds
Build info: version: '3.11.0', revision: 'e59cfb3', time: '2018-03-11T20:26:55.152Z'
System info: host: 'HMECL000695', ip: '10.160.240.150', os.name: 'Windows 10', os.arch: 'amd64', os.version: '10.0', java.version: '1.8.0_181'
Driver info: org.openqa.selenium.chrome.ChromeDriver
Capabilities {acceptInsecureCerts: false, acceptSslCerts: false, applicationCacheEnabled: false, browserConnectionEnabled: false, browserName: chrome, chrome: {chromedriverVersion: 2.38.552522 (437e6fbedfa876..., userDataDir: C:\Users\SASMIT~1.MIS\AppDa...}, cssSelectorsEnabled: true, databaseEnabled: false, handlesAlerts: true, hasTouchScreen: false, javascriptEnabled: true, locationContextEnabled: true, mobileEmulationEnabled: false, nativeEvents: true, networkConnectionEnabled: false, pageLoadStrategy: normal, platform: XP, platformName: XP, rotatable: false, setWindowRect: true, takesHeapSnapshot: true, takesScreenshot: true, unexpectedAlertBehaviour: , unhandledPromptBehavior: , version: 73.0.3683.103, webStorageEnabled: true}
Session ID: 6d731da99196207c05b1e31fed7e998d
*** Element info: {Using=css selector, value=input[name='username']}
	at org.openqa.selenium.remote.ErrorHandler.createThrowable(ErrorHandler.java:214)
	at org.openqa.selenium.remote.ErrorHandler.throwIfResponseFailed(ErrorHandler.java:166)
	at org.openqa.selenium.remote.http.JsonHttpResponseCodec.reconstructValue(JsonHttpResponseCodec.java:40)
	at org.openqa.selenium.remote.http.AbstractHttpResponseCodec.decode(AbstractHttpResponseCodec.java:80)
	at org.openqa.selenium.remote.http.AbstractHttpResponseCodec.decode(AbstractHttpResponseCodec.java:44)
	at org.openqa.selenium.remote.HttpCommandExecutor.execute(HttpCommandExecutor.java:158)
	at org.openqa.selenium.remote.service.DriverCommandExecutor.execute(DriverCommandExecutor.java:83)
	at org.openqa.selenium.remote.RemoteWebDriver.execute(RemoteWebDriver.java:545)
	at org.openqa.selenium.remote.RemoteWebDriver.findElements(RemoteWebDriver.java:346)
	at org.openqa.selenium.remote.RemoteWebDriver.findElementsByCssSelector(RemoteWebDriver.java:417)
	at com.ascendlearning.automation.ui.utils.ByCssSelectorExtended.findElements(ByCssSelectorExtended.java:41)
	at org.openqa.selenium.remote.RemoteWebDriver.findElements(RemoteWebDriver.java:307)
	at com.ascendlearning.automation.ui.handlers.BaseHandler.findElements(BaseHandler.java:123)
	at com.ascendlearning.automation.ui.handlers.BaseHandler.findElements(BaseHandler.java:116)
	at com.ascendlearning.automation.ui.handlers.BaseHandler.isDisplayed(BaseHandler.java:158)
	at com.automation.newati.pages.LoginPage2.loginToApplication(LoginPage2.java:92)
	... 25 more
... Removed 27 stack frames]]>
    </failure>
  </testcase> <!-- NewATI151_VerifyLearnTabHideDisabledCheckbox -->
  <testcase name="NewATI519_VerifyFlashCardSemesterPayment" time="4.116" classname="com.automation.newati.regression.learntab.LearnTabOthers">
    <failure type="com.ascendlearning.automation.ui.exceptions.DriverException" message="Driver Verification exception:   Unable to login To Application">
      <![CDATA[com.ascendlearning.automation.ui.exceptions.DriverException: Driver Verification exception:   Unable to login To Application
	at com.automation.newati.pages.LoginPage2.loginToApplication(LoginPage2.java:143)
	at com.automation.newati.regression.learntab.LearnTabOthers.NewATI519_VerifyFlashCardSemesterPayment(LearnTabOthers.java:88)
Caused by: org.openqa.selenium.WebDriverException: chrome not reachable
  (Session info: chrome=73.0.3683.103)
  (Driver info: chromedriver=2.38.552522 (437e6fbedfa8762dec75e2c5b3ddb86763dc9dcb),platform=Windows NT 10.0.14393 x86_64) (WARNING: The server did not provide any stacktrace information)
Command duration or timeout: 0 milliseconds
Build info: version: '3.11.0', revision: 'e59cfb3', time: '2018-03-11T20:26:55.152Z'
System info: host: 'HMECL000695', ip: '10.160.240.150', os.name: 'Windows 10', os.arch: 'amd64', os.version: '10.0', java.version: '1.8.0_181'
Driver info: org.openqa.selenium.chrome.ChromeDriver
Capabilities {acceptInsecureCerts: false, acceptSslCerts: false, applicationCacheEnabled: false, browserConnectionEnabled: false, browserName: chrome, chrome: {chromedriverVersion: 2.38.552522 (437e6fbedfa876..., userDataDir: C:\Users\SASMIT~1.MIS\AppDa...}, cssSelectorsEnabled: true, databaseEnabled: false, handlesAlerts: true, hasTouchScreen: false, javascriptEnabled: true, locationContextEnabled: true, mobileEmulationEnabled: false, nativeEvents: true, networkConnectionEnabled: false, pageLoadStrategy: normal, platform: XP, platformName: XP, rotatable: false, setWindowRect: true, takesHeapSnapshot: true, takesScreenshot: true, unexpectedAlertBehaviour: , unhandledPromptBehavior: , version: 73.0.3683.103, webStorageEnabled: true}
Session ID: 82ceee2eafcdcd8f61c9979f622d6dbe
	at org.openqa.selenium.remote.ErrorHandler.createThrowable(ErrorHandler.java:214)
	at org.openqa.selenium.remote.ErrorHandler.throwIfResponseFailed(ErrorHandler.java:166)
	at org.openqa.selenium.remote.http.JsonHttpResponseCodec.reconstructValue(JsonHttpResponseCodec.java:40)
	at org.openqa.selenium.remote.http.AbstractHttpResponseCodec.decode(AbstractHttpResponseCodec.java:80)
	at org.openqa.selenium.remote.http.AbstractHttpResponseCodec.decode(AbstractHttpResponseCodec.java:44)
	at org.openqa.selenium.remote.HttpCommandExecutor.execute(HttpCommandExecutor.java:158)
	at org.openqa.selenium.remote.service.DriverCommandExecutor.execute(DriverCommandExecutor.java:83)
	at org.openqa.selenium.remote.RemoteWebDriver.execute(RemoteWebDriver.java:545)
	at org.openqa.selenium.remote.RemoteWebDriver.get(RemoteWebDriver.java:273)
	at com.automation.newati.pages.LoginPage2.loginToApplication(LoginPage2.java:81)
	... 25 more
... Removed 27 stack frames]]>
    </failure>
  </testcase> <!-- NewATI519_VerifyFlashCardSemesterPayment -->
  <testcase name="NewATI37_VerifyFlashCard" time="0.001" classname="com.automation.newati.learntab.FlashCardTest">
    <skipped/>
  </testcase> <!-- NewATI37_VerifyFlashCard -->
  <testcase name="NewATI513_VerifyFlashcardReport" time="0.0" classname="com.automation.newati.learntab.FlashCardTest">
    <skipped/>
  </testcase> <!-- NewATI513_VerifyFlashcardReport -->
  <testcase name="NewATI514_VerifyFlashcardDetails" time="0.001" classname="com.automation.newati.learntab.FlashCardTest">
    <skipped/>
  </testcase> <!-- NewATI514_VerifyFlashcardDetails -->
  <testcase name="NewATI36_VerifyEBookTest" time="0.001" classname="com.automation.newati.learntab.VerifyEBookScenariousTest">
    <skipped/>
  </testcase> <!-- NewATI36_VerifyEBookTest -->
  <testcase name="NewATI528_VerifyEBookDuplicateModuleName" time="0.001" classname="com.automation.newati.learntab.VerifyEBookScenariousTest">
    <skipped/>
  </testcase> <!-- NewATI528_VerifyEBookDuplicateModuleName -->
  <testcase name="NewATI496_VerifyTimeBetweenAttempts" time="0.0" classname="com.automation.newati.myati.test.TestTabOthersTest">
    <skipped/>
  </testcase> <!-- NewATI496_VerifyTimeBetweenAttempts -->
  <testcase name="NewATI497_VerifyTimeBetweenAttempts" time="0.0" classname="com.automation.newati.myati.test.TestTabOthersTest">
    <skipped/>
  </testcase> <!-- NewATI497_VerifyTimeBetweenAttempts -->
  <testcase name="NewATI43_VerifyOnlineStoreSource" time="0.0" classname="com.automation.newati.myati.test.TestTabOthersTest">
    <skipped/>
  </testcase> <!-- NewATI43_VerifyOnlineStoreSource -->
  <testcase name="NewATI57_VerifyInstitutionSelfPaySource" time="0.0" classname="com.automation.newati.myati.test.TestTabOthersTest">
    <skipped/>
  </testcase> <!-- NewATI57_VerifyInstitutionSelfPaySource -->
  <testcase name="NewATI39_VerifyPracticeRationaleAndAnswers" time="0.0" classname="com.automation.newati.myati.test.PracticeAssessmentTest2">
    <skipped/>
  </testcase> <!-- NewATI39_VerifyPracticeRationaleAndAnswers -->
  <testcase name="NewATI49_verifyDownloadedReportAfterPracticeAssessment" time="0.015" classname="com.automation.newati.myati.test.PracticeAssessmentTest2">
    <skipped/>
  </testcase> <!-- NewATI49_verifyDownloadedReportAfterPracticeAssessment -->
  <testcase name="NewATI380_verifyDownloadedReportRNFundamentalsPracticeAssessment" time="0.016" classname="com.automation.newati.myati.test.PracticeAssessmentTest2">
    <skipped/>
  </testcase> <!-- NewATI380_verifyDownloadedReportRNFundamentalsPracticeAssessment -->
  <testcase name="NewAT462_VerifyTEAS" time="0.0" classname="com.automation.newati.myati.test.PracticeAssessmentTest">
    <skipped/>
  </testcase> <!-- NewAT462_VerifyTEAS -->
  <testcase name="NewATI59_VerifyBatchtIDinProductID" time="0.0" classname="com.automation.newati.myati.others.VerifyBatchtIDinProductIDTest">
    <skipped/>
  </testcase> <!-- NewATI59_VerifyBatchtIDinProductID -->
  <testcase name="NewATI154_VerifyContentAreaFunctionality" time="0.0" classname="com.automation.newati.myati.others.VerifyContentAreafunctionality">
    <skipped/>
  </testcase> <!-- NewATI154_VerifyContentAreaFunctionality -->
  <testcase name="NewATI139_VerifyNurseLogicBeginTest" time="0.0" classname="com.automation.newati.tutorial.TutorialTest">
    <skipped/>
  </testcase> <!-- NewATI139_VerifyNurseLogicBeginTest -->
  <testcase name="NewATI128_VerifyNurseLogicLesson" time="0.0" classname="com.automation.newati.tutorial.TutorialTest">
    <skipped/>
  </testcase> <!-- NewATI128_VerifyNurseLogicLesson -->
  <testcase name="NewATI96_VerifySkillsModulePostTestcase" time="0.017" classname="com.automation.newati.tutorial.TutorialTest">
    <skipped/>
  </testcase> <!-- NewATI96_VerifySkillsModulePostTestcase -->
  <testcase name="NewATI133_VerifyNurseLogicLesson" time="0.0" classname="com.automation.newati.tutorial.TutorialTest">
    <skipped/>
  </testcase> <!-- NewATI133_VerifyNurseLogicLesson -->
  <testcase name="NewATI55_VerifyTutorialInfoCard" time="0.0" classname="com.automation.newati.tutorial.TutorialTest">
    <skipped/>
  </testcase> <!-- NewATI55_VerifyTutorialInfoCard -->
  <testcase name="NewATI134_VerifyTutorialRationale" time="0.016" classname="com.automation.newati.tutorial.TutorialTest">
    <skipped/>
  </testcase> <!-- NewATI134_VerifyTutorialRationale -->
  <testcase name="NewATI143_VerifyTutorialSelectInstance" time="0.0" classname="com.automation.newati.tutorial.TutorialTest">
    <skipped/>
  </testcase> <!-- NewATI143_VerifyTutorialSelectInstance -->
  <testcase name="NewATI152_VerifyHideDisabledCheckbox" time="0.0" classname="com.automation.newati.tutorial.TutorialTest">
    <skipped/>
  </testcase> <!-- NewATI152_VerifyHideDisabledCheckbox -->
  <testcase name="NewATI511_VerifySkillsModuleModuleName" time="0.015" classname="com.automation.newati.tutorial.TutorialTest">
    <skipped/>
  </testcase> <!-- NewATI511_VerifySkillsModuleModuleName -->
  <testcase name="NewATI488_verifySeparateFrameforPorctorAvaliableAssessments" time="0.0" classname="com.automation.newati.regression.testtab.VerifyProctoredAssessmentTest">
    <skipped/>
  </testcase> <!-- NewATI488_verifySeparateFrameforPorctorAvaliableAssessments -->
  <testcase name="NewATI489_verifyRefreshButtonUnderTestTab" time="0.0" classname="com.automation.newati.regression.testtab.VerifyProctoredAssessmentTest">
    <skipped/>
  </testcase> <!-- NewATI489_verifyRefreshButtonUnderTestTab -->
  <testcase name="NewATI490_verifyTheFunctionalityofRefreshButtonUnderTestTab" time="0.0" classname="com.automation.newati.regression.testtab.VerifyProctoredAssessmentTest">
    <skipped/>
  </testcase> <!-- NewATI490_verifyTheFunctionalityofRefreshButtonUnderTestTab -->
  <testcase name="NewATI493_verifyTImeBetweenAttemptsForPracticeAssessment" time="0.0" classname="com.automation.newati.regression.testtab.VerifyProctoredAssessmentTest">
    <skipped/>
  </testcase> <!-- NewATI493_verifyTImeBetweenAttemptsForPracticeAssessment -->
  <testcase name="NewATI652_verifySemesterPaymentisDueupdateMessaging" time="0.0" classname="com.automation.newati.regression.testtab.VerifyProctoredAssessmentTest">
    <skipped/>
  </testcase> <!-- NewATI652_verifySemesterPaymentisDueupdateMessaging -->
  <testcase name="NewATI495_verifyVisibiityofPracticeAssessmentCardFront" time="0.0" classname="com.automation.newati.regression.testtab.VerifyProctoredAssessmentTest">
    <skipped/>
  </testcase> <!-- NewATI495_verifyVisibiityofPracticeAssessmentCardFront -->
  <testcase name="NewATI606_verifyTEASPracticewithDifferentSectionsEnabled" time="0.016" classname="com.automation.newati.regression.testtab.VerifyProctoredAssessmentTest">
    <skipped/>
  </testcase> <!-- NewATI606_verifyTEASPracticewithDifferentSectionsEnabled -->
  <testcase name="NewATI51_VerifyReportFeature" time="0.016" classname="com.automation.newati.regression.testtab.VerifyPracticeAssessmentTest">
    <skipped/>
  </testcase> <!-- NewATI51_VerifyReportFeature -->
  <testcase name="NewATI129_VerifyTutorialAssessmentTest" time="0.015" classname="com.automation.newati.learntab.VerifyTutorialTest">
    <skipped/>
  </testcase> <!-- NewATI129_VerifyTutorialAssessmentTest -->
  <testcase name="NewATI600_VerifyProductsAddedUsingCDN" time="0.0" classname="com.automation.newati.learntab.VerifyTutorialTest">
    <skipped/>
  </testcase> <!-- NewATI600_VerifyProductsAddedUsingCDN -->
  <testcase name="NewATI140_VerifyDosageCalculationLesson" time="0.0" classname="com.automation.newati.learntab.VerifyTutorialTest">
    <skipped/>
  </testcase> <!-- NewATI140_VerifyDosageCalculationLesson -->
  <testcase name="NewATI137_ValidateUserIsAbletoTakeupPharmacologyMadeEasyTest" time="0.015" classname="com.automation.newati.learntab.VerifyTutorialTest">
    <skipped/>
  </testcase> <!-- NewATI137_ValidateUserIsAbletoTakeupPharmacologyMadeEasyTest -->
  <testcase name="NewATI142_ValidateUserIsAbletoTakeupDosageCalculationTutorialTest" time="0.0" classname="com.automation.newati.learntab.VerifyTutorialTest">
    <skipped/>
  </testcase> <!-- NewATI142_ValidateUserIsAbletoTakeupDosageCalculationTutorialTest -->
  <testcase name="NewATI153_VerifySTTTest" time="0.0" classname="com.automation.newati.learntab.VerifyTutorialTest">
    <skipped/>
  </testcase> <!-- NewATI153_VerifySTTTest -->
  <testcase name="NewATI510_VerifySkillsModules" time="0.0" classname="com.automation.newati.learntab.VerifyTutorialTest">
    <skipped/>
  </testcase> <!-- NewATI510_VerifySkillsModules -->
  <testcase name="NewATI40_VerifySkillsModulesLessonAndTest" time="0.0" classname="com.automation.newati.learntab.VerifyTutorialTest">
    <skipped/>
  </testcase> <!-- NewATI40_VerifySkillsModulesLessonAndTest -->
  <testcase name="NewATI130_VerifyTutorialSkillsModulePreTest" time="0.0" classname="com.automation.newati.tutorial.TutorialTestNew">
    <skipped/>
  </testcase> <!-- NewATI130_VerifyTutorialSkillsModulePreTest -->
  <testcase name="NewATI543_ValidateSmartPrepReadingModuleTest" time="0.0" classname="com.automation.newati.learntab.VerifySmartPrepModuleTest">
    <skipped/>
  </testcase> <!-- NewATI543_ValidateSmartPrepReadingModuleTest -->
</testsuite> <!-- Verification for  SortFilte -->
