<?xml version="1.0" encoding="UTF-8"?>
<!-- Generated by org.testng.reporters.JUnitXMLReporter -->
<testsuite hostname="HMECL000695" name="Verification for  Login " tests="27" failures="23" timestamp="24 Apr 2019 09:31:46 GMT" time="503.769" errors="0">
  <testcase name="@BeforeMethod setUp" time="0.0" classname="com.automation.newati.hometab.VerifyHomeTabTest">
    <failure type="com.ascendlearning.automation.ui.exceptions.DriverException" message="Driver Verification exception:   Unable to login To Application">
      <![CDATA[com.ascendlearning.automation.ui.exceptions.DriverException: Driver Verification exception:   Unable to login To Application
	at com.automation.newati.pages.LoginPage2.loginToApplication(LoginPage2.java:143)
	at com.automation.newati.hometab.VerifyHomeTabTest.setUp(VerifyHomeTabTest.java:31)
Caused by: org.openqa.selenium.WebDriverException: unknown error: cannot determine loading status
from unknown error: cannot determine loading status
from disconnected: received Inspector.detached event
  (Session info: chrome=73.0.3683.103)
  (Driver info: chromedriver=2.38.552522 (437e6fbedfa8762dec75e2c5b3ddb86763dc9dcb),platform=Windows NT 10.0.14393 x86_64) (WARNING: The server did not provide any stacktrace information)
Command duration or timeout: 0 milliseconds
Build info: version: '3.11.0', revision: 'e59cfb3', time: '2018-03-11T20:26:55.152Z'
System info: host: 'HMECL000695', ip: '10.160.240.150', os.name: 'Windows 10', os.arch: 'amd64', os.version: '10.0', java.version: '1.8.0_181'
Driver info: org.openqa.selenium.chrome.ChromeDriver
Capabilities {acceptInsecureCerts: false, acceptSslCerts: false, applicationCacheEnabled: false, browserConnectionEnabled: false, browserName: chrome, chrome: {chromedriverVersion: 2.38.552522 (437e6fbedfa876..., userDataDir: C:\Users\SASMIT~1.MIS\AppDa...}, cssSelectorsEnabled: true, databaseEnabled: false, handlesAlerts: true, hasTouchScreen: false, javascriptEnabled: true, locationContextEnabled: true, mobileEmulationEnabled: false, nativeEvents: true, networkConnectionEnabled: false, pageLoadStrategy: normal, platform: XP, platformName: XP, rotatable: false, setWindowRect: true, takesHeapSnapshot: true, takesScreenshot: true, unexpectedAlertBehaviour: , unhandledPromptBehavior: , version: 73.0.3683.103, webStorageEnabled: true}
Session ID: 420bbff3c66a09b7387bef5b37f99219
	at org.openqa.selenium.remote.ErrorHandler.createThrowable(ErrorHandler.java:214)
	at org.openqa.selenium.remote.ErrorHandler.throwIfResponseFailed(ErrorHandler.java:166)
	at org.openqa.selenium.remote.http.JsonHttpResponseCodec.reconstructValue(JsonHttpResponseCodec.java:40)
	at org.openqa.selenium.remote.http.AbstractHttpResponseCodec.decode(AbstractHttpResponseCodec.java:80)
	at org.openqa.selenium.remote.http.AbstractHttpResponseCodec.decode(AbstractHttpResponseCodec.java:44)
	at org.openqa.selenium.remote.HttpCommandExecutor.execute(HttpCommandExecutor.java:158)
	at org.openqa.selenium.remote.service.DriverCommandExecutor.execute(DriverCommandExecutor.java:83)
	at org.openqa.selenium.remote.RemoteWebDriver.execute(RemoteWebDriver.java:545)
	at org.openqa.selenium.remote.RemoteWebDriver.get(RemoteWebDriver.java:273)
	at com.automation.newati.pages.LoginPage2.loginToApplication(LoginPage2.java:81)
	... 27 more
... Removed 29 stack frames]]>
    </failure>
  </testcase> <!-- @BeforeMethod setUp -->
  <testcase name="@BeforeMethod setup" time="0.0" classname="com.automation.newati.hometab.VerifyHomeTabTest">
    <skipped/>
  </testcase> <!-- @BeforeMethod setup -->
  <testcase name="@BeforeMethod setUp" time="0.0" classname="com.automation.newati.hometab.VerifyHomeTabTest">
    <skipped/>
  </testcase> <!-- @BeforeMethod setUp -->
  <testcase name="@BeforeMethod setup" time="0.0" classname="com.automation.newati.hometab.VerifyHomeTabTest">
    <skipped/>
  </testcase> <!-- @BeforeMethod setup -->
  <testcase name="@BeforeMethod setUp" time="0.0" classname="com.automation.newati.hometab.VerifyHomeTabTest">
    <skipped/>
  </testcase> <!-- @BeforeMethod setUp -->
  <testcase name="@BeforeMethod setup" time="0.0" classname="com.automation.newati.hometab.VerifyHomeTabTest">
    <skipped/>
  </testcase> <!-- @BeforeMethod setup -->
  <testcase name="@BeforeMethod setUp" time="0.0" classname="com.automation.newati.hometab.VerifyHomeTabTest">
    <skipped/>
  </testcase> <!-- @BeforeMethod setUp -->
  <testcase name="NEWATI535_LockUser" time="0.0" classname="com.automation.newati.login.ForgetPasswordTest">
    <failure type="java.lang.NullPointerException" message="null value in entry: url=null">
      <![CDATA[java.lang.NullPointerException: null value in entry: url=null
	at com.google.common.collect.CollectPreconditions.checkEntryNotNull(CollectPreconditions.java:34)
	at com.google.common.collect.ImmutableMap.entryOf(ImmutableMap.java:175)
	at com.google.common.collect.ImmutableMap.of(ImmutableMap.java:123)
	at org.openqa.selenium.remote.RemoteWebDriver.get(RemoteWebDriver.java:273)
	at com.automation.newati.pages.LoginPage2.enterURL(LoginPage2.java:47)
	at com.automation.newati.login.ForgetPasswordTest.NEWATI535_LockUser(ForgetPasswordTest.java:40)
... Removed 24 stack frames]]>
    </failure>
  </testcase> <!-- NEWATI535_LockUser -->
  <testcase name="NewATI622_checkForgetUserNameAndPassword2" time="0.0" classname="com.automation.newati.login.ForgetPasswordTest">
    <failure type="java.lang.NullPointerException" message="null value in entry: url=null">
      <![CDATA[java.lang.NullPointerException: null value in entry: url=null
	at com.google.common.collect.CollectPreconditions.checkEntryNotNull(CollectPreconditions.java:34)
	at com.google.common.collect.ImmutableMap.entryOf(ImmutableMap.java:175)
	at com.google.common.collect.ImmutableMap.of(ImmutableMap.java:123)
	at org.openqa.selenium.remote.RemoteWebDriver.get(RemoteWebDriver.java:273)
	at com.automation.newati.pages.LoginPage2.enterURL(LoginPage2.java:47)
	at com.automation.newati.login.ForgetPasswordTest.NewATI622_checkForgetUserNameAndPassword2(ForgetPasswordTest.java:158)
... Removed 24 stack frames]]>
    </failure>
  </testcase> <!-- NewATI622_checkForgetUserNameAndPassword2 -->
  <testcase name="NewATI623_checkForgetUserNameAndPassword3" time="0.002" classname="com.automation.newati.login.ForgetPasswordTest">
    <failure type="java.lang.NullPointerException" message="null value in entry: url=null">
      <![CDATA[java.lang.NullPointerException: null value in entry: url=null
	at com.google.common.collect.CollectPreconditions.checkEntryNotNull(CollectPreconditions.java:34)
	at com.google.common.collect.ImmutableMap.entryOf(ImmutableMap.java:175)
	at com.google.common.collect.ImmutableMap.of(ImmutableMap.java:123)
	at org.openqa.selenium.remote.RemoteWebDriver.get(RemoteWebDriver.java:273)
	at com.automation.newati.pages.LoginPage2.enterURL(LoginPage2.java:47)
	at com.automation.newati.login.ForgetPasswordTest.NewATI623_checkForgetUserNameAndPassword3(ForgetPasswordTest.java:211)
... Removed 24 stack frames]]>
    </failure>
  </testcase> <!-- NewATI623_checkForgetUserNameAndPassword3 -->
  <testcase name="NewATI532_checkForgetUserNameAndPassword4" time="0.002" classname="com.automation.newati.login.ForgetPasswordTest">
    <failure type="java.lang.NullPointerException" message="null value in entry: url=null">
      <![CDATA[java.lang.NullPointerException: null value in entry: url=null
	at com.google.common.collect.CollectPreconditions.checkEntryNotNull(CollectPreconditions.java:34)
	at com.google.common.collect.ImmutableMap.entryOf(ImmutableMap.java:175)
	at com.google.common.collect.ImmutableMap.of(ImmutableMap.java:123)
	at org.openqa.selenium.remote.RemoteWebDriver.get(RemoteWebDriver.java:273)
	at com.automation.newati.pages.LoginPage2.enterURL(LoginPage2.java:47)
	at com.automation.newati.login.ForgetPasswordTest.NewATI532_checkForgetUserNameAndPassword4(ForgetPasswordTest.java:254)
... Removed 24 stack frames]]>
    </failure>
  </testcase> <!-- NewATI532_checkForgetUserNameAndPassword4 -->
  <testcase name="NewATI536_VerifyUnLockAccUsingEmailId" time="0.001" classname="com.automation.newati.login.ForgetPasswordTest">
    <failure type="java.lang.NullPointerException" message="null value in entry: url=null">
      <![CDATA[java.lang.NullPointerException: null value in entry: url=null
	at com.google.common.collect.CollectPreconditions.checkEntryNotNull(CollectPreconditions.java:34)
	at com.google.common.collect.ImmutableMap.entryOf(ImmutableMap.java:175)
	at com.google.common.collect.ImmutableMap.of(ImmutableMap.java:123)
	at org.openqa.selenium.remote.RemoteWebDriver.get(RemoteWebDriver.java:273)
	at com.automation.newati.pages.LoginPage2.enterURL(LoginPage2.java:47)
	at com.automation.newati.login.ForgetPasswordTest.NewATI536_VerifyUnLockAccUsingEmailId(ForgetPasswordTest.java:448)
... Removed 24 stack frames]]>
    </failure>
  </testcase> <!-- NewATI536_VerifyUnLockAccUsingEmailId -->
  <testcase name="NewATI78_ContactUsLinkloc" time="0.015" classname="com.automation.newati.login.LoginPageValidationTest">
    <failure type="java.lang.NullPointerException" message="null value in entry: url=null">
      <![CDATA[java.lang.NullPointerException: null value in entry: url=null
	at com.google.common.collect.CollectPreconditions.checkEntryNotNull(CollectPreconditions.java:34)
	at com.google.common.collect.ImmutableMap.entryOf(ImmutableMap.java:175)
	at com.google.common.collect.ImmutableMap.of(ImmutableMap.java:123)
	at org.openqa.selenium.remote.RemoteWebDriver.get(RemoteWebDriver.java:273)
	at com.automation.newati.pages.LoginPage2.enterURL(LoginPage2.java:47)
	at com.automation.newati.login.LoginPageValidationTest.NewATI78_ContactUsLinkloc(LoginPageValidationTest.java:108)
... Removed 24 stack frames]]>
    </failure>
  </testcase> <!-- NewATI78_ContactUsLinkloc -->
  <testcase name="NEWATI561_EmailLinkFunctionalityforLockedUser" time="0.0" classname="com.automation.newati.login.ForgetPasswordTest1">
    <failure type="java.lang.NullPointerException" message="null value in entry: url=null">
      <![CDATA[java.lang.NullPointerException: null value in entry: url=null
	at com.google.common.collect.CollectPreconditions.checkEntryNotNull(CollectPreconditions.java:34)
	at com.google.common.collect.ImmutableMap.entryOf(ImmutableMap.java:175)
	at com.google.common.collect.ImmutableMap.of(ImmutableMap.java:123)
	at org.openqa.selenium.remote.RemoteWebDriver.get(RemoteWebDriver.java:273)
	at com.automation.newati.pages.LoginPage2.enterURL(LoginPage2.java:47)
	at com.automation.newati.login.ForgetPasswordTest1.NEWATI561_EmailLinkFunctionalityforLockedUser(ForgetPasswordTest1.java:56)
... Removed 24 stack frames]]>
    </failure>
  </testcase> <!-- NEWATI561_EmailLinkFunctionalityforLockedUser -->
  <testcase name="NewATI115_VerifyCreateAccountFunctionality" time="1.008" classname="com.automation.newati.logincreateaccount.CreateAccountTest">
    <failure type="org.openqa.selenium.WebDriverException" message="unknown error: cannot determine loading status
from unknown error: cannot determine loading status
from disconnected: received Inspector.detached event
  (Session info: chrome=73.0.3683.103)
  (Driver info: chromedriver=2.38.552522 (437e6fbedfa8762dec75e2c5b3ddb86763dc9dcb),platform=Windows NT 10.0.14393 x86_64) (WARNING: The server did not provide any stacktrace information)
Command duration or timeout: 0 milliseconds
Build info: version: &amp;apos;3.11.0&amp;apos;, revision: &amp;apos;e59cfb3&amp;apos;, time: &amp;apos;2018-03-11T20:26:55.152Z&amp;apos;
System info: host: &amp;apos;HMECL000695&amp;apos;, ip: &amp;apos;10.160.240.150&amp;apos;, os.name: &amp;apos;Windows 10&amp;apos;, os.arch: &amp;apos;amd64&amp;apos;, os.version: &amp;apos;10.0&amp;apos;, java.version: &amp;apos;1.8.0_181&amp;apos;
Driver info: org.openqa.selenium.chrome.ChromeDriver
Capabilities {acceptInsecureCerts: false, acceptSslCerts: false, applicationCacheEnabled: false, browserConnectionEnabled: false, browserName: chrome, chrome: {chromedriverVersion: 2.38.552522 (437e6fbedfa876..., userDataDir: C:\Users\SASMIT~1.MIS\AppDa...}, cssSelectorsEnabled: true, databaseEnabled: false, handlesAlerts: true, hasTouchScreen: false, javascriptEnabled: true, locationContextEnabled: true, mobileEmulationEnabled: false, nativeEvents: true, networkConnectionEnabled: false, pageLoadStrategy: normal, platform: XP, platformName: XP, rotatable: false, setWindowRect: true, takesHeapSnapshot: true, takesScreenshot: true, unexpectedAlertBehaviour: , unhandledPromptBehavior: , version: 73.0.3683.103, webStorageEnabled: true}
Session ID: 156689f88aa5afed7bfb06d20996d8e0">
      <![CDATA[org.openqa.selenium.WebDriverException: unknown error: cannot determine loading status
from unknown error: cannot determine loading status
from disconnected: received Inspector.detached event
  (Session info: chrome=73.0.3683.103)
  (Driver info: chromedriver=2.38.552522 (437e6fbedfa8762dec75e2c5b3ddb86763dc9dcb),platform=Windows NT 10.0.14393 x86_64) (WARNING: The server did not provide any stacktrace information)
Command duration or timeout: 0 milliseconds
Build info: version: '3.11.0', revision: 'e59cfb3', time: '2018-03-11T20:26:55.152Z'
System info: host: 'HMECL000695', ip: '10.160.240.150', os.name: 'Windows 10', os.arch: 'amd64', os.version: '10.0', java.version: '1.8.0_181'
Driver info: org.openqa.selenium.chrome.ChromeDriver
Capabilities {acceptInsecureCerts: false, acceptSslCerts: false, applicationCacheEnabled: false, browserConnectionEnabled: false, browserName: chrome, chrome: {chromedriverVersion: 2.38.552522 (437e6fbedfa876..., userDataDir: C:\Users\SASMIT~1.MIS\AppDa...}, cssSelectorsEnabled: true, databaseEnabled: false, handlesAlerts: true, hasTouchScreen: false, javascriptEnabled: true, locationContextEnabled: true, mobileEmulationEnabled: false, nativeEvents: true, networkConnectionEnabled: false, pageLoadStrategy: normal, platform: XP, platformName: XP, rotatable: false, setWindowRect: true, takesHeapSnapshot: true, takesScreenshot: true, unexpectedAlertBehaviour: , unhandledPromptBehavior: , version: 73.0.3683.103, webStorageEnabled: true}
Session ID: 156689f88aa5afed7bfb06d20996d8e0
	at org.openqa.selenium.remote.ErrorHandler.createThrowable(ErrorHandler.java:214)
	at org.openqa.selenium.remote.ErrorHandler.throwIfResponseFailed(ErrorHandler.java:166)
	at org.openqa.selenium.remote.http.JsonHttpResponseCodec.reconstructValue(JsonHttpResponseCodec.java:40)
	at org.openqa.selenium.remote.http.AbstractHttpResponseCodec.decode(AbstractHttpResponseCodec.java:80)
	at org.openqa.selenium.remote.http.AbstractHttpResponseCodec.decode(AbstractHttpResponseCodec.java:44)
	at org.openqa.selenium.remote.HttpCommandExecutor.execute(HttpCommandExecutor.java:158)
	at org.openqa.selenium.remote.service.DriverCommandExecutor.execute(DriverCommandExecutor.java:83)
	at org.openqa.selenium.remote.RemoteWebDriver.execute(RemoteWebDriver.java:545)
	at org.openqa.selenium.remote.RemoteWebDriver.get(RemoteWebDriver.java:273)
	at com.automation.newati.logincreateaccount.CreateAccountTest.NewATI115_VerifyCreateAccountFunctionality(CreateAccountTest.java:45)
... Removed 27 stack frames]]>
    </failure>
  </testcase> <!-- NewATI115_VerifyCreateAccountFunctionality -->
  <testcase name="NewATI539_CreateAccount" time="4.096" classname="com.automation.newati.logincreateaccount.CreateAccountTest">
    <failure type="org.openqa.selenium.WebDriverException" message="chrome not reachable
  (Session info: chrome=73.0.3683.103)
  (Driver info: chromedriver=2.38.552522 (437e6fbedfa8762dec75e2c5b3ddb86763dc9dcb),platform=Windows NT 10.0.14393 x86_64) (WARNING: The server did not provide any stacktrace information)
Command duration or timeout: 0 milliseconds
Build info: version: &amp;apos;3.11.0&amp;apos;, revision: &amp;apos;e59cfb3&amp;apos;, time: &amp;apos;2018-03-11T20:26:55.152Z&amp;apos;
System info: host: &amp;apos;HMECL000695&amp;apos;, ip: &amp;apos;10.160.240.150&amp;apos;, os.name: &amp;apos;Windows 10&amp;apos;, os.arch: &amp;apos;amd64&amp;apos;, os.version: &amp;apos;10.0&amp;apos;, java.version: &amp;apos;1.8.0_181&amp;apos;
Driver info: org.openqa.selenium.chrome.ChromeDriver
Capabilities {acceptInsecureCerts: false, acceptSslCerts: false, applicationCacheEnabled: false, browserConnectionEnabled: false, browserName: chrome, chrome: {chromedriverVersion: 2.38.552522 (437e6fbedfa876..., userDataDir: C:\Users\SASMIT~1.MIS\AppDa...}, cssSelectorsEnabled: true, databaseEnabled: false, handlesAlerts: true, hasTouchScreen: false, javascriptEnabled: true, locationContextEnabled: true, mobileEmulationEnabled: false, nativeEvents: true, networkConnectionEnabled: false, pageLoadStrategy: normal, platform: XP, platformName: XP, rotatable: false, setWindowRect: true, takesHeapSnapshot: true, takesScreenshot: true, unexpectedAlertBehaviour: , unhandledPromptBehavior: , version: 73.0.3683.103, webStorageEnabled: true}
Session ID: 55cd28b8796e4d9f97910c4081ffcadf">
      <![CDATA[org.openqa.selenium.WebDriverException: chrome not reachable
  (Session info: chrome=73.0.3683.103)
  (Driver info: chromedriver=2.38.552522 (437e6fbedfa8762dec75e2c5b3ddb86763dc9dcb),platform=Windows NT 10.0.14393 x86_64) (WARNING: The server did not provide any stacktrace information)
Command duration or timeout: 0 milliseconds
Build info: version: '3.11.0', revision: 'e59cfb3', time: '2018-03-11T20:26:55.152Z'
System info: host: 'HMECL000695', ip: '10.160.240.150', os.name: 'Windows 10', os.arch: 'amd64', os.version: '10.0', java.version: '1.8.0_181'
Driver info: org.openqa.selenium.chrome.ChromeDriver
Capabilities {acceptInsecureCerts: false, acceptSslCerts: false, applicationCacheEnabled: false, browserConnectionEnabled: false, browserName: chrome, chrome: {chromedriverVersion: 2.38.552522 (437e6fbedfa876..., userDataDir: C:\Users\SASMIT~1.MIS\AppDa...}, cssSelectorsEnabled: true, databaseEnabled: false, handlesAlerts: true, hasTouchScreen: false, javascriptEnabled: true, locationContextEnabled: true, mobileEmulationEnabled: false, nativeEvents: true, networkConnectionEnabled: false, pageLoadStrategy: normal, platform: XP, platformName: XP, rotatable: false, setWindowRect: true, takesHeapSnapshot: true, takesScreenshot: true, unexpectedAlertBehaviour: , unhandledPromptBehavior: , version: 73.0.3683.103, webStorageEnabled: true}
Session ID: 55cd28b8796e4d9f97910c4081ffcadf
	at org.openqa.selenium.remote.ErrorHandler.createThrowable(ErrorHandler.java:214)
	at org.openqa.selenium.remote.ErrorHandler.throwIfResponseFailed(ErrorHandler.java:166)
	at org.openqa.selenium.remote.http.JsonHttpResponseCodec.reconstructValue(JsonHttpResponseCodec.java:40)
	at org.openqa.selenium.remote.http.AbstractHttpResponseCodec.decode(AbstractHttpResponseCodec.java:80)
	at org.openqa.selenium.remote.http.AbstractHttpResponseCodec.decode(AbstractHttpResponseCodec.java:44)
	at org.openqa.selenium.remote.HttpCommandExecutor.execute(HttpCommandExecutor.java:158)
	at org.openqa.selenium.remote.service.DriverCommandExecutor.execute(DriverCommandExecutor.java:83)
	at org.openqa.selenium.remote.RemoteWebDriver.execute(RemoteWebDriver.java:545)
	at org.openqa.selenium.remote.RemoteWebDriver.get(RemoteWebDriver.java:273)
	at com.automation.newati.pages.LoginPage2.enterURL(LoginPage2.java:47)
	at com.automation.newati.logincreateaccount.CreateAccountTest.NewATI539_CreateAccount(CreateAccountTest.java:124)
... Removed 27 stack frames]]>
    </failure>
  </testcase> <!-- NewATI539_CreateAccount -->
  <testcase name="NewATI1_CreateAccountPage" time="0.94" classname="com.automation.newati.logincreateaccount.CreateAccountTest">
    <failure type="org.openqa.selenium.WebDriverException" message="unknown error: cannot determine loading status
from unknown error: cannot determine loading status
from disconnected: received Inspector.detached event
  (Session info: chrome=73.0.3683.103)
  (Driver info: chromedriver=2.38.552522 (437e6fbedfa8762dec75e2c5b3ddb86763dc9dcb),platform=Windows NT 10.0.14393 x86_64) (WARNING: The server did not provide any stacktrace information)
Command duration or timeout: 0 milliseconds
Build info: version: &amp;apos;3.11.0&amp;apos;, revision: &amp;apos;e59cfb3&amp;apos;, time: &amp;apos;2018-03-11T20:26:55.152Z&amp;apos;
System info: host: &amp;apos;HMECL000695&amp;apos;, ip: &amp;apos;10.160.240.150&amp;apos;, os.name: &amp;apos;Windows 10&amp;apos;, os.arch: &amp;apos;amd64&amp;apos;, os.version: &amp;apos;10.0&amp;apos;, java.version: &amp;apos;1.8.0_181&amp;apos;
Driver info: org.openqa.selenium.chrome.ChromeDriver
Capabilities {acceptInsecureCerts: false, acceptSslCerts: false, applicationCacheEnabled: false, browserConnectionEnabled: false, browserName: chrome, chrome: {chromedriverVersion: 2.38.552522 (437e6fbedfa876..., userDataDir: C:\Users\SASMIT~1.MIS\AppDa...}, cssSelectorsEnabled: true, databaseEnabled: false, handlesAlerts: true, hasTouchScreen: false, javascriptEnabled: true, locationContextEnabled: true, mobileEmulationEnabled: false, nativeEvents: true, networkConnectionEnabled: false, pageLoadStrategy: normal, platform: XP, platformName: XP, rotatable: false, setWindowRect: true, takesHeapSnapshot: true, takesScreenshot: true, unexpectedAlertBehaviour: , unhandledPromptBehavior: , version: 73.0.3683.103, webStorageEnabled: true}
Session ID: c08c242ecda63f944059887d72a494ea">
      <![CDATA[org.openqa.selenium.WebDriverException: unknown error: cannot determine loading status
from unknown error: cannot determine loading status
from disconnected: received Inspector.detached event
  (Session info: chrome=73.0.3683.103)
  (Driver info: chromedriver=2.38.552522 (437e6fbedfa8762dec75e2c5b3ddb86763dc9dcb),platform=Windows NT 10.0.14393 x86_64) (WARNING: The server did not provide any stacktrace information)
Command duration or timeout: 0 milliseconds
Build info: version: '3.11.0', revision: 'e59cfb3', time: '2018-03-11T20:26:55.152Z'
System info: host: 'HMECL000695', ip: '10.160.240.150', os.name: 'Windows 10', os.arch: 'amd64', os.version: '10.0', java.version: '1.8.0_181'
Driver info: org.openqa.selenium.chrome.ChromeDriver
Capabilities {acceptInsecureCerts: false, acceptSslCerts: false, applicationCacheEnabled: false, browserConnectionEnabled: false, browserName: chrome, chrome: {chromedriverVersion: 2.38.552522 (437e6fbedfa876..., userDataDir: C:\Users\SASMIT~1.MIS\AppDa...}, cssSelectorsEnabled: true, databaseEnabled: false, handlesAlerts: true, hasTouchScreen: false, javascriptEnabled: true, locationContextEnabled: true, mobileEmulationEnabled: false, nativeEvents: true, networkConnectionEnabled: false, pageLoadStrategy: normal, platform: XP, platformName: XP, rotatable: false, setWindowRect: true, takesHeapSnapshot: true, takesScreenshot: true, unexpectedAlertBehaviour: , unhandledPromptBehavior: , version: 73.0.3683.103, webStorageEnabled: true}
Session ID: c08c242ecda63f944059887d72a494ea
	at org.openqa.selenium.remote.ErrorHandler.createThrowable(ErrorHandler.java:214)
	at org.openqa.selenium.remote.ErrorHandler.throwIfResponseFailed(ErrorHandler.java:166)
	at org.openqa.selenium.remote.http.JsonHttpResponseCodec.reconstructValue(JsonHttpResponseCodec.java:40)
	at org.openqa.selenium.remote.http.AbstractHttpResponseCodec.decode(AbstractHttpResponseCodec.java:80)
	at org.openqa.selenium.remote.http.AbstractHttpResponseCodec.decode(AbstractHttpResponseCodec.java:44)
	at org.openqa.selenium.remote.HttpCommandExecutor.execute(HttpCommandExecutor.java:158)
	at org.openqa.selenium.remote.service.DriverCommandExecutor.execute(DriverCommandExecutor.java:83)
	at org.openqa.selenium.remote.RemoteWebDriver.execute(RemoteWebDriver.java:545)
	at org.openqa.selenium.remote.RemoteWebDriver.get(RemoteWebDriver.java:273)
	at com.automation.newati.pages.LoginPage2.enterURL(LoginPage2.java:47)
	at com.automation.newati.logincreateaccount.CreateAccountTest.NewATI1_CreateAccountPage(CreateAccountTest.java:202)
... Removed 27 stack frames]]>
    </failure>
  </testcase> <!-- NewATI1_CreateAccountPage -->
  <testcase name="NewATI538_ValidateLoginWithExistingUser" time="4.106" classname="com.automation.newati.login.LoginTest">
    <failure type="com.ascendlearning.automation.ui.exceptions.DriverException" message="Driver Verification exception:   Unable to login To Application">
      <![CDATA[com.ascendlearning.automation.ui.exceptions.DriverException: Driver Verification exception:   Unable to login To Application
	at com.automation.newati.pages.LoginPage2.loginToApplication(LoginPage2.java:143)
	at com.automation.newati.login.LoginTest.NewATI538_ValidateLoginWithExistingUser(LoginTest.java:49)
Caused by: org.openqa.selenium.WebDriverException: chrome not reachable
  (Session info: chrome=73.0.3683.103)
  (Driver info: chromedriver=2.38.552522 (437e6fbedfa8762dec75e2c5b3ddb86763dc9dcb),platform=Windows NT 10.0.14393 x86_64) (WARNING: The server did not provide any stacktrace information)
Command duration or timeout: 0 milliseconds
Build info: version: '3.11.0', revision: 'e59cfb3', time: '2018-03-11T20:26:55.152Z'
System info: host: 'HMECL000695', ip: '10.160.240.150', os.name: 'Windows 10', os.arch: 'amd64', os.version: '10.0', java.version: '1.8.0_181'
Driver info: org.openqa.selenium.chrome.ChromeDriver
Capabilities {acceptInsecureCerts: false, acceptSslCerts: false, applicationCacheEnabled: false, browserConnectionEnabled: false, browserName: chrome, chrome: {chromedriverVersion: 2.38.552522 (437e6fbedfa876..., userDataDir: C:\Users\SASMIT~1.MIS\AppDa...}, cssSelectorsEnabled: true, databaseEnabled: false, handlesAlerts: true, hasTouchScreen: false, javascriptEnabled: true, locationContextEnabled: true, mobileEmulationEnabled: false, nativeEvents: true, networkConnectionEnabled: false, pageLoadStrategy: normal, platform: XP, platformName: XP, rotatable: false, setWindowRect: true, takesHeapSnapshot: true, takesScreenshot: true, unexpectedAlertBehaviour: , unhandledPromptBehavior: , version: 73.0.3683.103, webStorageEnabled: true}
Session ID: 1129feeb6d62433a0f67977393a193ba
	at org.openqa.selenium.remote.ErrorHandler.createThrowable(ErrorHandler.java:214)
	at org.openqa.selenium.remote.ErrorHandler.throwIfResponseFailed(ErrorHandler.java:166)
	at org.openqa.selenium.remote.http.JsonHttpResponseCodec.reconstructValue(JsonHttpResponseCodec.java:40)
	at org.openqa.selenium.remote.http.AbstractHttpResponseCodec.decode(AbstractHttpResponseCodec.java:80)
	at org.openqa.selenium.remote.http.AbstractHttpResponseCodec.decode(AbstractHttpResponseCodec.java:44)
	at org.openqa.selenium.remote.HttpCommandExecutor.execute(HttpCommandExecutor.java:158)
	at org.openqa.selenium.remote.service.DriverCommandExecutor.execute(DriverCommandExecutor.java:83)
	at org.openqa.selenium.remote.RemoteWebDriver.execute(RemoteWebDriver.java:545)
	at org.openqa.selenium.remote.RemoteWebDriver.get(RemoteWebDriver.java:273)
	at com.automation.newati.pages.LoginPage2.loginToApplication(LoginPage2.java:81)
	... 25 more
... Removed 27 stack frames]]>
    </failure>
  </testcase> <!-- NewATI538_ValidateLoginWithExistingUser -->
  <testcase name="NewATI64_VerifyTechReqLink" time="4.08" classname="com.automation.newati.login.LoginTest">
    <failure type="org.openqa.selenium.WebDriverException" message="chrome not reachable
  (Session info: chrome=73.0.3683.103)
  (Driver info: chromedriver=2.38.552522 (437e6fbedfa8762dec75e2c5b3ddb86763dc9dcb),platform=Windows NT 10.0.14393 x86_64) (WARNING: The server did not provide any stacktrace information)
Command duration or timeout: 0 milliseconds
Build info: version: &amp;apos;3.11.0&amp;apos;, revision: &amp;apos;e59cfb3&amp;apos;, time: &amp;apos;2018-03-11T20:26:55.152Z&amp;apos;
System info: host: &amp;apos;HMECL000695&amp;apos;, ip: &amp;apos;10.160.240.150&amp;apos;, os.name: &amp;apos;Windows 10&amp;apos;, os.arch: &amp;apos;amd64&amp;apos;, os.version: &amp;apos;10.0&amp;apos;, java.version: &amp;apos;1.8.0_181&amp;apos;
Driver info: org.openqa.selenium.chrome.ChromeDriver
Capabilities {acceptInsecureCerts: false, acceptSslCerts: false, applicationCacheEnabled: false, browserConnectionEnabled: false, browserName: chrome, chrome: {chromedriverVersion: 2.38.552522 (437e6fbedfa876..., userDataDir: C:\Users\SASMIT~1.MIS\AppDa...}, cssSelectorsEnabled: true, databaseEnabled: false, handlesAlerts: true, hasTouchScreen: false, javascriptEnabled: true, locationContextEnabled: true, mobileEmulationEnabled: false, nativeEvents: true, networkConnectionEnabled: false, pageLoadStrategy: normal, platform: XP, platformName: XP, rotatable: false, setWindowRect: true, takesHeapSnapshot: true, takesScreenshot: true, unexpectedAlertBehaviour: , unhandledPromptBehavior: , version: 73.0.3683.103, webStorageEnabled: true}
Session ID: 93b939da6e87b75ccf005094ab24f247">
      <![CDATA[org.openqa.selenium.WebDriverException: chrome not reachable
  (Session info: chrome=73.0.3683.103)
  (Driver info: chromedriver=2.38.552522 (437e6fbedfa8762dec75e2c5b3ddb86763dc9dcb),platform=Windows NT 10.0.14393 x86_64) (WARNING: The server did not provide any stacktrace information)
Command duration or timeout: 0 milliseconds
Build info: version: '3.11.0', revision: 'e59cfb3', time: '2018-03-11T20:26:55.152Z'
System info: host: 'HMECL000695', ip: '10.160.240.150', os.name: 'Windows 10', os.arch: 'amd64', os.version: '10.0', java.version: '1.8.0_181'
Driver info: org.openqa.selenium.chrome.ChromeDriver
Capabilities {acceptInsecureCerts: false, acceptSslCerts: false, applicationCacheEnabled: false, browserConnectionEnabled: false, browserName: chrome, chrome: {chromedriverVersion: 2.38.552522 (437e6fbedfa876..., userDataDir: C:\Users\SASMIT~1.MIS\AppDa...}, cssSelectorsEnabled: true, databaseEnabled: false, handlesAlerts: true, hasTouchScreen: false, javascriptEnabled: true, locationContextEnabled: true, mobileEmulationEnabled: false, nativeEvents: true, networkConnectionEnabled: false, pageLoadStrategy: normal, platform: XP, platformName: XP, rotatable: false, setWindowRect: true, takesHeapSnapshot: true, takesScreenshot: true, unexpectedAlertBehaviour: , unhandledPromptBehavior: , version: 73.0.3683.103, webStorageEnabled: true}
Session ID: 93b939da6e87b75ccf005094ab24f247
	at org.openqa.selenium.remote.ErrorHandler.createThrowable(ErrorHandler.java:214)
	at org.openqa.selenium.remote.ErrorHandler.throwIfResponseFailed(ErrorHandler.java:166)
	at org.openqa.selenium.remote.http.JsonHttpResponseCodec.reconstructValue(JsonHttpResponseCodec.java:40)
	at org.openqa.selenium.remote.http.AbstractHttpResponseCodec.decode(AbstractHttpResponseCodec.java:80)
	at org.openqa.selenium.remote.http.AbstractHttpResponseCodec.decode(AbstractHttpResponseCodec.java:44)
	at org.openqa.selenium.remote.HttpCommandExecutor.execute(HttpCommandExecutor.java:158)
	at org.openqa.selenium.remote.service.DriverCommandExecutor.execute(DriverCommandExecutor.java:83)
	at org.openqa.selenium.remote.RemoteWebDriver.execute(RemoteWebDriver.java:545)
	at org.openqa.selenium.remote.RemoteWebDriver.get(RemoteWebDriver.java:273)
	at com.automation.newati.pages.LoginPage2.enterURL(LoginPage2.java:47)
	at com.automation.newati.login.LoginTest.NewATI64_VerifyTechReqLink(LoginTest.java:103)
... Removed 27 stack frames]]>
    </failure>
  </testcase> <!-- NewATI64_VerifyTechReqLink -->
  <testcase name="NewATI71_VerifyATIProdSolLink" time="9.031" classname="com.automation.newati.login.LoginTest">
    <failure type="com.ascendlearning.automation.ui.exceptions.DriverException" message="Driver Verification exception:   Unable to wait Untill Loading Image Is not Disappeared">
      <![CDATA[com.ascendlearning.automation.ui.exceptions.DriverException: Driver Verification exception:   Unable to wait Untill Loading Image Is not Disappeared
	at com.automation.newati.pages.NewATIBasePage.waitUntillLoadingImageIsDisappeared(NewATIBasePage.java:282)
	at com.automation.newati.pages.LoginPage2.enterURL(LoginPage2.java:48)
	at com.automation.newati.login.LoginTest.NewATI71_VerifyATIProdSolLink(LoginTest.java:118)
Caused by: org.openqa.selenium.NoSuchWindowException: no such window: target window already closed
from unknown error: web view not found
  (Session info: chrome=73.0.3683.103)
  (Driver info: chromedriver=2.38.552522 (437e6fbedfa8762dec75e2c5b3ddb86763dc9dcb),platform=Windows NT 10.0.14393 x86_64) (WARNING: The server did not provide any stacktrace information)
Command duration or timeout: 0 milliseconds
Build info: version: '3.11.0', revision: 'e59cfb3', time: '2018-03-11T20:26:55.152Z'
System info: host: 'HMECL000695', ip: '10.160.240.150', os.name: 'Windows 10', os.arch: 'amd64', os.version: '10.0', java.version: '1.8.0_181'
Driver info: org.openqa.selenium.chrome.ChromeDriver
Capabilities {acceptInsecureCerts: false, acceptSslCerts: false, applicationCacheEnabled: false, browserConnectionEnabled: false, browserName: chrome, chrome: {chromedriverVersion: 2.38.552522 (437e6fbedfa876..., userDataDir: C:\Users\SASMIT~1.MIS\AppDa...}, cssSelectorsEnabled: true, databaseEnabled: false, handlesAlerts: true, hasTouchScreen: false, javascriptEnabled: true, locationContextEnabled: true, mobileEmulationEnabled: false, nativeEvents: true, networkConnectionEnabled: false, pageLoadStrategy: normal, platform: XP, platformName: XP, rotatable: false, setWindowRect: true, takesHeapSnapshot: true, takesScreenshot: true, unexpectedAlertBehaviour: , unhandledPromptBehavior: , version: 73.0.3683.103, webStorageEnabled: true}
Session ID: cb36cf111c3bc4245c1623a05c0336fa
*** Element info: {Using=css selector, value=.blockUI.blockMsg.blockPage}
	at org.openqa.selenium.remote.ErrorHandler.createThrowable(ErrorHandler.java:214)
	at org.openqa.selenium.remote.ErrorHandler.throwIfResponseFailed(ErrorHandler.java:166)
	at org.openqa.selenium.remote.http.JsonHttpResponseCodec.reconstructValue(JsonHttpResponseCodec.java:40)
	at org.openqa.selenium.remote.http.AbstractHttpResponseCodec.decode(AbstractHttpResponseCodec.java:80)
	at org.openqa.selenium.remote.http.AbstractHttpResponseCodec.decode(AbstractHttpResponseCodec.java:44)
	at org.openqa.selenium.remote.HttpCommandExecutor.execute(HttpCommandExecutor.java:158)
	at org.openqa.selenium.remote.service.DriverCommandExecutor.execute(DriverCommandExecutor.java:83)
	at org.openqa.selenium.remote.RemoteWebDriver.execute(RemoteWebDriver.java:545)
	at org.openqa.selenium.remote.RemoteWebDriver.findElements(RemoteWebDriver.java:346)
	at org.openqa.selenium.remote.RemoteWebDriver.findElementsByCssSelector(RemoteWebDriver.java:417)
	at com.ascendlearning.automation.ui.utils.ByCssSelectorExtended.findElements(ByCssSelectorExtended.java:41)
	at org.openqa.selenium.remote.RemoteWebDriver.findElements(RemoteWebDriver.java:307)
	at com.ascendlearning.automation.ui.handlers.BaseHandler.findElements(BaseHandler.java:123)
	at com.ascendlearning.automation.ui.handlers.BaseHandler.findElements(BaseHandler.java:116)
	at com.automation.newati.pages.NewATIBasePage.waitUntillLoadingImageIsDisappeared(NewATIBasePage.java:255)
	... 26 more
... Removed 28 stack frames]]>
    </failure>
  </testcase> <!-- NewATI71_VerifyATIProdSolLink -->
  <testcase name="NewATI628_VerifyStudentSignOn" time="4.13" classname="com.automation.newati.login.LoginTest">
    <failure type="org.openqa.selenium.WebDriverException" message="chrome not reachable
  (Session info: chrome=73.0.3683.103)
  (Driver info: chromedriver=2.38.552522 (437e6fbedfa8762dec75e2c5b3ddb86763dc9dcb),platform=Windows NT 10.0.14393 x86_64) (WARNING: The server did not provide any stacktrace information)
Command duration or timeout: 0 milliseconds
Build info: version: &amp;apos;3.11.0&amp;apos;, revision: &amp;apos;e59cfb3&amp;apos;, time: &amp;apos;2018-03-11T20:26:55.152Z&amp;apos;
System info: host: &amp;apos;HMECL000695&amp;apos;, ip: &amp;apos;10.160.240.150&amp;apos;, os.name: &amp;apos;Windows 10&amp;apos;, os.arch: &amp;apos;amd64&amp;apos;, os.version: &amp;apos;10.0&amp;apos;, java.version: &amp;apos;1.8.0_181&amp;apos;
Driver info: org.openqa.selenium.chrome.ChromeDriver
Capabilities {acceptInsecureCerts: false, acceptSslCerts: false, applicationCacheEnabled: false, browserConnectionEnabled: false, browserName: chrome, chrome: {chromedriverVersion: 2.38.552522 (437e6fbedfa876..., userDataDir: C:\Users\SASMIT~1.MIS\AppDa...}, cssSelectorsEnabled: true, databaseEnabled: false, handlesAlerts: true, hasTouchScreen: false, javascriptEnabled: true, locationContextEnabled: true, mobileEmulationEnabled: false, nativeEvents: true, networkConnectionEnabled: false, pageLoadStrategy: normal, platform: XP, platformName: XP, rotatable: false, setWindowRect: true, takesHeapSnapshot: true, takesScreenshot: true, unexpectedAlertBehaviour: , unhandledPromptBehavior: , version: 73.0.3683.103, webStorageEnabled: true}
Session ID: 99d931e0faea303cd4555312dbc2fdc8">
      <![CDATA[org.openqa.selenium.WebDriverException: chrome not reachable
  (Session info: chrome=73.0.3683.103)
  (Driver info: chromedriver=2.38.552522 (437e6fbedfa8762dec75e2c5b3ddb86763dc9dcb),platform=Windows NT 10.0.14393 x86_64) (WARNING: The server did not provide any stacktrace information)
Command duration or timeout: 0 milliseconds
Build info: version: '3.11.0', revision: 'e59cfb3', time: '2018-03-11T20:26:55.152Z'
System info: host: 'HMECL000695', ip: '10.160.240.150', os.name: 'Windows 10', os.arch: 'amd64', os.version: '10.0', java.version: '1.8.0_181'
Driver info: org.openqa.selenium.chrome.ChromeDriver
Capabilities {acceptInsecureCerts: false, acceptSslCerts: false, applicationCacheEnabled: false, browserConnectionEnabled: false, browserName: chrome, chrome: {chromedriverVersion: 2.38.552522 (437e6fbedfa876..., userDataDir: C:\Users\SASMIT~1.MIS\AppDa...}, cssSelectorsEnabled: true, databaseEnabled: false, handlesAlerts: true, hasTouchScreen: false, javascriptEnabled: true, locationContextEnabled: true, mobileEmulationEnabled: false, nativeEvents: true, networkConnectionEnabled: false, pageLoadStrategy: normal, platform: XP, platformName: XP, rotatable: false, setWindowRect: true, takesHeapSnapshot: true, takesScreenshot: true, unexpectedAlertBehaviour: , unhandledPromptBehavior: , version: 73.0.3683.103, webStorageEnabled: true}
Session ID: 99d931e0faea303cd4555312dbc2fdc8
	at org.openqa.selenium.remote.ErrorHandler.createThrowable(ErrorHandler.java:214)
	at org.openqa.selenium.remote.ErrorHandler.throwIfResponseFailed(ErrorHandler.java:166)
	at org.openqa.selenium.remote.http.JsonHttpResponseCodec.reconstructValue(JsonHttpResponseCodec.java:40)
	at org.openqa.selenium.remote.http.AbstractHttpResponseCodec.decode(AbstractHttpResponseCodec.java:80)
	at org.openqa.selenium.remote.http.AbstractHttpResponseCodec.decode(AbstractHttpResponseCodec.java:44)
	at org.openqa.selenium.remote.HttpCommandExecutor.execute(HttpCommandExecutor.java:158)
	at org.openqa.selenium.remote.service.DriverCommandExecutor.execute(DriverCommandExecutor.java:83)
	at org.openqa.selenium.remote.RemoteWebDriver.execute(RemoteWebDriver.java:545)
	at org.openqa.selenium.remote.RemoteWebDriver.get(RemoteWebDriver.java:273)
	at com.automation.newati.pages.LoginPage2.enterURL(LoginPage2.java:47)
	at com.automation.newati.login.LoginTest.NewATI628_VerifyStudentSignOn(LoginTest.java:133)
... Removed 27 stack frames]]>
    </failure>
  </testcase> <!-- NewATI628_VerifyStudentSignOn -->
  <testcase name="NewATI566_verifyReactivationAccountViaMailLogin" time="4.1" classname="com.automation.newati.login.LoginTest2">
    <failure type="com.ascendlearning.automation.ui.exceptions.DriverException" message="Driver Verification exception:   Unable to wait Untill Loading Image Is not Disappeared">
      <![CDATA[com.ascendlearning.automation.ui.exceptions.DriverException: Driver Verification exception:   Unable to wait Untill Loading Image Is not Disappeared
	at com.automation.newati.pages.NewATIBasePage.waitUntillLoadingImageIsDisappeared(NewATIBasePage.java:282)
	at com.automation.newati.login.LoginTest2.NewATI566_verifyReactivationAccountViaMailLogin(LoginTest2.java:44)
Caused by: org.openqa.selenium.WebDriverException: chrome not reachable
  (Session info: chrome=73.0.3683.103)
  (Driver info: chromedriver=2.38.552522 (437e6fbedfa8762dec75e2c5b3ddb86763dc9dcb),platform=Windows NT 10.0.14393 x86_64) (WARNING: The server did not provide any stacktrace information)
Command duration or timeout: 0 milliseconds
Build info: version: '3.11.0', revision: 'e59cfb3', time: '2018-03-11T20:26:55.152Z'
System info: host: 'HMECL000695', ip: '10.160.240.150', os.name: 'Windows 10', os.arch: 'amd64', os.version: '10.0', java.version: '1.8.0_181'
Driver info: org.openqa.selenium.chrome.ChromeDriver
Capabilities {acceptInsecureCerts: false, acceptSslCerts: false, applicationCacheEnabled: false, browserConnectionEnabled: false, browserName: chrome, chrome: {chromedriverVersion: 2.38.552522 (437e6fbedfa876..., userDataDir: C:\Users\SASMIT~1.MIS\AppDa...}, cssSelectorsEnabled: true, databaseEnabled: false, handlesAlerts: true, hasTouchScreen: false, javascriptEnabled: true, locationContextEnabled: true, mobileEmulationEnabled: false, nativeEvents: true, networkConnectionEnabled: false, pageLoadStrategy: normal, platform: XP, platformName: XP, rotatable: false, setWindowRect: true, takesHeapSnapshot: true, takesScreenshot: true, unexpectedAlertBehaviour: , unhandledPromptBehavior: , version: 73.0.3683.103, webStorageEnabled: true}
Session ID: 0120bf188fa2baeec6822c5574e934dd
*** Element info: {Using=css selector, value=.blockUI.blockMsg.blockPage}
	at org.openqa.selenium.remote.ErrorHandler.createThrowable(ErrorHandler.java:214)
	at org.openqa.selenium.remote.ErrorHandler.throwIfResponseFailed(ErrorHandler.java:166)
	at org.openqa.selenium.remote.http.JsonHttpResponseCodec.reconstructValue(JsonHttpResponseCodec.java:40)
	at org.openqa.selenium.remote.http.AbstractHttpResponseCodec.decode(AbstractHttpResponseCodec.java:80)
	at org.openqa.selenium.remote.http.AbstractHttpResponseCodec.decode(AbstractHttpResponseCodec.java:44)
	at org.openqa.selenium.remote.HttpCommandExecutor.execute(HttpCommandExecutor.java:158)
	at org.openqa.selenium.remote.service.DriverCommandExecutor.execute(DriverCommandExecutor.java:83)
	at org.openqa.selenium.remote.RemoteWebDriver.execute(RemoteWebDriver.java:545)
	at org.openqa.selenium.remote.RemoteWebDriver.findElements(RemoteWebDriver.java:346)
	at org.openqa.selenium.remote.RemoteWebDriver.findElementsByCssSelector(RemoteWebDriver.java:417)
	at com.ascendlearning.automation.ui.utils.ByCssSelectorExtended.findElements(ByCssSelectorExtended.java:41)
	at org.openqa.selenium.remote.RemoteWebDriver.findElements(RemoteWebDriver.java:307)
	at com.ascendlearning.automation.ui.handlers.BaseHandler.findElements(BaseHandler.java:123)
	at com.ascendlearning.automation.ui.handlers.BaseHandler.findElements(BaseHandler.java:116)
	at com.automation.newati.pages.NewATIBasePage.waitUntillLoadingImageIsDisappeared(NewATIBasePage.java:255)
	... 25 more
... Removed 27 stack frames]]>
    </failure>
  </testcase> <!-- NewATI566_verifyReactivationAccountViaMailLogin -->
  <testcase name="NewATI88_VerifyForgetPasswordFunctionality" time="0.0" classname="com.automation.newati.login.UserAuthenticationTest">
    <failure type="java.lang.NullPointerException" message="null value in entry: url=null">
      <![CDATA[java.lang.NullPointerException: null value in entry: url=null
	at com.google.common.collect.CollectPreconditions.checkEntryNotNull(CollectPreconditions.java:34)
	at com.google.common.collect.ImmutableMap.entryOf(ImmutableMap.java:175)
	at com.google.common.collect.ImmutableMap.of(ImmutableMap.java:123)
	at org.openqa.selenium.remote.RemoteWebDriver.get(RemoteWebDriver.java:273)
	at com.automation.newati.pages.LoginPage2.enterURL(LoginPage2.java:47)
	at com.automation.newati.login.UserAuthenticationTest.NewATI88_VerifyForgetPasswordFunctionality(UserAuthenticationTest.java:34)
... Removed 24 stack frames]]>
    </failure>
  </testcase> <!-- NewATI88_VerifyForgetPasswordFunctionality -->
  <testcase name="NewATI91_VerifyLoginWithResetPassword" time="0.0" classname="com.automation.newati.login.UserAuthenticationTest">
    <failure type="java.lang.NullPointerException" message="null value in entry: url=null">
      <![CDATA[java.lang.NullPointerException: null value in entry: url=null
	at com.google.common.collect.CollectPreconditions.checkEntryNotNull(CollectPreconditions.java:34)
	at com.google.common.collect.ImmutableMap.entryOf(ImmutableMap.java:175)
	at com.google.common.collect.ImmutableMap.of(ImmutableMap.java:123)
	at org.openqa.selenium.remote.RemoteWebDriver.get(RemoteWebDriver.java:273)
	at com.automation.newati.pages.LoginPage2.enterURL(LoginPage2.java:47)
	at com.automation.newati.login.UserAuthenticationTest.NewATI91_VerifyLoginWithResetPassword(UserAuthenticationTest.java:101)
... Removed 24 stack frames]]>
    </failure>
  </testcase> <!-- NewATI91_VerifyLoginWithResetPassword -->
  <testcase name="NewATI63_VerifyUserNameRetrivalErrorMsg" time="0.001" classname="com.automation.newati.login.UserAuthenticationTest">
    <failure type="java.lang.NullPointerException" message="null value in entry: url=null">
      <![CDATA[java.lang.NullPointerException: null value in entry: url=null
	at com.google.common.collect.CollectPreconditions.checkEntryNotNull(CollectPreconditions.java:34)
	at com.google.common.collect.ImmutableMap.entryOf(ImmutableMap.java:175)
	at com.google.common.collect.ImmutableMap.of(ImmutableMap.java:123)
	at org.openqa.selenium.remote.RemoteWebDriver.get(RemoteWebDriver.java:273)
	at com.automation.newati.pages.LoginPage2.enterURL(LoginPage2.java:47)
	at com.automation.newati.login.UserAuthenticationTest.NewATI63_VerifyUserNameRetrivalErrorMsg(UserAuthenticationTest.java:189)
... Removed 24 stack frames]]>
    </failure>
  </testcase> <!-- NewATI63_VerifyUserNameRetrivalErrorMsg -->
  <testcase name="NewATI61_VerifyUserNameRetrival" time="0.0" classname="com.automation.newati.login.UserAuthenticationTest">
    <failure type="java.lang.NullPointerException" message="null value in entry: url=null">
      <![CDATA[java.lang.NullPointerException: null value in entry: url=null
	at com.google.common.collect.CollectPreconditions.checkEntryNotNull(CollectPreconditions.java:34)
	at com.google.common.collect.ImmutableMap.entryOf(ImmutableMap.java:175)
	at com.google.common.collect.ImmutableMap.of(ImmutableMap.java:123)
	at org.openqa.selenium.remote.RemoteWebDriver.get(RemoteWebDriver.java:273)
	at com.automation.newati.pages.LoginPage2.enterURL(LoginPage2.java:47)
	at com.automation.newati.login.UserAuthenticationTest.NewATI61_VerifyUserNameRetrival(UserAuthenticationTest.java:221)
... Removed 24 stack frames]]>
    </failure>
  </testcase> <!-- NewATI61_VerifyUserNameRetrival -->
  <testcase name="NewATI68_VerifyForgetuserNameRetrival" time="0.006" classname="com.automation.newati.login.UserAuthenticationTest">
    <failure type="java.lang.NullPointerException" message="null value in entry: url=null">
      <![CDATA[java.lang.NullPointerException: null value in entry: url=null
	at com.google.common.collect.CollectPreconditions.checkEntryNotNull(CollectPreconditions.java:34)
	at com.google.common.collect.ImmutableMap.entryOf(ImmutableMap.java:175)
	at com.google.common.collect.ImmutableMap.of(ImmutableMap.java:123)
	at org.openqa.selenium.remote.RemoteWebDriver.get(RemoteWebDriver.java:273)
	at com.automation.newati.pages.LoginPage2.enterURL(LoginPage2.java:47)
	at com.automation.newati.login.UserAuthenticationTest.NewATI68_VerifyForgetuserNameRetrival(UserAuthenticationTest.java:264)
... Removed 24 stack frames]]>
    </failure>
  </testcase> <!-- NewATI68_VerifyForgetuserNameRetrival -->
  <testcase name="NewATI72_VerifyResetPasswordErrorMsg" time="0.0" classname="com.automation.newati.login.UserAuthenticationTest">
    <failure type="java.lang.NullPointerException" message="null value in entry: url=null">
      <![CDATA[java.lang.NullPointerException: null value in entry: url=null
	at com.google.common.collect.CollectPreconditions.checkEntryNotNull(CollectPreconditions.java:34)
	at com.google.common.collect.ImmutableMap.entryOf(ImmutableMap.java:175)
	at com.google.common.collect.ImmutableMap.of(ImmutableMap.java:123)
	at org.openqa.selenium.remote.RemoteWebDriver.get(RemoteWebDriver.java:273)
	at com.automation.newati.pages.LoginPage2.enterURL(LoginPage2.java:47)
	at com.automation.newati.login.UserAuthenticationTest.NewATI72_VerifyResetPasswordErrorMsg(UserAuthenticationTest.java:340)
... Removed 24 stack frames]]>
    </failure>
  </testcase> <!-- NewATI72_VerifyResetPasswordErrorMsg -->
  <testcase name="NewATI85_VerifyForgetPasswordFunctionality2" time="0.001" classname="com.automation.newati.login.UserAuthenticationTest">
    <failure type="java.lang.NullPointerException" message="null value in entry: url=null">
      <![CDATA[java.lang.NullPointerException: null value in entry: url=null
	at com.google.common.collect.CollectPreconditions.checkEntryNotNull(CollectPreconditions.java:34)
	at com.google.common.collect.ImmutableMap.entryOf(ImmutableMap.java:175)
	at com.google.common.collect.ImmutableMap.of(ImmutableMap.java:123)
	at org.openqa.selenium.remote.RemoteWebDriver.get(RemoteWebDriver.java:273)
	at com.automation.newati.pages.LoginPage2.enterURL(LoginPage2.java:47)
	at com.automation.newati.login.UserAuthenticationTest.NewATI85_VerifyForgetPasswordFunctionality2(UserAuthenticationTest.java:380)
... Removed 24 stack frames]]>
    </failure>
  </testcase> <!-- NewATI85_VerifyForgetPasswordFunctionality2 -->
  <testcase name="NewATI3_VerifyForgetPasswordFunctionality2" time="0.001" classname="com.automation.newati.login.UserAuthenticationTest">
    <failure type="java.lang.NullPointerException" message="null value in entry: url=null">
      <![CDATA[java.lang.NullPointerException: null value in entry: url=null
	at com.google.common.collect.CollectPreconditions.checkEntryNotNull(CollectPreconditions.java:34)
	at com.google.common.collect.ImmutableMap.entryOf(ImmutableMap.java:175)
	at com.google.common.collect.ImmutableMap.of(ImmutableMap.java:123)
	at org.openqa.selenium.remote.RemoteWebDriver.get(RemoteWebDriver.java:273)
	at com.automation.newati.pages.LoginPage2.enterURL(LoginPage2.java:47)
	at com.automation.newati.login.UserAuthenticationTest.NewATI3_VerifyForgetPasswordFunctionality2(UserAuthenticationTest.java:465)
... Removed 24 stack frames]]>
    </failure>
  </testcase> <!-- NewATI3_VerifyForgetPasswordFunctionality2 -->
  <testcase name="NewATI494_VerifyPageFooter" time="0.001" classname="com.automation.newati.hometab.VerifyHomeTabTest">
    <skipped/>
  </testcase> <!-- NewATI494_VerifyPageFooter -->
  <testcase name="NewATI7_verifyHomeTabUIElements" time="0.016" classname="com.automation.newati.hometab.VerifyHomeTabTest">
    <skipped/>
  </testcase> <!-- NewATI7_verifyHomeTabUIElements -->
  <testcase name="NewATI107_verifyPrivacyPolicyLink" time="0.016" classname="com.automation.newati.hometab.VerifyHomeTabTest">
    <skipped/>
  </testcase> <!-- NewATI107_verifyPrivacyPolicyLink -->
  <testcase name="NewATI2_verifyOnlineStoreLinkForTheUsers" time="0.0" classname="com.automation.newati.hometab.VerifyHomeTabTest">
    <skipped/>
  </testcase> <!-- NewATI2_verifyOnlineStoreLinkForTheUsers -->
</testsuite> <!-- Verification for  Login  -->
