<?xml version="1.0" encoding="UTF-8"?>
<testng-results skipped="0" failed="1" total="1" passed="0">
  <reporter-output>
    <line>
      <![CDATA[
ASMT_CompletePrakHour Start]]>
    </line>
    <line>
      <![CDATA[
Student User Created --> null]]>
    </line>
    <line>
      <![CDATA[
Student Portal Login Start]]>
    </line>
  </reporter-output>
  <suite name="Default suite" duration-ms="28695" started-at="2019-08-01T11:41:54Z" finished-at="2019-08-01T11:42:23Z">
    <groups>
      <group name="Regression">
        <method signature="PeakTest.ASMT_CompletePrakHour()[pri:0, instance:com.automation.asmt.peak.PeakTest@b9afc07]" name="ASMT_CompletePrakHour" class="com.automation.asmt.peak.PeakTest"/>
      </group> <!-- Regression -->
      <group name="Smoke">
        <method signature="PeakTest.ASMT_CompletePrakHour()[pri:0, instance:com.automation.asmt.peak.PeakTest@b9afc07]" name="ASMT_CompletePrakHour" class="com.automation.asmt.peak.PeakTest"/>
      </group> <!-- Smoke -->
    </groups>
    <test name="Default test" duration-ms="28695" started-at="2019-08-01T11:41:54Z" finished-at="2019-08-01T11:42:23Z">
      <class name="com.automation.asmt.peak.PeakTest">
        <test-method status="PASS" signature="setup(java.lang.reflect.Method)[pri:0, instance:com.automation.asmt.peak.PeakTest@b9afc07]" name="setup" is-config="true" duration-ms="6776" started-at="2019-08-01T17:11:54Z" finished-at="2019-08-01T17:12:01Z">
          <params>
            <param index="0">
              <value>
                <![CDATA[public void com.automation.asmt.peak.PeakTest.ASMT_CompletePrakHour() throws java.lang.Exception]]>
              </value>
            </param>
          </params>
          <reporter-output>
          </reporter-output>
        </test-method> <!-- setup -->
        <test-method status="PASS" signature="verifyHomePage()[pri:0, instance:com.automation.asmt.peak.PeakTest@b9afc07]" name="verifyHomePage" is-config="true" duration-ms="2523" started-at="2019-08-01T17:12:01Z" finished-at="2019-08-01T17:12:03Z">
          <reporter-output>
          </reporter-output>
        </test-method> <!-- verifyHomePage -->
        <test-method status="FAIL" signature="ASMT_CompletePrakHour()[pri:0, instance:com.automation.asmt.peak.PeakTest@b9afc07]" name="ASMT_CompletePrakHour" duration-ms="17356" started-at="2019-08-01T17:12:03Z" description="Peak Testing -includes user creation , taking practice assessment and taking proctored assessment" finished-at="2019-08-01T17:12:21Z">
          <exception class="org.openqa.selenium.WebDriverException">
            <message>
              <![CDATA[unknown error: keys should be a string
  (Session info: chrome=75.0.3770.142)
  (Driver info: chromedriver=2.38.552522 (437e6fbedfa8762dec75e2c5b3ddb86763dc9dcb),platform=Windows NT 10.0.14393 x86_64) (WARNING: The server did not provide any stacktrace information)
Command duration or timeout: 0 milliseconds
Build info: version: '3.11.0', revision: 'e59cfb3', time: '2018-03-11T20:26:55.152Z'
System info: host: 'HMECL000695', ip: '10.160.245.130', os.name: 'Windows 10', os.arch: 'amd64', os.version: '10.0', java.version: '1.8.0_181'
Driver info: org.openqa.selenium.chrome.ChromeDriver
Capabilities {acceptInsecureCerts: false, acceptSslCerts: false, applicationCacheEnabled: false, browserConnectionEnabled: false, browserName: chrome, chrome: {chromedriverVersion: 2.38.552522 (437e6fbedfa876..., userDataDir: C:\Users\SASMIT~1.MIS\AppDa...}, cssSelectorsEnabled: true, databaseEnabled: false, handlesAlerts: true, hasTouchScreen: false, javascriptEnabled: true, locationContextEnabled: true, mobileEmulationEnabled: false, nativeEvents: true, networkConnectionEnabled: false, pageLoadStrategy: normal, platform: XP, platformName: XP, rotatable: false, setWindowRect: true, takesHeapSnapshot: true, takesScreenshot: true, unexpectedAlertBehaviour: , unhandledPromptBehavior: , version: 75.0.3770.142, webStorageEnabled: true}
Session ID: bdaf4e3606a580b2af45d1f9e8091948]]>
            </message>
            <full-stacktrace>
              <![CDATA[org.openqa.selenium.WebDriverException: unknown error: keys should be a string
  (Session info: chrome=75.0.3770.142)
  (Driver info: chromedriver=2.38.552522 (437e6fbedfa8762dec75e2c5b3ddb86763dc9dcb),platform=Windows NT 10.0.14393 x86_64) (WARNING: The server did not provide any stacktrace information)
Command duration or timeout: 0 milliseconds
Build info: version: '3.11.0', revision: 'e59cfb3', time: '2018-03-11T20:26:55.152Z'
System info: host: 'HMECL000695', ip: '10.160.245.130', os.name: 'Windows 10', os.arch: 'amd64', os.version: '10.0', java.version: '1.8.0_181'
Driver info: org.openqa.selenium.chrome.ChromeDriver
Capabilities {acceptInsecureCerts: false, acceptSslCerts: false, applicationCacheEnabled: false, browserConnectionEnabled: false, browserName: chrome, chrome: {chromedriverVersion: 2.38.552522 (437e6fbedfa876..., userDataDir: C:\Users\SASMIT~1.MIS\AppDa...}, cssSelectorsEnabled: true, databaseEnabled: false, handlesAlerts: true, hasTouchScreen: false, javascriptEnabled: true, locationContextEnabled: true, mobileEmulationEnabled: false, nativeEvents: true, networkConnectionEnabled: false, pageLoadStrategy: normal, platform: XP, platformName: XP, rotatable: false, setWindowRect: true, takesHeapSnapshot: true, takesScreenshot: true, unexpectedAlertBehaviour: , unhandledPromptBehavior: , version: 75.0.3770.142, webStorageEnabled: true}
Session ID: bdaf4e3606a580b2af45d1f9e8091948
	at sun.reflect.NativeConstructorAccessorImpl.newInstance0(Native Method)
	at sun.reflect.NativeConstructorAccessorImpl.newInstance(Unknown Source)
	at sun.reflect.DelegatingConstructorAccessorImpl.newInstance(Unknown Source)
	at java.lang.reflect.Constructor.newInstance(Unknown Source)
	at org.openqa.selenium.remote.ErrorHandler.createThrowable(ErrorHandler.java:214)
	at org.openqa.selenium.remote.ErrorHandler.throwIfResponseFailed(ErrorHandler.java:166)
	at org.openqa.selenium.remote.http.JsonHttpResponseCodec.reconstructValue(JsonHttpResponseCodec.java:40)
	at org.openqa.selenium.remote.http.AbstractHttpResponseCodec.decode(AbstractHttpResponseCodec.java:80)
	at org.openqa.selenium.remote.http.AbstractHttpResponseCodec.decode(AbstractHttpResponseCodec.java:44)
	at org.openqa.selenium.remote.HttpCommandExecutor.execute(HttpCommandExecutor.java:158)
	at org.openqa.selenium.remote.service.DriverCommandExecutor.execute(DriverCommandExecutor.java:83)
	at org.openqa.selenium.remote.RemoteWebDriver.execute(RemoteWebDriver.java:545)
	at org.openqa.selenium.remote.RemoteWebElement.execute(RemoteWebElement.java:279)
	at org.openqa.selenium.remote.RemoteWebElement.sendKeys(RemoteWebElement.java:100)
	at com.ascendlearning.automation.ui.handlers.TextHandler.writeText(TextHandler.java:39)
	at com.automation.asmt.page.MaintenanceScriptPage.loginToApplication(MaintenanceScriptPage.java:107)
	at com.automation.asmt.peak.PeakTest.ASMT_CompletePrakHour(PeakTest.java:95)
	at sun.reflect.NativeMethodAccessorImpl.invoke0(Native Method)
	at sun.reflect.NativeMethodAccessorImpl.invoke(Unknown Source)
	at sun.reflect.DelegatingMethodAccessorImpl.invoke(Unknown Source)
	at java.lang.reflect.Method.invoke(Unknown Source)
	at org.testng.internal.MethodInvocationHelper.invokeMethod(MethodInvocationHelper.java:85)
	at org.testng.internal.Invoker.invokeMethod(Invoker.java:659)
	at org.testng.internal.Invoker.invokeTestMethod(Invoker.java:845)
	at org.testng.internal.Invoker.invokeTestMethods(Invoker.java:1153)
	at org.testng.internal.TestMethodWorker.invokeTestMethods(TestMethodWorker.java:125)
	at org.testng.internal.TestMethodWorker.run(TestMethodWorker.java:108)
	at org.testng.TestRunner.privateRun(TestRunner.java:771)
	at org.testng.TestRunner.run(TestRunner.java:621)
	at org.testng.SuiteRunner.runTest(SuiteRunner.java:357)
	at org.testng.SuiteRunner.runSequentially(SuiteRunner.java:352)
	at org.testng.SuiteRunner.privateRun(SuiteRunner.java:310)
	at org.testng.SuiteRunner.run(SuiteRunner.java:259)
	at org.testng.SuiteRunnerWorker.runSuite(SuiteRunnerWorker.java:52)
	at org.testng.SuiteRunnerWorker.run(SuiteRunnerWorker.java:86)
	at org.testng.TestNG.runSuitesSequentially(TestNG.java:1199)
	at org.testng.TestNG.runSuitesLocally(TestNG.java:1124)
	at org.testng.TestNG.run(TestNG.java:1032)
	at org.testng.remote.AbstractRemoteTestNG.run(AbstractRemoteTestNG.java:114)
	at org.testng.remote.RemoteTestNG.initAndRun(RemoteTestNG.java:251)
	at org.testng.remote.RemoteTestNG.main(RemoteTestNG.java:77)
]]>
            </full-stacktrace>
          </exception> <!-- org.openqa.selenium.WebDriverException -->
          <reporter-output>
            <line>
              <![CDATA[
ASMT_CompletePrakHour Start]]>
            </line>
            <line>
              <![CDATA[
Student User Created --> null]]>
            </line>
            <line>
              <![CDATA[
Student Portal Login Start]]>
            </line>
          </reporter-output>
        </test-method> <!-- ASMT_CompletePrakHour -->
        <test-method status="PASS" signature="finalMethod()[pri:0, instance:com.automation.asmt.peak.PeakTest@b9afc07]" name="finalMethod" is-config="true" duration-ms="0" started-at="2019-08-01T17:12:21Z" finished-at="2019-08-01T17:12:21Z">
          <reporter-output>
          </reporter-output>
        </test-method> <!-- finalMethod -->
        <test-method status="PASS" signature="tearDown(org.testng.ITestResult)[pri:0, instance:com.automation.asmt.peak.PeakTest@b9afc07]" name="tearDown" is-config="true" duration-ms="1336" started-at="2019-08-01T17:12:21Z" finished-at="2019-08-01T17:12:23Z">
          <params>
            <param index="0">
              <value>
                <![CDATA[[TestResult name=ASMT_CompletePrakHour status=FAILURE method=PeakTest.ASMT_CompletePrakHour()[pri:0, instance:com.automation.asmt.peak.PeakTest@b9afc07] output=
ASMT_CompletePrakHour Start]]]>
              </value>
            </param>
          </params>
          <reporter-output>
          </reporter-output>
        </test-method> <!-- tearDown -->
      </class> <!-- com.automation.asmt.peak.PeakTest -->
    </test> <!-- Default test -->
  </suite> <!-- Default suite -->
</testng-results>
