<?xml version="1.0" encoding="UTF-8"?>
<testng-results skipped="0" failed="1" total="1" passed="0">
  <reporter-output>
    <line>
      <![CDATA[
NewATI848_VerifyPracticeAndProctorAssessmentCompletionFlowWithPulseUser Start]]>
    </line>
    <line>
      <![CDATA[
Click on Add product button]]>
    </line>
    <line>
      <![CDATA[
Unable to wait Untill Overlay Image Is not Disappeared]]>
    </line>
  </reporter-output>
  <suite name="Default suite" duration-ms="101174" started-at="2019-09-13T10:12:04Z" finished-at="2019-09-13T10:13:45Z">
    <groups>
      <group name="Regression">
        <method signature="PulseUserSmokeTest7.NewATI848_VerifyPracticeAndProctorAssessmentCompletionFlowWithPulseUser()[pri:0, instance:com.automation.newati.smoke.PulseUserSmokeTest7@a74868d]" name="NewATI848_VerifyPracticeAndProctorAssessmentCompletionFlowWithPulseUser" class="com.automation.newati.smoke.PulseUserSmokeTest7"/>
      </group> <!-- Regression -->
      <group name="Smoke">
        <method signature="PulseUserSmokeTest7.NewATI848_VerifyPracticeAndProctorAssessmentCompletionFlowWithPulseUser()[pri:0, instance:com.automation.newati.smoke.PulseUserSmokeTest7@a74868d]" name="NewATI848_VerifyPracticeAndProctorAssessmentCompletionFlowWithPulseUser" class="com.automation.newati.smoke.PulseUserSmokeTest7"/>
      </group> <!-- Smoke -->
    </groups>
    <test name="Default test" duration-ms="101174" started-at="2019-09-13T10:12:04Z" finished-at="2019-09-13T10:13:45Z">
      <class name="com.automation.newati.smoke.PulseUserSmokeTest7">
        <test-method status="PASS" signature="setup(java.lang.reflect.Method)[pri:0, instance:com.automation.newati.smoke.PulseUserSmokeTest7@a74868d]" name="setup" is-config="true" duration-ms="4735" started-at="2019-09-13T15:42:04Z" finished-at="2019-09-13T15:42:09Z">
          <params>
            <param index="0">
              <value>
                <![CDATA[public void com.automation.newati.smoke.PulseUserSmokeTest7.NewATI848_VerifyPracticeAndProctorAssessmentCompletionFlowWithPulseUser() throws java.lang.Exception]]>
              </value>
            </param>
          </params>
          <reporter-output>
          </reporter-output>
        </test-method> <!-- setup -->
        <test-method status="PASS" signature="verifyHomePage()[pri:0, instance:com.automation.newati.smoke.PulseUserSmokeTest7@a74868d]" name="verifyHomePage" is-config="true" duration-ms="461" started-at="2019-09-13T15:42:09Z" finished-at="2019-09-13T15:42:09Z">
          <reporter-output>
          </reporter-output>
        </test-method> <!-- verifyHomePage -->
        <test-method status="FAIL" signature="NewATI848_VerifyPracticeAndProctorAssessmentCompletionFlowWithPulseUser()[pri:0, instance:com.automation.newati.smoke.PulseUserSmokeTest7@a74868d]" name="NewATI848_VerifyPracticeAndProctorAssessmentCompletionFlowWithPulseUser" duration-ms="87144" started-at="2019-09-13T15:42:09Z" description="NewATI-848:Verify practice and proctor assessment completion flow with pulse user." finished-at="2019-09-13T15:43:36Z">
          <exception class="com.ascendlearning.automation.ui.exceptions.DriverException">
            <message>
              <![CDATA[Driver Verification exception:   Unable to click on Add Product Button]]>
            </message>
            <full-stacktrace>
              <![CDATA[com.ascendlearning.automation.ui.exceptions.DriverException: Driver Verification exception:   Unable to click on Add Product Button
	at com.automation.newati.pages.CreateAccountPageNewSmoke.clickOnAddProductButton(CreateAccountPageNewSmoke.java:456)
	at com.automation.newati.smoke.PulseUserSmokeTest7.NewATI848_VerifyPracticeAndProctorAssessmentCompletionFlowWithPulseUser(PulseUserSmokeTest7.java:163)
	at sun.reflect.NativeMethodAccessorImpl.invoke0(Native Method)
	at sun.reflect.NativeMethodAccessorImpl.invoke(Unknown Source)
	at sun.reflect.DelegatingMethodAccessorImpl.invoke(Unknown Source)
	at java.lang.reflect.Method.invoke(Unknown Source)
	at org.testng.internal.MethodInvocationHelper.invokeMethod(MethodInvocationHelper.java:85)
	at org.testng.internal.Invoker.invokeMethod(Invoker.java:659)
	at org.testng.internal.Invoker.invokeTestMethod(Invoker.java:845)
	at org.testng.internal.Invoker.invokeTestMethods(Invoker.java:1153)
	at org.testng.internal.TestMethodWorker.invokeTestMethods(TestMethodWorker.java:125)
	at org.testng.internal.TestMethodWorker.run(TestMethodWorker.java:108)
	at org.testng.TestRunner.privateRun(TestRunner.java:771)
	at org.testng.TestRunner.run(TestRunner.java:621)
	at org.testng.SuiteRunner.runTest(SuiteRunner.java:357)
	at org.testng.SuiteRunner.runSequentially(SuiteRunner.java:352)
	at org.testng.SuiteRunner.privateRun(SuiteRunner.java:310)
	at org.testng.SuiteRunner.run(SuiteRunner.java:259)
	at org.testng.SuiteRunnerWorker.runSuite(SuiteRunnerWorker.java:52)
	at org.testng.SuiteRunnerWorker.run(SuiteRunnerWorker.java:86)
	at org.testng.TestNG.runSuitesSequentially(TestNG.java:1199)
	at org.testng.TestNG.runSuitesLocally(TestNG.java:1124)
	at org.testng.TestNG.run(TestNG.java:1032)
	at org.testng.remote.AbstractRemoteTestNG.run(AbstractRemoteTestNG.java:114)
	at org.testng.remote.RemoteTestNG.initAndRun(RemoteTestNG.java:251)
	at org.testng.remote.RemoteTestNG.main(RemoteTestNG.java:77)
Caused by: com.ascendlearning.automation.ui.exceptions.DriverException: Driver Verification exception:   Unable to wait Untill Overlay Image Is not Disappeared
	at com.automation.newati.pages.NewATIBasePage.waitUntillOverlayImageIsDisappeared(NewATIBasePage.java:374)
	at com.automation.newati.pages.CreateAccountPageNewSmoke.clickOnAddProductButton(CreateAccountPageNewSmoke.java:453)
	... 25 more
Caused by: org.openqa.selenium.WebDriverException: chrome not reachable
  (Session info: chrome=76.0.3809.132)
  (Driver info: chromedriver=2.38.552522 (437e6fbedfa8762dec75e2c5b3ddb86763dc9dcb),platform=Windows NT 10.0.14393 x86_64) (WARNING: The server did not provide any stacktrace information)
Command duration or timeout: 0 milliseconds
Build info: version: '3.11.0', revision: 'e59cfb3', time: '2018-03-11T20:26:55.152Z'
System info: host: 'HMECL000695', ip: '10.160.245.113', os.name: 'Windows 10', os.arch: 'amd64', os.version: '10.0', java.version: '1.8.0_181'
Driver info: org.openqa.selenium.chrome.ChromeDriver
Capabilities {acceptInsecureCerts: false, acceptSslCerts: false, applicationCacheEnabled: false, browserConnectionEnabled: false, browserName: chrome, chrome: {chromedriverVersion: 2.38.552522 (437e6fbedfa876..., userDataDir: C:\Users\SASMIT~1.MIS\AppDa...}, cssSelectorsEnabled: true, databaseEnabled: false, handlesAlerts: true, hasTouchScreen: false, javascriptEnabled: true, locationContextEnabled: true, mobileEmulationEnabled: false, nativeEvents: true, networkConnectionEnabled: false, pageLoadStrategy: normal, platform: XP, platformName: XP, rotatable: false, setWindowRect: true, takesHeapSnapshot: true, takesScreenshot: true, unexpectedAlertBehaviour: , unhandledPromptBehavior: , version: 76.0.3809.132, webStorageEnabled: true}
Session ID: bd736c4b6be2d301699b67fb0780df1a
*** Element info: {Using=css selector, value=.blockUI.blockOverlay}
	at sun.reflect.NativeConstructorAccessorImpl.newInstance0(Native Method)
	at sun.reflect.NativeConstructorAccessorImpl.newInstance(Unknown Source)
	at sun.reflect.DelegatingConstructorAccessorImpl.newInstance(Unknown Source)
	at java.lang.reflect.Constructor.newInstance(Unknown Source)
	at org.openqa.selenium.remote.ErrorHandler.createThrowable(ErrorHandler.java:214)
	at org.openqa.selenium.remote.ErrorHandler.throwIfResponseFailed(ErrorHandler.java:166)
	at org.openqa.selenium.remote.http.JsonHttpResponseCodec.reconstructValue(JsonHttpResponseCodec.java:40)
	at org.openqa.selenium.remote.http.AbstractHttpResponseCodec.decode(AbstractHttpResponseCodec.java:80)
	at org.openqa.selenium.remote.http.AbstractHttpResponseCodec.decode(AbstractHttpResponseCodec.java:44)
	at org.openqa.selenium.remote.HttpCommandExecutor.execute(HttpCommandExecutor.java:158)
	at org.openqa.selenium.remote.service.DriverCommandExecutor.execute(DriverCommandExecutor.java:83)
	at org.openqa.selenium.remote.RemoteWebDriver.execute(RemoteWebDriver.java:545)
	at org.openqa.selenium.remote.RemoteWebDriver.findElements(RemoteWebDriver.java:346)
	at org.openqa.selenium.remote.RemoteWebDriver.findElementsByCssSelector(RemoteWebDriver.java:417)
	at com.ascendlearning.automation.ui.utils.ByCssSelectorExtended.findElements(ByCssSelectorExtended.java:41)
	at org.openqa.selenium.remote.RemoteWebDriver.findElements(RemoteWebDriver.java:307)
	at com.ascendlearning.automation.ui.handlers.BaseHandler.findElements(BaseHandler.java:135)
	at com.ascendlearning.automation.ui.handlers.BaseHandler.findElements(BaseHandler.java:116)
	at com.automation.newati.pages.NewATIBasePage.waitUntillOverlayImageIsDisappeared(NewATIBasePage.java:360)
	... 26 more
]]>
            </full-stacktrace>
          </exception> <!-- com.ascendlearning.automation.ui.exceptions.DriverException -->
          <reporter-output>
            <line>
              <![CDATA[
NewATI848_VerifyPracticeAndProctorAssessmentCompletionFlowWithPulseUser Start]]>
            </line>
            <line>
              <![CDATA[
Click on Add product button]]>
            </line>
            <line>
              <![CDATA[
Unable to wait Untill Overlay Image Is not Disappeared]]>
            </line>
          </reporter-output>
        </test-method> <!-- NewATI848_VerifyPracticeAndProctorAssessmentCompletionFlowWithPulseUser -->
        <test-method status="PASS" signature="tearDown(org.testng.ITestResult)[pri:0, instance:com.automation.newati.smoke.PulseUserSmokeTest7@a74868d]" name="tearDown" is-config="true" duration-ms="726" started-at="2019-09-13T15:43:44Z" finished-at="2019-09-13T15:43:45Z">
          <params>
            <param index="0">
              <value>
                <![CDATA[[TestResult name=NewATI848_VerifyPracticeAndProctorAssessmentCompletionFlowWithPulseUser status=FAILURE method=PulseUserSmokeTest7.NewATI848_VerifyPracticeAndProctorAssessmentCompletionFlowWithPulseUser()[pri:0, instance:com.automation.newati.smoke.PulseUserSmokeTest7@a74868d] output=
NewATI848_VerifyPracticeAndProctorAssessmentCompletionFlowWithPulseUser Start]]]>
              </value>
            </param>
          </params>
          <reporter-output>
          </reporter-output>
        </test-method> <!-- tearDown -->
      </class> <!-- com.automation.newati.smoke.PulseUserSmokeTest7 -->
    </test> <!-- Default test -->
  </suite> <!-- Default suite -->
</testng-results>
