<?xml version="1.0" encoding="UTF-8"?>
<testng-results skipped="0" failed="1" total="1" passed="0">
  <reporter-output>
    <line>
      <![CDATA[
Proctor login]]>
    </line>
    <line>
      <![CDATA[
Clicking on left navigation icon]]>
    </line>
    <line>
      <![CDATA[
Verifying Home Tab from Left navigation]]>
    </line>
    <line>
      <![CDATA[
Unable to verifyLeftNavigationText]]>
    </line>
  </reporter-output>
  <suite name="Default suite" duration-ms="99641" started-at="2019-07-31T13:57:06Z" finished-at="2019-07-31T13:58:46Z">
    <groups>
      <group name="Smoke">
        <method signature="HomeTest.INST1706_VerifyProctorLogin()[pri:0, instance:com.automation.id.smoke.HomeTest@b3d7190]" name="INST1706_VerifyProctorLogin" class="com.automation.id.smoke.HomeTest"/>
      </group> <!-- Smoke -->
    </groups>
    <test name="Default test" duration-ms="99641" started-at="2019-07-31T13:57:06Z" finished-at="2019-07-31T13:58:46Z">
      <class name="com.automation.id.smoke.HomeTest">
        <test-method status="PASS" signature="setup(java.lang.reflect.Method)[pri:0, instance:com.automation.id.smoke.HomeTest@b3d7190]" name="setup" is-config="true" duration-ms="14346" started-at="2019-07-31T19:27:06Z" finished-at="2019-07-31T19:27:20Z">
          <params>
            <param index="0">
              <value>
                <![CDATA[public void com.automation.id.smoke.HomeTest.INST1706_VerifyProctorLogin() throws java.lang.Exception]]>
              </value>
            </param>
          </params>
          <reporter-output>
          </reporter-output>
        </test-method> <!-- setup -->
        <test-method status="PASS" signature="setUp()[pri:0, instance:com.automation.id.smoke.HomeTest@b3d7190]" name="setUp" is-config="true" duration-ms="1201" started-at="2019-07-31T19:27:20Z" finished-at="2019-07-31T19:27:22Z">
          <reporter-output>
          </reporter-output>
        </test-method> <!-- setUp -->
        <test-method status="FAIL" signature="INST1706_VerifyProctorLogin()[pri:0, instance:com.automation.id.smoke.HomeTest@b3d7190]" name="INST1706_VerifyProctorLogin" duration-ms="82807" started-at="2019-07-31T19:27:22Z" description="Verify Proctor logIn into application::Smoke Test Suite" finished-at="2019-07-31T19:28:44Z">
          <exception class="com.ascendlearning.automation.ui.exceptions.DriverException">
            <message>
              <![CDATA[Driver Verification exception:   Unable to verifyLeftNavigationText]]>
            </message>
            <full-stacktrace>
              <![CDATA[com.ascendlearning.automation.ui.exceptions.DriverException: Driver Verification exception:   Unable to verifyLeftNavigationText
	at com.automation.id.pages.HomePage3.verifyLeftNavigationText(HomePage3.java:99)
	at com.automation.id.smoke.HomeTest.INST1706_VerifyProctorLogin(HomeTest.java:106)
	at sun.reflect.NativeMethodAccessorImpl.invoke0(Native Method)
	at sun.reflect.NativeMethodAccessorImpl.invoke(Unknown Source)
	at sun.reflect.DelegatingMethodAccessorImpl.invoke(Unknown Source)
	at java.lang.reflect.Method.invoke(Unknown Source)
	at org.testng.internal.MethodInvocationHelper.invokeMethod(MethodInvocationHelper.java:85)
	at org.testng.internal.Invoker.invokeMethod(Invoker.java:659)
	at org.testng.internal.Invoker.invokeTestMethod(Invoker.java:845)
	at org.testng.internal.Invoker.invokeTestMethods(Invoker.java:1153)
	at org.testng.internal.TestMethodWorker.invokeTestMethods(TestMethodWorker.java:125)
	at org.testng.internal.TestMethodWorker.run(TestMethodWorker.java:108)
	at org.testng.TestRunner.privateRun(TestRunner.java:771)
	at org.testng.TestRunner.run(TestRunner.java:621)
	at org.testng.SuiteRunner.runTest(SuiteRunner.java:357)
	at org.testng.SuiteRunner.runSequentially(SuiteRunner.java:352)
	at org.testng.SuiteRunner.privateRun(SuiteRunner.java:310)
	at org.testng.SuiteRunner.run(SuiteRunner.java:259)
	at org.testng.SuiteRunnerWorker.runSuite(SuiteRunnerWorker.java:52)
	at org.testng.SuiteRunnerWorker.run(SuiteRunnerWorker.java:86)
	at org.testng.TestNG.runSuitesSequentially(TestNG.java:1199)
	at org.testng.TestNG.runSuitesLocally(TestNG.java:1124)
	at org.testng.TestNG.run(TestNG.java:1032)
	at org.testng.remote.AbstractRemoteTestNG.run(AbstractRemoteTestNG.java:114)
	at org.testng.remote.RemoteTestNG.initAndRun(RemoteTestNG.java:251)
	at org.testng.remote.RemoteTestNG.main(RemoteTestNG.java:77)
Caused by: org.openqa.selenium.NoSuchWindowException: no such window: target window already closed
from unknown error: web view not found
  (Session info: chrome=75.0.3770.142)
  (Driver info: chromedriver=2.38.552522 (437e6fbedfa8762dec75e2c5b3ddb86763dc9dcb),platform=Windows NT 10.0.14393 x86_64) (WARNING: The server did not provide any stacktrace information)
Command duration or timeout: 0 milliseconds
Build info: version: '3.11.0', revision: 'e59cfb3', time: '2018-03-11T20:26:55.152Z'
System info: host: 'HMECL000695', ip: '10.160.240.119', os.name: 'Windows 10', os.arch: 'amd64', os.version: '10.0', java.version: '1.8.0_181'
Driver info: org.openqa.selenium.chrome.ChromeDriver
Capabilities {acceptInsecureCerts: false, acceptSslCerts: false, applicationCacheEnabled: false, browserConnectionEnabled: false, browserName: chrome, chrome: {chromedriverVersion: 2.38.552522 (437e6fbedfa876..., userDataDir: C:\Users\SASMIT~1.MIS\AppDa...}, cssSelectorsEnabled: true, databaseEnabled: false, handlesAlerts: true, hasTouchScreen: false, javascriptEnabled: true, locationContextEnabled: true, mobileEmulationEnabled: false, nativeEvents: true, networkConnectionEnabled: false, pageLoadStrategy: normal, platform: XP, platformName: XP, rotatable: false, setWindowRect: true, takesHeapSnapshot: true, takesScreenshot: true, unexpectedAlertBehaviour: , unhandledPromptBehavior: , version: 75.0.3770.142, webStorageEnabled: true}
Session ID: 7e9a2ab0485dcdac561b6ab06af57139
*** Element info: {Using=css selector, value=mat-list[class='flex-item mat-list'] .mat-list-item-content a}
	at sun.reflect.NativeConstructorAccessorImpl.newInstance0(Native Method)
	at sun.reflect.NativeConstructorAccessorImpl.newInstance(Unknown Source)
	at sun.reflect.DelegatingConstructorAccessorImpl.newInstance(Unknown Source)
	at java.lang.reflect.Constructor.newInstance(Unknown Source)
	at org.openqa.selenium.remote.ErrorHandler.createThrowable(ErrorHandler.java:214)
	at org.openqa.selenium.remote.ErrorHandler.throwIfResponseFailed(ErrorHandler.java:166)
	at org.openqa.selenium.remote.http.JsonHttpResponseCodec.reconstructValue(JsonHttpResponseCodec.java:40)
	at org.openqa.selenium.remote.http.AbstractHttpResponseCodec.decode(AbstractHttpResponseCodec.java:80)
	at org.openqa.selenium.remote.http.AbstractHttpResponseCodec.decode(AbstractHttpResponseCodec.java:44)
	at org.openqa.selenium.remote.HttpCommandExecutor.execute(HttpCommandExecutor.java:158)
	at org.openqa.selenium.remote.service.DriverCommandExecutor.execute(DriverCommandExecutor.java:83)
	at org.openqa.selenium.remote.RemoteWebDriver.execute(RemoteWebDriver.java:545)
	at org.openqa.selenium.remote.RemoteWebDriver.findElements(RemoteWebDriver.java:346)
	at org.openqa.selenium.remote.RemoteWebDriver.findElementsByCssSelector(RemoteWebDriver.java:417)
	at com.ascendlearning.automation.ui.utils.ByCssSelectorExtended.findElements(ByCssSelectorExtended.java:41)
	at org.openqa.selenium.remote.RemoteWebDriver.findElements(RemoteWebDriver.java:307)
	at com.ascendlearning.automation.ui.handlers.BaseHandler.findElements(BaseHandler.java:123)
	at com.ascendlearning.automation.ui.handlers.BaseHandler.findElements(BaseHandler.java:116)
	at com.automation.id.pages.HomePage3.verifyLeftNavigationText(HomePage3.java:81)
	... 25 more
]]>
            </full-stacktrace>
          </exception> <!-- com.ascendlearning.automation.ui.exceptions.DriverException -->
          <reporter-output>
            <line>
              <![CDATA[
Proctor login]]>
            </line>
            <line>
              <![CDATA[
Clicking on left navigation icon]]>
            </line>
            <line>
              <![CDATA[
Verifying Home Tab from Left navigation]]>
            </line>
            <line>
              <![CDATA[
Unable to verifyLeftNavigationText]]>
            </line>
          </reporter-output>
        </test-method> <!-- INST1706_VerifyProctorLogin -->
        <test-method status="PASS" signature="tearDown(org.testng.ITestResult)[pri:0, instance:com.automation.id.smoke.HomeTest@b3d7190]" name="tearDown" is-config="true" duration-ms="996" started-at="2019-07-31T19:28:45Z" finished-at="2019-07-31T19:28:46Z">
          <params>
            <param index="0">
              <value>
                <![CDATA[[TestResult name=INST1706_VerifyProctorLogin status=FAILURE method=HomeTest.INST1706_VerifyProctorLogin()[pri:0, instance:com.automation.id.smoke.HomeTest@b3d7190] output=
Proctor login]]]>
              </value>
            </param>
          </params>
          <reporter-output>
          </reporter-output>
        </test-method> <!-- tearDown -->
      </class> <!-- com.automation.id.smoke.HomeTest -->
    </test> <!-- Default test -->
  </suite> <!-- Default suite -->
</testng-results>
